
Processing v1MC.C++...
Info in <TUnixSystem::ACLiC>: creating shared library /home/w955m639/v1flow/Monte_Carlo/new_build/./v1MC_C.so
Rapidity-odd input v1
Input v2: 0.07
Using eta-dependent weighting... 
Running 500000 events over 20 runs (25000 per run) 

Entering primary event loop
 event: 1250/25000	run: 1/20
 event: 2500/25000	run: 1/20
 event: 3750/25000	run: 1/20
 event: 5000/25000	run: 1/20
 event: 6250/25000	run: 1/20
 event: 7500/25000	run: 1/20
 event: 8750/25000	run: 1/20
 event: 10000/25000	run: 1/20
 event: 11250/25000	run: 1/20
 event: 12500/25000	run: 1/20
 event: 13750/25000	run: 1/20
 event: 15000/25000	run: 1/20
 event: 16250/25000	run: 1/20
 event: 17500/25000	run: 1/20
 event: 18750/25000	run: 1/20
 event: 20000/25000	run: 1/20
 event: 21250/25000	run: 1/20
 event: 22500/25000	run: 1/20
 event: 23750/25000	run: 1/20
 event: 25000/25000	run: 1/20
   -----            
nevts:              25000
evtmult:            6564
ncount (HFm):       5700636
ncount (HFp):       5702347
   -----            
HFm mult:           631
trackm mult:        225
trackmid mult:      449
trackp mult:        224
HFp mult:           689
particles rejected: 4795
   -----            
rescor1_2:          0.434187
rescor1_3    (HFm): 0.256149	 (HFp): 0.479994
rescor2_2:          0.912560
rescor2_3    (HFm): 0.913400	 (HFp): 0.913400
rescorMix    (HFm): 0.379045	 (HFp): 0.379045
epv1obs      (HFm): 0.001169	 (HFp): -0.001026
epv1obs_mix  (HFm): 0.001019	 (HFp): -0.000174
epv2obs      (HFm): 0.064119	 (HFp): 0.063975
   -----            
spdenom1_2SE:       0.020356
spdenom1_3SE (HFm): 0.016475	 (HFp): 0.021982
spdenom2_2SE:       0.069930
spdenom2_3SE (HFm): 0.070042	 (HFp): 0.070042
spdenom_mix  (HFm): 0.001414	 (HFp): 0.001414
spv1num      (HFm): 0.000048	 (HFp): -0.000045
spv2num      (HFm): 0.004909	 (HFp): 0.004907
spv1num_mix  (HFm): 0.000003	 (HFp): -0.000001
   -----               
epv1_2SE     (HFm): 0.002693	 (HFp): -0.002363
epv1_3SE     (HFm): 0.004565	 (HFp): -0.002137
epv1_mix     (HFm): 0.002688	 (HFp): -0.000460
   -----            
spv1_2SE     (HFm): 0.002376	 (HFp): -0.002208
spv1_3SE     (HFm): 0.002936	 (HFp): -0.002044
spv1_mix     (HFm): 0.002232	 (HFp): -0.000725
   -----            
epv2_2SE     (HFm): 0.070263	 (HFp): 0.070105
epv2_3SE     (HFm): 0.070199	 (HFp): 0.070040
spv2_2SE     (HFm): 0.070194	 (HFp): 0.070175
spv2_3SE     (HFm): 0.070082	 (HFp): 0.070063
   -----          

Entering primary event loop
 event: 1250/25000	run: 2/20
 event: 2500/25000	run: 2/20
 event: 3750/25000	run: 2/20
 event: 5000/25000	run: 2/20
 event: 6250/25000	run: 2/20
 event: 7500/25000	run: 2/20
 event: 8750/25000	run: 2/20
 event: 10000/25000	run: 2/20
 event: 11250/25000	run: 2/20
 event: 12500/25000	run: 2/20
 event: 13750/25000	run: 2/20
 event: 15000/25000	run: 2/20
 event: 16250/25000	run: 2/20
 event: 17500/25000	run: 2/20
 event: 18750/25000	run: 2/20
 event: 20000/25000	run: 2/20
 event: 21250/25000	run: 2/20
 event: 22500/25000	run: 2/20
 event: 23750/25000	run: 2/20
 event: 25000/25000	run: 2/20
   -----            
nevts:              25000
evtmult:            6564
ncount (HFm):       5697215
ncount (HFp):       5702607
   -----            
HFm mult:           687
trackm mult:        222
trackmid mult:      460
trackp mult:        238
HFp mult:           664
particles rejected: 4753
   -----            
rescor1_2:          0.425182
rescor1_3    (HFm): 0.511814	 (HFp): 0.497112
rescor2_2:          0.913026
rescor2_3    (HFm): 0.911848	 (HFp): 0.911848
rescorMix    (HFm): 0.377731	 (HFp): 0.377731
epv1obs      (HFm): 0.000653	 (HFp): -0.000484
epv1obs_mix  (HFm): 0.000753	 (HFp): -0.000486
epv2obs      (HFm): 0.063129	 (HFp): 0.064005
   -----            
spdenom1_2SE:       0.019944
spdenom1_3SE (HFm): 0.023839	 (HFp): 0.019970
spdenom2_2SE:       0.069829
spdenom2_3SE (HFm): 0.069887	 (HFp): 0.069887
spdenom_mix  (HFm): 0.001391	 (HFp): 0.001391
spv1num      (HFm): 0.000030	 (HFp): -0.000022
spv2num      (HFm): 0.004823	 (HFp): 0.004902
spv1num_mix  (HFm): 0.000003	 (HFp): -0.000001
   -----               
epv1_2SE     (HFm): 0.001536	 (HFp): -0.001138
epv1_3SE     (HFm): 0.001276	 (HFp): -0.000974
epv1_mix     (HFm): 0.001994	 (HFp): -0.001288
   -----            
spv1_2SE     (HFm): 0.001494	 (HFp): -0.001127
spv1_3SE     (HFm): 0.001250	 (HFp): -0.001126
spv1_mix     (HFm): 0.002429	 (HFp): -0.000705
   -----            
epv2_2SE     (HFm): 0.069142	 (HFp): 0.070102
epv2_3SE     (HFm): 0.069232	 (HFp): 0.070193
spv2_2SE     (HFm): 0.069072	 (HFp): 0.070202
spv2_3SE     (HFm): 0.069014	 (HFp): 0.070143
   -----          

Entering primary event loop
 event: 1250/25000	run: 3/20
 event: 2500/25000	run: 3/20
 event: 3750/25000	run: 3/20
 event: 5000/25000	run: 3/20
 event: 6250/25000	run: 3/20
 event: 7500/25000	run: 3/20
 event: 8750/25000	run: 3/20
 event: 10000/25000	run: 3/20
 event: 11250/25000	run: 3/20
 event: 12500/25000	run: 3/20
 event: 13750/25000	run: 3/20
 event: 15000/25000	run: 3/20
 event: 16250/25000	run: 3/20
 event: 17500/25000	run: 3/20
 event: 18750/25000	run: 3/20
 event: 20000/25000	run: 3/20
 event: 21250/25000	run: 3/20
 event: 22500/25000	run: 3/20
 event: 23750/25000	run: 3/20
 event: 25000/25000	run: 3/20
   -----            
nevts:              25000
evtmult:            6564
ncount (HFm):       5700975
ncount (HFp):       5701309
   -----            
HFm mult:           716
trackm mult:        222
trackmid mult:      451
trackp mult:        229
HFp mult:           649
particles rejected: 4748
   -----            
rescor1_2:          0.432278
rescor1_3    (HFm): 0.311993	 (HFp): 0.342251
rescor2_2:          0.912531
rescor2_3    (HFm): 0.911974	 (HFp): 0.911974
rescorMix    (HFm): 0.381910	 (HFp): 0.381910
epv1obs      (HFm): 0.001188	 (HFp): -0.000410
epv1obs_mix  (HFm): 0.000878	 (HFp): -0.000888
epv2obs      (HFm): 0.063644	 (HFp): 0.063591
   -----            
spdenom1_2SE:       0.020252
spdenom1_3SE (HFm): 0.015166	 (HFp): 0.019251
spdenom2_2SE:       0.070261
spdenom2_3SE (HFm): 0.070064	 (HFp): 0.070064
spdenom_mix  (HFm): 0.001393	 (HFp): 0.001393
spv1num      (HFm): 0.000045	 (HFp): -0.000022
spv2num      (HFm): 0.004878	 (HFp): 0.004891
spv1num_mix  (HFm): 0.000002	 (HFp): -0.000003
   -----               
epv1_2SE     (HFm): 0.002749	 (HFp): -0.000949
epv1_3SE     (HFm): 0.003809	 (HFp): -0.001199
epv1_mix     (HFm): 0.002298	 (HFp): -0.002326
   -----            
spv1_2SE     (HFm): 0.002208	 (HFp): -0.001080
spv1_3SE     (HFm): 0.002948	 (HFp): -0.001137
spv1_mix     (HFm): 0.001677	 (HFp): -0.002089
   -----            
epv2_2SE     (HFm): 0.069745	 (HFp): 0.069686
epv2_3SE     (HFm): 0.069787	 (HFp): 0.069729
spv2_2SE     (HFm): 0.069427	 (HFp): 0.069610
spv2_3SE     (HFm): 0.069623	 (HFp): 0.069806
   -----          

Entering primary event loop
 event: 1250/25000	run: 4/20
 event: 2500/25000	run: 4/20
 event: 3750/25000	run: 4/20
 event: 5000/25000	run: 4/20
 event: 6250/25000	run: 4/20
 event: 7500/25000	run: 4/20
 event: 8750/25000	run: 4/20
 event: 10000/25000	run: 4/20
 event: 11250/25000	run: 4/20
 event: 12500/25000	run: 4/20
 event: 13750/25000	run: 4/20
 event: 15000/25000	run: 4/20
 event: 16250/25000	run: 4/20
 event: 17500/25000	run: 4/20
 event: 18750/25000	run: 4/20
 event: 20000/25000	run: 4/20
 event: 21250/25000	run: 4/20
 event: 22500/25000	run: 4/20
 event: 23750/25000	run: 4/20
 event: 25000/25000	run: 4/20
   -----            
nevts:              25000
evtmult:            6564
ncount (HFm):       5700734
ncount (HFp):       5702975
   -----            
HFm mult:           690
trackm mult:        222
trackmid mult:      457
trackp mult:        235
HFp mult:           672
particles rejected: 4745
   -----            
rescor1_2:          0.422191
rescor1_3    (HFm): 0.320751	 (HFp): 0.709055
rescor2_2:          0.912801
rescor2_3    (HFm): 0.911714	 (HFp): 0.911714
rescorMix    (HFm): 0.376756	 (HFp): 0.376756
epv1obs      (HFm): 0.000293	 (HFp): -0.000723
epv1obs_mix  (HFm): 0.000022	 (HFp): -0.000865
epv2obs      (HFm): 0.063670	 (HFp): 0.064175
   -----            
spdenom1_2SE:       0.019782
spdenom1_3SE (HFm): 0.017706	 (HFp): 0.040578
spdenom2_2SE:       0.070045
spdenom2_3SE (HFm): 0.070099	 (HFp): 0.070099
spdenom_mix  (HFm): 0.001401	 (HFp): 0.001401
spv1num      (HFm): 0.000010	 (HFp): -0.000034
spv2num      (HFm): 0.004894	 (HFp): 0.004930
spv1num_mix  (HFm): 0.000000	 (HFp): -0.000003
   -----               
epv1_2SE     (HFm): 0.000695	 (HFp): -0.001712
epv1_3SE     (HFm): 0.000915	 (HFp): -0.001019
epv1_mix     (HFm): 0.000058	 (HFp): -0.002295
   -----            
spv1_2SE     (HFm): 0.000488	 (HFp): -0.001743
spv1_3SE     (HFm): 0.000545	 (HFp): -0.000850
spv1_mix     (HFm): 0.000334	 (HFp): -0.001991
   -----            
epv2_2SE     (HFm): 0.069753	 (HFp): 0.070305
epv2_3SE     (HFm): 0.069836	 (HFp): 0.070389
spv2_2SE     (HFm): 0.069876	 (HFp): 0.070389
spv2_3SE     (HFm): 0.069822	 (HFp): 0.070335
   -----          

Entering primary event loop
 event: 1250/25000	run: 5/20
 event: 2500/25000	run: 5/20
 event: 3750/25000	run: 5/20
 event: 5000/25000	run: 5/20
 event: 6250/25000	run: 5/20
 event: 7500/25000	run: 5/20
 event: 8750/25000	run: 5/20
 event: 10000/25000	run: 5/20
 event: 11250/25000	run: 5/20
 event: 12500/25000	run: 5/20
 event: 13750/25000	run: 5/20
 event: 15000/25000	run: 5/20
 event: 16250/25000	run: 5/20
 event: 17500/25000	run: 5/20
 event: 18750/25000	run: 5/20
 event: 20000/25000	run: 5/20
 event: 21250/25000	run: 5/20
 event: 22500/25000	run: 5/20
 event: 23750/25000	run: 5/20
 event: 25000/25000	run: 5/20
   -----            
nevts:              25000
evtmult:            6564
ncount (HFm):       5701120
ncount (HFp):       5700008
   -----            
HFm mult:           682
trackm mult:        216
trackmid mult:      463
trackp mult:        247
HFp mult:           677
particles rejected: 4742
   -----            
rescor1_2:          0.433493
rescor1_3    (HFm): 0.611562	 (HFp): 0.539694
rescor2_2:          0.913256
rescor2_3    (HFm): 0.913148	 (HFp): 0.913148
rescorMix    (HFm): 0.375626	 (HFp): 0.375626
epv1obs      (HFm): -0.000079	 (HFp): -0.000511
epv1obs_mix  (HFm): 0.000888	 (HFp): -0.000753
epv2obs      (HFm): 0.064116	 (HFp): 0.063786
   -----            
spdenom1_2SE:       0.020231
spdenom1_3SE (HFm): 0.025793	 (HFp): 0.048526
spdenom2_2SE:       0.070122
spdenom2_3SE (HFm): 0.070118	 (HFp): 0.070118
spdenom_mix  (HFm): 0.001393	 (HFp): 0.001393
spv1num      (HFm): 0.000005	 (HFp): -0.000028
spv2num      (HFm): 0.004926	 (HFp): 0.004895
spv1num_mix  (HFm): 0.000003	 (HFp): -0.000004
   -----               
epv1_2SE     (HFm): -0.000183	 (HFp): -0.001178
epv1_3SE     (HFm): -0.000130	 (HFp): -0.000946
epv1_mix     (HFm): 0.002365	 (HFp): -0.002005
   -----            
spv1_2SE     (HFm): 0.000226	 (HFp): -0.001365
spv1_3SE     (HFm): 0.000177	 (HFp): -0.000569
spv1_mix     (HFm): 0.001943	 (HFp): -0.002696
   -----            
epv2_2SE     (HFm): 0.070206	 (HFp): 0.069845
epv2_3SE     (HFm): 0.070214	 (HFp): 0.069853
spv2_2SE     (HFm): 0.070254	 (HFp): 0.069811
spv2_3SE     (HFm): 0.070258	 (HFp): 0.069816
   -----          

Entering primary event loop
 event: 1250/25000	run: 6/20
 event: 2500/25000	run: 6/20
 event: 3750/25000	run: 6/20
 event: 5000/25000	run: 6/20
 event: 6250/25000	run: 6/20
 event: 7500/25000	run: 6/20
 event: 8750/25000	run: 6/20
 event: 10000/25000	run: 6/20
 event: 11250/25000	run: 6/20
 event: 12500/25000	run: 6/20
 event: 13750/25000	run: 6/20
 event: 15000/25000	run: 6/20
 event: 16250/25000	run: 6/20
 event: 17500/25000	run: 6/20
 event: 18750/25000	run: 6/20
 event: 20000/25000	run: 6/20
 event: 21250/25000	run: 6/20
 event: 22500/25000	run: 6/20
 event: 23750/25000	run: 6/20
 event: 25000/25000	run: 6/20
   -----            
nevts:              25000
evtmult:            6564
ncount (HFm):       5699689
ncount (HFp):       5700889
   -----            
HFm mult:           675
trackm mult:        223
trackmid mult:      454
trackp mult:        231
HFp mult:           677
particles rejected: 4758
   -----            
rescor1_2:          0.423905
rescor1_3    (HFm): 1.552507	 (HFp): 0.419062
rescor2_2:          0.912954
rescor2_3    (HFm): 0.913016	 (HFp): 0.913016
rescorMix    (HFm): 0.386659	 (HFp): 0.386659
epv1obs      (HFm): 0.000707	 (HFp): 0.000162
epv1obs_mix  (HFm): 0.000570	 (HFp): -0.000510
epv2obs      (HFm): 0.063927	 (HFp): 0.063820
   -----            
spdenom1_2SE:       0.020112
spdenom1_3SE (HFm): 0.060070	 (HFp): 0.026925
spdenom2_2SE:       0.070019
spdenom2_3SE (HFm): 0.070117	 (HFp): 0.070117
spdenom_mix  (HFm): 0.001417	 (HFp): 0.001417
spv1num      (HFm): 0.000026	 (HFp): -0.000003
spv2num      (HFm): 0.004904	 (HFp): 0.004896
spv1num_mix  (HFm): 0.000003	 (HFp): -0.000002
   -----               
epv1_2SE     (HFm): 0.001667	 (HFp): 0.000382
epv1_3SE     (HFm): 0.000455	 (HFp): 0.000386
epv1_mix     (HFm): 0.001475	 (HFp): -0.001320
   -----            
spv1_2SE     (HFm): 0.001289	 (HFp): -0.000162
spv1_3SE     (HFm): 0.000431	 (HFp): -0.000121
spv1_mix     (HFm): 0.001849	 (HFp): -0.001411
   -----            
epv2_2SE     (HFm): 0.070022	 (HFp): 0.069905
epv2_3SE     (HFm): 0.070018	 (HFp): 0.069900
spv2_2SE     (HFm): 0.070036	 (HFp): 0.069931
spv2_3SE     (HFm): 0.069938	 (HFp): 0.069833
   -----          

Entering primary event loop
 event: 1250/25000	run: 7/20
 event: 2500/25000	run: 7/20
 event: 3750/25000	run: 7/20
 event: 5000/25000	run: 7/20
 event: 6250/25000	run: 7/20
 event: 7500/25000	run: 7/20
 event: 8750/25000	run: 7/20
 event: 10000/25000	run: 7/20
 event: 11250/25000	run: 7/20
 event: 12500/25000	run: 7/20
 event: 13750/25000	run: 7/20
 event: 15000/25000	run: 7/20
 event: 16250/25000	run: 7/20
 event: 17500/25000	run: 7/20
 event: 18750/25000	run: 7/20
 event: 20000/25000	run: 7/20
 event: 21250/25000	run: 7/20
 event: 22500/25000	run: 7/20
 event: 23750/25000	run: 7/20
 event: 25000/25000	run: 7/20
   -----            
nevts:              25000
evtmult:            6564
ncount (HFm):       5700997
ncount (HFp):       5697506
   -----            
HFm mult:           723
trackm mult:        231
trackmid mult:      475
trackp mult:        244
HFp mult:           692
particles rejected: 4674
   -----            
rescor1_2:          0.432305
rescor1_3    (HFm): 0.505424	 (HFp): 0.768594
rescor2_2:          0.913065
rescor2_3    (HFm): 0.913931	 (HFp): 0.913931
rescorMix    (HFm): 0.380844	 (HFp): 0.380844
epv1obs      (HFm): 0.000108	 (HFp): -0.000726
epv1obs_mix  (HFm): 0.000300	 (HFp): -0.000944
epv2obs      (HFm): 0.063959	 (HFp): 0.064287
   -----            
spdenom1_2SE:       0.020244
spdenom1_3SE (HFm): 0.018336	 (HFp): 0.019607
spdenom2_2SE:       0.070137
spdenom2_3SE (HFm): 0.070163	 (HFp): 0.070163
spdenom_mix  (HFm): 0.001423	 (HFp): 0.001423
spv1num      (HFm): 0.000016	 (HFp): -0.000036
spv2num      (HFm): 0.004910	 (HFp): 0.004934
spv1num_mix  (HFm): 0.000001	 (HFp): -0.000003
   -----               
epv1_2SE     (HFm): 0.000249	 (HFp): -0.001680
epv1_3SE     (HFm): 0.000213	 (HFp): -0.000945
epv1_mix     (HFm): 0.000787	 (HFp): -0.002478
   -----            
spv1_2SE     (HFm): 0.000766	 (HFp): -0.001787
spv1_3SE     (HFm): 0.000846	 (HFp): -0.001846
spv1_mix     (HFm): 0.000718	 (HFp): -0.002201
   -----            
epv2_2SE     (HFm): 0.070049	 (HFp): 0.070408
epv2_3SE     (HFm): 0.069983	 (HFp): 0.070341
spv2_2SE     (HFm): 0.070005	 (HFp): 0.070346
spv2_3SE     (HFm): 0.069979	 (HFp): 0.070321
   -----          

Entering primary event loop
 event: 1250/25000	run: 8/20
 event: 2500/25000	run: 8/20
 event: 3750/25000	run: 8/20
 event: 5000/25000	run: 8/20
 event: 6250/25000	run: 8/20
 event: 7500/25000	run: 8/20
 event: 8750/25000	run: 8/20
 event: 10000/25000	run: 8/20
 event: 11250/25000	run: 8/20
 event: 12500/25000	run: 8/20
 event: 13750/25000	run: 8/20
 event: 15000/25000	run: 8/20
 event: 16250/25000	run: 8/20
 event: 17500/25000	run: 8/20
 event: 18750/25000	run: 8/20
 event: 20000/25000	run: 8/20
 event: 21250/25000	run: 8/20
 event: 22500/25000	run: 8/20
 event: 23750/25000	run: 8/20
 event: 25000/25000	run: 8/20
   -----            
nevts:              25000
evtmult:            6564
ncount (HFm):       5698995
ncount (HFp):       5701929
   -----            
HFm mult:           705
trackm mult:        228
trackmid mult:      441
trackp mult:        213
HFp mult:           682
particles rejected: 4736
   -----            
rescor1_2:          0.430946
rescor1_3    (HFm): 0.322963	 (HFp): 0.291408
rescor2_2:          0.913507
rescor2_3    (HFm): 0.914790	 (HFp): 0.914790
rescorMix    (HFm): 0.382751	 (HFp): 0.382751
epv1obs      (HFm): 0.000775	 (HFp): -0.001167
epv1obs_mix  (HFm): 0.000646	 (HFp): -0.000379
epv2obs      (HFm): 0.063882	 (HFp): 0.064445
   -----            
spdenom1_2SE:       0.020041
spdenom1_3SE (HFm): 0.018910	 (HFp): 0.021995
spdenom2_2SE:       0.069918
spdenom2_3SE (HFm): 0.069871	 (HFp): 0.069871
spdenom_mix  (HFm): 0.001391	 (HFp): 0.001391
spv1num      (HFm): 0.000024	 (HFp): -0.000042
spv2num      (HFm): 0.004881	 (HFp): 0.004927
spv1num_mix  (HFm): 0.000002	 (HFp): -0.000002
   -----               
epv1_2SE     (HFm): 0.001797	 (HFp): -0.002707
epv1_3SE     (HFm): 0.002398	 (HFp): -0.004004
epv1_mix     (HFm): 0.001688	 (HFp): -0.000990
   -----            
spv1_2SE     (HFm): 0.001198	 (HFp): -0.002078
spv1_3SE     (HFm): 0.001270	 (HFp): -0.001894
spv1_mix     (HFm): 0.001367	 (HFp): -0.001259
   -----            
epv2_2SE     (HFm): 0.069931	 (HFp): 0.070547
epv2_3SE     (HFm): 0.069833	 (HFp): 0.070448
spv2_2SE     (HFm): 0.069806	 (HFp): 0.070466
spv2_3SE     (HFm): 0.069852	 (HFp): 0.070513
   -----          

Entering primary event loop
 event: 1250/25000	run: 9/20
 event: 2500/25000	run: 9/20
 event: 3750/25000	run: 9/20
 event: 5000/25000	run: 9/20
 event: 6250/25000	run: 9/20
 event: 7500/25000	run: 9/20
 event: 8750/25000	run: 9/20
 event: 10000/25000	run: 9/20
 event: 11250/25000	run: 9/20
 event: 12500/25000	run: 9/20
 event: 13750/25000	run: 9/20
 event: 15000/25000	run: 9/20
 event: 16250/25000	run: 9/20
 event: 17500/25000	run: 9/20
 event: 18750/25000	run: 9/20
 event: 20000/25000	run: 9/20
 event: 21250/25000	run: 9/20
 event: 22500/25000	run: 9/20
 event: 23750/25000	run: 9/20
 event: 25000/25000	run: 9/20
   -----            
nevts:              25000
evtmult:            6564
ncount (HFm):       5699975
ncount (HFp):       5699651
   -----            
HFm mult:           678
trackm mult:        226
trackmid mult:      450
trackp mult:        224
HFp mult:           666
particles rejected: 4770
   -----            
rescor1_2:          0.425624
rescor1_3    (HFm): 0.351682	 (HFp): 0.445958
rescor2_2:          0.913481
rescor2_3    (HFm): 0.913581	 (HFp): 0.913581
rescorMix    (HFm): 0.373249	 (HFp): 0.373249
epv1obs      (HFm): 0.000539	 (HFp): -0.000857
epv1obs_mix  (HFm): -0.000062	 (HFp): -0.000551
epv2obs      (HFm): 0.063533	 (HFp): 0.063634
   -----            
spdenom1_2SE:       0.019978
spdenom1_3SE (HFm): 0.017495	 (HFp): 0.019245
spdenom2_2SE:       0.069986
spdenom2_3SE (HFm): 0.069908	 (HFp): 0.069908
spdenom_mix  (HFm): 0.001373	 (HFp): 0.001373
spv1num      (HFm): 0.000028	 (HFp): -0.000037
spv2num      (HFm): 0.004860	 (HFp): 0.004872
spv1num_mix  (HFm): 0.000001	 (HFp): -0.000002
   -----               
epv1_2SE     (HFm): 0.001266	 (HFp): -0.002014
epv1_3SE     (HFm): 0.001533	 (HFp): -0.001922
epv1_mix     (HFm): -0.000167	 (HFp): -0.001476
   -----            
spv1_2SE     (HFm): 0.001398	 (HFp): -0.001831
spv1_3SE     (HFm): 0.001596	 (HFp): -0.001901
spv1_mix     (HFm): 0.000495	 (HFp): -0.001442
   -----            
epv2_2SE     (HFm): 0.069551	 (HFp): 0.069661
epv2_3SE     (HFm): 0.069543	 (HFp): 0.069654
spv2_2SE     (HFm): 0.069436	 (HFp): 0.069610
spv2_3SE     (HFm): 0.069513	 (HFp): 0.069687
   -----          

Entering primary event loop
 event: 1250/25000	run: 10/20
 event: 2500/25000	run: 10/20
 event: 3750/25000	run: 10/20
 event: 5000/25000	run: 10/20
 event: 6250/25000	run: 10/20
 event: 7500/25000	run: 10/20
 event: 8750/25000	run: 10/20
 event: 10000/25000	run: 10/20
 event: 11250/25000	run: 10/20
 event: 12500/25000	run: 10/20
 event: 13750/25000	run: 10/20
 event: 15000/25000	run: 10/20
 event: 16250/25000	run: 10/20
 event: 17500/25000	run: 10/20
 event: 18750/25000	run: 10/20
 event: 20000/25000	run: 10/20
 event: 21250/25000	run: 10/20
 event: 22500/25000	run: 10/20
 event: 23750/25000	run: 10/20
 event: 25000/25000	run: 10/20
   -----            
nevts:              25000
evtmult:            6564
ncount (HFm):       5700693
ncount (HFp):       5699520
   -----            
HFm mult:           676
trackm mult:        224
trackmid mult:      459
trackp mult:        235
HFp mult:           693
particles rejected: 4736
   -----            
rescor1_2:          0.429231
rescor1_3    (HFm): 0.439326	 (HFp): 0.524571
rescor2_2:          0.912007
rescor2_3    (HFm): 0.912883	 (HFp): 0.912883
rescorMix    (HFm): 0.380294	 (HFp): 0.380294
epv1obs      (HFm): 0.000538	 (HFp): -0.000737
epv1obs_mix  (HFm): 0.000468	 (HFp): -0.000717
epv2obs      (HFm): 0.063383	 (HFp): 0.064573
   -----            
spdenom1_2SE:       0.019904
spdenom1_3SE (HFm): 0.022626	 (HFp): 0.025735
spdenom2_2SE:       0.069828
spdenom2_3SE (HFm): 0.069874	 (HFp): 0.069874
spdenom_mix  (HFm): 0.001394	 (HFp): 0.001394
spv1num      (HFm): 0.000016	 (HFp): -0.000032
spv2num      (HFm): 0.004847	 (HFp): 0.004944
spv1num_mix  (HFm): 0.000003	 (HFp): -0.000003
   -----               
epv1_2SE     (HFm): 0.001254	 (HFp): -0.001716
epv1_3SE     (HFm): 0.001225	 (HFp): -0.001404
epv1_mix     (HFm): 0.001231	 (HFp): -0.001886
   -----            
spv1_2SE     (HFm): 0.000809	 (HFp): -0.001630
spv1_3SE     (HFm): 0.000712	 (HFp): -0.001261
spv1_mix     (HFm): 0.001797	 (HFp): -0.002213
   -----            
epv2_2SE     (HFm): 0.069499	 (HFp): 0.070803
epv2_3SE     (HFm): 0.069432	 (HFp): 0.070735
spv2_2SE     (HFm): 0.069412	 (HFp): 0.070805
spv2_3SE     (HFm): 0.069366	 (HFp): 0.070758
   -----          

Entering primary event loop
 event: 1250/25000	run: 11/20
 event: 2500/25000	run: 11/20
 event: 3750/25000	run: 11/20
 event: 5000/25000	run: 11/20
 event: 6250/25000	run: 11/20
 event: 7500/25000	run: 11/20
 event: 8750/25000	run: 11/20
 event: 10000/25000	run: 11/20
 event: 11250/25000	run: 11/20
 event: 12500/25000	run: 11/20
 event: 13750/25000	run: 11/20
 event: 15000/25000	run: 11/20
 event: 16250/25000	run: 11/20
 event: 17500/25000	run: 11/20
 event: 18750/25000	run: 11/20
 event: 20000/25000	run: 11/20
 event: 21250/25000	run: 11/20
 event: 22500/25000	run: 11/20
 event: 23750/25000	run: 11/20
 event: 25000/25000	run: 11/20
   -----            
nevts:              25000
evtmult:            6564
ncount (HFm):       5702905
ncount (HFp):       5700929
   -----            
HFm mult:           693
trackm mult:        219
trackmid mult:      453
trackp mult:        234
HFp mult:           700
particles rejected: 4718
   -----            
rescor1_2:          0.423903
rescor1_3    (HFm): 0.459918	 (HFp): 1.151746
rescor2_2:          0.912134
rescor2_3    (HFm): 0.913390	 (HFp): 0.913390
rescorMix    (HFm): 0.383398	 (HFp): 0.383398
epv1obs      (HFm): 0.000279	 (HFp): -0.000562
epv1obs_mix  (HFm): 0.000730	 (HFp): -0.000795
epv2obs      (HFm): 0.063913	 (HFp): 0.064170
   -----            
spdenom1_2SE:       0.019948
spdenom1_3SE (HFm): 0.015259	 (HFp): 0.028505
spdenom2_2SE:       0.069921
spdenom2_3SE (HFm): 0.069830	 (HFp): 0.069830
spdenom_mix  (HFm): 0.001421	 (HFp): 0.001421
spv1num      (HFm): 0.000016	 (HFp): -0.000031
spv2num      (HFm): 0.004893	 (HFp): 0.004912
spv1num_mix  (HFm): 0.000003	 (HFp): -0.000002
   -----               
epv1_2SE     (HFm): 0.000658	 (HFp): -0.001326
epv1_3SE     (HFm): 0.000606	 (HFp): -0.000488
epv1_mix     (HFm): 0.001903	 (HFp): -0.002073
   -----            
spv1_2SE     (HFm): 0.000823	 (HFp): -0.001535
spv1_3SE     (HFm): 0.001076	 (HFp): -0.001075
spv1_mix     (HFm): 0.001963	 (HFp): -0.001725
   -----            
epv2_2SE     (HFm): 0.070070	 (HFp): 0.070351
epv2_3SE     (HFm): 0.069973	 (HFp): 0.070254
spv2_2SE     (HFm): 0.069975	 (HFp): 0.070246
spv2_3SE     (HFm): 0.070068	 (HFp): 0.070339
   -----          

Entering primary event loop
 event: 1250/25000	run: 12/20
 event: 2500/25000	run: 12/20
 event: 3750/25000	run: 12/20
 event: 5000/25000	run: 12/20
 event: 6250/25000	run: 12/20
 event: 7500/25000	run: 12/20
 event: 8750/25000	run: 12/20
 event: 10000/25000	run: 12/20
 event: 11250/25000	run: 12/20
 event: 12500/25000	run: 12/20
 event: 13750/25000	run: 12/20
 event: 15000/25000	run: 12/20
 event: 16250/25000	run: 12/20
 event: 17500/25000	run: 12/20
 event: 18750/25000	run: 12/20
 event: 20000/25000	run: 12/20
 event: 21250/25000	run: 12/20
 event: 22500/25000	run: 12/20
 event: 23750/25000	run: 12/20
 event: 25000/25000	run: 12/20
   -----            
nevts:              25000
evtmult:            6564
ncount (HFm):       5702384
ncount (HFp):       5701993
   -----            
HFm mult:           706
trackm mult:        228
trackmid mult:      457
trackp mult:        229
HFp mult:           679
particles rejected: 4722
   -----            
rescor1_2:          0.430318
rescor1_3    (HFm): 0.240802	 (HFp): 0.449985
rescor2_2:          0.913159
rescor2_3    (HFm): 0.911690	 (HFp): 0.911690
rescorMix    (HFm): 0.390691	 (HFp): 0.390691
epv1obs      (HFm): 0.000397	 (HFp): -0.000970
epv1obs_mix  (HFm): 0.000666	 (HFp): -0.000652
epv2obs      (HFm): 0.063876	 (HFp): 0.064019
   -----            
spdenom1_2SE:       0.020521
spdenom1_3SE (HFm): 0.015356	 (HFp): 0.028026
spdenom2_2SE:       0.070121
spdenom2_3SE (HFm): 0.070174	 (HFp): 0.070174
spdenom_mix  (HFm): 0.001465	 (HFp): 0.001465
spv1num      (HFm): 0.000019	 (HFp): -0.000055
spv2num      (HFm): 0.004922	 (HFp): 0.004928
spv1num_mix  (HFm): 0.000003	 (HFp): -0.000004
   -----               
epv1_2SE     (HFm): 0.000922	 (HFp): -0.002255
epv1_3SE     (HFm): 0.001648	 (HFp): -0.002156
epv1_mix     (HFm): 0.001704	 (HFp): -0.001669
   -----            
spv1_2SE     (HFm): 0.000941	 (HFp): -0.002664
spv1_3SE     (HFm): 0.001257	 (HFp): -0.001950
spv1_mix     (HFm): 0.002342	 (HFp): -0.002725
   -----            
epv2_2SE     (HFm): 0.069951	 (HFp): 0.070107
epv2_3SE     (HFm): 0.070063	 (HFp): 0.070220
spv2_2SE     (HFm): 0.070191	 (HFp): 0.070278
spv2_3SE     (HFm): 0.070138	 (HFp): 0.070226
   -----          

Entering primary event loop
 event: 1250/25000	run: 13/20
 event: 2500/25000	run: 13/20
 event: 3750/25000	run: 13/20
 event: 5000/25000	run: 13/20
 event: 6250/25000	run: 13/20
 event: 7500/25000	run: 13/20
 event: 8750/25000	run: 13/20
 event: 10000/25000	run: 13/20
 event: 11250/25000	run: 13/20
 event: 12500/25000	run: 13/20
 event: 13750/25000	run: 13/20
 event: 15000/25000	run: 13/20
 event: 16250/25000	run: 13/20
 event: 17500/25000	run: 13/20
 event: 18750/25000	run: 13/20
 event: 20000/25000	run: 13/20
 event: 21250/25000	run: 13/20
 event: 22500/25000	run: 13/20
 event: 23750/25000	run: 13/20
 event: 25000/25000	run: 13/20
   -----            
nevts:              25000
evtmult:            6564
ncount (HFm):       5700045
ncount (HFp):       5700396
   -----            
HFm mult:           658
trackm mult:        221
trackmid mult:      418
trackp mult:        197
HFp mult:           663
particles rejected: 4825
   -----            
rescor1_2:          0.424781
rescor1_3    (HFm): 0.490897	 (HFp): 0.312743
rescor2_2:          0.911644
rescor2_3    (HFm): 0.912676	 (HFp): 0.912676
rescorMix    (HFm): 0.388924	 (HFp): 0.388924
epv1obs      (HFm): 0.000648	 (HFp): -0.000594
epv1obs_mix  (HFm): 0.000335	 (HFp): -0.000597
epv2obs      (HFm): 0.063954	 (HFp): 0.064394
   -----            
spdenom1_2SE:       0.019972
spdenom1_3SE (HFm): 0.022990	 (HFp): 0.012688
spdenom2_2SE:       0.069812
spdenom2_3SE (HFm): 0.069829	 (HFp): 0.069829
spdenom_mix  (HFm): 0.001429	 (HFp): 0.001429
spv1num      (HFm): 0.000042	 (HFp): -0.000031
spv2num      (HFm): 0.004908	 (HFp): 0.004938
spv1num_mix  (HFm): 0.000001	 (HFp): -0.000001
   -----               
epv1_2SE     (HFm): 0.001525	 (HFp): -0.001399
epv1_3SE     (HFm): 0.001320	 (HFp): -0.001900
epv1_mix     (HFm): 0.000860	 (HFp): -0.001536
   -----            
spv1_2SE     (HFm): 0.002120	 (HFp): -0.001539
spv1_3SE     (HFm): 0.001842	 (HFp): -0.002422
spv1_mix     (HFm): 0.000761	 (HFp): -0.000966
   -----            
epv2_2SE     (HFm): 0.070152	 (HFp): 0.070635
epv2_3SE     (HFm): 0.070073	 (HFp): 0.070555
spv2_2SE     (HFm): 0.070307	 (HFp): 0.070737
spv2_3SE     (HFm): 0.070290	 (HFp): 0.070719
   -----          

Entering primary event loop
 event: 1250/25000	run: 14/20
 event: 2500/25000	run: 14/20
 event: 3750/25000	run: 14/20
 event: 5000/25000	run: 14/20
 event: 6250/25000	run: 14/20
 event: 7500/25000	run: 14/20
 event: 8750/25000	run: 14/20
 event: 10000/25000	run: 14/20
 event: 11250/25000	run: 14/20
 event: 12500/25000	run: 14/20
 event: 13750/25000	run: 14/20
 event: 15000/25000	run: 14/20
 event: 16250/25000	run: 14/20
 event: 17500/25000	run: 14/20
 event: 18750/25000	run: 14/20
 event: 20000/25000	run: 14/20
 event: 21250/25000	run: 14/20
 event: 22500/25000	run: 14/20
 event: 23750/25000	run: 14/20
 event: 25000/25000	run: 14/20
   -----            
nevts:              25000
evtmult:            6564
ncount (HFm):       5699706
ncount (HFp):       5700129
   -----            
HFm mult:           683
trackm mult:        231
trackmid mult:      460
trackp mult:        229
HFp mult:           664
particles rejected: 4757
   -----            
rescor1_2:          0.433492
rescor1_3    (HFm): 0.464767	 (HFp): 0.979228
rescor2_2:          0.912307
rescor2_3    (HFm): 0.913438	 (HFp): 0.913438
rescorMix    (HFm): 0.383476	 (HFp): 0.383476
epv1obs      (HFm): 0.000108	 (HFp): -0.000616
epv1obs_mix  (HFm): 0.000583	 (HFp): -0.000945
epv2obs      (HFm): 0.064069	 (HFp): 0.063899
   -----            
spdenom1_2SE:       0.020143
spdenom1_3SE (HFm): 0.020467	 (HFp): 0.028849
spdenom2_2SE:       0.069943
spdenom2_3SE (HFm): 0.069924	 (HFp): 0.069924
spdenom_mix  (HFm): 0.001407	 (HFp): 0.001407
spv1num      (HFm): 0.000017	 (HFp): -0.000037
spv2num      (HFm): 0.004907	 (HFp): 0.004893
spv1num_mix  (HFm): 0.000001	 (HFp): -0.000004
   -----               
epv1_2SE     (HFm): 0.000248	 (HFp): -0.001420
epv1_3SE     (HFm): 0.000232	 (HFp): -0.000629
epv1_mix     (HFm): 0.001520	 (HFp): -0.002464
   -----            
spv1_2SE     (HFm): 0.000829	 (HFp): -0.001818
spv1_3SE     (HFm): 0.000816	 (HFp): -0.001269
spv1_mix     (HFm): 0.000959	 (HFp): -0.002725
   -----            
epv2_2SE     (HFm): 0.070227	 (HFp): 0.070042
epv2_3SE     (HFm): 0.070141	 (HFp): 0.069955
spv2_2SE     (HFm): 0.070151	 (HFp): 0.069951
spv2_3SE     (HFm): 0.070171	 (HFp): 0.069970
   -----          

Entering primary event loop
 event: 1250/25000	run: 15/20
 event: 2500/25000	run: 15/20
 event: 3750/25000	run: 15/20
 event: 5000/25000	run: 15/20
 event: 6250/25000	run: 15/20
 event: 7500/25000	run: 15/20
 event: 8750/25000	run: 15/20
 event: 10000/25000	run: 15/20
 event: 11250/25000	run: 15/20
 event: 12500/25000	run: 15/20
 event: 13750/25000	run: 15/20
 event: 15000/25000	run: 15/20
 event: 16250/25000	run: 15/20
 event: 17500/25000	run: 15/20
 event: 18750/25000	run: 15/20
 event: 20000/25000	run: 15/20
 event: 21250/25000	run: 15/20
 event: 22500/25000	run: 15/20
 event: 23750/25000	run: 15/20
 event: 25000/25000	run: 15/20
   -----            
nevts:              25000
evtmult:            6564
ncount (HFm):       5702809
ncount (HFp):       5701268
   -----            
HFm mult:           706
trackm mult:        226
trackmid mult:      459
trackp mult:        233
HFp mult:           673
particles rejected: 4726
   -----            
rescor1_2:          0.427391
rescor1_3    (HFm): 0.449042	 (HFp): 0.480432
rescor2_2:          0.913288
rescor2_3    (HFm): 0.911736	 (HFp): 0.911736
rescorMix    (HFm): 0.381068	 (HFp): 0.381068
epv1obs      (HFm): 0.000703	 (HFp): -0.000986
epv1obs_mix  (HFm): 0.000785	 (HFp): -0.001093
epv2obs      (HFm): 0.063201	 (HFp): 0.063346
   -----            
spdenom1_2SE:       0.019925
spdenom1_3SE (HFm): 0.021587	 (HFp): 0.024482
spdenom2_2SE:       0.070019
spdenom2_3SE (HFm): 0.069968	 (HFp): 0.069968
spdenom_mix  (HFm): 0.001399	 (HFp): 0.001399
spv1num      (HFm): 0.000028	 (HFp): -0.000040
spv2num      (HFm): 0.004846	 (HFp): 0.004854
spv1num_mix  (HFm): 0.000003	 (HFp): -0.000004
   -----               
epv1_2SE     (HFm): 0.001644	 (HFp): -0.002306
epv1_3SE     (HFm): 0.001565	 (HFp): -0.002052
epv1_mix     (HFm): 0.002060	 (HFp): -0.002869
   -----            
spv1_2SE     (HFm): 0.001397	 (HFp): -0.002031
spv1_3SE     (HFm): 0.001289	 (HFp): -0.001653
spv1_mix     (HFm): 0.002242	 (HFp): -0.002720
   -----            
epv2_2SE     (HFm): 0.069202	 (HFp): 0.069360
epv2_3SE     (HFm): 0.069319	 (HFp): 0.069478
spv2_2SE     (HFm): 0.069215	 (HFp): 0.069332
spv2_3SE     (HFm): 0.069265	 (HFp): 0.069382
   -----          

Entering primary event loop
 event: 1250/25000	run: 16/20
 event: 2500/25000	run: 16/20
 event: 3750/25000	run: 16/20
 event: 5000/25000	run: 16/20
 event: 6250/25000	run: 16/20
 event: 7500/25000	run: 16/20
 event: 8750/25000	run: 16/20
 event: 10000/25000	run: 16/20
 event: 11250/25000	run: 16/20
 event: 12500/25000	run: 16/20
 event: 13750/25000	run: 16/20
 event: 15000/25000	run: 16/20
 event: 16250/25000	run: 16/20
 event: 17500/25000	run: 16/20
 event: 18750/25000	run: 16/20
 event: 20000/25000	run: 16/20
 event: 21250/25000	run: 16/20
 event: 22500/25000	run: 16/20
 event: 23750/25000	run: 16/20
 event: 25000/25000	run: 16/20
   -----            
nevts:              25000
evtmult:            6564
ncount (HFm):       5700033
ncount (HFp):       5700079
   -----            
HFm mult:           673
trackm mult:        234
trackmid mult:      473
trackp mult:        239
HFp mult:           716
particles rejected: 4702
   -----            
rescor1_2:          0.431653
rescor1_3    (HFm): 0.352379	 (HFp): 0.508085
rescor2_2:          0.912264
rescor2_3    (HFm): 0.912040	 (HFp): 0.912040
rescorMix    (HFm): 0.379674	 (HFp): 0.379674
epv1obs      (HFm): 0.000446	 (HFp): -0.000486
epv1obs_mix  (HFm): 0.000256	 (HFp): -0.000186
epv2obs      (HFm): 0.064126	 (HFp): 0.063702
   -----            
spdenom1_2SE:       0.020193
spdenom1_3SE (HFm): 0.024777	 (HFp): 0.032785
spdenom2_2SE:       0.069942
spdenom2_3SE (HFm): 0.069960	 (HFp): 0.069960
spdenom_mix  (HFm): 0.001399	 (HFp): 0.001399
spv1num      (HFm): 0.000014	 (HFp): -0.000024
spv2num      (HFm): 0.004923	 (HFp): 0.004880
spv1num_mix  (HFm): 0.000002	 (HFp): -0.000002
   -----               
epv1_2SE     (HFm): 0.001033	 (HFp): -0.001126
epv1_3SE     (HFm): 0.001265	 (HFp): -0.000957
epv1_mix     (HFm): 0.000673	 (HFp): -0.000490
   -----            
spv1_2SE     (HFm): 0.000679	 (HFp): -0.001186
spv1_3SE     (HFm): 0.000554	 (HFp): -0.000730
spv1_mix     (HFm): 0.001363	 (HFp): -0.001196
   -----            
epv2_2SE     (HFm): 0.070293	 (HFp): 0.069829
epv2_3SE     (HFm): 0.070310	 (HFp): 0.069846
spv2_2SE     (HFm): 0.070391	 (HFp): 0.069777
spv2_3SE     (HFm): 0.070372	 (HFp): 0.069759
   -----          

Entering primary event loop
 event: 1250/25000	run: 17/20
 event: 2500/25000	run: 17/20
 event: 3750/25000	run: 17/20
 event: 5000/25000	run: 17/20
 event: 6250/25000	run: 17/20
 event: 7500/25000	run: 17/20
 event: 8750/25000	run: 17/20
 event: 10000/25000	run: 17/20
 event: 11250/25000	run: 17/20
 event: 12500/25000	run: 17/20
 event: 13750/25000	run: 17/20
 event: 15000/25000	run: 17/20
 event: 16250/25000	run: 17/20
 event: 17500/25000	run: 17/20
 event: 18750/25000	run: 17/20
 event: 20000/25000	run: 17/20
 event: 21250/25000	run: 17/20
 event: 22500/25000	run: 17/20
 event: 23750/25000	run: 17/20
 event: 25000/25000	run: 17/20
   -----            
nevts:              25000
evtmult:            6564
ncount (HFm):       5696444
ncount (HFp):       5698606
   -----            
HFm mult:           690
trackm mult:        232
trackmid mult:      458
trackp mult:        226
HFp mult:           677
particles rejected: 4739
   -----            
rescor1_2:          0.428806
rescor1_3    (HFm): 0.210428	 (HFp): 0.353392
rescor2_2:          0.913183
rescor2_3    (HFm): 0.914260	 (HFp): 0.914260
rescorMix    (HFm): 0.379916	 (HFp): 0.379916
epv1obs      (HFm): 0.000512	 (HFp): -0.001468
epv1obs_mix  (HFm): 0.000321	 (HFp): -0.000698
epv2obs      (HFm): 0.063675	 (HFp): 0.064365
   -----            
spdenom1_2SE:       0.019875
spdenom1_3SE (HFm): 0.013943	 (HFp): 0.013992
spdenom2_2SE:       0.070021
spdenom2_3SE (HFm): 0.070133	 (HFp): 0.070133
spdenom_mix  (HFm): 0.001392	 (HFp): 0.001392
spv1num      (HFm): 0.000032	 (HFp): -0.000061
spv2num      (HFm): 0.004890	 (HFp): 0.004927
spv1num_mix  (HFm): 0.000002	 (HFp): -0.000003
   -----               
epv1_2SE     (HFm): 0.001193	 (HFp): -0.003424
epv1_3SE     (HFm): 0.002432	 (HFp): -0.004155
epv1_mix     (HFm): 0.000844	 (HFp): -0.001837
   -----            
spv1_2SE     (HFm): 0.001593	 (HFp): -0.003061
spv1_3SE     (HFm): 0.002271	 (HFp): -0.004349
spv1_mix     (HFm): 0.001143	 (HFp): -0.002223
   -----            
epv2_2SE     (HFm): 0.069729	 (HFp): 0.070485
epv2_3SE     (HFm): 0.069647	 (HFp): 0.070402
spv2_2SE     (HFm): 0.069829	 (HFp): 0.070365
spv2_3SE     (HFm): 0.069717	 (HFp): 0.070253
   -----          

Entering primary event loop
 event: 1250/25000	run: 18/20
 event: 2500/25000	run: 18/20
 event: 3750/25000	run: 18/20
 event: 5000/25000	run: 18/20
 event: 6250/25000	run: 18/20
 event: 7500/25000	run: 18/20
 event: 8750/25000	run: 18/20
 event: 10000/25000	run: 18/20
 event: 11250/25000	run: 18/20
 event: 12500/25000	run: 18/20
 event: 13750/25000	run: 18/20
 event: 15000/25000	run: 18/20
 event: 16250/25000	run: 18/20
 event: 17500/25000	run: 18/20
 event: 18750/25000	run: 18/20
 event: 20000/25000	run: 18/20
 event: 21250/25000	run: 18/20
 event: 22500/25000	run: 18/20
 event: 23750/25000	run: 18/20
 event: 25000/25000	run: 18/20
   -----            
nevts:              25000
evtmult:            6564
ncount (HFm):       5700286
ncount (HFp):       5701852
   -----            
HFm mult:           683
trackm mult:        224
trackmid mult:      443
trackp mult:        219
HFp mult:           714
particles rejected: 4724
   -----            
rescor1_2:          0.435186
rescor1_3    (HFm): 0.338684	 (HFp): 0.417572
rescor2_2:          0.912437
rescor2_3    (HFm): 0.914411	 (HFp): 0.914411
rescorMix    (HFm): 0.378359	 (HFp): 0.378359
epv1obs      (HFm): 0.000866	 (HFp): -0.000889
epv1obs_mix  (HFm): 0.000688	 (HFp): -0.001105
epv2obs      (HFm): 0.064272	 (HFp): 0.063662
   -----            
spdenom1_2SE:       0.020557
spdenom1_3SE (HFm): 0.015571	 (HFp): 0.016322
spdenom2_2SE:       0.069907
spdenom2_3SE (HFm): 0.070266	 (HFp): 0.070266
spdenom_mix  (HFm): 0.001421	 (HFp): 0.001421
spv1num      (HFm): 0.000046	 (HFp): -0.000044
spv2num      (HFm): 0.004951	 (HFp): 0.004897
spv1num_mix  (HFm): 0.000002	 (HFp): -0.000003
   -----               
epv1_2SE     (HFm): 0.001990	 (HFp): -0.002042
epv1_3SE     (HFm): 0.002557	 (HFp): -0.002128
epv1_mix     (HFm): 0.001817	 (HFp): -0.002921
   -----            
spv1_2SE     (HFm): 0.002234	 (HFp): -0.002133
spv1_3SE     (HFm): 0.002949	 (HFp): -0.002687
spv1_mix     (HFm): 0.001745	 (HFp): -0.002347
   -----            
epv2_2SE     (HFm): 0.070440	 (HFp): 0.069772
epv2_3SE     (HFm): 0.070288	 (HFp): 0.069621
spv2_2SE     (HFm): 0.070826	 (HFp): 0.070054
spv2_3SE     (HFm): 0.070464	 (HFp): 0.069696
   -----          

Entering primary event loop
 event: 1250/25000	run: 19/20
 event: 2500/25000	run: 19/20
 event: 3750/25000	run: 19/20
 event: 5000/25000	run: 19/20
 event: 6250/25000	run: 19/20
 event: 7500/25000	run: 19/20
 event: 8750/25000	run: 19/20
 event: 10000/25000	run: 19/20
 event: 11250/25000	run: 19/20
 event: 12500/25000	run: 19/20
 event: 13750/25000	run: 19/20
 event: 15000/25000	run: 19/20
 event: 16250/25000	run: 19/20
 event: 17500/25000	run: 19/20
 event: 18750/25000	run: 19/20
 event: 20000/25000	run: 19/20
 event: 21250/25000	run: 19/20
 event: 22500/25000	run: 19/20
 event: 23750/25000	run: 19/20
 event: 25000/25000	run: 19/20
   -----            
nevts:              25000
evtmult:            6564
ncount (HFm):       5699970
ncount (HFp):       5699671
   -----            
HFm mult:           692
trackm mult:        231
trackmid mult:      450
trackp mult:        219
HFp mult:           697
particles rejected: 4725
   -----            
rescor1_2:          0.430029
rescor1_3    (HFm): 0.471217	 (HFp): 0.514712
rescor2_2:          0.912181
rescor2_3    (HFm): 0.912584	 (HFp): 0.912584
rescorMix    (HFm): 0.376104	 (HFp): 0.376104
epv1obs      (HFm): 0.000532	 (HFp): -0.000403
epv1obs_mix  (HFm): 0.000497	 (HFp): -0.000509
epv2obs      (HFm): 0.063008	 (HFp): 0.064028
   -----            
spdenom1_2SE:       0.019895
spdenom1_3SE (HFm): 0.022083	 (HFp): 0.024917
spdenom2_2SE:       0.069856
spdenom2_3SE (HFm): 0.069686	 (HFp): 0.069686
spdenom_mix  (HFm): 0.001372	 (HFp): 0.001372
spv1num      (HFm): 0.000031	 (HFp): -0.000032
spv2num      (HFm): 0.004817	 (HFp): 0.004899
spv1num_mix  (HFm): 0.000001	 (HFp): -0.000002
   -----               
epv1_2SE     (HFm): 0.001238	 (HFp): -0.000937
epv1_3SE     (HFm): 0.001130	 (HFp): -0.000783
epv1_mix     (HFm): 0.001323	 (HFp): -0.001353
   -----            
spv1_2SE     (HFm): 0.001559	 (HFp): -0.001588
spv1_3SE     (HFm): 0.001405	 (HFp): -0.001268
spv1_mix     (HFm): 0.000648	 (HFp): -0.001596
   -----            
epv2_2SE     (HFm): 0.069074	 (HFp): 0.070192
epv2_3SE     (HFm): 0.069044	 (HFp): 0.070161
spv2_2SE     (HFm): 0.068950	 (HFp): 0.070134
spv2_3SE     (HFm): 0.069118	 (HFp): 0.070305
   -----          

Entering primary event loop
 event: 1250/25000	run: 20/20
 event: 2500/25000	run: 20/20
 event: 3750/25000	run: 20/20
 event: 5000/25000	run: 20/20
 event: 6250/25000	run: 20/20
 event: 7500/25000	run: 20/20
 event: 8750/25000	run: 20/20
 event: 10000/25000	run: 20/20
 event: 11250/25000	run: 20/20
 event: 12500/25000	run: 20/20
 event: 13750/25000	run: 20/20
 event: 15000/25000	run: 20/20
 event: 16250/25000	run: 20/20
 event: 17500/25000	run: 20/20
 event: 18750/25000	run: 20/20
 event: 20000/25000	run: 20/20
 event: 21250/25000	run: 20/20
 event: 22500/25000	run: 20/20
 event: 23750/25000	run: 20/20
 event: 25000/25000	run: 20/20
   -----            
nevts:              25000
evtmult:            6564
ncount (HFm):       5699301
ncount (HFp):       5702003
   -----            
HFm mult:           673
trackm mult:        233
trackmid mult:      450
trackp mult:        217
HFp mult:           686
particles rejected: 4755
   -----            
rescor1_2:          0.427602
rescor1_3    (HFm): 0.495364	 (HFp): 0.378128
rescor2_2:          0.913316
rescor2_3    (HFm): 0.912768	 (HFp): 0.912768
rescorMix    (HFm): 0.384926	 (HFp): 0.384926
epv1obs      (HFm): 0.000946	 (HFp): -0.000731
epv1obs_mix  (HFm): 0.000949	 (HFp): -0.000348
epv2obs      (HFm): 0.063544	 (HFp): 0.063822
   -----            
spdenom1_2SE:       0.020152
spdenom1_3SE (HFm): 0.024731	 (HFp): 0.019630
spdenom2_2SE:       0.069954
spdenom2_3SE (HFm): 0.069675	 (HFp): 0.069675
spdenom_mix  (HFm): 0.001416	 (HFp): 0.001416
spv1num      (HFm): 0.000041	 (HFp): -0.000027
spv2num      (HFm): 0.004848	 (HFp): 0.004878
spv1num_mix  (HFm): 0.000004	 (HFp): -0.000002
   -----               
epv1_2SE     (HFm): 0.002213	 (HFp): -0.001709
epv1_3SE     (HFm): 0.001910	 (HFp): -0.001932
epv1_mix     (HFm): 0.002466	 (HFp): -0.000905
   -----            
spv1_2SE     (HFm): 0.002033	 (HFp): -0.001353
spv1_3SE     (HFm): 0.001657	 (HFp): -0.001389
spv1_mix     (HFm): 0.003156	 (HFp): -0.001180
   -----            
epv2_2SE     (HFm): 0.069575	 (HFp): 0.069879
epv2_3SE     (HFm): 0.069617	 (HFp): 0.069921
spv2_2SE     (HFm): 0.069303	 (HFp): 0.069728
spv2_3SE     (HFm): 0.069581	 (HFp): 0.070007
   -----          


  ---- Final Tally (HFm) ---- 

rescor1_2SE:     0.42913 +/- 0.00085
rescor1_3SE:     0.40027 +/- 0.02428
rescor2_2SE:     0.91276 +/-0.00012
rescor2_2SE:     0.91296 +/- 0.00021
rescor_Mix:      0.38107 +/- 0.00097
EPv1obs:         0.00057 +/- 0.00007
EPv2obs:         0.06375 +/- 0.00008
EPv1obs_mix:     0.00056 +/- 0.00006
   -----         
SPdenom1_2SE:    0.02010 +/- 0.00005
SPdenom1_3SE:    0.02166 +/- 0.00213
SPdenom2_2SE:    0.06998 +/- 0.00003
SPdenom2_3SE:    0.06998 +/- 0.00004
SPdenom1_mix:    0.00141 +/- 0.00000
SPv1num:         0.00003 +/- 0.00000
SPv2num:         0.00489 +/- 0.00001
SPv1numMix:      0.00000 +/- 0.00000
   -----         
EPv1_2SE:        0.00132 +/- 0.00017
EPv1_3SE:        0.00155 +/- 0.00026
EPv1_mix:        0.00148 +/- 0.00017
   -----         
SPv1_2SE:        0.00132 +/- 0.00014
SPv1_3SE:        0.00139 +/- 0.00018
SPv1_mix:        0.00156 +/- 0.00016
   -----         
EPv2_2SE:        0.06984 +/- 0.00009
EPv2_3SE:        0.06983 +/- 0.00008
SPv2_2SE:        0.06983 +/- 0.00011
SPv2_3SE:        0.06983 +/- 0.00009

  ---- Final Tally (HFp) ---- 

rescor1_2SE:    0.42913 +/- 0.00085
rescor1_3SE:    0.49537 +/- 0.03747
rescor2_2SE:    0.91276 +/-0.00012
rescor2_2SE:    0.91296 +/- 0.00021
rescor_mix:     0.38107 +/- 0.00097
EPv1obs:        -0.00071 +/- 0.00007
EPv2obs:        0.06398 +/- 0.00007
EPv1obsMix:     -0.00066 +/- 0.00006
   -----        
SPdenom1_2SE:   0.02010 +/- 0.00005
SPdenom1_3SE:   0.02470 +/- 0.00188
SPdenom2_2SE:   0.06998 +/- 0.00003
SPdenom2_3SE:   0.06998 +/- 0.00004
SPdenom_mix:    0.00141 +/- 0.00000
SPv1num:        -0.00003 +/- 0.00000
SPv2num:        0.00491 +/- 0.00001
SPv1numMix:     -0.00000 +/- 0.00000
   -----        
EPv1_2SE:       -0.00165 +/- 0.00017
EPv1_3SE:       -0.00157 +/- 0.00024
EPv1_mix:       -0.00173 +/- 0.00016
   -----        
SPv1_2SE:       -0.00170 +/- 0.00013
SPv1_3SE:       -0.00158 +/- 0.00020
SPv1_mix:       -0.00181 +/- 0.00015
   -----        
EPv2_2SE:       0.07010 +/- 0.00008
EPv2_3SE:       0.07008 +/- 0.00007
SPv2_2SE:       0.07010 +/- 0.00008
SPv2_3SE:       0.07010 +/- 0.00008

 --- Comparisons to input vn --- 

EPv2_2SE/v2in  (HFm): 0.9978 +/- 0.0012	 (HFp): 1.0014 +/- 0.0011
EPv2_3SE/v2in  (HFm): 0.9975 +/- 0.0011	 (HFp): 1.0012 +/- 0.0011
SPv2_2SE/v2in  (HFm): 0.9976 +/- 0.0015	 (HFp): 1.0014 +/- 0.0012
SPv2_3SE/v2in  (HFm): 0.9976 +/- 0.0013	 (HFp): 1.0014 +/- 0.0011

 ...done 

