
Processing v1MC.C++...
Info in <TUnixSystem::ACLiC>: creating shared library /home/w955m639/v1flow/Monte_Carlo/new_build/./v1MC_C.so
Rapidity-odd input v1
Input v2: 0.07
Using eta-dependent weighting... 
Conserving transverse momentum event by event... 
Running 500000 events over 20 runs (25000 per run) 

Entering primary event loop
 event: 1250/25000	run: 1/20
 event: 2500/25000	run: 1/20
 event: 3750/25000	run: 1/20
 event: 5000/25000	run: 1/20
 event: 6250/25000	run: 1/20
 event: 7500/25000	run: 1/20
 event: 8750/25000	run: 1/20
 event: 10000/25000	run: 1/20
 event: 11250/25000	run: 1/20
 event: 12500/25000	run: 1/20
 event: 13750/25000	run: 1/20
 event: 15000/25000	run: 1/20
 event: 16250/25000	run: 1/20
 event: 17500/25000	run: 1/20
 event: 18750/25000	run: 1/20
 event: 20000/25000	run: 1/20
 event: 21250/25000	run: 1/20
 event: 22500/25000	run: 1/20
 event: 23750/25000	run: 1/20
 event: 25000/25000	run: 1/20
   -----            
nevts:              25000
evtmult:            6564
ncount (HFm):       5701419
ncount (HFp):       5703176
   -----            
HFm mult:           634
trackm mult:        225
trackmid mult:      448
trackp mult:        223
HFp mult:           691
particles rejected: 4791
   -----            
rescor1_2:          0.436212
rescor1_3    (HFm): 0.213074	 (HFp): 0.569623
rescor2_2:          0.912627
rescor2_3    (HFm): 0.913368	 (HFp): 0.913368
rescorMix    (HFm): 0.379851	 (HFp): 0.379851
epv1obs      (HFm): 0.000889	 (HFp): -0.001142
epv1obs_mix  (HFm): 0.000952	 (HFp): -0.000367
epv2obs      (HFm): 0.064103	 (HFp): 0.063923
   -----            
spdenom1_2SE:       0.020368
spdenom1_3SE (HFm): 0.015430	 (HFp): 0.025641
spdenom2_2SE:       0.069923
spdenom2_3SE (HFm): 0.070029	 (HFp): 0.070029
spdenom_mix  (HFm): 0.001403	 (HFp): 0.001403
spv1num      (HFm): 0.000041	 (HFp): -0.000047
spv2num      (HFm): 0.004908	 (HFp): 0.004901
spv1num_mix  (HFm): 0.000003	 (HFp): -0.000002
   -----               
epv1_2SE     (HFm): 0.002038	 (HFp): -0.002618
epv1_3SE     (HFm): 0.004173	 (HFp): -0.002005
epv1_mix     (HFm): 0.002505	 (HFp): -0.000966
   -----            
spv1_2SE     (HFm): 0.002006	 (HFp): -0.002311
spv1_3SE     (HFm): 0.002649	 (HFp): -0.001835
spv1_mix     (HFm): 0.002001	 (HFp): -0.001289
   -----            
epv2_2SE     (HFm): 0.070240	 (HFp): 0.070043
epv2_3SE     (HFm): 0.070183	 (HFp): 0.069986
spv2_2SE     (HFm): 0.070191	 (HFp): 0.070091
spv2_3SE     (HFm): 0.070084	 (HFp): 0.069985
   -----          

Entering primary event loop
 event: 1250/25000	run: 2/20
 event: 2500/25000	run: 2/20
 event: 3750/25000	run: 2/20
 event: 5000/25000	run: 2/20
 event: 6250/25000	run: 2/20
 event: 7500/25000	run: 2/20
 event: 8750/25000	run: 2/20
 event: 10000/25000	run: 2/20
 event: 11250/25000	run: 2/20
 event: 12500/25000	run: 2/20
 event: 13750/25000	run: 2/20
 event: 15000/25000	run: 2/20
 event: 16250/25000	run: 2/20
 event: 17500/25000	run: 2/20
 event: 18750/25000	run: 2/20
 event: 20000/25000	run: 2/20
 event: 21250/25000	run: 2/20
 event: 22500/25000	run: 2/20
 event: 23750/25000	run: 2/20
 event: 25000/25000	run: 2/20
   -----            
nevts:              25000
evtmult:            6564
ncount (HFm):       5698466
ncount (HFp):       5704185
   -----            
HFm mult:           688
trackm mult:        225
trackmid mult:      464
trackp mult:        239
HFp mult:           671
particles rejected: 4741
   -----            
rescor1_2:          0.428554
rescor1_3    (HFm): 0.662361	 (HFp): 0.649642
rescor2_2:          0.912833
rescor2_3    (HFm): 0.911368	 (HFp): 0.911368
rescorMix    (HFm): 0.376309	 (HFp): 0.376309
epv1obs      (HFm): 0.000146	 (HFp): -0.000470
epv1obs_mix  (HFm): 0.000372	 (HFp): -0.000316
epv2obs      (HFm): 0.063082	 (HFp): 0.063987
   -----            
spdenom1_2SE:       0.020062
spdenom1_3SE (HFm): 0.033643	 (HFp): 0.031100
spdenom2_2SE:       0.069807
spdenom2_3SE (HFm): 0.069844	 (HFp): 0.069844
spdenom_mix  (HFm): 0.001376	 (HFp): 0.001376
spv1num      (HFm): 0.000014	 (HFp): -0.000015
spv2num      (HFm): 0.004817	 (HFp): 0.004901
spv1num_mix  (HFm): 0.000002	 (HFp): 0.000000
   -----               
epv1_2SE     (HFm): 0.000340	 (HFp): -0.001096
epv1_3SE     (HFm): 0.000220	 (HFp): -0.000723
epv1_mix     (HFm): 0.000989	 (HFp): -0.000840
   -----            
spv1_2SE     (HFm): 0.000722	 (HFp): -0.000763
spv1_3SE     (HFm): 0.000430	 (HFp): -0.000492
spv1_mix     (HFm): 0.001792	 (HFp): 0.000064
   -----            
epv2_2SE     (HFm): 0.069106	 (HFp): 0.070098
epv2_3SE     (HFm): 0.069217	 (HFp): 0.070210
spv2_2SE     (HFm): 0.069011	 (HFp): 0.070210
spv2_3SE     (HFm): 0.068975	 (HFp): 0.070173
   -----          

Entering primary event loop
 event: 1250/25000	run: 3/20
 event: 2500/25000	run: 3/20
 event: 3750/25000	run: 3/20
 event: 5000/25000	run: 3/20
 event: 6250/25000	run: 3/20
 event: 7500/25000	run: 3/20
 event: 8750/25000	run: 3/20
 event: 10000/25000	run: 3/20
 event: 11250/25000	run: 3/20
 event: 12500/25000	run: 3/20
 event: 13750/25000	run: 3/20
 event: 15000/25000	run: 3/20
 event: 16250/25000	run: 3/20
 event: 17500/25000	run: 3/20
 event: 18750/25000	run: 3/20
 event: 20000/25000	run: 3/20
 event: 21250/25000	run: 3/20
 event: 22500/25000	run: 3/20
 event: 23750/25000	run: 3/20
 event: 25000/25000	run: 3/20
   -----            
nevts:              25000
evtmult:            6564
ncount (HFm):       5701794
ncount (HFp):       5702763
   -----            
HFm mult:           716
trackm mult:        225
trackmid mult:      454
trackp mult:        229
HFp mult:           648
particles rejected: 4746
   -----            
rescor1_2:          0.432884
rescor1_3    (HFm): 0.333796	 (HFp): 0.467411
rescor2_2:          0.912551
rescor2_3    (HFm): 0.911823	 (HFp): 0.911823
rescorMix    (HFm): 0.379043	 (HFp): 0.379043
epv1obs      (HFm): 0.001031	 (HFp): -0.000449
epv1obs_mix  (HFm): 0.000936	 (HFp): -0.001143
epv2obs      (HFm): 0.063643	 (HFp): 0.063577
   -----            
spdenom1_2SE:       0.020272
spdenom1_3SE (HFm): 0.026090	 (HFp): 0.024385
spdenom2_2SE:       0.070274
spdenom2_3SE (HFm): 0.070101	 (HFp): 0.070101
spdenom_mix  (HFm): 0.001389	 (HFp): 0.001389
spv1num      (HFm): 0.000036	 (HFp): -0.000013
spv2num      (HFm): 0.004881	 (HFp): 0.004893
spv1num_mix  (HFm): 0.000003	 (HFp): -0.000003
   -----               
epv1_2SE     (HFm): 0.002381	 (HFp): -0.001037
epv1_3SE     (HFm): 0.003088	 (HFp): -0.000960
epv1_mix     (HFm): 0.002470	 (HFp): -0.003016
   -----            
spv1_2SE     (HFm): 0.001760	 (HFp): -0.000625
spv1_3SE     (HFm): 0.001367	 (HFp): -0.000520
spv1_mix     (HFm): 0.001989	 (HFp): -0.002254
   -----            
epv2_2SE     (HFm): 0.069742	 (HFp): 0.069669
epv2_3SE     (HFm): 0.069798	 (HFp): 0.069725
spv2_2SE     (HFm): 0.069456	 (HFp): 0.069624
spv2_3SE     (HFm): 0.069628	 (HFp): 0.069796
   -----          

Entering primary event loop
 event: 1250/25000	run: 4/20
 event: 2500/25000	run: 4/20
 event: 3750/25000	run: 4/20
 event: 5000/25000	run: 4/20
 event: 6250/25000	run: 4/20
 event: 7500/25000	run: 4/20
 event: 8750/25000	run: 4/20
 event: 10000/25000	run: 4/20
 event: 11250/25000	run: 4/20
 event: 12500/25000	run: 4/20
 event: 13750/25000	run: 4/20
 event: 15000/25000	run: 4/20
 event: 16250/25000	run: 4/20
 event: 17500/25000	run: 4/20
 event: 18750/25000	run: 4/20
 event: 20000/25000	run: 4/20
 event: 21250/25000	run: 4/20
 event: 22500/25000	run: 4/20
 event: 23750/25000	run: 4/20
 event: 25000/25000	run: 4/20
   -----            
nevts:              25000
evtmult:            6564
ncount (HFm):       5701742
ncount (HFp):       5704377
   -----            
HFm mult:           691
trackm mult:        223
trackmid mult:      458
trackp mult:        235
HFp mult:           670
particles rejected: 4745
   -----            
rescor1_2:          0.419138
rescor1_3    (HFm): 0.586497	 (HFp): 0.833023
rescor2_2:          0.912810
rescor2_3    (HFm): 0.911728	 (HFp): 0.911728
rescorMix    (HFm): 0.377456	 (HFp): 0.377456
epv1obs      (HFm): 0.000323	 (HFp): -0.000388
epv1obs_mix  (HFm): -0.000118	 (HFp): -0.000922
epv2obs      (HFm): 0.063705	 (HFp): 0.064167
   -----            
spdenom1_2SE:       0.019944
spdenom1_3SE (HFm): 0.021017	 (HFp): 0.027571
spdenom2_2SE:       0.070031
spdenom2_3SE (HFm): 0.070084	 (HFp): 0.070084
spdenom_mix  (HFm): 0.001399	 (HFp): 0.001399
spv1num      (HFm): 0.000019	 (HFp): -0.000027
spv2num      (HFm): 0.004895	 (HFp): 0.004930
spv1num_mix  (HFm): 0.000001	 (HFp): -0.000004
   -----               
epv1_2SE     (HFm): 0.000771	 (HFp): -0.000925
epv1_3SE     (HFm): 0.000551	 (HFp): -0.000466
epv1_mix     (HFm): -0.000313	 (HFp): -0.002442
   -----            
spv1_2SE     (HFm): 0.000952	 (HFp): -0.001373
spv1_3SE     (HFm): 0.000904	 (HFp): -0.000993
spv1_mix     (HFm): 0.000680	 (HFp): -0.002551
   -----            
epv2_2SE     (HFm): 0.069790	 (HFp): 0.070296
epv2_3SE     (HFm): 0.069873	 (HFp): 0.070379
spv2_2SE     (HFm): 0.069903	 (HFp): 0.070397
spv2_3SE     (HFm): 0.069851	 (HFp): 0.070344
   -----          

Entering primary event loop
 event: 1250/25000	run: 5/20
 event: 2500/25000	run: 5/20
 event: 3750/25000	run: 5/20
 event: 5000/25000	run: 5/20
 event: 6250/25000	run: 5/20
 event: 7500/25000	run: 5/20
 event: 8750/25000	run: 5/20
 event: 10000/25000	run: 5/20
 event: 11250/25000	run: 5/20
 event: 12500/25000	run: 5/20
 event: 13750/25000	run: 5/20
 event: 15000/25000	run: 5/20
 event: 16250/25000	run: 5/20
 event: 17500/25000	run: 5/20
 event: 18750/25000	run: 5/20
 event: 20000/25000	run: 5/20
 event: 21250/25000	run: 5/20
 event: 22500/25000	run: 5/20
 event: 23750/25000	run: 5/20
 event: 25000/25000	run: 5/20
   -----            
nevts:              25000
evtmult:            6564
ncount (HFm):       5702088
ncount (HFp):       5700874
   -----            
HFm mult:           688
trackm mult:        217
trackmid mult:      463
trackp mult:        246
HFp mult:           687
particles rejected: 4726
   -----            
rescor1_2:          0.439868
rescor1_3    (HFm): 0.511584	 (HFp): 0.364022
rescor2_2:          0.913217
rescor2_3    (HFm): 0.913421	 (HFp): 0.913421
rescorMix    (HFm): 0.381400	 (HFp): 0.381400
epv1obs      (HFm): -0.000120	 (HFp): -0.000539
epv1obs_mix  (HFm): 0.001207	 (HFp): -0.000536
epv2obs      (HFm): 0.064106	 (HFp): 0.063793
   -----            
spdenom1_2SE:       0.020419
spdenom1_3SE (HFm): 0.029931	 (HFp): 0.092777
spdenom2_2SE:       0.070100
spdenom2_3SE (HFm): 0.070065	 (HFp): 0.070065
spdenom_mix  (HFm): 0.001397	 (HFp): 0.001397
spv1num      (HFm): -0.000001	 (HFp): -0.000025
spv2num      (HFm): 0.004924	 (HFp): 0.004892
spv1num_mix  (HFm): 0.000003	 (HFp): -0.000004
   -----               
epv1_2SE     (HFm): -0.000272	 (HFp): -0.001225
epv1_3SE     (HFm): -0.000234	 (HFp): -0.001481
epv1_mix     (HFm): 0.003166	 (HFp): -0.001405
   -----            
spv1_2SE     (HFm): -0.000068	 (HFp): -0.001205
spv1_3SE     (HFm): -0.000046	 (HFp): -0.000265
spv1_mix     (HFm): 0.002452	 (HFp): -0.002618
   -----            
epv2_2SE     (HFm): 0.070198	 (HFp): 0.069855
epv2_3SE     (HFm): 0.070182	 (HFp): 0.069840
spv2_2SE     (HFm): 0.070240	 (HFp): 0.069789
spv2_3SE     (HFm): 0.070275	 (HFp): 0.069824
   -----          

Entering primary event loop
 event: 1250/25000	run: 6/20
 event: 2500/25000	run: 6/20
 event: 3750/25000	run: 6/20
 event: 5000/25000	run: 6/20
 event: 6250/25000	run: 6/20
 event: 7500/25000	run: 6/20
 event: 8750/25000	run: 6/20
 event: 10000/25000	run: 6/20
 event: 11250/25000	run: 6/20
 event: 12500/25000	run: 6/20
 event: 13750/25000	run: 6/20
 event: 15000/25000	run: 6/20
 event: 16250/25000	run: 6/20
 event: 17500/25000	run: 6/20
 event: 18750/25000	run: 6/20
 event: 20000/25000	run: 6/20
 event: 21250/25000	run: 6/20
 event: 22500/25000	run: 6/20
 event: 23750/25000	run: 6/20
 event: 25000/25000	run: 6/20
   -----            
nevts:              25000
evtmult:            6564
ncount (HFm):       5700934
ncount (HFp):       5702392
   -----            
HFm mult:           679
trackm mult:        225
trackmid mult:      455
trackp mult:        230
HFp mult:           680
particles rejected: 4750
   -----            
rescor1_2:          0.431709
rescor1_3    (HFm): 0.624926	 (HFp): 0.650222
rescor2_2:          0.912597
rescor2_3    (HFm): 0.912232	 (HFp): 0.912232
rescorMix    (HFm): 0.384172	 (HFp): 0.384172
epv1obs      (HFm): 0.000444	 (HFp): 0.000360
epv1obs_mix  (HFm): 0.000430	 (HFp): -0.000722
epv2obs      (HFm): 0.063803	 (HFp): 0.063718
   -----            
spdenom1_2SE:       0.020242
spdenom1_3SE (HFm): 0.042671	 (HFp): 0.050657
spdenom2_2SE:       0.070007
spdenom2_3SE (HFm): 0.070058	 (HFp): 0.070058
spdenom_mix  (HFm): 0.001412	 (HFp): 0.001412
spv1num      (HFm): 0.000010	 (HFp): 0.000008
spv2num      (HFm): 0.004893	 (HFp): 0.004889
spv1num_mix  (HFm): 0.000002	 (HFp): -0.000002
   -----               
epv1_2SE     (HFm): 0.001027	 (HFp): 0.000834
epv1_3SE     (HFm): 0.000710	 (HFp): 0.000554
epv1_mix     (HFm): 0.001120	 (HFp): -0.001880
   -----            
spv1_2SE     (HFm): 0.000500	 (HFp): 0.000407
spv1_3SE     (HFm): 0.000237	 (HFp): 0.000163
spv1_mix     (HFm): 0.001564	 (HFp): -0.001591
   -----            
epv2_2SE     (HFm): 0.069914	 (HFp): 0.069821
epv2_3SE     (HFm): 0.069942	 (HFp): 0.069849
spv2_2SE     (HFm): 0.069899	 (HFp): 0.069839
spv2_3SE     (HFm): 0.069848	 (HFp): 0.069788
   -----          

Entering primary event loop
 event: 1250/25000	run: 7/20
 event: 2500/25000	run: 7/20
 event: 3750/25000	run: 7/20
 event: 5000/25000	run: 7/20
 event: 6250/25000	run: 7/20
 event: 7500/25000	run: 7/20
 event: 8750/25000	run: 7/20
 event: 10000/25000	run: 7/20
 event: 11250/25000	run: 7/20
 event: 12500/25000	run: 7/20
 event: 13750/25000	run: 7/20
 event: 15000/25000	run: 7/20
 event: 16250/25000	run: 7/20
 event: 17500/25000	run: 7/20
 event: 18750/25000	run: 7/20
 event: 20000/25000	run: 7/20
 event: 21250/25000	run: 7/20
 event: 22500/25000	run: 7/20
 event: 23750/25000	run: 7/20
 event: 25000/25000	run: 7/20
   -----            
nevts:              25000
evtmult:            6564
ncount (HFm):       5703000
ncount (HFp):       5698763
   -----            
HFm mult:           721
trackm mult:        229
trackmid mult:      474
trackp mult:        245
HFp mult:           698
particles rejected: 4671
   -----            
rescor1_2:          0.440912
rescor1_3    (HFm): 0.416743	 (HFp): 0.958307
rescor2_2:          0.913265
rescor2_3    (HFm): 0.914322	 (HFp): 0.914322
rescorMix    (HFm): 0.384957	 (HFp): 0.384957
epv1obs      (HFm): 0.000024	 (HFp): -0.000743
epv1obs_mix  (HFm): 0.000402	 (HFp): -0.000950
epv2obs      (HFm): 0.063945	 (HFp): 0.064353
   -----            
spdenom1_2SE:       0.020362
spdenom1_3SE (HFm): 0.017126	 (HFp): 0.026605
spdenom2_2SE:       0.070115
spdenom2_3SE (HFm): 0.070158	 (HFp): 0.070158
spdenom_mix  (HFm): 0.001416	 (HFp): 0.001416
spv1num      (HFm): 0.000012	 (HFp): -0.000034
spv2num      (HFm): 0.004909	 (HFp): 0.004936
spv1num_mix  (HFm): 0.000000	 (HFp): -0.000003
   -----               
epv1_2SE     (HFm): 0.000053	 (HFp): -0.001684
epv1_3SE     (HFm): 0.000057	 (HFp): -0.000775
epv1_mix     (HFm): 0.001043	 (HFp): -0.002467
   -----            
spv1_2SE     (HFm): 0.000599	 (HFp): -0.001664
spv1_3SE     (HFm): 0.000712	 (HFp): -0.001273
spv1_mix     (HFm): 0.000337	 (HFp): -0.002317
   -----            
epv2_2SE     (HFm): 0.070018	 (HFp): 0.070465
epv2_3SE     (HFm): 0.069937	 (HFp): 0.070383
spv2_2SE     (HFm): 0.070006	 (HFp): 0.070394
spv2_3SE     (HFm): 0.069963	 (HFp): 0.070351
   -----          

Entering primary event loop
 event: 1250/25000	run: 8/20
 event: 2500/25000	run: 8/20
 event: 3750/25000	run: 8/20
 event: 5000/25000	run: 8/20
 event: 6250/25000	run: 8/20
 event: 7500/25000	run: 8/20
 event: 8750/25000	run: 8/20
 event: 10000/25000	run: 8/20
 event: 11250/25000	run: 8/20
 event: 12500/25000	run: 8/20
 event: 13750/25000	run: 8/20
 event: 15000/25000	run: 8/20
 event: 16250/25000	run: 8/20
 event: 17500/25000	run: 8/20
 event: 18750/25000	run: 8/20
 event: 20000/25000	run: 8/20
 event: 21250/25000	run: 8/20
 event: 22500/25000	run: 8/20
 event: 23750/25000	run: 8/20
 event: 25000/25000	run: 8/20
   -----            
nevts:              25000
evtmult:            6564
ncount (HFm):       5700126
ncount (HFp):       5703197
   -----            
HFm mult:           707
trackm mult:        228
trackmid mult:      441
trackp mult:        213
HFp mult:           684
particles rejected: 4732
   -----            
rescor1_2:          0.437638
rescor1_3    (HFm): 0.785240	 (HFp): 0.610783
rescor2_2:          0.913444
rescor2_3    (HFm): 0.914951	 (HFp): 0.914951
rescorMix    (HFm): 0.382573	 (HFp): 0.382573
epv1obs      (HFm): 0.000576	 (HFp): -0.000260
epv1obs_mix  (HFm): 0.000865	 (HFp): -0.000505
epv2obs      (HFm): 0.063884	 (HFp): 0.064386
   -----            
spdenom1_2SE:       0.020329
spdenom1_3SE (HFm): 0.036515	 (HFp): 0.026824
spdenom2_2SE:       0.069930
spdenom2_3SE (HFm): 0.069862	 (HFp): 0.069862
spdenom_mix  (HFm): 0.001379	 (HFp): 0.001379
spv1num      (HFm): 0.000024	 (HFp): -0.000016
spv2num      (HFm): 0.004881	 (HFp): 0.004920
spv1num_mix  (HFm): 0.000002	 (HFp): -0.000002
   -----               
epv1_2SE     (HFm): 0.001315	 (HFp): -0.000595
epv1_3SE     (HFm): 0.000733	 (HFp): -0.000426
epv1_mix     (HFm): 0.002262	 (HFp): -0.001321
   -----            
spv1_2SE     (HFm): 0.001195	 (HFp): -0.000779
spv1_3SE     (HFm): 0.000665	 (HFp): -0.000591
spv1_mix     (HFm): 0.001625	 (HFp): -0.001280
   -----            
epv2_2SE     (HFm): 0.069937	 (HFp): 0.070487
epv2_3SE     (HFm): 0.069822	 (HFp): 0.070371
spv2_2SE     (HFm): 0.069795	 (HFp): 0.070360
spv2_3SE     (HFm): 0.069863	 (HFp): 0.070429
   -----          

Entering primary event loop
 event: 1250/25000	run: 9/20
 event: 2500/25000	run: 9/20
 event: 3750/25000	run: 9/20
 event: 5000/25000	run: 9/20
 event: 6250/25000	run: 9/20
 event: 7500/25000	run: 9/20
 event: 8750/25000	run: 9/20
 event: 10000/25000	run: 9/20
 event: 11250/25000	run: 9/20
 event: 12500/25000	run: 9/20
 event: 13750/25000	run: 9/20
 event: 15000/25000	run: 9/20
 event: 16250/25000	run: 9/20
 event: 17500/25000	run: 9/20
 event: 18750/25000	run: 9/20
 event: 20000/25000	run: 9/20
 event: 21250/25000	run: 9/20
 event: 22500/25000	run: 9/20
 event: 23750/25000	run: 9/20
 event: 25000/25000	run: 9/20
   -----            
nevts:              25000
evtmult:            6564
ncount (HFm):       5701295
ncount (HFp):       5700467
   -----            
HFm mult:           680
trackm mult:        224
trackmid mult:      449
trackp mult:        225
HFp mult:           665
particles rejected: 4770
   -----            
rescor1_2:          0.432502
rescor1_3    (HFm): 0.469112	 (HFp): 0.353778
rescor2_2:          0.913602
rescor2_3    (HFm): 0.913528	 (HFp): 0.913528
rescorMix    (HFm): 0.370144	 (HFp): 0.370144
epv1obs      (HFm): 0.000722	 (HFp): -0.000718
epv1obs_mix  (HFm): 0.000099	 (HFp): -0.000793
epv2obs      (HFm): 0.063571	 (HFp): 0.063671
   -----            
spdenom1_2SE:       0.020210
spdenom1_3SE (HFm): 0.018983	 (HFp): 0.022473
spdenom2_2SE:       0.069974
spdenom2_3SE (HFm): 0.069898	 (HFp): 0.069898
spdenom_mix  (HFm): 0.001358	 (HFp): 0.001358
spv1num      (HFm): 0.000026	 (HFp): -0.000035
spv2num      (HFm): 0.004863	 (HFp): 0.004875
spv1num_mix  (HFm): 0.000001	 (HFp): -0.000003
   -----               
epv1_2SE     (HFm): 0.001669	 (HFp): -0.001660
epv1_3SE     (HFm): 0.001539	 (HFp): -0.002029
epv1_mix     (HFm): 0.000268	 (HFp): -0.002144
   -----            
spv1_2SE     (HFm): 0.001305	 (HFp): -0.001709
spv1_3SE     (HFm): 0.001389	 (HFp): -0.001537
spv1_mix     (HFm): 0.000743	 (HFp): -0.002081
   -----            
epv2_2SE     (HFm): 0.069582	 (HFp): 0.069692
epv2_3SE     (HFm): 0.069588	 (HFp): 0.069698
spv2_2SE     (HFm): 0.069494	 (HFp): 0.069670
spv2_3SE     (HFm): 0.069570	 (HFp): 0.069746
   -----          

Entering primary event loop
 event: 1250/25000	run: 10/20
 event: 2500/25000	run: 10/20
 event: 3750/25000	run: 10/20
 event: 5000/25000	run: 10/20
 event: 6250/25000	run: 10/20
 event: 7500/25000	run: 10/20
 event: 8750/25000	run: 10/20
 event: 10000/25000	run: 10/20
 event: 11250/25000	run: 10/20
 event: 12500/25000	run: 10/20
 event: 13750/25000	run: 10/20
 event: 15000/25000	run: 10/20
 event: 16250/25000	run: 10/20
 event: 17500/25000	run: 10/20
 event: 18750/25000	run: 10/20
 event: 20000/25000	run: 10/20
 event: 21250/25000	run: 10/20
 event: 22500/25000	run: 10/20
 event: 23750/25000	run: 10/20
 event: 25000/25000	run: 10/20
   -----            
nevts:              25000
evtmult:            6564
ncount (HFm):       5701579
ncount (HFp):       5700800
   -----            
HFm mult:           677
trackm mult:        224
trackmid mult:      459
trackp mult:        235
HFp mult:           692
particles rejected: 4736
   -----            
rescor1_2:          0.431203
rescor1_3    (HFm): 0.462204	 (HFp): 1.097305
rescor2_2:          0.911761
rescor2_3    (HFm): 0.912836	 (HFp): 0.912836
rescorMix    (HFm): 0.380174	 (HFp): 0.380174
epv1obs      (HFm): 0.000301	 (HFp): -0.000712
epv1obs_mix  (HFm): 0.000482	 (HFp): -0.000801
epv2obs      (HFm): 0.063445	 (HFp): 0.064601
   -----            
spdenom1_2SE:       0.020110
spdenom1_3SE (HFm): 0.024523	 (HFp): 0.029591
spdenom2_2SE:       0.069838
spdenom2_3SE (HFm): 0.069867	 (HFp): 0.069867
spdenom_mix  (HFm): 0.001394	 (HFp): 0.001394
spv1num      (HFm): 0.000012	 (HFp): -0.000033
spv2num      (HFm): 0.004850	 (HFp): 0.004946
spv1num_mix  (HFm): 0.000002	 (HFp): -0.000003
   -----               
epv1_2SE     (HFm): 0.000697	 (HFp): -0.001650
epv1_3SE     (HFm): 0.000650	 (HFp): -0.000648
epv1_mix     (HFm): 0.001268	 (HFp): -0.002107
   -----            
spv1_2SE     (HFm): 0.000614	 (HFp): -0.001618
spv1_3SE     (HFm): 0.000503	 (HFp): -0.001100
spv1_mix     (HFm): 0.001733	 (HFp): -0.002203
   -----            
epv2_2SE     (HFm): 0.069585	 (HFp): 0.070853
epv2_3SE     (HFm): 0.069503	 (HFp): 0.070769
spv2_2SE     (HFm): 0.069440	 (HFp): 0.070822
spv2_3SE     (HFm): 0.069411	 (HFp): 0.070792
   -----          

Entering primary event loop
 event: 1250/25000	run: 11/20
 event: 2500/25000	run: 11/20
 event: 3750/25000	run: 11/20
 event: 5000/25000	run: 11/20
 event: 6250/25000	run: 11/20
 event: 7500/25000	run: 11/20
 event: 8750/25000	run: 11/20
 event: 10000/25000	run: 11/20
 event: 11250/25000	run: 11/20
 event: 12500/25000	run: 11/20
 event: 13750/25000	run: 11/20
 event: 15000/25000	run: 11/20
 event: 16250/25000	run: 11/20
 event: 17500/25000	run: 11/20
 event: 18750/25000	run: 11/20
 event: 20000/25000	run: 11/20
 event: 21250/25000	run: 11/20
 event: 22500/25000	run: 11/20
 event: 23750/25000	run: 11/20
 event: 25000/25000	run: 11/20
   -----            
nevts:              25000
evtmult:            6564
ncount (HFm):       5704022
ncount (HFp):       5702137
   -----            
HFm mult:           693
trackm mult:        219
trackmid mult:      454
trackp mult:        235
HFp mult:           697
particles rejected: 4720
   -----            
rescor1_2:          0.429021
rescor1_3    (HFm): 0.421216	 (HFp): 1.302905
rescor2_2:          0.912171
rescor2_3    (HFm): 0.913384	 (HFp): 0.913384
rescorMix    (HFm): 0.386291	 (HFp): 0.386291
epv1obs      (HFm): -0.000003	 (HFp): -0.000646
epv1obs_mix  (HFm): 0.000525	 (HFp): -0.000948
epv2obs      (HFm): 0.063981	 (HFp): 0.064186
   -----            
spdenom1_2SE:       0.020212
spdenom1_3SE (HFm): 0.018331	 (HFp): 0.147193
spdenom2_2SE:       0.069891
spdenom2_3SE (HFm): 0.069788	 (HFp): 0.069788
spdenom_mix  (HFm): 0.001414	 (HFp): 0.001414
spv1num      (HFm): 0.000001	 (HFp): -0.000032
spv2num      (HFm): 0.004894	 (HFp): 0.004910
spv1num_mix  (HFm): 0.000002	 (HFp): -0.000003
   -----               
epv1_2SE     (HFm): -0.000007	 (HFp): -0.001507
epv1_3SE     (HFm): -0.000007	 (HFp): -0.000496
epv1_mix     (HFm): 0.001360	 (HFp): -0.002454
   -----            
spv1_2SE     (HFm): 0.000038	 (HFp): -0.001572
spv1_3SE     (HFm): 0.000042	 (HFp): -0.000216
spv1_mix     (HFm): 0.001586	 (HFp): -0.001938
   -----            
epv2_2SE     (HFm): 0.070141	 (HFp): 0.070366
epv2_3SE     (HFm): 0.070048	 (HFp): 0.070272
spv2_2SE     (HFm): 0.070025	 (HFp): 0.070256
spv2_3SE     (HFm): 0.070129	 (HFp): 0.070361
   -----          

Entering primary event loop
 event: 1250/25000	run: 12/20
 event: 2500/25000	run: 12/20
 event: 3750/25000	run: 12/20
 event: 5000/25000	run: 12/20
 event: 6250/25000	run: 12/20
 event: 7500/25000	run: 12/20
 event: 8750/25000	run: 12/20
 event: 10000/25000	run: 12/20
 event: 11250/25000	run: 12/20
 event: 12500/25000	run: 12/20
 event: 13750/25000	run: 12/20
 event: 15000/25000	run: 12/20
 event: 16250/25000	run: 12/20
 event: 17500/25000	run: 12/20
 event: 18750/25000	run: 12/20
 event: 20000/25000	run: 12/20
 event: 21250/25000	run: 12/20
 event: 22500/25000	run: 12/20
 event: 23750/25000	run: 12/20
 event: 25000/25000	run: 12/20
   -----            
nevts:              25000
evtmult:            6564
ncount (HFm):       5703454
ncount (HFp):       5703753
   -----            
HFm mult:           705
trackm mult:        227
trackmid mult:      454
trackp mult:        227
HFp mult:           679
particles rejected: 4726
   -----            
rescor1_2:          0.436599
rescor1_3    (HFm): 0.516837	 (HFp): 0.533659
rescor2_2:          0.913219
rescor2_3    (HFm): 0.911646	 (HFp): 0.911646
rescorMix    (HFm): 0.389168	 (HFp): 0.389168
epv1obs      (HFm): 0.000414	 (HFp): -0.000764
epv1obs_mix  (HFm): 0.000647	 (HFp): -0.000554
epv2obs      (HFm): 0.063819	 (HFp): 0.064036
   -----            
spdenom1_2SE:       0.020706
spdenom1_3SE (HFm): 0.021561	 (HFp): 0.041784
spdenom2_2SE:       0.070117
spdenom2_3SE (HFm): 0.070181	 (HFp): 0.070181
spdenom_mix  (HFm): 0.001456	 (HFp): 0.001456
spv1num      (HFm): 0.000012	 (HFp): -0.000040
spv2num      (HFm): 0.004920	 (HFp): 0.004930
spv1num_mix  (HFm): 0.000003	 (HFp): -0.000004
   -----               
epv1_2SE     (HFm): 0.000949	 (HFp): -0.001751
epv1_3SE     (HFm): 0.000801	 (HFp): -0.001432
epv1_mix     (HFm): 0.001662	 (HFp): -0.001424
   -----            
spv1_2SE     (HFm): 0.000564	 (HFp): -0.001939
spv1_3SE     (HFm): 0.000542	 (HFp): -0.000961
spv1_mix     (HFm): 0.002233	 (HFp): -0.002413
   -----            
epv2_2SE     (HFm): 0.069884	 (HFp): 0.070121
epv2_3SE     (HFm): 0.070004	 (HFp): 0.070242
spv2_2SE     (HFm): 0.070168	 (HFp): 0.070315
spv2_3SE     (HFm): 0.070104	 (HFp): 0.070250
   -----          

Entering primary event loop
 event: 1250/25000	run: 13/20
 event: 2500/25000	run: 13/20
 event: 3750/25000	run: 13/20
 event: 5000/25000	run: 13/20
 event: 6250/25000	run: 13/20
 event: 7500/25000	run: 13/20
 event: 8750/25000	run: 13/20
 event: 10000/25000	run: 13/20
 event: 11250/25000	run: 13/20
 event: 12500/25000	run: 13/20
 event: 13750/25000	run: 13/20
 event: 15000/25000	run: 13/20
 event: 16250/25000	run: 13/20
 event: 17500/25000	run: 13/20
 event: 18750/25000	run: 13/20
 event: 20000/25000	run: 13/20
 event: 21250/25000	run: 13/20
 event: 22500/25000	run: 13/20
 event: 23750/25000	run: 13/20
 event: 25000/25000	run: 13/20
   -----            
nevts:              25000
evtmult:            6564
ncount (HFm):       5701448
ncount (HFp):       5701854
   -----            
HFm mult:           659
trackm mult:        221
trackmid mult:      419
trackp mult:        198
HFp mult:           662
particles rejected: 4824
   -----            
rescor1_2:          0.428078
rescor1_3    (HFm): 0.763144	 (HFp): 0.465331
rescor2_2:          0.911644
rescor2_3    (HFm): 0.912533	 (HFp): 0.912533
rescorMix    (HFm): 0.382862	 (HFp): 0.382862
epv1obs      (HFm): 0.000583	 (HFp): -0.000694
epv1obs_mix  (HFm): 0.000499	 (HFp): -0.000408
epv2obs      (HFm): 0.063962	 (HFp): 0.064387
   -----            
spdenom1_2SE:       0.020068
spdenom1_3SE (HFm): 0.027568	 (HFp): 0.018993
spdenom2_2SE:       0.069842
spdenom2_3SE (HFm): 0.069836	 (HFp): 0.069836
spdenom_mix  (HFm): 0.001411	 (HFp): 0.001411
spv1num      (HFm): 0.000032	 (HFp): -0.000025
spv2num      (HFm): 0.004906	 (HFp): 0.004938
spv1num_mix  (HFm): 0.000002	 (HFp): -0.000001
   -----               
epv1_2SE     (HFm): 0.001362	 (HFp): -0.001622
epv1_3SE     (HFm): 0.000764	 (HFp): -0.001492
epv1_mix     (HFm): 0.001304	 (HFp): -0.001067
   -----            
spv1_2SE     (HFm): 0.001595	 (HFp): -0.001233
spv1_3SE     (HFm): 0.001161	 (HFp): -0.001302
spv1_mix     (HFm): 0.001221	 (HFp): -0.000994
   -----            
epv2_2SE     (HFm): 0.070161	 (HFp): 0.070627
epv2_3SE     (HFm): 0.070093	 (HFp): 0.070559
spv2_2SE     (HFm): 0.070239	 (HFp): 0.070704
spv2_3SE     (HFm): 0.070246	 (HFp): 0.070711
   -----          

Entering primary event loop
 event: 1250/25000	run: 14/20
 event: 2500/25000	run: 14/20
 event: 3750/25000	run: 14/20
 event: 5000/25000	run: 14/20
 event: 6250/25000	run: 14/20
 event: 7500/25000	run: 14/20
 event: 8750/25000	run: 14/20
 event: 10000/25000	run: 14/20
 event: 11250/25000	run: 14/20
 event: 12500/25000	run: 14/20
 event: 13750/25000	run: 14/20
 event: 15000/25000	run: 14/20
 event: 16250/25000	run: 14/20
 event: 17500/25000	run: 14/20
 event: 18750/25000	run: 14/20
 event: 20000/25000	run: 14/20
 event: 21250/25000	run: 14/20
 event: 22500/25000	run: 14/20
 event: 23750/25000	run: 14/20
 event: 25000/25000	run: 14/20
   -----            
nevts:              25000
evtmult:            6564
ncount (HFm):       5701207
ncount (HFp):       5701177
   -----            
HFm mult:           685
trackm mult:        230
trackmid mult:      457
trackp mult:        227
HFp mult:           665
particles rejected: 4757
   -----            
rescor1_2:          0.438226
rescor1_3    (HFm): 0.511416	 (HFp): 0.946831
rescor2_2:          0.912205
rescor2_3    (HFm): 0.913329	 (HFp): 0.913329
rescorMix    (HFm): 0.387388	 (HFp): 0.387388
epv1obs      (HFm): 0.000280	 (HFp): -0.000543
epv1obs_mix  (HFm): 0.001102	 (HFp): -0.000987
epv2obs      (HFm): 0.064105	 (HFp): 0.063833
   -----            
spdenom1_2SE:       0.020393
spdenom1_3SE (HFm): 0.026453	 (HFp): 0.034042
spdenom2_2SE:       0.069937
spdenom2_3SE (HFm): 0.069900	 (HFp): 0.069900
spdenom_mix  (HFm): 0.001411	 (HFp): 0.001411
spv1num      (HFm): 0.000018	 (HFp): -0.000024
spv2num      (HFm): 0.004909	 (HFp): 0.004886
spv1num_mix  (HFm): 0.000003	 (HFp): -0.000004
   -----               
epv1_2SE     (HFm): 0.000639	 (HFp): -0.001239
epv1_3SE     (HFm): 0.000548	 (HFp): -0.000573
epv1_mix     (HFm): 0.002845	 (HFp): -0.002548
   -----            
spv1_2SE     (HFm): 0.000880	 (HFp): -0.001160
spv1_3SE     (HFm): 0.000679	 (HFp): -0.000695
spv1_mix     (HFm): 0.001896	 (HFp): -0.002857
   -----            
epv2_2SE     (HFm): 0.070275	 (HFp): 0.069977
epv2_3SE     (HFm): 0.070189	 (HFp): 0.069891
spv2_2SE     (HFm): 0.070188	 (HFp): 0.069856
spv2_3SE     (HFm): 0.070225	 (HFp): 0.069893
   -----          

Entering primary event loop
 event: 1250/25000	run: 15/20
 event: 2500/25000	run: 15/20
 event: 3750/25000	run: 15/20
 event: 5000/25000	run: 15/20
 event: 6250/25000	run: 15/20
 event: 7500/25000	run: 15/20
 event: 8750/25000	run: 15/20
 event: 10000/25000	run: 15/20
 event: 11250/25000	run: 15/20
 event: 12500/25000	run: 15/20
 event: 13750/25000	run: 15/20
 event: 15000/25000	run: 15/20
 event: 16250/25000	run: 15/20
 event: 17500/25000	run: 15/20
 event: 18750/25000	run: 15/20
 event: 20000/25000	run: 15/20
 event: 21250/25000	run: 15/20
 event: 22500/25000	run: 15/20
 event: 23750/25000	run: 15/20
 event: 25000/25000	run: 15/20
   -----            
nevts:              25000
evtmult:            6564
ncount (HFm):       5704248
ncount (HFp):       5702364
   -----            
HFm mult:           710
trackm mult:        227
trackmid mult:      461
trackp mult:        234
HFp mult:           674
particles rejected: 4719
   -----            
rescor1_2:          0.426595
rescor1_3    (HFm): 0.400941	 (HFp): 0.488911
rescor2_2:          0.913575
rescor2_3    (HFm): 0.912145	 (HFp): 0.912145
rescorMix    (HFm): 0.378511	 (HFp): 0.378511
epv1obs      (HFm): 0.000724	 (HFp): -0.000854
epv1obs_mix  (HFm): 0.000977	 (HFp): -0.001114
epv2obs      (HFm): 0.063255	 (HFp): 0.063261
   -----            
spdenom1_2SE:       0.020059
spdenom1_3SE (HFm): 0.024876	 (HFp): 0.027019
spdenom2_2SE:       0.070011
spdenom2_3SE (HFm): 0.069945	 (HFp): 0.069945
spdenom_mix  (HFm): 0.001391	 (HFp): 0.001391
spv1num      (HFm): 0.000030	 (HFp): -0.000033
spv2num      (HFm): 0.004848	 (HFp): 0.004844
spv1num_mix  (HFm): 0.000003	 (HFp): -0.000004
   -----               
epv1_2SE     (HFm): 0.001698	 (HFp): -0.002003
epv1_3SE     (HFm): 0.001807	 (HFp): -0.001748
epv1_mix     (HFm): 0.002580	 (HFp): -0.002944
   -----            
spv1_2SE     (HFm): 0.001479	 (HFp): -0.001658
spv1_3SE     (HFm): 0.001193	 (HFp): -0.001231
spv1_mix     (HFm): 0.002489	 (HFp): -0.003019
   -----            
epv2_2SE     (HFm): 0.069239	 (HFp): 0.069245
epv2_3SE     (HFm): 0.069348	 (HFp): 0.069354
spv2_2SE     (HFm): 0.069243	 (HFp): 0.069188
spv2_3SE     (HFm): 0.069309	 (HFp): 0.069254
   -----          

Entering primary event loop
 event: 1250/25000	run: 16/20
 event: 2500/25000	run: 16/20
 event: 3750/25000	run: 16/20
 event: 5000/25000	run: 16/20
 event: 6250/25000	run: 16/20
 event: 7500/25000	run: 16/20
 event: 8750/25000	run: 16/20
 event: 10000/25000	run: 16/20
 event: 11250/25000	run: 16/20
 event: 12500/25000	run: 16/20
 event: 13750/25000	run: 16/20
 event: 15000/25000	run: 16/20
 event: 16250/25000	run: 16/20
 event: 17500/25000	run: 16/20
 event: 18750/25000	run: 16/20
 event: 20000/25000	run: 16/20
 event: 21250/25000	run: 16/20
 event: 22500/25000	run: 16/20
 event: 23750/25000	run: 16/20
 event: 25000/25000	run: 16/20
   -----            
nevts:              25000
evtmult:            6564
ncount (HFm):       5700764
ncount (HFp):       5701116
   -----            
HFm mult:           670
trackm mult:        233
trackmid mult:      474
trackp mult:        241
HFp mult:           715
particles rejected: 4705
   -----            
rescor1_2:          0.435430
rescor1_3    (HFm): 0.363250	 (HFp): 0.421688
rescor2_2:          0.912140
rescor2_3    (HFm): 0.911603	 (HFp): 0.911603
rescorMix    (HFm): 0.374179	 (HFp): 0.374179
epv1obs      (HFm): 0.000428	 (HFp): -0.000531
epv1obs_mix  (HFm): 0.000644	 (HFp): -0.000462
epv2obs      (HFm): 0.064030	 (HFp): 0.063710
   -----            
spdenom1_2SE:       0.020223
spdenom1_3SE (HFm): 0.022367	 (HFp): 0.036362
spdenom2_2SE:       0.069932
spdenom2_3SE (HFm): 0.069927	 (HFp): 0.069927
spdenom_mix  (HFm): 0.001390	 (HFp): 0.001390
spv1num      (HFm): 0.000014	 (HFp): -0.000025
spv2num      (HFm): 0.004917	 (HFp): 0.004880
spv1num_mix  (HFm): 0.000002	 (HFp): -0.000002
   -----               
epv1_2SE     (HFm): 0.000983	 (HFp): -0.001220
epv1_3SE     (HFm): 0.001178	 (HFp): -0.001260
epv1_mix     (HFm): 0.001721	 (HFp): -0.001235
   -----            
spv1_2SE     (HFm): 0.000679	 (HFp): -0.001224
spv1_3SE     (HFm): 0.000613	 (HFp): -0.000681
spv1_mix     (HFm): 0.001734	 (HFp): -0.001757
   -----            
epv2_2SE     (HFm): 0.070198	 (HFp): 0.069846
epv2_3SE     (HFm): 0.070239	 (HFp): 0.069888
spv2_2SE     (HFm): 0.070316	 (HFp): 0.069782
spv2_3SE     (HFm): 0.070321	 (HFp): 0.069787
   -----          

Entering primary event loop
 event: 1250/25000	run: 17/20
 event: 2500/25000	run: 17/20
 event: 3750/25000	run: 17/20
 event: 5000/25000	run: 17/20
 event: 6250/25000	run: 17/20
 event: 7500/25000	run: 17/20
 event: 8750/25000	run: 17/20
 event: 10000/25000	run: 17/20
 event: 11250/25000	run: 17/20
 event: 12500/25000	run: 17/20
 event: 13750/25000	run: 17/20
 event: 15000/25000	run: 17/20
 event: 16250/25000	run: 17/20
 event: 17500/25000	run: 17/20
 event: 18750/25000	run: 17/20
 event: 20000/25000	run: 17/20
 event: 21250/25000	run: 17/20
 event: 22500/25000	run: 17/20
 event: 23750/25000	run: 17/20
 event: 25000/25000	run: 17/20
   -----            
nevts:              25000
evtmult:            6564
ncount (HFm):       5698202
ncount (HFp):       5699662
   -----            
HFm mult:           691
trackm mult:        234
trackmid mult:      458
trackp mult:        224
HFp mult:           674
particles rejected: 4741
   -----            
rescor1_2:          0.441501
rescor1_3    (HFm): 0.400201	 (HFp): 0.491324
rescor2_2:          0.913476
rescor2_3    (HFm): 0.914378	 (HFp): 0.914378
rescorMix    (HFm): 0.378615	 (HFp): 0.378615
epv1obs      (HFm): 0.000549	 (HFp): -0.000732
epv1obs_mix  (HFm): 0.000341	 (HFp): -0.001003
epv2obs      (HFm): 0.063670	 (HFp): 0.064416
   -----            
spdenom1_2SE:       0.020252
spdenom1_3SE (HFm): 0.022118	 (HFp): 0.019906
spdenom2_2SE:       0.070009
spdenom2_3SE (HFm): 0.070124	 (HFp): 0.070124
spdenom_mix  (HFm): 0.001395	 (HFp): 0.001395
spv1num      (HFm): 0.000029	 (HFp): -0.000034
spv2num      (HFm): 0.004890	 (HFp): 0.004931
spv1num_mix  (HFm): 0.000001	 (HFp): -0.000004
   -----               
epv1_2SE     (HFm): 0.001244	 (HFp): -0.001657
epv1_3SE     (HFm): 0.001373	 (HFp): -0.001489
epv1_mix     (HFm): 0.000900	 (HFp): -0.002650
   -----            
spv1_2SE     (HFm): 0.001428	 (HFp): -0.001701
spv1_3SE     (HFm): 0.001308	 (HFp): -0.001730
spv1_mix     (HFm): 0.000949	 (HFp): -0.002632
   -----            
epv2_2SE     (HFm): 0.069700	 (HFp): 0.070518
epv2_3SE     (HFm): 0.069632	 (HFp): 0.070448
spv2_2SE     (HFm): 0.069848	 (HFp): 0.070439
spv2_3SE     (HFm): 0.069733	 (HFp): 0.070323
   -----          

Entering primary event loop
 event: 1250/25000	run: 18/20
 event: 2500/25000	run: 18/20
 event: 3750/25000	run: 18/20
 event: 5000/25000	run: 18/20
 event: 6250/25000	run: 18/20
 event: 7500/25000	run: 18/20
 event: 8750/25000	run: 18/20
 event: 10000/25000	run: 18/20
 event: 11250/25000	run: 18/20
 event: 12500/25000	run: 18/20
 event: 13750/25000	run: 18/20
 event: 15000/25000	run: 18/20
 event: 16250/25000	run: 18/20
 event: 17500/25000	run: 18/20
 event: 18750/25000	run: 18/20
 event: 20000/25000	run: 18/20
 event: 21250/25000	run: 18/20
 event: 22500/25000	run: 18/20
 event: 23750/25000	run: 18/20
 event: 25000/25000	run: 18/20
   -----            
nevts:              25000
evtmult:            6564
ncount (HFm):       5701390
ncount (HFp):       5703014
   -----            
HFm mult:           682
trackm mult:        222
trackmid mult:      441
trackp mult:        219
HFp mult:           712
particles rejected: 4729
   -----            
rescor1_2:          0.435690
rescor1_3    (HFm): 0.263338	 (HFp): 0.335822
rescor2_2:          0.912182
rescor2_3    (HFm): 0.914364	 (HFp): 0.914364
rescorMix    (HFm): 0.379482	 (HFp): 0.379482
epv1obs      (HFm): 0.001173	 (HFp): -0.000960
epv1obs_mix  (HFm): 0.000483	 (HFp): -0.001282
epv2obs      (HFm): 0.064262	 (HFp): 0.063632
   -----            
spdenom1_2SE:       0.020619
spdenom1_3SE (HFm): 0.013530	 (HFp): 0.017430
spdenom2_2SE:       0.069892
spdenom2_3SE (HFm): 0.070251	 (HFp): 0.070251
spdenom_mix  (HFm): 0.001415	 (HFp): 0.001415
spv1num      (HFm): 0.000048	 (HFp): -0.000044
spv2num      (HFm): 0.004948	 (HFp): 0.004892
spv1num_mix  (HFm): 0.000002	 (HFp): -0.000004
   -----               
epv1_2SE     (HFm): 0.002693	 (HFp): -0.002203
epv1_3SE     (HFm): 0.004455	 (HFp): -0.002859
epv1_mix     (HFm): 0.001274	 (HFp): -0.003378
   -----            
spv1_2SE     (HFm): 0.002336	 (HFp): -0.002153
spv1_3SE     (HFm): 0.003560	 (HFp): -0.002547
spv1_mix     (HFm): 0.001374	 (HFp): -0.002905
   -----            
epv2_2SE     (HFm): 0.070449	 (HFp): 0.069758
epv2_3SE     (HFm): 0.070281	 (HFp): 0.069591
spv2_2SE     (HFm): 0.070796	 (HFp): 0.069998
spv2_3SE     (HFm): 0.070434	 (HFp): 0.069640
   -----          

Entering primary event loop
 event: 1250/25000	run: 19/20
 event: 2500/25000	run: 19/20
 event: 3750/25000	run: 19/20
 event: 5000/25000	run: 19/20
 event: 6250/25000	run: 19/20
 event: 7500/25000	run: 19/20
 event: 8750/25000	run: 19/20
 event: 10000/25000	run: 19/20
 event: 11250/25000	run: 19/20
 event: 12500/25000	run: 19/20
 event: 13750/25000	run: 19/20
 event: 15000/25000	run: 19/20
 event: 16250/25000	run: 19/20
 event: 17500/25000	run: 19/20
 event: 18750/25000	run: 19/20
 event: 20000/25000	run: 19/20
 event: 21250/25000	run: 19/20
 event: 22500/25000	run: 19/20
 event: 23750/25000	run: 19/20
 event: 25000/25000	run: 19/20
   -----            
nevts:              25000
evtmult:            6564
ncount (HFm):       5701106
ncount (HFp):       5700517
   -----            
HFm mult:           694
trackm mult:        232
trackmid mult:      449
trackp mult:        217
HFp mult:           699
particles rejected: 4722
   -----            
rescor1_2:          0.432455
rescor1_3    (HFm): 0.497473	 (HFp): 0.492375
rescor2_2:          0.912164
rescor2_3    (HFm): 0.912437	 (HFp): 0.912437
rescorMix    (HFm): 0.373269	 (HFp): 0.373269
epv1obs      (HFm): 0.000557	 (HFp): -0.000405
epv1obs_mix  (HFm): 0.000573	 (HFp): -0.000366
epv2obs      (HFm): 0.063055	 (HFp): 0.064036
   -----            
spdenom1_2SE:       0.019891
spdenom1_3SE (HFm): 0.021258	 (HFp): 0.025047
spdenom2_2SE:       0.069872
spdenom2_3SE (HFm): 0.069697	 (HFp): 0.069697
spdenom_mix  (HFm): 0.001356	 (HFp): 0.001356
spv1num      (HFm): 0.000026	 (HFp): -0.000037
spv2num      (HFm): 0.004821	 (HFp): 0.004902
spv1num_mix  (HFm): 0.000001	 (HFp): -0.000003
   -----               
epv1_2SE     (HFm): 0.001287	 (HFp): -0.000938
epv1_3SE     (HFm): 0.001119	 (HFp): -0.000823
epv1_mix     (HFm): 0.001536	 (HFp): -0.000979
   -----            
spv1_2SE     (HFm): 0.001330	 (HFp): -0.001843
spv1_3SE     (HFm): 0.001245	 (HFp): -0.001463
spv1_mix     (HFm): 0.001099	 (HFp): -0.001848
   -----            
epv2_2SE     (HFm): 0.069127	 (HFp): 0.070202
epv2_3SE     (HFm): 0.069106	 (HFp): 0.070181
spv2_2SE     (HFm): 0.068992	 (HFp): 0.070149
spv2_3SE     (HFm): 0.069166	 (HFp): 0.070326
   -----          

Entering primary event loop
 event: 1250/25000	run: 20/20
 event: 2500/25000	run: 20/20
 event: 3750/25000	run: 20/20
 event: 5000/25000	run: 20/20
 event: 6250/25000	run: 20/20
 event: 7500/25000	run: 20/20
 event: 8750/25000	run: 20/20
 event: 10000/25000	run: 20/20
 event: 11250/25000	run: 20/20
 event: 12500/25000	run: 20/20
 event: 13750/25000	run: 20/20
 event: 15000/25000	run: 20/20
 event: 16250/25000	run: 20/20
 event: 17500/25000	run: 20/20
 event: 18750/25000	run: 20/20
 event: 20000/25000	run: 20/20
 event: 21250/25000	run: 20/20
 event: 22500/25000	run: 20/20
 event: 23750/25000	run: 20/20
 event: 25000/25000	run: 20/20
   -----            
nevts:              25000
evtmult:            6564
ncount (HFm):       5700399
ncount (HFp):       5703541
   -----            
HFm mult:           677
trackm mult:        240
trackmid mult:      456
trackp mult:        216
HFp mult:           693
particles rejected: 4738
   -----            
rescor1_2:          0.434617
rescor1_3    (HFm): 0.659364	 (HFp): 0.475469
rescor2_2:          0.913571
rescor2_3    (HFm): 0.913406	 (HFp): 0.913406
rescorMix    (HFm): 0.383785	 (HFp): 0.383785
epv1obs      (HFm): 0.000649	 (HFp): -0.000458
epv1obs_mix  (HFm): 0.001210	 (HFp): -0.000638
epv2obs      (HFm): 0.063612	 (HFp): 0.063842
   -----            
spdenom1_2SE:       0.020223
spdenom1_3SE (HFm): 0.030648	 (HFp): 0.024961
spdenom2_2SE:       0.069939
spdenom2_3SE (HFm): 0.069661	 (HFp): 0.069661
spdenom_mix  (HFm): 0.001405	 (HFp): 0.001405
spv1num      (HFm): 0.000030	 (HFp): -0.000022
spv2num      (HFm): 0.004849	 (HFp): 0.004875
spv1num_mix  (HFm): 0.000004	 (HFp): -0.000003
   -----               
epv1_2SE     (HFm): 0.001493	 (HFp): -0.001054
epv1_3SE     (HFm): 0.000984	 (HFp): -0.000963
epv1_mix     (HFm): 0.003152	 (HFp): -0.001663
   -----            
spv1_2SE     (HFm): 0.001490	 (HFp): -0.001111
spv1_3SE     (HFm): 0.000983	 (HFp): -0.000900
spv1_mix     (HFm): 0.003184	 (HFp): -0.001837
   -----            
epv2_2SE     (HFm): 0.069630	 (HFp): 0.069882
epv2_3SE     (HFm): 0.069643	 (HFp): 0.069895
spv2_2SE     (HFm): 0.069332	 (HFp): 0.069709
spv2_3SE     (HFm): 0.069609	 (HFp): 0.069988
   -----          


  ---- Final Tally (HFm) ---- 

rescor1_2SE:     0.43344 +/- 0.00119
rescor1_3SE:     0.49314 +/- 0.03335
rescor2_2SE:     0.91275 +/-0.00014
rescor2_2SE:     0.91294 +/- 0.00023
rescor_Mix:      0.38048 +/- 0.00106
EPv1obs:         0.00048 +/- 0.00007
EPv2obs:         0.06375 +/- 0.00007
EPv1obs_mix:     0.00063 +/- 0.00008
   -----         
SPdenom1_2SE:    0.02025 +/- 0.00004
SPdenom1_3SE:    0.02473 +/- 0.00159
SPdenom2_2SE:    0.06997 +/- 0.00002
SPdenom2_3SE:    0.06996 +/- 0.00004
SPdenom1_mix:    0.00140 +/- 0.00000
SPv1num:         0.00002 +/- 0.00000
SPv2num:         0.00489 +/- 0.00001
SPv1numMix:      0.00000 +/- 0.00000
   -----         
EPv1_2SE:        0.00112 +/- 0.00017
EPv1_3SE:        0.00123 +/- 0.00028
EPv1_mix:        0.00166 +/- 0.00020
   -----         
SPv1_2SE:        0.00107 +/- 0.00014
SPv1_3SE:        0.00101 +/- 0.00018
SPv1_mix:        0.00163 +/- 0.00015
   -----         
EPv2_2SE:        0.06985 +/- 0.00008
EPv2_3SE:        0.06983 +/- 0.00008
SPv2_2SE:        0.06983 +/- 0.00010
SPv2_3SE:        0.06984 +/- 0.00009

  ---- Final Tally (HFp) ---- 

rescor1_2SE:    0.43344 +/- 0.00119
rescor1_3SE:    0.56157 +/- 0.04273
rescor2_2SE:    0.91275 +/-0.00014
rescor2_2SE:    0.91294 +/- 0.00023
rescor_mix:     0.38048 +/- 0.00106
EPv1obs:        -0.00058 +/- 0.00007
EPv2obs:        0.06398 +/- 0.00007
EPv1obsMix:     -0.00074 +/- 0.00006
   -----        
SPdenom1_2SE:   0.02025 +/- 0.00004
SPdenom1_3SE:   0.03175 +/- 0.00375
SPdenom2_2SE:   0.06997 +/- 0.00002
SPdenom2_3SE:   0.06996 +/- 0.00004
SPdenom_mix:    0.00140 +/- 0.00000
SPv1num:        -0.00003 +/- 0.00000
SPv2num:        0.00490 +/- 0.00001
SPv1numMix:     -0.00000 +/- 0.00000
   -----        
EPv1_2SE:       -0.00134 +/- 0.00015
EPv1_3SE:       -0.00110 +/- 0.00016
EPv1_mix:       -0.00195 +/- 0.00017
   -----        
SPv1_2SE:       -0.00136 +/- 0.00013
SPv1_3SE:       -0.00101 +/- 0.00014
SPv1_mix:       -0.00202 +/- 0.00016
   -----        
EPv2_2SE:       0.07009 +/- 0.00008
EPv2_3SE:       0.07008 +/- 0.00008
SPv2_2SE:       0.07008 +/- 0.00009
SPv2_3SE:       0.07009 +/- 0.00008

 --- Comparisons to input vn --- 

EPv2_2SE/v2in  (HFm): 0.9978 +/- 0.0012	 (HFp): 1.0013 +/- 0.0012
EPv2_3SE/v2in  (HFm): 0.9976 +/- 0.0011	 (HFp): 1.0011 +/- 0.0011
SPv2_2SE/v2in  (HFm): 0.9976 +/- 0.0015	 (HFp): 1.0011 +/- 0.0012
SPv2_3SE/v2in  (HFm): 0.9977 +/- 0.0013	 (HFp): 1.0013 +/- 0.0012

 ...done 

