
Processing v1MC.C++...
Info in <TUnixSystem::ACLiC>: creating shared library /home/w955m639/v1flow/Monte_Carlo/new_build/./v1MC_C.so
Rapidity-even input v1: 0.02
Input v2: 0.07
Using eta-dependent weighting... 
Running 500000 events over 20 runs (25000 per run) 

Entering primary event loop
 event: 1250/25000	run: 1/20
 event: 2500/25000	run: 1/20
 event: 3750/25000	run: 1/20
 event: 5000/25000	run: 1/20
 event: 6250/25000	run: 1/20
 event: 7500/25000	run: 1/20
 event: 8750/25000	run: 1/20
 event: 10000/25000	run: 1/20
 event: 11250/25000	run: 1/20
 event: 12500/25000	run: 1/20
 event: 13750/25000	run: 1/20
 event: 15000/25000	run: 1/20
 event: 16250/25000	run: 1/20
 event: 17500/25000	run: 1/20
 event: 18750/25000	run: 1/20
 event: 20000/25000	run: 1/20
 event: 21250/25000	run: 1/20
 event: 22500/25000	run: 1/20
 event: 23750/25000	run: 1/20
 event: 25000/25000	run: 1/20
   -----            
nevts:              25000
evtmult:            6564
ncount (HFm):       5700636
ncount (HFp):       5702347
   -----            
HFm mult:           631
trackm mult:        225
trackmid mult:      449
trackp mult:        224
HFp mult:           689
particles rejected: 4795
   -----            
rescor1_2:          0.416408
rescor1_3    (HFm): 0.406985	 (HFp): 0.403181
rescor2_2:          0.912495
rescor2_3    (HFm): 0.913166	 (HFp): 0.913166
rescorMix    (HFm): 0.380318	 (HFp): 0.380318
epv1obs      (HFm): 0.008278	 (HFp): -0.008790
epv1obs_mix  (HFm): 0.007045	 (HFp): -0.007077
epv2obs      (HFm): 0.064075	 (HFp): 0.063962
   -----            
spdenom1_2SE:       0.019472
spdenom1_3SE (HFm): 0.019112	 (HFp): 0.019317
spdenom2_2SE:       0.069917
spdenom2_3SE (HFm): 0.070012	 (HFp): 0.070012
spdenom_mix  (HFm): 0.001389	 (HFp): 0.001389
spv1num      (HFm): 0.000378	 (HFp): -0.000409
spv2num      (HFm): 0.004905	 (HFp): 0.004905
spv1num_mix  (HFm): 0.000027	 (HFp): -0.000028
   -----               
epv1_2SE     (HFm): 0.019881	 (HFp): -0.021109
epv1_3SE     (HFm): 0.020341	 (HFp): -0.021802
epv1_mix     (HFm): 0.018524	 (HFp): -0.018608
   -----            
spv1_2SE     (HFm): 0.019393	 (HFp): -0.021015
spv1_3SE     (HFm): 0.019758	 (HFp): -0.021183
spv1_mix     (HFm): 0.019146	 (HFp): -0.019844
   -----            
epv2_2SE     (HFm): 0.070219	 (HFp): 0.070096
epv2_3SE     (HFm): 0.070168	 (HFp): 0.070045
spv2_2SE     (HFm): 0.070150	 (HFp): 0.070155
spv2_3SE     (HFm): 0.070055	 (HFp): 0.070060
   -----          

Entering primary event loop
 event: 1250/25000	run: 2/20
 event: 2500/25000	run: 2/20
 event: 3750/25000	run: 2/20
 event: 5000/25000	run: 2/20
 event: 6250/25000	run: 2/20
 event: 7500/25000	run: 2/20
 event: 8750/25000	run: 2/20
 event: 10000/25000	run: 2/20
 event: 11250/25000	run: 2/20
 event: 12500/25000	run: 2/20
 event: 13750/25000	run: 2/20
 event: 15000/25000	run: 2/20
 event: 16250/25000	run: 2/20
 event: 17500/25000	run: 2/20
 event: 18750/25000	run: 2/20
 event: 20000/25000	run: 2/20
 event: 21250/25000	run: 2/20
 event: 22500/25000	run: 2/20
 event: 23750/25000	run: 2/20
 event: 25000/25000	run: 2/20
   -----            
nevts:              25000
evtmult:            6564
ncount (HFm):       5697215
ncount (HFp):       5702607
   -----            
HFm mult:           687
trackm mult:        222
trackmid mult:      460
trackp mult:        238
HFp mult:           664
particles rejected: 4753
   -----            
rescor1_2:          0.428576
rescor1_3    (HFm): 0.427351	 (HFp): 0.434836
rescor2_2:          0.912911
rescor2_3    (HFm): 0.911700	 (HFp): 0.911700
rescorMix    (HFm): 0.384594	 (HFp): 0.384594
epv1obs      (HFm): 0.008269	 (HFp): -0.008386
epv1obs_mix  (HFm): 0.007777	 (HFp): -0.007454
epv2obs      (HFm): 0.063136	 (HFp): 0.063976
   -----            
spdenom1_2SE:       0.020095
spdenom1_3SE (HFm): 0.019996	 (HFp): 0.020476
spdenom2_2SE:       0.069835
spdenom2_3SE (HFm): 0.069899	 (HFp): 0.069899
spdenom_mix  (HFm): 0.001402	 (HFp): 0.001402
spv1num      (HFm): 0.000388	 (HFp): -0.000391
spv2num      (HFm): 0.004824	 (HFp): 0.004903
spv1num_mix  (HFm): 0.000029	 (HFp): -0.000027
   -----               
epv1_2SE     (HFm): 0.019294	 (HFp): -0.019568
epv1_3SE     (HFm): 0.019349	 (HFp): -0.019286
epv1_mix     (HFm): 0.020222	 (HFp): -0.019382
   -----            
spv1_2SE     (HFm): 0.019291	 (HFp): -0.019477
spv1_3SE     (HFm): 0.019385	 (HFp): -0.019115
spv1_mix     (HFm): 0.020804	 (HFp): -0.019583
   -----            
epv2_2SE     (HFm): 0.069159	 (HFp): 0.070079
epv2_3SE     (HFm): 0.069251	 (HFp): 0.070172
spv2_2SE     (HFm): 0.069074	 (HFp): 0.070209
spv2_3SE     (HFm): 0.069012	 (HFp): 0.070145
   -----          

Entering primary event loop
 event: 1250/25000	run: 3/20
 event: 2500/25000	run: 3/20
 event: 3750/25000	run: 3/20
 event: 5000/25000	run: 3/20
 event: 6250/25000	run: 3/20
 event: 7500/25000	run: 3/20
 event: 8750/25000	run: 3/20
 event: 10000/25000	run: 3/20
 event: 11250/25000	run: 3/20
 event: 12500/25000	run: 3/20
 event: 13750/25000	run: 3/20
 event: 15000/25000	run: 3/20
 event: 16250/25000	run: 3/20
 event: 17500/25000	run: 3/20
 event: 18750/25000	run: 3/20
 event: 20000/25000	run: 3/20
 event: 21250/25000	run: 3/20
 event: 22500/25000	run: 3/20
 event: 23750/25000	run: 3/20
 event: 25000/25000	run: 3/20
   -----            
nevts:              25000
evtmult:            6564
ncount (HFm):       5700975
ncount (HFp):       5701309
   -----            
HFm mult:           716
trackm mult:        222
trackmid mult:      451
trackp mult:        229
HFp mult:           649
particles rejected: 4748
   -----            
rescor1_2:          0.423897
rescor1_3    (HFm): 0.437903	 (HFp): 0.439717
rescor2_2:          0.912857
rescor2_3    (HFm): 0.912657	 (HFp): 0.912657
rescorMix    (HFm): 0.376643	 (HFp): 0.376643
epv1obs      (HFm): 0.007955	 (HFp): -0.008284
epv1obs_mix  (HFm): 0.007255	 (HFp): -0.007873
epv2obs      (HFm): 0.063653	 (HFp): 0.063668
   -----            
spdenom1_2SE:       0.019722
spdenom1_3SE (HFm): 0.020536	 (HFp): 0.020044
spdenom2_2SE:       0.070276
spdenom2_3SE (HFm): 0.070111	 (HFp): 0.070111
spdenom_mix  (HFm): 0.001416	 (HFp): 0.001416
spv1num      (HFm): 0.000378	 (HFp): -0.000390
spv2num      (HFm): 0.004882	 (HFp): 0.004895
spv1num_mix  (HFm): 0.000027	 (HFp): -0.000030
   -----               
epv1_2SE     (HFm): 0.018765	 (HFp): -0.019541
epv1_3SE     (HFm): 0.018165	 (HFp): -0.018838
epv1_mix     (HFm): 0.019262	 (HFp): -0.020904
   -----            
spv1_2SE     (HFm): 0.019163	 (HFp): -0.019751
spv1_3SE     (HFm): 0.018403	 (HFp): -0.019433
spv1_mix     (HFm): 0.019383	 (HFp): -0.020908
   -----            
epv2_2SE     (HFm): 0.069729	 (HFp): 0.069746
epv2_3SE     (HFm): 0.069745	 (HFp): 0.069761
spv2_2SE     (HFm): 0.069474	 (HFp): 0.069654
spv2_3SE     (HFm): 0.069638	 (HFp): 0.069818
   -----          

Entering primary event loop
 event: 1250/25000	run: 4/20
 event: 2500/25000	run: 4/20
 event: 3750/25000	run: 4/20
 event: 5000/25000	run: 4/20
 event: 6250/25000	run: 4/20
 event: 7500/25000	run: 4/20
 event: 8750/25000	run: 4/20
 event: 10000/25000	run: 4/20
 event: 11250/25000	run: 4/20
 event: 12500/25000	run: 4/20
 event: 13750/25000	run: 4/20
 event: 15000/25000	run: 4/20
 event: 16250/25000	run: 4/20
 event: 17500/25000	run: 4/20
 event: 18750/25000	run: 4/20
 event: 20000/25000	run: 4/20
 event: 21250/25000	run: 4/20
 event: 22500/25000	run: 4/20
 event: 23750/25000	run: 4/20
 event: 25000/25000	run: 4/20
   -----            
nevts:              25000
evtmult:            6564
ncount (HFm):       5700734
ncount (HFp):       5702975
   -----            
HFm mult:           690
trackm mult:        222
trackmid mult:      457
trackp mult:        235
HFp mult:           672
particles rejected: 4745
   -----            
rescor1_2:          0.429845
rescor1_3    (HFm): 0.428691	 (HFp): 0.435150
rescor2_2:          0.912656
rescor2_3    (HFm): 0.911493	 (HFp): 0.911493
rescorMix    (HFm): 0.378850	 (HFp): 0.378850
epv1obs      (HFm): 0.008252	 (HFp): -0.008518
epv1obs_mix  (HFm): 0.007338	 (HFp): -0.007704
epv2obs      (HFm): 0.063624	 (HFp): 0.064180
   -----            
spdenom1_2SE:       0.020031
spdenom1_3SE (HFm): 0.020195	 (HFp): 0.020355
spdenom2_2SE:       0.070051
spdenom2_3SE (HFm): 0.070095	 (HFp): 0.070095
spdenom_mix  (HFm): 0.001393	 (HFp): 0.001393
spv1num      (HFm): 0.000374	 (HFp): -0.000398
spv2num      (HFm): 0.004892	 (HFp): 0.004931
spv1num_mix  (HFm): 0.000027	 (HFp): -0.000029
   -----               
epv1_2SE     (HFm): 0.019197	 (HFp): -0.019817
epv1_3SE     (HFm): 0.019249	 (HFp): -0.019576
epv1_mix     (HFm): 0.019369	 (HFp): -0.020336
   -----            
spv1_2SE     (HFm): 0.018678	 (HFp): -0.019880
spv1_3SE     (HFm): 0.018527	 (HFp): -0.019563
spv1_mix     (HFm): 0.019346	 (HFp): -0.020878
   -----            
epv2_2SE     (HFm): 0.069713	 (HFp): 0.070322
epv2_3SE     (HFm): 0.069802	 (HFp): 0.070412
spv2_2SE     (HFm): 0.069836	 (HFp): 0.070395
spv2_3SE     (HFm): 0.069792	 (HFp): 0.070351
   -----          

Entering primary event loop
 event: 1250/25000	run: 5/20
 event: 2500/25000	run: 5/20
 event: 3750/25000	run: 5/20
 event: 5000/25000	run: 5/20
 event: 6250/25000	run: 5/20
 event: 7500/25000	run: 5/20
 event: 8750/25000	run: 5/20
 event: 10000/25000	run: 5/20
 event: 11250/25000	run: 5/20
 event: 12500/25000	run: 5/20
 event: 13750/25000	run: 5/20
 event: 15000/25000	run: 5/20
 event: 16250/25000	run: 5/20
 event: 17500/25000	run: 5/20
 event: 18750/25000	run: 5/20
 event: 20000/25000	run: 5/20
 event: 21250/25000	run: 5/20
 event: 22500/25000	run: 5/20
 event: 23750/25000	run: 5/20
 event: 25000/25000	run: 5/20
   -----            
nevts:              25000
evtmult:            6564
ncount (HFm):       5701120
ncount (HFp):       5700008
   -----            
HFm mult:           682
trackm mult:        216
trackmid mult:      463
trackp mult:        247
HFp mult:           677
particles rejected: 4742
   -----            
rescor1_2:          0.424194
rescor1_3    (HFm): 0.418975	 (HFp): 0.453733
rescor2_2:          0.913133
rescor2_3    (HFm): 0.912817	 (HFp): 0.912817
rescorMix    (HFm): 0.384711	 (HFp): 0.384711
epv1obs      (HFm): 0.007955	 (HFp): -0.008471
epv1obs_mix  (HFm): 0.007744	 (HFp): -0.007696
epv2obs      (HFm): 0.064113	 (HFp): 0.063730
   -----            
spdenom1_2SE:       0.020039
spdenom1_3SE (HFm): 0.019528	 (HFp): 0.021079
spdenom2_2SE:       0.070123
spdenom2_3SE (HFm): 0.070117	 (HFp): 0.070117
spdenom_mix  (HFm): 0.001415	 (HFp): 0.001415
spv1num      (HFm): 0.000371	 (HFp): -0.000401
spv2num      (HFm): 0.004927	 (HFp): 0.004896
spv1num_mix  (HFm): 0.000029	 (HFp): -0.000030
   -----               
epv1_2SE     (HFm): 0.018753	 (HFp): -0.019970
epv1_3SE     (HFm): 0.018987	 (HFp): -0.018670
epv1_mix     (HFm): 0.020129	 (HFp): -0.020004
   -----            
spv1_2SE     (HFm): 0.018524	 (HFp): -0.020022
spv1_3SE     (HFm): 0.019008	 (HFp): -0.019034
spv1_mix     (HFm): 0.020650	 (HFp): -0.021490
   -----            
epv2_2SE     (HFm): 0.070213	 (HFp): 0.069793
epv2_3SE     (HFm): 0.070237	 (HFp): 0.069817
spv2_2SE     (HFm): 0.070263	 (HFp): 0.069816
spv2_3SE     (HFm): 0.070269	 (HFp): 0.069822
   -----          

Entering primary event loop
 event: 1250/25000	run: 6/20
 event: 2500/25000	run: 6/20
 event: 3750/25000	run: 6/20
 event: 5000/25000	run: 6/20
 event: 6250/25000	run: 6/20
 event: 7500/25000	run: 6/20
 event: 8750/25000	run: 6/20
 event: 10000/25000	run: 6/20
 event: 11250/25000	run: 6/20
 event: 12500/25000	run: 6/20
 event: 13750/25000	run: 6/20
 event: 15000/25000	run: 6/20
 event: 16250/25000	run: 6/20
 event: 17500/25000	run: 6/20
 event: 18750/25000	run: 6/20
 event: 20000/25000	run: 6/20
 event: 21250/25000	run: 6/20
 event: 22500/25000	run: 6/20
 event: 23750/25000	run: 6/20
 event: 25000/25000	run: 6/20
   -----            
nevts:              25000
evtmult:            6564
ncount (HFm):       5699689
ncount (HFp):       5700889
   -----            
HFm mult:           675
trackm mult:        223
trackmid mult:      454
trackp mult:        231
HFp mult:           677
particles rejected: 4758
   -----            
rescor1_2:          0.429664
rescor1_3    (HFm): 0.448538	 (HFp): 0.421840
rescor2_2:          0.912698
rescor2_3    (HFm): 0.912402	 (HFp): 0.912402
rescorMix    (HFm): 0.375341	 (HFp): 0.375341
epv1obs      (HFm): 0.008602	 (HFp): -0.007620
epv1obs_mix  (HFm): 0.007672	 (HFp): -0.007423
epv2obs      (HFm): 0.063847	 (HFp): 0.063795
   -----            
spdenom1_2SE:       0.019719
spdenom1_3SE (HFm): 0.020096	 (HFp): 0.019388
spdenom2_2SE:       0.070004
spdenom2_3SE (HFm): 0.070102	 (HFp): 0.070102
spdenom_mix  (HFm): 0.001376	 (HFp): 0.001376
spv1num      (HFm): 0.000394	 (HFp): -0.000368
spv2num      (HFm): 0.004902	 (HFp): 0.004897
spv1num_mix  (HFm): 0.000029	 (HFp): -0.000028
   -----               
epv1_2SE     (HFm): 0.020021	 (HFp): -0.017735
epv1_3SE     (HFm): 0.019179	 (HFp): -0.018064
epv1_mix     (HFm): 0.020440	 (HFp): -0.019778
   -----            
spv1_2SE     (HFm): 0.019992	 (HFp): -0.018652
spv1_3SE     (HFm): 0.019617	 (HFp): -0.018971
spv1_mix     (HFm): 0.020731	 (HFp): -0.020559
   -----            
epv2_2SE     (HFm): 0.069954	 (HFp): 0.069898
epv2_3SE     (HFm): 0.069976	 (HFp): 0.069920
spv2_2SE     (HFm): 0.070018	 (HFp): 0.069949
spv2_3SE     (HFm): 0.069921	 (HFp): 0.069852
   -----          

Entering primary event loop
 event: 1250/25000	run: 7/20
 event: 2500/25000	run: 7/20
 event: 3750/25000	run: 7/20
 event: 5000/25000	run: 7/20
 event: 6250/25000	run: 7/20
 event: 7500/25000	run: 7/20
 event: 8750/25000	run: 7/20
 event: 10000/25000	run: 7/20
 event: 11250/25000	run: 7/20
 event: 12500/25000	run: 7/20
 event: 13750/25000	run: 7/20
 event: 15000/25000	run: 7/20
 event: 16250/25000	run: 7/20
 event: 17500/25000	run: 7/20
 event: 18750/25000	run: 7/20
 event: 20000/25000	run: 7/20
 event: 21250/25000	run: 7/20
 event: 22500/25000	run: 7/20
 event: 23750/25000	run: 7/20
 event: 25000/25000	run: 7/20
   -----            
nevts:              25000
evtmult:            6564
ncount (HFm):       5700997
ncount (HFp):       5697506
   -----            
HFm mult:           723
trackm mult:        231
trackmid mult:      475
trackp mult:        244
HFp mult:           692
particles rejected: 4674
   -----            
rescor1_2:          0.432419
rescor1_3    (HFm): 0.428763	 (HFp): 0.449509
rescor2_2:          0.913190
rescor2_3    (HFm): 0.914158	 (HFp): 0.914158
rescorMix    (HFm): 0.379344	 (HFp): 0.379344
epv1obs      (HFm): 0.008280	 (HFp): -0.008701
epv1obs_mix  (HFm): 0.007614	 (HFp): -0.007919
epv2obs      (HFm): 0.063945	 (HFp): 0.064316
   -----            
spdenom1_2SE:       0.019935
spdenom1_3SE (HFm): 0.019855	 (HFp): 0.020923
spdenom2_2SE:       0.070136
spdenom2_3SE (HFm): 0.070162	 (HFp): 0.070162
spdenom_mix  (HFm): 0.001390	 (HFp): 0.001390
spv1num      (HFm): 0.000382	 (HFp): -0.000407
spv2num      (HFm): 0.004910	 (HFp): 0.004935
spv1num_mix  (HFm): 0.000028	 (HFp): -0.000030
   -----               
epv1_2SE     (HFm): 0.019148	 (HFp): -0.020121
epv1_3SE     (HFm): 0.019311	 (HFp): -0.019356
epv1_mix     (HFm): 0.020070	 (HFp): -0.020876
   -----            
spv1_2SE     (HFm): 0.019159	 (HFp): -0.020438
spv1_3SE     (HFm): 0.019237	 (HFp): -0.019473
spv1_mix     (HFm): 0.019928	 (HFp): -0.021416
   -----            
epv2_2SE     (HFm): 0.070023	 (HFp): 0.070430
epv2_3SE     (HFm): 0.069949	 (HFp): 0.070355
spv2_2SE     (HFm): 0.070003	 (HFp): 0.070361
spv2_3SE     (HFm): 0.069976	 (HFp): 0.070334
   -----          

Entering primary event loop
 event: 1250/25000	run: 8/20
 event: 2500/25000	run: 8/20
 event: 3750/25000	run: 8/20
 event: 5000/25000	run: 8/20
 event: 6250/25000	run: 8/20
 event: 7500/25000	run: 8/20
 event: 8750/25000	run: 8/20
 event: 10000/25000	run: 8/20
 event: 11250/25000	run: 8/20
 event: 12500/25000	run: 8/20
 event: 13750/25000	run: 8/20
 event: 15000/25000	run: 8/20
 event: 16250/25000	run: 8/20
 event: 17500/25000	run: 8/20
 event: 18750/25000	run: 8/20
 event: 20000/25000	run: 8/20
 event: 21250/25000	run: 8/20
 event: 22500/25000	run: 8/20
 event: 23750/25000	run: 8/20
 event: 25000/25000	run: 8/20
   -----            
nevts:              25000
evtmult:            6564
ncount (HFm):       5698995
ncount (HFp):       5701929
   -----            
HFm mult:           705
trackm mult:        228
trackmid mult:      441
trackp mult:        213
HFp mult:           682
particles rejected: 4736
   -----            
rescor1_2:          0.428929
rescor1_3    (HFm): 0.418472	 (HFp): 0.442646
rescor2_2:          0.913551
rescor2_3    (HFm): 0.914873	 (HFp): 0.914873
rescorMix    (HFm): 0.383684	 (HFp): 0.383684
epv1obs      (HFm): 0.008725	 (HFp): -0.009044
epv1obs_mix  (HFm): 0.008083	 (HFp): -0.007354
epv2obs      (HFm): 0.063886	 (HFp): 0.064474
   -----            
spdenom1_2SE:       0.020002
spdenom1_3SE (HFm): 0.019967	 (HFp): 0.019939
spdenom2_2SE:       0.069924
spdenom2_3SE (HFm): 0.069870	 (HFp): 0.069870
spdenom_mix  (HFm): 0.001420	 (HFp): 0.001420
spv1num      (HFm): 0.000406	 (HFp): -0.000410
spv2num      (HFm): 0.004881	 (HFp): 0.004926
spv1num_mix  (HFm): 0.000030	 (HFp): -0.000029
   -----               
epv1_2SE     (HFm): 0.020342	 (HFp): -0.021086
epv1_3SE     (HFm): 0.020851	 (HFp): -0.020432
epv1_mix     (HFm): 0.021068	 (HFp): -0.019166
   -----            
spv1_2SE     (HFm): 0.020283	 (HFp): -0.020501
spv1_3SE     (HFm): 0.020318	 (HFp): -0.020566
spv1_mix     (HFm): 0.021215	 (HFp): -0.020122
   -----            
epv2_2SE     (HFm): 0.069931	 (HFp): 0.070575
epv2_3SE     (HFm): 0.069830	 (HFp): 0.070473
spv2_2SE     (HFm): 0.069800	 (HFp): 0.070449
spv2_3SE     (HFm): 0.069853	 (HFp): 0.070503
   -----          

Entering primary event loop
 event: 1250/25000	run: 9/20
 event: 2500/25000	run: 9/20
 event: 3750/25000	run: 9/20
 event: 5000/25000	run: 9/20
 event: 6250/25000	run: 9/20
 event: 7500/25000	run: 9/20
 event: 8750/25000	run: 9/20
 event: 10000/25000	run: 9/20
 event: 11250/25000	run: 9/20
 event: 12500/25000	run: 9/20
 event: 13750/25000	run: 9/20
 event: 15000/25000	run: 9/20
 event: 16250/25000	run: 9/20
 event: 17500/25000	run: 9/20
 event: 18750/25000	run: 9/20
 event: 20000/25000	run: 9/20
 event: 21250/25000	run: 9/20
 event: 22500/25000	run: 9/20
 event: 23750/25000	run: 9/20
 event: 25000/25000	run: 9/20
   -----            
nevts:              25000
evtmult:            6564
ncount (HFm):       5699975
ncount (HFp):       5699651
   -----            
HFm mult:           678
trackm mult:        226
trackmid mult:      450
trackp mult:        224
HFp mult:           666
particles rejected: 4770
   -----            
rescor1_2:          0.429262
rescor1_3    (HFm): 0.419134	 (HFp): 0.423816
rescor2_2:          0.913273
rescor2_3    (HFm): 0.913256	 (HFp): 0.913256
rescorMix    (HFm): 0.388822	 (HFp): 0.388822
epv1obs      (HFm): 0.008916	 (HFp): -0.008736
epv1obs_mix  (HFm): 0.007565	 (HFp): -0.007474
epv2obs      (HFm): 0.063547	 (HFp): 0.063628
   -----            
spdenom1_2SE:       0.019982
spdenom1_3SE (HFm): 0.019881	 (HFp): 0.019792
spdenom2_2SE:       0.069991
spdenom2_3SE (HFm): 0.069939	 (HFp): 0.069939
spdenom_mix  (HFm): 0.001419	 (HFp): 0.001419
spv1num      (HFm): 0.000412	 (HFp): -0.000404
spv2num      (HFm): 0.004864	 (HFp): 0.004874
spv1num_mix  (HFm): 0.000029	 (HFp): -0.000028
   -----               
epv1_2SE     (HFm): 0.020772	 (HFp): -0.020352
epv1_3SE     (HFm): 0.021274	 (HFp): -0.020614
epv1_mix     (HFm): 0.019457	 (HFp): -0.019223
   -----            
spv1_2SE     (HFm): 0.020616	 (HFp): -0.020199
spv1_3SE     (HFm): 0.020720	 (HFp): -0.020393
spv1_mix     (HFm): 0.020102	 (HFp): -0.019970
   -----            
epv2_2SE     (HFm): 0.069582	 (HFp): 0.069671
epv2_3SE     (HFm): 0.069583	 (HFp): 0.069672
spv2_2SE     (HFm): 0.069502	 (HFp): 0.069643
spv2_3SE     (HFm): 0.069553	 (HFp): 0.069694
   -----          

Entering primary event loop
 event: 1250/25000	run: 10/20
 event: 2500/25000	run: 10/20
 event: 3750/25000	run: 10/20
 event: 5000/25000	run: 10/20
 event: 6250/25000	run: 10/20
 event: 7500/25000	run: 10/20
 event: 8750/25000	run: 10/20
 event: 10000/25000	run: 10/20
 event: 11250/25000	run: 10/20
 event: 12500/25000	run: 10/20
 event: 13750/25000	run: 10/20
 event: 15000/25000	run: 10/20
 event: 16250/25000	run: 10/20
 event: 17500/25000	run: 10/20
 event: 18750/25000	run: 10/20
 event: 20000/25000	run: 10/20
 event: 21250/25000	run: 10/20
 event: 22500/25000	run: 10/20
 event: 23750/25000	run: 10/20
 event: 25000/25000	run: 10/20
   -----            
nevts:              25000
evtmult:            6564
ncount (HFm):       5700693
ncount (HFp):       5699520
   -----            
HFm mult:           676
trackm mult:        224
trackmid mult:      459
trackp mult:        235
HFp mult:           693
particles rejected: 4736
   -----            
rescor1_2:          0.436064
rescor1_3    (HFm): 0.433893	 (HFp): 0.445023
rescor2_2:          0.912084
rescor2_3    (HFm): 0.913059	 (HFp): 0.913059
rescorMix    (HFm): 0.376744	 (HFp): 0.376744
epv1obs      (HFm): 0.008270	 (HFp): -0.008768
epv1obs_mix  (HFm): 0.007798	 (HFp): -0.007721
epv2obs      (HFm): 0.063400	 (HFp): 0.064542
   -----            
spdenom1_2SE:       0.020398
spdenom1_3SE (HFm): 0.020501	 (HFp): 0.020806
spdenom2_2SE:       0.069844
spdenom2_3SE (HFm): 0.069906	 (HFp): 0.069906
spdenom_mix  (HFm): 0.001416	 (HFp): 0.001416
spv1num      (HFm): 0.000395	 (HFp): -0.000406
spv2num      (HFm): 0.004850	 (HFp): 0.004946
spv1num_mix  (HFm): 0.000031	 (HFp): -0.000030
   -----               
epv1_2SE     (HFm): 0.018965	 (HFp): -0.020107
epv1_3SE     (HFm): 0.019060	 (HFp): -0.019702
epv1_mix     (HFm): 0.020700	 (HFp): -0.020493
   -----            
spv1_2SE     (HFm): 0.019380	 (HFp): -0.019899
spv1_3SE     (HFm): 0.019283	 (HFp): -0.019509
spv1_mix     (HFm): 0.021862	 (HFp): -0.021074
   -----            
epv2_2SE     (HFm): 0.069511	 (HFp): 0.070763
epv2_3SE     (HFm): 0.069437	 (HFp): 0.070687
spv2_2SE     (HFm): 0.069434	 (HFp): 0.070810
spv2_3SE     (HFm): 0.069373	 (HFp): 0.070747
   -----          

Entering primary event loop
 event: 1250/25000	run: 11/20
 event: 2500/25000	run: 11/20
 event: 3750/25000	run: 11/20
 event: 5000/25000	run: 11/20
 event: 6250/25000	run: 11/20
 event: 7500/25000	run: 11/20
 event: 8750/25000	run: 11/20
 event: 10000/25000	run: 11/20
 event: 11250/25000	run: 11/20
 event: 12500/25000	run: 11/20
 event: 13750/25000	run: 11/20
 event: 15000/25000	run: 11/20
 event: 16250/25000	run: 11/20
 event: 17500/25000	run: 11/20
 event: 18750/25000	run: 11/20
 event: 20000/25000	run: 11/20
 event: 21250/25000	run: 11/20
 event: 22500/25000	run: 11/20
 event: 23750/25000	run: 11/20
 event: 25000/25000	run: 11/20
   -----            
nevts:              25000
evtmult:            6564
ncount (HFm):       5702905
ncount (HFp):       5700929
   -----            
HFm mult:           693
trackm mult:        219
trackmid mult:      453
trackp mult:        234
HFp mult:           700
particles rejected: 4718
   -----            
rescor1_2:          0.430757
rescor1_3    (HFm): 0.438198	 (HFp): 0.444041
rescor2_2:          0.912296
rescor2_3    (HFm): 0.913652	 (HFp): 0.913652
rescorMix    (HFm): 0.377605	 (HFp): 0.377605
epv1obs      (HFm): 0.008060	 (HFp): -0.008412
epv1obs_mix  (HFm): 0.007183	 (HFp): -0.007775
epv2obs      (HFm): 0.063946	 (HFp): 0.064173
   -----            
spdenom1_2SE:       0.020010
spdenom1_3SE (HFm): 0.020397	 (HFp): 0.020866
spdenom2_2SE:       0.069915
spdenom2_3SE (HFm): 0.069822	 (HFp): 0.069822
spdenom_mix  (HFm): 0.001370	 (HFp): 0.001370
spv1num      (HFm): 0.000365	 (HFp): -0.000397
spv2num      (HFm): 0.004894	 (HFp): 0.004911
spv1num_mix  (HFm): 0.000028	 (HFp): -0.000029
   -----               
epv1_2SE     (HFm): 0.018712	 (HFp): -0.019529
epv1_3SE     (HFm): 0.018394	 (HFp): -0.018945
epv1_mix     (HFm): 0.019022	 (HFp): -0.020591
   -----            
spv1_2SE     (HFm): 0.018257	 (HFp): -0.019864
spv1_3SE     (HFm): 0.017911	 (HFp): -0.019049
spv1_mix     (HFm): 0.020323	 (HFp): -0.021141
   -----            
epv2_2SE     (HFm): 0.070094	 (HFp): 0.070342
epv2_3SE     (HFm): 0.069990	 (HFp): 0.070238
spv2_2SE     (HFm): 0.070000	 (HFp): 0.070241
spv2_3SE     (HFm): 0.070093	 (HFp): 0.070334
   -----          

Entering primary event loop
 event: 1250/25000	run: 12/20
 event: 2500/25000	run: 12/20
 event: 3750/25000	run: 12/20
 event: 5000/25000	run: 12/20
 event: 6250/25000	run: 12/20
 event: 7500/25000	run: 12/20
 event: 8750/25000	run: 12/20
 event: 10000/25000	run: 12/20
 event: 11250/25000	run: 12/20
 event: 12500/25000	run: 12/20
 event: 13750/25000	run: 12/20
 event: 15000/25000	run: 12/20
 event: 16250/25000	run: 12/20
 event: 17500/25000	run: 12/20
 event: 18750/25000	run: 12/20
 event: 20000/25000	run: 12/20
 event: 21250/25000	run: 12/20
 event: 22500/25000	run: 12/20
 event: 23750/25000	run: 12/20
 event: 25000/25000	run: 12/20
   -----            
nevts:              25000
evtmult:            6564
ncount (HFm):       5702384
ncount (HFp):       5701993
   -----            
HFm mult:           706
trackm mult:        228
trackmid mult:      457
trackp mult:        229
HFp mult:           679
particles rejected: 4722
   -----            
rescor1_2:          0.424425
rescor1_3    (HFm): 0.420530	 (HFp): 0.443667
rescor2_2:          0.913245
rescor2_3    (HFm): 0.911920	 (HFp): 0.911920
rescorMix    (HFm): 0.372804	 (HFp): 0.372804
epv1obs      (HFm): 0.007871	 (HFp): -0.008966
epv1obs_mix  (HFm): 0.007441	 (HFp): -0.007714
epv2obs      (HFm): 0.063847	 (HFp): 0.064068
   -----            
spdenom1_2SE:       0.019775
spdenom1_3SE (HFm): 0.019482	 (HFp): 0.020342
spdenom2_2SE:       0.070122
spdenom2_3SE (HFm): 0.070176	 (HFp): 0.070176
spdenom_mix  (HFm): 0.001366	 (HFp): 0.001366
spv1num      (HFm): 0.000379	 (HFp): -0.000428
spv2num      (HFm): 0.004921	 (HFp): 0.004930
spv1num_mix  (HFm): 0.000028	 (HFp): -0.000031
   -----               
epv1_2SE     (HFm): 0.018544	 (HFp): -0.021124
epv1_3SE     (HFm): 0.018716	 (HFp): -0.020208
epv1_mix     (HFm): 0.019960	 (HFp): -0.020692
   -----            
spv1_2SE     (HFm): 0.019175	 (HFp): -0.021640
spv1_3SE     (HFm): 0.019463	 (HFp): -0.021037
spv1_mix     (HFm): 0.020817	 (HFp): -0.022710
   -----            
epv2_2SE     (HFm): 0.069913	 (HFp): 0.070155
epv2_3SE     (HFm): 0.070014	 (HFp): 0.070257
spv2_2SE     (HFm): 0.070178	 (HFp): 0.070299
spv2_3SE     (HFm): 0.070124	 (HFp): 0.070245
   -----          

Entering primary event loop
 event: 1250/25000	run: 13/20
 event: 2500/25000	run: 13/20
 event: 3750/25000	run: 13/20
 event: 5000/25000	run: 13/20
 event: 6250/25000	run: 13/20
 event: 7500/25000	run: 13/20
 event: 8750/25000	run: 13/20
 event: 10000/25000	run: 13/20
 event: 11250/25000	run: 13/20
 event: 12500/25000	run: 13/20
 event: 13750/25000	run: 13/20
 event: 15000/25000	run: 13/20
 event: 16250/25000	run: 13/20
 event: 17500/25000	run: 13/20
 event: 18750/25000	run: 13/20
 event: 20000/25000	run: 13/20
 event: 21250/25000	run: 13/20
 event: 22500/25000	run: 13/20
 event: 23750/25000	run: 13/20
 event: 25000/25000	run: 13/20
   -----            
nevts:              25000
evtmult:            6564
ncount (HFm):       5700045
ncount (HFp):       5700396
   -----            
HFm mult:           658
trackm mult:        221
trackmid mult:      418
trackp mult:        197
HFp mult:           663
particles rejected: 4825
   -----            
rescor1_2:          0.423784
rescor1_3    (HFm): 0.418691	 (HFp): 0.413449
rescor2_2:          0.911763
rescor2_3    (HFm): 0.912927	 (HFp): 0.912927
rescorMix    (HFm): 0.369369	 (HFp): 0.369369
epv1obs      (HFm): 0.009155	 (HFp): -0.008453
epv1obs_mix  (HFm): 0.007553	 (HFp): -0.007558
epv2obs      (HFm): 0.063998	 (HFp): 0.064388
   -----            
spdenom1_2SE:       0.020049
spdenom1_3SE (HFm): 0.019679	 (HFp): 0.019817
spdenom2_2SE:       0.069807
spdenom2_3SE (HFm): 0.069824	 (HFp): 0.069824
spdenom_mix  (HFm): 0.001385	 (HFp): 0.001385
spv1num      (HFm): 0.000424	 (HFp): -0.000399
spv2num      (HFm): 0.004908	 (HFp): 0.004938
spv1num_mix  (HFm): 0.000029	 (HFp): -0.000028
   -----               
epv1_2SE     (HFm): 0.021603	 (HFp): -0.019945
epv1_3SE     (HFm): 0.021865	 (HFp): -0.020444
epv1_mix     (HFm): 0.020448	 (HFp): -0.020461
   -----            
spv1_2SE     (HFm): 0.021143	 (HFp): -0.019884
spv1_3SE     (HFm): 0.021540	 (HFp): -0.020118
spv1_mix     (HFm): 0.020585	 (HFp): -0.020393
   -----            
epv2_2SE     (HFm): 0.070192	 (HFp): 0.070619
epv2_3SE     (HFm): 0.070102	 (HFp): 0.070529
spv2_2SE     (HFm): 0.070314	 (HFp): 0.070737
spv2_3SE     (HFm): 0.070297	 (HFp): 0.070720
   -----          

Entering primary event loop
 event: 1250/25000	run: 14/20
 event: 2500/25000	run: 14/20
 event: 3750/25000	run: 14/20
 event: 5000/25000	run: 14/20
 event: 6250/25000	run: 14/20
 event: 7500/25000	run: 14/20
 event: 8750/25000	run: 14/20
 event: 10000/25000	run: 14/20
 event: 11250/25000	run: 14/20
 event: 12500/25000	run: 14/20
 event: 13750/25000	run: 14/20
 event: 15000/25000	run: 14/20
 event: 16250/25000	run: 14/20
 event: 17500/25000	run: 14/20
 event: 18750/25000	run: 14/20
 event: 20000/25000	run: 14/20
 event: 21250/25000	run: 14/20
 event: 22500/25000	run: 14/20
 event: 23750/25000	run: 14/20
 event: 25000/25000	run: 14/20
   -----            
nevts:              25000
evtmult:            6564
ncount (HFm):       5699706
ncount (HFp):       5700129
   -----            
HFm mult:           683
trackm mult:        231
trackmid mult:      460
trackp mult:        229
HFp mult:           664
particles rejected: 4757
   -----            
rescor1_2:          0.429592
rescor1_3    (HFm): 0.442612	 (HFp): 0.431548
rescor2_2:          0.912187
rescor2_3    (HFm): 0.912895	 (HFp): 0.912895
rescorMix    (HFm): 0.381894	 (HFp): 0.381894
epv1obs      (HFm): 0.008192	 (HFp): -0.008531
epv1obs_mix  (HFm): 0.007344	 (HFp): -0.007910
epv2obs      (HFm): 0.063994	 (HFp): 0.063906
   -----            
spdenom1_2SE:       0.020100
spdenom1_3SE (HFm): 0.020291	 (HFp): 0.020300
spdenom2_2SE:       0.069928
spdenom2_3SE (HFm): 0.069891	 (HFp): 0.069891
spdenom_mix  (HFm): 0.001411	 (HFp): 0.001411
spv1num      (HFm): 0.000394	 (HFp): -0.000409
spv2num      (HFm): 0.004902	 (HFp): 0.004893
spv1num_mix  (HFm): 0.000028	 (HFp): -0.000031
   -----               
epv1_2SE     (HFm): 0.019070	 (HFp): -0.019858
epv1_3SE     (HFm): 0.018509	 (HFp): -0.019768
epv1_mix     (HFm): 0.019230	 (HFp): -0.020711
   -----            
spv1_2SE     (HFm): 0.019615	 (HFp): -0.020335
spv1_3SE     (HFm): 0.019429	 (HFp): -0.020135
spv1_mix     (HFm): 0.020163	 (HFp): -0.021761
   -----            
epv2_2SE     (HFm): 0.070155	 (HFp): 0.070058
epv2_3SE     (HFm): 0.070101	 (HFp): 0.070004
spv2_2SE     (HFm): 0.070103	 (HFp): 0.069971
spv2_3SE     (HFm): 0.070139	 (HFp): 0.070007
   -----          

Entering primary event loop
 event: 1250/25000	run: 15/20
 event: 2500/25000	run: 15/20
 event: 3750/25000	run: 15/20
 event: 5000/25000	run: 15/20
 event: 6250/25000	run: 15/20
 event: 7500/25000	run: 15/20
 event: 8750/25000	run: 15/20
 event: 10000/25000	run: 15/20
 event: 11250/25000	run: 15/20
 event: 12500/25000	run: 15/20
 event: 13750/25000	run: 15/20
 event: 15000/25000	run: 15/20
 event: 16250/25000	run: 15/20
 event: 17500/25000	run: 15/20
 event: 18750/25000	run: 15/20
 event: 20000/25000	run: 15/20
 event: 21250/25000	run: 15/20
 event: 22500/25000	run: 15/20
 event: 23750/25000	run: 15/20
 event: 25000/25000	run: 15/20
   -----            
nevts:              25000
evtmult:            6564
ncount (HFm):       5702809
ncount (HFp):       5701268
   -----            
HFm mult:           706
trackm mult:        226
trackmid mult:      459
trackp mult:        233
HFp mult:           673
particles rejected: 4726
   -----            
rescor1_2:          0.425565
rescor1_3    (HFm): 0.427856	 (HFp): 0.429305
rescor2_2:          0.913257
rescor2_3    (HFm): 0.911442	 (HFp): 0.911442
rescorMix    (HFm): 0.382020	 (HFp): 0.382020
epv1obs      (HFm): 0.008021	 (HFp): -0.008793
epv1obs_mix  (HFm): 0.007219	 (HFp): -0.008021
epv2obs      (HFm): 0.063189	 (HFp): 0.063323
   -----            
spdenom1_2SE:       0.019928
spdenom1_3SE (HFm): 0.020008	 (HFp): 0.019914
spdenom2_2SE:       0.070018
spdenom2_3SE (HFm): 0.069967	 (HFp): 0.069967
spdenom_mix  (HFm): 0.001386	 (HFp): 0.001386
spv1num      (HFm): 0.000387	 (HFp): -0.000405
spv2num      (HFm): 0.004847	 (HFp): 0.004856
spv1num_mix  (HFm): 0.000028	 (HFp): -0.000030
   -----               
epv1_2SE     (HFm): 0.018848	 (HFp): -0.020662
epv1_3SE     (HFm): 0.018747	 (HFp): -0.020482
epv1_mix     (HFm): 0.018896	 (HFp): -0.020996
   -----            
spv1_2SE     (HFm): 0.019402	 (HFp): -0.020339
spv1_3SE     (HFm): 0.019324	 (HFp): -0.020353
spv1_mix     (HFm): 0.020452	 (HFp): -0.021638
   -----            
epv2_2SE     (HFm): 0.069191	 (HFp): 0.069337
epv2_3SE     (HFm): 0.069329	 (HFp): 0.069475
spv2_2SE     (HFm): 0.069218	 (HFp): 0.069360
spv2_3SE     (HFm): 0.069268	 (HFp): 0.069411
   -----          

Entering primary event loop
 event: 1250/25000	run: 16/20
 event: 2500/25000	run: 16/20
 event: 3750/25000	run: 16/20
 event: 5000/25000	run: 16/20
 event: 6250/25000	run: 16/20
 event: 7500/25000	run: 16/20
 event: 8750/25000	run: 16/20
 event: 10000/25000	run: 16/20
 event: 11250/25000	run: 16/20
 event: 12500/25000	run: 16/20
 event: 13750/25000	run: 16/20
 event: 15000/25000	run: 16/20
 event: 16250/25000	run: 16/20
 event: 17500/25000	run: 16/20
 event: 18750/25000	run: 16/20
 event: 20000/25000	run: 16/20
 event: 21250/25000	run: 16/20
 event: 22500/25000	run: 16/20
 event: 23750/25000	run: 16/20
 event: 25000/25000	run: 16/20
   -----            
nevts:              25000
evtmult:            6564
ncount (HFm):       5700033
ncount (HFp):       5700079
   -----            
HFm mult:           673
trackm mult:        234
trackmid mult:      473
trackp mult:        239
HFp mult:           716
particles rejected: 4702
   -----            
rescor1_2:          0.427084
rescor1_3    (HFm): 0.434354	 (HFp): 0.420277
rescor2_2:          0.912229
rescor2_3    (HFm): 0.911698	 (HFp): 0.911698
rescorMix    (HFm): 0.381771	 (HFp): 0.381771
epv1obs      (HFm): 0.008347	 (HFp): -0.008430
epv1obs_mix  (HFm): 0.007827	 (HFp): -0.007131
epv2obs      (HFm): 0.064023	 (HFp): 0.063650
   -----            
spdenom1_2SE:       0.019883
spdenom1_3SE (HFm): 0.019960	 (HFp): 0.020203
spdenom2_2SE:       0.069933
spdenom2_3SE (HFm): 0.069936	 (HFp): 0.069936
spdenom_mix  (HFm): 0.001395	 (HFp): 0.001395
spv1num      (HFm): 0.000384	 (HFp): -0.000393
spv2num      (HFm): 0.004917	 (HFp): 0.004877
spv1num_mix  (HFm): 0.000029	 (HFp): -0.000028
   -----               
epv1_2SE     (HFm): 0.019543	 (HFp): -0.019738
epv1_3SE     (HFm): 0.019216	 (HFp): -0.020058
epv1_mix     (HFm): 0.020502	 (HFp): -0.018679
   -----            
spv1_2SE     (HFm): 0.019317	 (HFp): -0.019790
spv1_3SE     (HFm): 0.019242	 (HFp): -0.019476
spv1_mix     (HFm): 0.020507	 (HFp): -0.020120
   -----            
epv2_2SE     (HFm): 0.070183	 (HFp): 0.069775
epv2_3SE     (HFm): 0.070223	 (HFp): 0.069815
spv2_2SE     (HFm): 0.070317	 (HFp): 0.069738
spv2_3SE     (HFm): 0.070314	 (HFp): 0.069735
   -----          

Entering primary event loop
 event: 1250/25000	run: 17/20
 event: 2500/25000	run: 17/20
 event: 3750/25000	run: 17/20
 event: 5000/25000	run: 17/20
 event: 6250/25000	run: 17/20
 event: 7500/25000	run: 17/20
 event: 8750/25000	run: 17/20
 event: 10000/25000	run: 17/20
 event: 11250/25000	run: 17/20
 event: 12500/25000	run: 17/20
 event: 13750/25000	run: 17/20
 event: 15000/25000	run: 17/20
 event: 16250/25000	run: 17/20
 event: 17500/25000	run: 17/20
 event: 18750/25000	run: 17/20
 event: 20000/25000	run: 17/20
 event: 21250/25000	run: 17/20
 event: 22500/25000	run: 17/20
 event: 23750/25000	run: 17/20
 event: 25000/25000	run: 17/20
   -----            
nevts:              25000
evtmult:            6564
ncount (HFm):       5696444
ncount (HFp):       5698606
   -----            
HFm mult:           690
trackm mult:        232
trackmid mult:      458
trackp mult:        226
HFp mult:           677
particles rejected: 4739
   -----            
rescor1_2:          0.429085
rescor1_3    (HFm): 0.399793	 (HFp): 0.430786
rescor2_2:          0.913104
rescor2_3    (HFm): 0.914114	 (HFp): 0.914114
rescorMix    (HFm): 0.378058	 (HFp): 0.378058
epv1obs      (HFm): 0.008783	 (HFp): -0.009349
epv1obs_mix  (HFm): 0.007542	 (HFp): -0.007599
epv2obs      (HFm): 0.063703	 (HFp): 0.064347
   -----            
spdenom1_2SE:       0.020097
spdenom1_3SE (HFm): 0.019553	 (HFp): 0.019964
spdenom2_2SE:       0.070009
spdenom2_3SE (HFm): 0.070095	 (HFp): 0.070095
spdenom_mix  (HFm): 0.001403	 (HFp): 0.001403
spv1num      (HFm): 0.000421	 (HFp): -0.000428
spv2num      (HFm): 0.004890	 (HFp): 0.004922
spv1num_mix  (HFm): 0.000030	 (HFp): -0.000029
   -----               
epv1_2SE     (HFm): 0.020470	 (HFp): -0.021788
epv1_3SE     (HFm): 0.021970	 (HFp): -0.021702
epv1_mix     (HFm): 0.019949	 (HFp): -0.020101
   -----            
spv1_2SE     (HFm): 0.020946	 (HFp): -0.021282
spv1_3SE     (HFm): 0.021529	 (HFp): -0.021424
spv1_mix     (HFm): 0.021134	 (HFp): -0.020894
   -----            
epv2_2SE     (HFm): 0.069766	 (HFp): 0.070471
epv2_3SE     (HFm): 0.069688	 (HFp): 0.070393
spv2_2SE     (HFm): 0.069851	 (HFp): 0.070311
spv2_3SE     (HFm): 0.069765	 (HFp): 0.070225
   -----          

Entering primary event loop
 event: 1250/25000	run: 18/20
 event: 2500/25000	run: 18/20
 event: 3750/25000	run: 18/20
 event: 5000/25000	run: 18/20
 event: 6250/25000	run: 18/20
 event: 7500/25000	run: 18/20
 event: 8750/25000	run: 18/20
 event: 10000/25000	run: 18/20
 event: 11250/25000	run: 18/20
 event: 12500/25000	run: 18/20
 event: 13750/25000	run: 18/20
 event: 15000/25000	run: 18/20
 event: 16250/25000	run: 18/20
 event: 17500/25000	run: 18/20
 event: 18750/25000	run: 18/20
 event: 20000/25000	run: 18/20
 event: 21250/25000	run: 18/20
 event: 22500/25000	run: 18/20
 event: 23750/25000	run: 18/20
 event: 25000/25000	run: 18/20
   -----            
nevts:              25000
evtmult:            6564
ncount (HFm):       5700286
ncount (HFp):       5701852
   -----            
HFm mult:           683
trackm mult:        224
trackmid mult:      443
trackp mult:        219
HFp mult:           714
particles rejected: 4724
   -----            
rescor1_2:          0.426495
rescor1_3    (HFm): 0.411031	 (HFp): 0.428803
rescor2_2:          0.912185
rescor2_3    (HFm): 0.914052	 (HFp): 0.914052
rescorMix    (HFm): 0.377849	 (HFp): 0.377849
epv1obs      (HFm): 0.008475	 (HFp): -0.008904
epv1obs_mix  (HFm): 0.007223	 (HFp): -0.008099
epv2obs      (HFm): 0.064209	 (HFp): 0.063650
   -----            
spdenom1_2SE:       0.019817
spdenom1_3SE (HFm): 0.019351	 (HFp): 0.020228
spdenom2_2SE:       0.069875
spdenom2_3SE (HFm): 0.070230	 (HFp): 0.070230
spdenom_mix  (HFm): 0.001402	 (HFp): 0.001402
spv1num      (HFm): 0.000394	 (HFp): -0.000419
spv2num      (HFm): 0.004945	 (HFp): 0.004897
spv1num_mix  (HFm): 0.000028	 (HFp): -0.000030
   -----               
epv1_2SE     (HFm): 0.019871	 (HFp): -0.020878
epv1_3SE     (HFm): 0.020619	 (HFp): -0.020766
epv1_mix     (HFm): 0.019117	 (HFp): -0.021433
   -----            
spv1_2SE     (HFm): 0.019900	 (HFp): -0.021161
spv1_3SE     (HFm): 0.020379	 (HFp): -0.020732
spv1_mix     (HFm): 0.019918	 (HFp): -0.021599
   -----            
epv2_2SE     (HFm): 0.070390	 (HFp): 0.069777
epv2_3SE     (HFm): 0.070247	 (HFp): 0.069635
spv2_2SE     (HFm): 0.070776	 (HFp): 0.070087
spv2_3SE     (HFm): 0.070418	 (HFp): 0.069732
   -----          

Entering primary event loop
 event: 1250/25000	run: 19/20
 event: 2500/25000	run: 19/20
 event: 3750/25000	run: 19/20
 event: 5000/25000	run: 19/20
 event: 6250/25000	run: 19/20
 event: 7500/25000	run: 19/20
 event: 8750/25000	run: 19/20
 event: 10000/25000	run: 19/20
 event: 11250/25000	run: 19/20
 event: 12500/25000	run: 19/20
 event: 13750/25000	run: 19/20
 event: 15000/25000	run: 19/20
 event: 16250/25000	run: 19/20
 event: 17500/25000	run: 19/20
 event: 18750/25000	run: 19/20
 event: 20000/25000	run: 19/20
 event: 21250/25000	run: 19/20
 event: 22500/25000	run: 19/20
 event: 23750/25000	run: 19/20
 event: 25000/25000	run: 19/20
   -----            
nevts:              25000
evtmult:            6564
ncount (HFm):       5699970
ncount (HFp):       5699671
   -----            
HFm mult:           692
trackm mult:        231
trackmid mult:      450
trackp mult:        219
HFp mult:           697
particles rejected: 4725
   -----            
rescor1_2:          0.424941
rescor1_3    (HFm): 0.437622	 (HFp): 0.424157
rescor2_2:          0.912192
rescor2_3    (HFm): 0.912798	 (HFp): 0.912798
rescorMix    (HFm): 0.382754	 (HFp): 0.382754
epv1obs      (HFm): 0.008229	 (HFp): -0.008215
epv1obs_mix  (HFm): 0.007344	 (HFp): -0.007338
epv2obs      (HFm): 0.063001	 (HFp): 0.064083
   -----            
spdenom1_2SE:       0.019902
spdenom1_3SE (HFm): 0.020214	 (HFp): 0.019555
spdenom2_2SE:       0.069868
spdenom2_3SE (HFm): 0.069719	 (HFp): 0.069719
spdenom_mix  (HFm): 0.001384	 (HFp): 0.001384
spv1num      (HFm): 0.000392	 (HFp): -0.000396
spv2num      (HFm): 0.004818	 (HFp): 0.004903
spv1num_mix  (HFm): 0.000027	 (HFp): -0.000028
   -----               
epv1_2SE     (HFm): 0.019366	 (HFp): -0.019333
epv1_3SE     (HFm): 0.018805	 (HFp): -0.019369
epv1_mix     (HFm): 0.019188	 (HFp): -0.019170
   -----            
spv1_2SE     (HFm): 0.019696	 (HFp): -0.019875
spv1_3SE     (HFm): 0.019391	 (HFp): -0.020228
spv1_mix     (HFm): 0.019675	 (HFp): -0.020204
   -----            
epv2_2SE     (HFm): 0.069066	 (HFp): 0.070252
epv2_3SE     (HFm): 0.069020	 (HFp): 0.070205
spv2_2SE     (HFm): 0.068964	 (HFp): 0.070181
spv2_3SE     (HFm): 0.069111	 (HFp): 0.070331
   -----          

Entering primary event loop
 event: 1250/25000	run: 20/20
 event: 2500/25000	run: 20/20
 event: 3750/25000	run: 20/20
 event: 5000/25000	run: 20/20
 event: 6250/25000	run: 20/20
 event: 7500/25000	run: 20/20
 event: 8750/25000	run: 20/20
 event: 10000/25000	run: 20/20
 event: 11250/25000	run: 20/20
 event: 12500/25000	run: 20/20
 event: 13750/25000	run: 20/20
 event: 15000/25000	run: 20/20
 event: 16250/25000	run: 20/20
 event: 17500/25000	run: 20/20
 event: 18750/25000	run: 20/20
 event: 20000/25000	run: 20/20
 event: 21250/25000	run: 20/20
 event: 22500/25000	run: 20/20
 event: 23750/25000	run: 20/20
 event: 25000/25000	run: 20/20
   -----            
nevts:              25000
evtmult:            6564
ncount (HFm):       5699301
ncount (HFp):       5702003
   -----            
HFm mult:           673
trackm mult:        233
trackmid mult:      450
trackp mult:        217
HFp mult:           686
particles rejected: 4755
   -----            
rescor1_2:          0.422892
rescor1_3    (HFm): 0.417347	 (HFp): 0.413599
rescor2_2:          0.913122
rescor2_3    (HFm): 0.912340	 (HFp): 0.912340
rescorMix    (HFm): 0.371905	 (HFp): 0.371905
epv1obs      (HFm): 0.008462	 (HFp): -0.008476
epv1obs_mix  (HFm): 0.007689	 (HFp): -0.007188
epv2obs      (HFm): 0.063577	 (HFp): 0.063792
   -----            
spdenom1_2SE:       0.019640
spdenom1_3SE (HFm): 0.019467	 (HFp): 0.019345
spdenom2_2SE:       0.069940
spdenom2_3SE (HFm): 0.069643	 (HFp): 0.069643
spdenom_mix  (HFm): 0.001365	 (HFp): 0.001365
spv1num      (HFm): 0.000400	 (HFp): -0.000391
spv2num      (HFm): 0.004848	 (HFp): 0.004876
spv1num_mix  (HFm): 0.000030	 (HFp): -0.000028
   -----               
epv1_2SE     (HFm): 0.020009	 (HFp): -0.020042
epv1_3SE     (HFm): 0.020275	 (HFp): -0.020493
epv1_mix     (HFm): 0.020675	 (HFp): -0.019328
   -----            
spv1_2SE     (HFm): 0.020377	 (HFp): -0.019885
spv1_3SE     (HFm): 0.020558	 (HFp): -0.020188
spv1_mix     (HFm): 0.022125	 (HFp): -0.020436
   -----            
epv2_2SE     (HFm): 0.069626	 (HFp): 0.069861
epv2_3SE     (HFm): 0.069686	 (HFp): 0.069921
spv2_2SE     (HFm): 0.069322	 (HFp): 0.069717
spv2_3SE     (HFm): 0.069618	 (HFp): 0.070015
   -----          


  ---- Final Tally (HFm) ---- 

rescor1_2SE:     0.42719 +/- 0.00091
rescor1_3SE:     0.42584 +/- 0.00271
rescor2_2SE:     0.91272 +/-0.00011
rescor2_2SE:     0.91287 +/- 0.00021
rescor_Mix:      0.37925 +/- 0.00104
EPv1obs:         0.00835 +/- 0.00007
EPv2obs:         0.06374 +/- 0.00007
EPv1obs_mix:     0.00751 +/- 0.00006
   -----         
SPdenom1_2SE:    0.01993 +/- 0.00004
SPdenom1_3SE:    0.01990 +/- 0.00009
SPdenom2_2SE:    0.06998 +/- 0.00003
SPdenom2_3SE:    0.06998 +/- 0.00003
SPdenom1_mix:    0.00140 +/- 0.00000
SPv1num:         0.00039 +/- 0.00000
SPv2num:         0.00489 +/- 0.00001
SPv1numMix:      0.00003 +/- 0.00000
   -----         
EPv1_2SE:        0.01956 +/- 0.00017
EPv1_3SE:        0.01964 +/- 0.00025
EPv1_mix:        0.01981 +/- 0.00016
   -----         
SPv1_2SE:        0.01962 +/- 0.00017
SPv1_3SE:        0.01965 +/- 0.00021
SPv1_mix:        0.02044 +/- 0.00017
   -----         
EPv2_2SE:        0.06983 +/- 0.00008
EPv2_3SE:        0.06982 +/- 0.00008
SPv2_2SE:        0.06983 +/- 0.00010
SPv2_3SE:        0.06983 +/- 0.00009

  ---- Final Tally (HFp) ---- 

rescor1_2SE:    0.42719 +/- 0.00091
rescor1_3SE:    0.43145 +/- 0.00288
rescor2_2SE:    0.91272 +/-0.00011
rescor2_2SE:    0.91287 +/- 0.00021
rescor_mix:     0.37925 +/- 0.00104
EPv1obs:        -0.00859 +/- 0.00008
EPv2obs:        0.06398 +/- 0.00007
EPv1obsMix:     -0.00760 +/- 0.00006
   -----        
SPdenom1_2SE:   0.01993 +/- 0.00004
SPdenom1_3SE:   0.02013 +/- 0.00011
SPdenom2_2SE:   0.06998 +/- 0.00003
SPdenom2_3SE:   0.06998 +/- 0.00003
SPdenom_mix:    0.00140 +/- 0.00000
SPv1num:        -0.00040 +/- 0.00000
SPv2num:        0.00491 +/- 0.00001
SPv1numMix:     -0.00003 +/- 0.00000
   -----        
EPv1_2SE:       -0.02012 +/- 0.00019
EPv1_3SE:       -0.01993 +/- 0.00021
EPv1_mix:       -0.02005 +/- 0.00018
   -----        
SPv1_2SE:       -0.02019 +/- 0.00015
SPv1_3SE:       -0.02000 +/- 0.00016
SPv1_mix:       -0.02084 +/- 0.00017
   -----        
EPv2_2SE:       0.07010 +/- 0.00008
EPv2_3SE:       0.07009 +/- 0.00007
SPv2_2SE:       0.07010 +/- 0.00008
SPv2_3SE:       0.07010 +/- 0.00008

 --- Comparisons to input vn --- 

EPv1_2SE/v1in  (HFm): 0.9779 +/- 0.0087	 (HFp): -1.0058 +/- 0.0094
EPv1_3SE/v1in  (HFm): 0.9822 +/- 0.0126	 (HFp): -0.9964 +/- 0.0105
EPv1_mix/v1in  (HFm): 0.9906 +/- 0.0078	 (HFp): -1.0023 +/- 0.0090
   -----        
SPv1_2SE/v1in  (HFm): 0.9808 +/- 0.0084	 (HFp): -1.0097 +/- 0.0075
SPv1_3SE/v1in  (HFm): 0.9826 +/- 0.0103	 (HFp): -1.0000 +/- 0.0082
SPv1_mix/v1in  (HFm): 1.0222 +/- 0.0085	 (HFp): -1.0418 +/- 0.0085
   -----        
EPv2_2SE/v2in  (HFm): 0.9976 +/- 0.0012	 (HFp): 1.0014 +/- 0.0012
EPv2_3SE/v2in  (HFm): 0.9974 +/- 0.0011	 (HFp): 1.0013 +/- 0.0010
SPv2_2SE/v2in  (HFm): 0.9976 +/- 0.0015	 (HFp): 1.0015 +/- 0.0012
SPv2_3SE/v2in  (HFm): 0.9976 +/- 0.0013	 (HFp): 1.0015 +/- 0.0011

 ...done 

