
Processing v1MC.C++...
Info in <TUnixSystem::ACLiC>: creating shared library /home/w955m639/v1flow/Monte_Carlo/new_build/./v1MC_C.so
Rapidity-even input v1: 0.02
Input v2: 0.07
Using eta-dependent weighting... 
Conserving transverse momentum event by event... 
Holes in detector acceptance... 
Running 500000 events over 20 runs (25000 per run) 

Getting recentering values... 
offsets: HFm	-0.0674063	-0.154911	0.254132	-0.0669971
offsets: trackm	2.12382	-1.95352	-0.223936	2.76945
offsets: trackp	0.0882225	0.0201494	0.0426759	0.0127241
offsets: HFp	0.0165149	0.0763936	0.331276	0.0376087
offsets: trkmid	2.21204	-1.93337	-0.18126	2.78217
 ...recentering complete 

Generating flattening parameters... 
 ...flattening done 

Entering primary event loop
 event: 1250/25000	run: 1/20
 event: 2500/25000	run: 1/20
 event: 3750/25000	run: 1/20
 event: 5000/25000	run: 1/20
 event: 6250/25000	run: 1/20
 event: 7500/25000	run: 1/20
 event: 8750/25000	run: 1/20
 event: 10000/25000	run: 1/20
 event: 11250/25000	run: 1/20
 event: 12500/25000	run: 1/20
 event: 13750/25000	run: 1/20
 event: 15000/25000	run: 1/20
 event: 16250/25000	run: 1/20
 event: 17500/25000	run: 1/20
 event: 18750/25000	run: 1/20
 event: 20000/25000	run: 1/20
 event: 21250/25000	run: 1/20
 event: 22500/25000	run: 1/20
 event: 23750/25000	run: 1/20
 event: 25000/25000	run: 1/20
   -----            
nevts:              25000
evtmult:            6564
ncount (HFm):       5700675
ncount (HFp):       5628589
   -----            
HFm mult:           638
trackm mult:        222
trackmid mult:      447
trackp mult:        225
HFp mult:           692
particles rejected: 4787
   -----            
rescor1_2:          0.011051
rescor1_3    (HFm): 0.009810	 (HFp): 0.007724
rescor2_2:          0.912022
rescor2_3    (HFm): 0.912846	 (HFp): 0.912846
rescorMix    (HFm): 0.064394	 (HFp): 0.064394
epv1obs      (HFm): 0.000346	 (HFp): -0.000463
epv1obs_mix  (HFm): 0.000442	 (HFp): -0.000187
epv2obs      (HFm): 0.063802	 (HFp): 0.063653
   -----            
spdenom1_2SE:       0.001482
spdenom1_3SE (HFm): 0.001376	 (HFp): 0.001198
spdenom2_2SE:       0.069732
spdenom2_3SE (HFm): 0.069825	 (HFp): 0.069825
spdenom_mix  (HFm): 0.000301	 (HFp): 0.000301
spv1num      (HFm): 0.000010	 (HFp): -0.000024
spv2num      (HFm): 0.004872	 (HFp): 0.004868
spv1num_mix  (HFm): 0.000001	 (HFp): -0.000001
   -----               
epv1_2SE     (HFm): 0.031297	 (HFp): -0.041907
epv1_3SE     (HFm): 0.035255	 (HFp): -0.059957
epv1_mix     (HFm): 0.006857	 (HFp): -0.002901
   -----            
spv1_2SE     (HFm): 0.006957	 (HFp): -0.015880
spv1_3SE     (HFm): 0.007495	 (HFp): -0.019650
spv1_mix     (HFm): 0.001934	 (HFp): -0.004412
   -----            
epv2_2SE     (HFm): 0.069957	 (HFp): 0.069793
epv2_3SE     (HFm): 0.069894	 (HFp): 0.069730
spv2_2SE     (HFm): 0.069860	 (HFp): 0.069813
spv2_3SE     (HFm): 0.069768	 (HFp): 0.069721
   -----          

Getting recentering values... 
offsets: HFm	0.0538071	0.170552	-0.199742	-0.0277194
offsets: trackm	2.12856	-2.00832	-0.345595	2.85791
offsets: trackp	0.0195433	-0.0741548	-0.0131983	-0.0211088
offsets: HFp	0.233776	0.170007	0.000996244	-0.000754575
offsets: trkmid	2.1481	-2.08248	-0.358794	2.8368
 ...recentering complete 

Generating flattening parameters... 
 ...flattening done 

Entering primary event loop
 event: 1250/25000	run: 2/20
 event: 2500/25000	run: 2/20
 event: 3750/25000	run: 2/20
 event: 5000/25000	run: 2/20
 event: 6250/25000	run: 2/20
 event: 7500/25000	run: 2/20
 event: 8750/25000	run: 2/20
 event: 10000/25000	run: 2/20
 event: 11250/25000	run: 2/20
 event: 12500/25000	run: 2/20
 event: 13750/25000	run: 2/20
 event: 15000/25000	run: 2/20
 event: 16250/25000	run: 2/20
 event: 17500/25000	run: 2/20
 event: 18750/25000	run: 2/20
 event: 20000/25000	run: 2/20
 event: 21250/25000	run: 2/20
 event: 22500/25000	run: 2/20
 event: 23750/25000	run: 2/20
 event: 25000/25000	run: 2/20
   -----            
nevts:              25000
evtmult:            6564
ncount (HFm):       5697604
ncount (HFp):       5629860
   -----            
HFm mult:           687
trackm mult:        217
trackmid mult:      454
trackp mult:        237
HFp mult:           665
particles rejected: 4758
   -----            
rescor1_2:          0.068039
rescor1_3    (HFm): 0.052473	 (HFp): 0.052741
rescor2_2:          0.912066
rescor2_3    (HFm): 0.910823	 (HFp): 0.910823
rescorMix    (HFm): 0.084638	 (HFp): 0.084638
epv1obs      (HFm): -0.000345	 (HFp): 0.000008
epv1obs_mix  (HFm): 0.000026	 (HFp): 0.000597
epv2obs      (HFm): 0.062836	 (HFp): 0.063581
   -----            
spdenom1_2SE:       0.003675
spdenom1_3SE (HFm): 0.004715	 (HFp): 0.003631
spdenom2_2SE:       0.069586
spdenom2_3SE (HFm): 0.069636	 (HFp): 0.069636
spdenom_mix  (HFm): 0.000348	 (HFp): 0.000348
spv1num      (HFm): -0.000007	 (HFp): -0.000002
spv2num      (HFm): 0.004786	 (HFp): 0.004861
spv1num_mix  (HFm): 0.000001	 (HFp): 0.000001
   -----               
epv1_2SE     (HFm): -0.005068	 (HFp): 0.000123
epv1_3SE     (HFm): -0.006572	 (HFp): 0.000159
epv1_mix     (HFm): 0.000304	 (HFp): 0.007049
   -----            
spv1_2SE     (HFm): -0.001977	 (HFp): -0.000568
spv1_3SE     (HFm): -0.001541	 (HFp): -0.000575
spv1_mix     (HFm): 0.002339	 (HFp): 0.003507
   -----            
epv2_2SE     (HFm): 0.068894	 (HFp): 0.069711
epv2_3SE     (HFm): 0.068988	 (HFp): 0.069806
spv2_2SE     (HFm): 0.068779	 (HFp): 0.069857
spv2_3SE     (HFm): 0.068730	 (HFp): 0.069807
   -----          

Getting recentering values... 
offsets: HFm	0.206326	0.0949976	0.152399	0.194741
offsets: trackm	2.08721	-1.96035	-0.206787	2.82753
offsets: trackp	-0.124073	-0.0969542	0.035696	0.0289513
offsets: HFp	-0.07954	-0.0368475	-0.0661154	-0.0820365
offsets: trkmid	1.96314	-2.0573	-0.171091	2.85648
 ...recentering complete 

Generating flattening parameters... 
 ...flattening done 

Entering primary event loop
 event: 1250/25000	run: 3/20
 event: 2500/25000	run: 3/20
 event: 3750/25000	run: 3/20
 event: 5000/25000	run: 3/20
 event: 6250/25000	run: 3/20
 event: 7500/25000	run: 3/20
 event: 8750/25000	run: 3/20
 event: 10000/25000	run: 3/20
 event: 11250/25000	run: 3/20
 event: 12500/25000	run: 3/20
 event: 13750/25000	run: 3/20
 event: 15000/25000	run: 3/20
 event: 16250/25000	run: 3/20
 event: 17500/25000	run: 3/20
 event: 18750/25000	run: 3/20
 event: 20000/25000	run: 3/20
 event: 21250/25000	run: 3/20
 event: 22500/25000	run: 3/20
 event: 23750/25000	run: 3/20
 event: 25000/25000	run: 3/20
   -----            
nevts:              25000
evtmult:            6564
ncount (HFm):       5700900
ncount (HFp):       5629333
   -----            
HFm mult:           713
trackm mult:        222
trackmid mult:      452
trackp mult:        230
HFp mult:           648
particles rejected: 4751
   -----            
rescor1_2:          0.026573
rescor1_3    (HFm): 0.059624	 (HFp): 0.045508
rescor2_2:          0.911970
rescor2_3    (HFm): 0.911768	 (HFp): 0.911768
rescorMix    (HFm): 0.066473	 (HFp): 0.066473
epv1obs      (HFm): 0.000119	 (HFp): 0.000270
epv1obs_mix  (HFm): 0.000402	 (HFp): 0.000001
epv2obs      (HFm): 0.063276	 (HFp): 0.063472
   -----            
spdenom1_2SE:       0.001455
spdenom1_3SE (HFm): 0.001865	 (HFp): 0.002788
spdenom2_2SE:       0.070031
spdenom2_3SE (HFm): 0.069886	 (HFp): 0.069886
spdenom_mix  (HFm): 0.000325	 (HFp): 0.000325
spv1num      (HFm): 0.000002	 (HFp): 0.000016
spv2num      (HFm): 0.004842	 (HFp): 0.004870
spv1num_mix  (HFm): 0.000001	 (HFp): -0.000001
   -----               
epv1_2SE     (HFm): 0.004482	 (HFp): 0.010167
epv1_3SE     (HFm): 0.001997	 (HFp): 0.005937
epv1_mix     (HFm): 0.006053	 (HFp): 0.000012
   -----            
spv1_2SE     (HFm): 0.001283	 (HFp): 0.010707
spv1_3SE     (HFm): 0.001001	 (HFp): 0.005586
spv1_mix     (HFm): 0.002150	 (HFp): -0.003473
   -----            
epv2_2SE     (HFm): 0.069384	 (HFp): 0.069599
epv2_3SE     (HFm): 0.069399	 (HFp): 0.069615
spv2_2SE     (HFm): 0.069135	 (HFp): 0.069539
spv2_3SE     (HFm): 0.069279	 (HFp): 0.069684
   -----          

Getting recentering values... 
offsets: HFm	-0.103475	-0.0723118	-0.117975	0.0482627
offsets: trackm	2.15176	-1.96092	-0.357965	2.88357
offsets: trackp	0.15883	-0.0306068	-0.070693	-0.00782844
offsets: HFp	-0.147246	-0.127778	0.0352947	-0.199395
offsets: trkmid	2.31059	-1.99153	-0.428658	2.87574
 ...recentering complete 

Generating flattening parameters... 
 ...flattening done 

Entering primary event loop
 event: 1250/25000	run: 4/20
 event: 2500/25000	run: 4/20
 event: 3750/25000	run: 4/20
 event: 5000/25000	run: 4/20
 event: 6250/25000	run: 4/20
 event: 7500/25000	run: 4/20
 event: 8750/25000	run: 4/20
 event: 10000/25000	run: 4/20
 event: 11250/25000	run: 4/20
 event: 12500/25000	run: 4/20
 event: 13750/25000	run: 4/20
 event: 15000/25000	run: 4/20
 event: 16250/25000	run: 4/20
 event: 17500/25000	run: 4/20
 event: 18750/25000	run: 4/20
 event: 20000/25000	run: 4/20
 event: 21250/25000	run: 4/20
 event: 22500/25000	run: 4/20
 event: 23750/25000	run: 4/20
 event: 25000/25000	run: 4/20
   -----            
nevts:              25000
evtmult:            6564
ncount (HFm):       5701157
ncount (HFp):       5629748
   -----            
HFm mult:           684
trackm mult:        222
trackmid mult:      460
trackp mult:        238
HFp mult:           673
particles rejected: 4747
   -----            
rescor1_2:          0.090572
rescor1_3    (HFm): 0.093707	 (HFp): 0.146705
rescor2_2:          0.912109
rescor2_3    (HFm): 0.910926	 (HFp): 0.910926
rescorMix    (HFm): 0.049837	 (HFp): 0.049837
epv1obs      (HFm): 0.000008	 (HFp): -0.000072
epv1obs_mix  (HFm): -0.000236	 (HFp): -0.000647
epv2obs      (HFm): 0.063436	 (HFp): 0.063939
   -----            
spdenom1_2SE:       0.002146
spdenom1_3SE (HFm): 0.002961	 (HFp): 0.006586
spdenom2_2SE:       0.069786
spdenom2_3SE (HFm): 0.069872	 (HFp): 0.069872
spdenom_mix  (HFm): 0.000218	 (HFp): 0.000218
spv1num      (HFm): -0.000001	 (HFp): -0.000004
spv2num      (HFm): 0.004865	 (HFp): 0.004903
spv1num_mix  (HFm): -0.000001	 (HFp): -0.000001
   -----               
epv1_2SE     (HFm): 0.000084	 (HFp): -0.000799
epv1_3SE     (HFm): 0.000081	 (HFp): -0.000493
epv1_mix     (HFm): -0.004745	 (HFp): -0.012974
   -----            
spv1_2SE     (HFm): -0.000594	 (HFp): -0.001910
spv1_3SE     (HFm): -0.000430	 (HFp): -0.000622
spv1_mix     (HFm): -0.002925	 (HFp): -0.006633
   -----            
epv2_2SE     (HFm): 0.069548	 (HFp): 0.070100
epv2_3SE     (HFm): 0.069639	 (HFp): 0.070191
spv2_2SE     (HFm): 0.069713	 (HFp): 0.070260
spv2_3SE     (HFm): 0.069628	 (HFp): 0.070174
   -----          

Getting recentering values... 
offsets: HFm	0.102566	0.0894242	0.221067	-0.0675519
offsets: trackm	2.13963	-1.90548	-0.136718	2.71322
offsets: trackp	0.144481	-0.13998	0.172618	-0.0712494
offsets: HFp	0.0796369	-0.0722364	0.173083	-0.161798
offsets: trkmid	2.28411	-2.04546	0.0358997	2.64197
 ...recentering complete 

Generating flattening parameters... 
 ...flattening done 

Entering primary event loop
 event: 1250/25000	run: 5/20
 event: 2500/25000	run: 5/20
 event: 3750/25000	run: 5/20
 event: 5000/25000	run: 5/20
 event: 6250/25000	run: 5/20
 event: 7500/25000	run: 5/20
 event: 8750/25000	run: 5/20
 event: 10000/25000	run: 5/20
 event: 11250/25000	run: 5/20
 event: 12500/25000	run: 5/20
 event: 13750/25000	run: 5/20
 event: 15000/25000	run: 5/20
 event: 16250/25000	run: 5/20
 event: 17500/25000	run: 5/20
 event: 18750/25000	run: 5/20
 event: 20000/25000	run: 5/20
 event: 21250/25000	run: 5/20
 event: 22500/25000	run: 5/20
 event: 23750/25000	run: 5/20
 event: 25000/25000	run: 5/20
   -----            
nevts:              25000
evtmult:            6564
ncount (HFm):       5701183
ncount (HFp):       5627433
   -----            
HFm mult:           687
trackm mult:        216
trackmid mult:      462
trackp mult:        246
HFp mult:           689
particles rejected: 4726
   -----            
rescor1_2:          0.058031
rescor1_3    (HFm): 0.027955	 (HFp): 0.061334
rescor2_2:          0.912498
rescor2_3    (HFm): 0.912458	 (HFp): 0.912458
rescorMix    (HFm): 0.094126	 (HFp): 0.094126
epv1obs      (HFm): -0.000401	 (HFp): -0.000302
epv1obs_mix  (HFm): 0.000734	 (HFp): -0.000171
epv2obs      (HFm): 0.063822	 (HFp): 0.063528
   -----            
spdenom1_2SE:       0.002172
spdenom1_3SE (HFm): 0.001933	 (HFp): 0.001953
spdenom2_2SE:       0.069847
spdenom2_3SE (HFm): 0.069842	 (HFp): 0.069842
spdenom_mix  (HFm): 0.000268	 (HFp): 0.000268
spv1num      (HFm): -0.000020	 (HFp): -0.000012
spv2num      (HFm): 0.004889	 (HFp): 0.004862
spv1num_mix  (HFm): 0.000002	 (HFp): -0.000002
   -----               
epv1_2SE     (HFm): -0.006915	 (HFp): -0.005207
epv1_3SE     (HFm): -0.014355	 (HFp): -0.004927
epv1_mix     (HFm): 0.007795	 (HFp): -0.001818
   -----            
spv1_2SE     (HFm): -0.009304	 (HFp): -0.005525
spv1_3SE     (HFm): -0.010457	 (HFp): -0.006147
spv1_mix     (HFm): 0.006155	 (HFp): -0.008152
   -----            
epv2_2SE     (HFm): 0.069943	 (HFp): 0.069620
epv2_3SE     (HFm): 0.069946	 (HFp): 0.069623
spv2_2SE     (HFm): 0.069991	 (HFp): 0.069604
spv2_3SE     (HFm): 0.069996	 (HFp): 0.069609
   -----          

Getting recentering values... 
offsets: HFm	-0.21267	0.019454	0.23434	0.483568
offsets: trackm	2.16464	-2.0009	-0.226788	2.95992
offsets: trackp	0.0531385	0.0202095	0.0615661	0.113969
offsets: HFp	0.0686332	-0.208721	-0.0583394	0.433882
offsets: trkmid	2.21777	-1.98069	-0.165222	3.07389
 ...recentering complete 

Generating flattening parameters... 
 ...flattening done 

Entering primary event loop
 event: 1250/25000	run: 6/20
 event: 2500/25000	run: 6/20
 event: 3750/25000	run: 6/20
 event: 5000/25000	run: 6/20
 event: 6250/25000	run: 6/20
 event: 7500/25000	run: 6/20
 event: 8750/25000	run: 6/20
 event: 10000/25000	run: 6/20
 event: 11250/25000	run: 6/20
 event: 12500/25000	run: 6/20
 event: 13750/25000	run: 6/20
 event: 15000/25000	run: 6/20
 event: 16250/25000	run: 6/20
 event: 17500/25000	run: 6/20
 event: 18750/25000	run: 6/20
 event: 20000/25000	run: 6/20
 event: 21250/25000	run: 6/20
 event: 22500/25000	run: 6/20
 event: 23750/25000	run: 6/20
 event: 25000/25000	run: 6/20
   -----            
nevts:              25000
evtmult:            6564
ncount (HFm):       5700515
ncount (HFp):       5628205
   -----            
HFm mult:           680
trackm mult:        224
trackmid mult:      458
trackp mult:        234
HFp mult:           679
particles rejected: 4747
   -----            
rescor1_2:          0.022498
rescor1_3    (HFm): 0.022329	 (HFp): 0.036005
rescor2_2:          0.911832
rescor2_3    (HFm): 0.911526	 (HFp): 0.911526
rescorMix    (HFm): 0.047100	 (HFp): 0.047100
epv1obs      (HFm): -0.000297	 (HFp): 0.000355
epv1obs_mix  (HFm): 0.000109	 (HFp): -0.000598
epv2obs      (HFm): 0.063622	 (HFp): 0.063590
   -----            
spdenom1_2SE:       0.001878
spdenom1_3SE (HFm): 0.000679	 (HFp): 0.003237
spdenom2_2SE:       0.069771
spdenom2_3SE (HFm): 0.069855	 (HFp): 0.069855
spdenom_mix  (HFm): 0.000222	 (HFp): 0.000222
spv1num      (HFm): -0.000008	 (HFp): 0.000012
spv2num      (HFm): 0.004870	 (HFp): 0.004869
spv1num_mix  (HFm): 0.000001	 (HFp): -0.000002
   -----               
epv1_2SE     (HFm): -0.013190	 (HFp): 0.015791
epv1_3SE     (HFm): -0.013289	 (HFp): 0.009867
epv1_mix     (HFm): 0.002307	 (HFp): -0.012695
   -----            
spv1_2SE     (HFm): -0.004447	 (HFp): 0.006154
spv1_3SE     (HFm): -0.012293	 (HFp): 0.003569
spv1_mix     (HFm): 0.004125	 (HFp): -0.008546
   -----            
epv2_2SE     (HFm): 0.069774	 (HFp): 0.069739
epv2_3SE     (HFm): 0.069797	 (HFp): 0.069763
spv2_2SE     (HFm): 0.069802	 (HFp): 0.069779
spv2_3SE     (HFm): 0.069718	 (HFp): 0.069695
   -----          

Getting recentering values... 
offsets: HFm	-0.178217	0.0441979	-0.0944832	0.149762
offsets: trackm	2.23837	-2.01903	-0.259994	2.91604
offsets: trackp	-0.0780099	0.102786	0.0607609	0.000457489
offsets: HFp	-0.0182037	0.079181	0.0130289	0.139689
offsets: trkmid	2.16036	-1.91624	-0.199233	2.91649
 ...recentering complete 

Generating flattening parameters... 
 ...flattening done 

Entering primary event loop
 event: 1250/25000	run: 7/20
 event: 2500/25000	run: 7/20
 event: 3750/25000	run: 7/20
 event: 5000/25000	run: 7/20
 event: 6250/25000	run: 7/20
 event: 7500/25000	run: 7/20
 event: 8750/25000	run: 7/20
 event: 10000/25000	run: 7/20
 event: 11250/25000	run: 7/20
 event: 12500/25000	run: 7/20
 event: 13750/25000	run: 7/20
 event: 15000/25000	run: 7/20
 event: 16250/25000	run: 7/20
 event: 17500/25000	run: 7/20
 event: 18750/25000	run: 7/20
 event: 20000/25000	run: 7/20
 event: 21250/25000	run: 7/20
 event: 22500/25000	run: 7/20
 event: 23750/25000	run: 7/20
 event: 25000/25000	run: 7/20
   -----            
nevts:              25000
evtmult:            6564
ncount (HFm):       5701519
ncount (HFp):       5624718
   -----            
HFm mult:           718
trackm mult:        225
trackmid mult:      468
trackp mult:        243
HFp mult:           703
particles rejected: 4675
   -----            
rescor1_2:          0.042713
rescor1_3    (HFm): 0.047962	 (HFp): 0.032979
rescor2_2:          0.912306
rescor2_3    (HFm): 0.913860	 (HFp): 0.913860
rescorMix    (HFm): 0.082857	 (HFp): 0.082857
epv1obs      (HFm): -0.000329	 (HFp): -0.000013
epv1obs_mix  (HFm): 0.000059	 (HFp): -0.000310
epv2obs      (HFm): 0.063596	 (HFp): 0.064226
   -----            
spdenom1_2SE:       0.002099
spdenom1_3SE (HFm): 0.002771	 (HFp): 0.004595
spdenom2_2SE:       0.069870
spdenom2_3SE (HFm): 0.069924	 (HFp): 0.069924
spdenom_mix  (HFm): 0.000185	 (HFp): 0.000185
spv1num      (HFm): -0.000004	 (HFp): -0.000010
spv2num      (HFm): 0.004871	 (HFp): 0.004909
spv1num_mix  (HFm): -0.000000	 (HFp): -0.000002
   -----               
epv1_2SE     (HFm): -0.007701	 (HFp): -0.000299
epv1_3SE     (HFm): -0.006858	 (HFp): -0.000388
epv1_mix     (HFm): 0.000708	 (HFp): -0.003736
   -----            
spv1_2SE     (HFm): -0.001860	 (HFp): -0.004650
spv1_3SE     (HFm): -0.001409	 (HFp): -0.002123
spv1_mix     (HFm): -0.002464	 (HFp): -0.008663
   -----            
epv2_2SE     (HFm): 0.069710	 (HFp): 0.070400
epv2_3SE     (HFm): 0.069591	 (HFp): 0.070280
spv2_2SE     (HFm): 0.069714	 (HFp): 0.070252
spv2_3SE     (HFm): 0.069661	 (HFp): 0.070199
   -----          

Getting recentering values... 
offsets: HFm	0.20864	0.000495254	0.0409039	-0.340818
offsets: trackm	2.15415	-1.92348	-0.27062	2.75789
offsets: trackp	0.0107124	-0.0236785	0.0110901	-0.164568
offsets: HFp	-0.0212176	0.133873	0.183175	-0.426405
offsets: trkmid	2.16486	-1.94716	-0.25953	2.59332
 ...recentering complete 

Generating flattening parameters... 
 ...flattening done 

Entering primary event loop
 event: 1250/25000	run: 8/20
 event: 2500/25000	run: 8/20
 event: 3750/25000	run: 8/20
 event: 5000/25000	run: 8/20
 event: 6250/25000	run: 8/20
 event: 7500/25000	run: 8/20
 event: 8750/25000	run: 8/20
 event: 10000/25000	run: 8/20
 event: 11250/25000	run: 8/20
 event: 12500/25000	run: 8/20
 event: 13750/25000	run: 8/20
 event: 15000/25000	run: 8/20
 event: 16250/25000	run: 8/20
 event: 17500/25000	run: 8/20
 event: 18750/25000	run: 8/20
 event: 20000/25000	run: 8/20
 event: 21250/25000	run: 8/20
 event: 22500/25000	run: 8/20
 event: 23750/25000	run: 8/20
 event: 25000/25000	run: 8/20
   -----            
nevts:              25000
evtmult:            6564
ncount (HFm):       5698884
ncount (HFp):       5629329
   -----            
HFm mult:           708
trackm mult:        226
trackmid mult:      440
trackp mult:        214
HFp mult:           687
particles rejected: 4729
   -----            
rescor1_2:          0.042553
rescor1_3    (HFm): 0.269776	 (HFp): 0.078955
rescor2_2:          0.912809
rescor2_3    (HFm): 0.913488	 (HFp): 0.913488
rescorMix    (HFm): 0.102498	 (HFp): 0.102498
epv1obs      (HFm): 0.000096	 (HFp): 0.000227
epv1obs_mix  (HFm): 0.000314	 (HFp): -0.000099
epv2obs      (HFm): 0.063579	 (HFp): 0.064033
   -----            
spdenom1_2SE:       0.000218
spdenom1_3SE (HFm): 0.000182	 (HFp): 0.000227
spdenom2_2SE:       0.069701
spdenom2_3SE (HFm): 0.069624	 (HFp): 0.069624
spdenom_mix  (HFm): 0.000340	 (HFp): 0.000340
spv1num      (HFm): 0.000002	 (HFp): 0.000007
spv2num      (HFm): 0.004847	 (HFp): 0.004879
spv1num_mix  (HFm): 0.000001	 (HFp): -0.000001
   -----               
epv1_2SE     (HFm): 0.002266	 (HFp): 0.005329
epv1_3SE     (HFm): 0.000357	 (HFp): 0.002872
epv1_mix     (HFm): 0.003059	 (HFp): -0.000965
   -----            
spv1_2SE     (HFm): 0.009229	 (HFp): 0.034297
spv1_3SE     (HFm): 0.011036	 (HFp): 0.032887
spv1_mix     (HFm): 0.001936	 (HFp): -0.001890
   -----            
epv2_2SE     (HFm): 0.069652	 (HFp): 0.070149
epv2_3SE     (HFm): 0.069600	 (HFp): 0.070097
spv2_2SE     (HFm): 0.069539	 (HFp): 0.069998
spv2_3SE     (HFm): 0.069616	 (HFp): 0.070076
   -----          

Getting recentering values... 
offsets: HFm	0.226303	0.213404	0.229567	0.0592817
offsets: trackm	2.17623	-1.9356	-0.237089	2.77427
offsets: trackp	0.114307	-0.013342	0.0394189	-0.0107157
offsets: HFp	-0.00704927	-0.0923889	0.290219	0.296079
offsets: trkmid	2.29053	-1.94895	-0.19767	2.76356
 ...recentering complete 

Generating flattening parameters... 
 ...flattening done 

Entering primary event loop
 event: 1250/25000	run: 9/20
 event: 2500/25000	run: 9/20
 event: 3750/25000	run: 9/20
 event: 5000/25000	run: 9/20
 event: 6250/25000	run: 9/20
 event: 7500/25000	run: 9/20
 event: 8750/25000	run: 9/20
 event: 10000/25000	run: 9/20
 event: 11250/25000	run: 9/20
 event: 12500/25000	run: 9/20
 event: 13750/25000	run: 9/20
 event: 15000/25000	run: 9/20
 event: 16250/25000	run: 9/20
 event: 17500/25000	run: 9/20
 event: 18750/25000	run: 9/20
 event: 20000/25000	run: 9/20
 event: 21250/25000	run: 9/20
 event: 22500/25000	run: 9/20
 event: 23750/25000	run: 9/20
 event: 25000/25000	run: 9/20
   -----            
nevts:              25000
evtmult:            6564
ncount (HFm):       5700369
ncount (HFp):       5626631
   -----            
HFm mult:           679
trackm mult:        221
trackmid mult:      446
trackp mult:        225
HFp mult:           663
particles rejected: 4776
   -----            
rescor1_2:          0.059756
rescor1_3    (HFm): 0.035903	 (HFp): 0.062337
rescor2_2:          0.912396
rescor2_3    (HFm): 0.912264	 (HFp): 0.912264
rescorMix    (HFm): 0.105080	 (HFp): 0.105080
epv1obs      (HFm): 0.000289	 (HFp): -0.000320
epv1obs_mix  (HFm): -0.000242	 (HFp): -0.000284
epv2obs      (HFm): 0.063283	 (HFp): 0.063367
   -----            
spdenom1_2SE:       0.001652
spdenom1_3SE (HFm): 0.000839	 (HFp): 0.000785
spdenom2_2SE:       0.069752
spdenom2_3SE (HFm): 0.069674	 (HFp): 0.069674
spdenom_mix  (HFm): 0.000357	 (HFp): 0.000357
spv1num      (HFm): 0.000010	 (HFp): -0.000016
spv2num      (HFm): 0.004831	 (HFp): 0.004844
spv1num_mix  (HFm): -0.000000	 (HFp): -0.000002
   -----               
epv1_2SE     (HFm): 0.004831	 (HFp): -0.005362
epv1_3SE     (HFm): 0.008041	 (HFp): -0.005140
epv1_mix     (HFm): -0.002299	 (HFp): -0.002705
   -----            
spv1_2SE     (HFm): 0.006229	 (HFp): -0.009492
spv1_3SE     (HFm): 0.012261	 (HFp): -0.019974
spv1_mix     (HFm): -0.000702	 (HFp): -0.004338
   -----            
epv2_2SE     (HFm): 0.069359	 (HFp): 0.069452
epv2_3SE     (HFm): 0.069369	 (HFp): 0.069462
spv2_2SE     (HFm): 0.069265	 (HFp): 0.069444
spv2_3SE     (HFm): 0.069343	 (HFp): 0.069522
   -----          

Getting recentering values... 
offsets: HFm	-0.046941	-0.109297	-0.118875	-0.0406687
offsets: trackm	2.10948	-1.86872	-0.397411	2.78503
offsets: trackp	0.0433752	0.0770551	-0.0853467	-0.00519246
offsets: HFp	-0.18	0.270928	-0.177177	-0.462784
offsets: trkmid	2.15286	-1.79166	-0.482757	2.77983
 ...recentering complete 

Generating flattening parameters... 
 ...flattening done 

Entering primary event loop
 event: 1250/25000	run: 10/20
 event: 2500/25000	run: 10/20
 event: 3750/25000	run: 10/20
 event: 5000/25000	run: 10/20
 event: 6250/25000	run: 10/20
 event: 7500/25000	run: 10/20
 event: 8750/25000	run: 10/20
 event: 10000/25000	run: 10/20
 event: 11250/25000	run: 10/20
 event: 12500/25000	run: 10/20
 event: 13750/25000	run: 10/20
 event: 15000/25000	run: 10/20
 event: 16250/25000	run: 10/20
 event: 17500/25000	run: 10/20
 event: 18750/25000	run: 10/20
 event: 20000/25000	run: 10/20
 event: 21250/25000	run: 10/20
 event: 22500/25000	run: 10/20
 event: 23750/25000	run: 10/20
 event: 25000/25000	run: 10/20
   -----            
nevts:              25000
evtmult:            6564
ncount (HFm):       5701058
ncount (HFp):       5626538
   -----            
HFm mult:           673
trackm mult:        223
trackmid mult:      460
trackp mult:        237
HFp mult:           694
particles rejected: 4737
   -----            
rescor1_2:          0.053297
rescor1_3    (HFm): 0.129318	 (HFp): 0.055064
rescor2_2:          0.910920
rescor2_3    (HFm): 0.911691	 (HFp): 0.911691
rescorMix    (HFm): 0.037459	 (HFp): 0.037459
epv1obs      (HFm): -0.000354	 (HFp): -0.000049
epv1obs_mix  (HFm): 0.000359	 (HFp): -0.000394
epv2obs      (HFm): 0.063194	 (HFp): 0.064279
   -----            
spdenom1_2SE:       0.000843
spdenom1_3SE (HFm): 0.000251	 (HFp): 0.001266
spdenom2_2SE:       0.069588
spdenom2_3SE (HFm): 0.069664	 (HFp): 0.069664
spdenom_mix  (HFm): 0.000144	 (HFp): 0.000144
spv1num      (HFm): -0.000008	 (HFp): 0.000003
spv2num      (HFm): 0.004824	 (HFp): 0.004911
spv1num_mix  (HFm): 0.000001	 (HFp): -0.000001
   -----               
epv1_2SE     (HFm): -0.006642	 (HFp): -0.000910
epv1_3SE     (HFm): -0.002737	 (HFp): -0.000881
epv1_mix     (HFm): 0.009584	 (HFp): -0.010507
   -----            
spv1_2SE     (HFm): -0.009182	 (HFp): 0.003427
spv1_3SE     (HFm): -0.030892	 (HFp): 0.002284
spv1_mix     (HFm): 0.009198	 (HFp): -0.007316
   -----            
epv2_2SE     (HFm): 0.069374	 (HFp): 0.070565
epv2_3SE     (HFm): 0.069315	 (HFp): 0.070505
spv2_2SE     (HFm): 0.069317	 (HFp): 0.070567
spv2_3SE     (HFm): 0.069242	 (HFp): 0.070490
   -----          

Getting recentering values... 
offsets: HFm	-0.0907266	0.254131	0.395652	0.22855
offsets: trackm	2.1674	-2.03036	-0.19733	2.82367
offsets: trackp	-0.148284	-0.0216321	0.20715	-0.0206554
offsets: HFp	0.0799054	-0.138404	0.102584	0.303854
offsets: trkmid	2.01912	-2.05199	0.0098203	2.80302
 ...recentering complete 

Generating flattening parameters... 
 ...flattening done 

Entering primary event loop
 event: 1250/25000	run: 11/20
 event: 2500/25000	run: 11/20
 event: 3750/25000	run: 11/20
 event: 5000/25000	run: 11/20
 event: 6250/25000	run: 11/20
 event: 7500/25000	run: 11/20
 event: 8750/25000	run: 11/20
 event: 10000/25000	run: 11/20
 event: 11250/25000	run: 11/20
 event: 12500/25000	run: 11/20
 event: 13750/25000	run: 11/20
 event: 15000/25000	run: 11/20
 event: 16250/25000	run: 11/20
 event: 17500/25000	run: 11/20
 event: 18750/25000	run: 11/20
 event: 20000/25000	run: 11/20
 event: 21250/25000	run: 11/20
 event: 22500/25000	run: 11/20
 event: 23750/25000	run: 11/20
 event: 25000/25000	run: 11/20
   -----            
nevts:              25000
evtmult:            6564
ncount (HFm):       5703219
ncount (HFp):       5628183
   -----            
HFm mult:           697
trackm mult:        220
trackmid mult:      455
trackp mult:        235
HFp mult:           705
particles rejected: 4707
   -----            
rescor1_2:          0.092821
rescor1_3    (HFm): 0.146509	 (HFp): 0.028936
rescor2_2:          0.911606
rescor2_3    (HFm): 0.912620	 (HFp): 0.912620
rescorMix    (HFm): 0.042307	 (HFp): 0.042307
epv1obs      (HFm): -0.000466	 (HFp): -0.000156
epv1obs_mix  (HFm): 0.000010	 (HFp): -0.000468
epv2obs      (HFm): 0.063701	 (HFp): 0.063907
   -----            
spdenom1_2SE:       0.002866
spdenom1_3SE (HFm): 0.003450	 (HFp): 0.001701
spdenom2_2SE:       0.069689
spdenom2_3SE (HFm): 0.069556	 (HFp): 0.069556
spdenom_mix  (HFm): 0.000157	 (HFp): 0.000157
spv1num      (HFm): -0.000024	 (HFp): -0.000010
spv2num      (HFm): 0.004862	 (HFp): 0.004877
spv1num_mix  (HFm): 0.000001	 (HFp): -0.000001
   -----               
epv1_2SE     (HFm): -0.005017	 (HFp): -0.001684
epv1_3SE     (HFm): -0.003179	 (HFp): -0.005402
epv1_mix     (HFm): 0.000236	 (HFp): -0.011069
   -----            
spv1_2SE     (HFm): -0.008526	 (HFp): -0.003650
spv1_3SE     (HFm): -0.007083	 (HFp): -0.006151
spv1_mix     (HFm): 0.003593	 (HFp): -0.009243
   -----            
epv2_2SE     (HFm): 0.069878	 (HFp): 0.070103
epv2_3SE     (HFm): 0.069800	 (HFp): 0.070026
spv2_2SE     (HFm): 0.069773	 (HFp): 0.069990
spv2_3SE     (HFm): 0.069906	 (HFp): 0.070123
   -----          

Getting recentering values... 
offsets: HFm	0.277063	-0.051043	-0.378217	-0.110101
offsets: trackm	2.15251	-1.85629	-0.309808	2.75365
offsets: trackp	0.0905034	-0.029662	0.00637883	-0.0135038
offsets: HFp	0.121833	0.0583879	-0.234298	-0.0270053
offsets: trkmid	2.24301	-1.88595	-0.303429	2.74014
 ...recentering complete 

Generating flattening parameters... 
 ...flattening done 

Entering primary event loop
 event: 1250/25000	run: 12/20
 event: 2500/25000	run: 12/20
 event: 3750/25000	run: 12/20
 event: 5000/25000	run: 12/20
 event: 6250/25000	run: 12/20
 event: 7500/25000	run: 12/20
 event: 8750/25000	run: 12/20
 event: 10000/25000	run: 12/20
 event: 11250/25000	run: 12/20
 event: 12500/25000	run: 12/20
 event: 13750/25000	run: 12/20
 event: 15000/25000	run: 12/20
 event: 16250/25000	run: 12/20
 event: 17500/25000	run: 12/20
 event: 18750/25000	run: 12/20
 event: 20000/25000	run: 12/20
 event: 21250/25000	run: 12/20
 event: 22500/25000	run: 12/20
 event: 23750/25000	run: 12/20
 event: 25000/25000	run: 12/20
   -----            
nevts:              25000
evtmult:            6564
ncount (HFm):       5703383
ncount (HFp):       5629035
   -----            
HFm mult:           707
trackm mult:        226
trackmid mult:      452
trackp mult:        226
HFp mult:           677
particles rejected: 4728
   -----            
rescor1_2:          0.027670
rescor1_3    (HFm): 0.005774	 (HFp): 0.026476
rescor2_2:          0.912363
rescor2_3    (HFm): 0.910954	 (HFp): 0.910954
rescorMix    (HFm): 0.013330	 (HFp): 0.013330
epv1obs      (HFm): -0.000337	 (HFp): -0.000276
epv1obs_mix  (HFm): 0.000205	 (HFp): -0.000257
epv2obs      (HFm): 0.063609	 (HFp): 0.063669
   -----            
spdenom1_2SE:       0.002316
spdenom1_3SE (HFm): 0.002045	 (HFp): 0.000971
spdenom2_2SE:       0.069912
spdenom2_3SE (HFm): 0.069912	 (HFp): 0.069912
spdenom_mix  (HFm): 0.000129	 (HFp): 0.000129
spv1num      (HFm): -0.000009	 (HFp): -0.000014
spv2num      (HFm): 0.004889	 (HFp): 0.004889
spv1num_mix  (HFm): 0.000001	 (HFp): -0.000002
   -----               
epv1_2SE     (HFm): -0.012166	 (HFp): -0.009962
epv1_3SE     (HFm): -0.058307	 (HFp): -0.010411
epv1_mix     (HFm): 0.015373	 (HFp): -0.019260
   -----            
spv1_2SE     (HFm): -0.003993	 (HFp): -0.006049
spv1_3SE     (HFm): -0.004523	 (HFp): -0.014437
spv1_mix     (HFm): 0.011212	 (HFp): -0.013401
   -----            
epv2_2SE     (HFm): 0.069719	 (HFp): 0.069785
epv2_3SE     (HFm): 0.069827	 (HFp): 0.069893
spv2_2SE     (HFm): 0.069933	 (HFp): 0.069932
spv2_3SE     (HFm): 0.069932	 (HFp): 0.069931
   -----          

Getting recentering values... 
offsets: HFm	0.0898177	-0.209027	0.115621	0.259148
offsets: trackm	2.28568	-2.03513	-0.233376	2.83226
offsets: trackp	-0.0552155	-0.119785	0.164902	-0.0627042
offsets: HFp	-0.128633	-0.0921577	-0.0299304	0.151603
offsets: trkmid	2.23047	-2.15491	-0.0684745	2.76956
 ...recentering complete 

Generating flattening parameters... 
 ...flattening done 

Entering primary event loop
 event: 1250/25000	run: 13/20
 event: 2500/25000	run: 13/20
 event: 3750/25000	run: 13/20
 event: 5000/25000	run: 13/20
 event: 6250/25000	run: 13/20
 event: 7500/25000	run: 13/20
 event: 8750/25000	run: 13/20
 event: 10000/25000	run: 13/20
 event: 11250/25000	run: 13/20
 event: 12500/25000	run: 13/20
 event: 13750/25000	run: 13/20
 event: 15000/25000	run: 13/20
 event: 16250/25000	run: 13/20
 event: 17500/25000	run: 13/20
 event: 18750/25000	run: 13/20
 event: 20000/25000	run: 13/20
 event: 21250/25000	run: 13/20
 event: 22500/25000	run: 13/20
 event: 23750/25000	run: 13/20
 event: 25000/25000	run: 13/20
   -----            
nevts:              25000
evtmult:            6564
ncount (HFm):       5700441
ncount (HFp):       5627981
   -----            
HFm mult:           660
trackm mult:        216
trackmid mult:      413
trackp mult:        197
HFp mult:           660
particles rejected: 4831
   -----            
rescor1_2:          0.023895
rescor1_3    (HFm): 0.114356	 (HFp): 0.054086
rescor2_2:          0.910733
rescor2_3    (HFm): 0.911689	 (HFp): 0.911689
rescorMix    (HFm): 0.072916	 (HFp): 0.072916
epv1obs      (HFm): -0.000070	 (HFp): -0.000164
epv1obs_mix  (HFm): -0.000080	 (HFp): 0.000053
epv2obs      (HFm): 0.063651	 (HFp): 0.064114
   -----            
spdenom1_2SE:       0.002447
spdenom1_3SE (HFm): 0.001389	 (HFp): 0.002072
spdenom2_2SE:       0.069601
spdenom2_3SE (HFm): 0.069611	 (HFp): 0.069611
spdenom_mix  (HFm): 0.000205	 (HFp): 0.000205
spv1num      (HFm): 0.000013	 (HFp): -0.000012
spv2num      (HFm): 0.004869	 (HFp): 0.004909
spv1num_mix  (HFm): 0.000001	 (HFp): -0.000000
   -----               
epv1_2SE     (HFm): -0.002944	 (HFp): -0.006880
epv1_3SE     (HFm): -0.000615	 (HFp): -0.003040
epv1_mix     (HFm): -0.001099	 (HFp): 0.000730
   -----            
spv1_2SE     (HFm): 0.005318	 (HFp): -0.004914
spv1_3SE     (HFm): 0.009366	 (HFp): -0.005805
spv1_mix     (HFm): 0.004353	 (HFp): -0.001978
   -----            
epv2_2SE     (HFm): 0.069889	 (HFp): 0.070398
epv2_3SE     (HFm): 0.069816	 (HFp): 0.070324
spv2_2SE     (HFm): 0.069955	 (HFp): 0.070532
spv2_3SE     (HFm): 0.069946	 (HFp): 0.070523
   -----          

Getting recentering values... 
offsets: HFm	-0.114466	-0.0443735	-0.073433	-0.300943
offsets: trackm	2.10705	-1.95345	-0.183466	2.78284
offsets: trackp	0.0494055	-0.00583368	-0.0427718	0.00869839
offsets: HFp	6.53689e-05	0.200335	0.0526197	-0.495791
offsets: trkmid	2.15646	-1.95929	-0.226238	2.79154
 ...recentering complete 

Generating flattening parameters... 
 ...flattening done 

Entering primary event loop
 event: 1250/25000	run: 14/20
 event: 2500/25000	run: 14/20
 event: 3750/25000	run: 14/20
 event: 5000/25000	run: 14/20
 event: 6250/25000	run: 14/20
 event: 7500/25000	run: 14/20
 event: 8750/25000	run: 14/20
 event: 10000/25000	run: 14/20
 event: 11250/25000	run: 14/20
 event: 12500/25000	run: 14/20
 event: 13750/25000	run: 14/20
 event: 15000/25000	run: 14/20
 event: 16250/25000	run: 14/20
 event: 17500/25000	run: 14/20
 event: 18750/25000	run: 14/20
 event: 20000/25000	run: 14/20
 event: 21250/25000	run: 14/20
 event: 22500/25000	run: 14/20
 event: 23750/25000	run: 14/20
 event: 25000/25000	run: 14/20
   -----            
nevts:              25000
evtmult:            6564
ncount (HFm):       5700644
ncount (HFp):       5627974
   -----            
HFm mult:           681
trackm mult:        223
trackmid mult:      449
trackp mult:        226
HFp mult:           670
particles rejected: 4764
   -----            
rescor1_2:          0.034637
rescor1_3    (HFm): 0.067131	 (HFp): 0.021587
rescor2_2:          0.911416
rescor2_3    (HFm): 0.912517	 (HFp): 0.912517
rescorMix    (HFm): 0.044669	 (HFp): 0.044669
epv1obs      (HFm): -0.000233	 (HFp): 0.000098
epv1obs_mix  (HFm): 0.000408	 (HFp): -0.000162
epv2obs      (HFm): 0.063822	 (HFp): 0.063536
   -----            
spdenom1_2SE:       0.002566
spdenom1_3SE (HFm): 0.003059	 (HFp): 0.003371
spdenom2_2SE:       0.069709
spdenom2_3SE (HFm): 0.069681	 (HFp): 0.069681
spdenom_mix  (HFm): 0.000151	 (HFp): 0.000151
spv1num      (HFm): -0.000002	 (HFp): 0.000005
spv2num      (HFm): 0.004874	 (HFp): 0.004851
spv1num_mix  (HFm): 0.000001	 (HFp): -0.000001
   -----               
epv1_2SE     (HFm): -0.006721	 (HFp): 0.002830
epv1_3SE     (HFm): -0.003468	 (HFp): 0.004541
epv1_mix     (HFm): 0.009137	 (HFp): -0.003617
   -----            
spv1_2SE     (HFm): -0.000680	 (HFp): 0.002061
spv1_3SE     (HFm): -0.000571	 (HFp): 0.001569
spv1_mix     (HFm): 0.009016	 (HFp): -0.009440
   -----            
epv2_2SE     (HFm): 0.070025	 (HFp): 0.069711
epv2_3SE     (HFm): 0.069940	 (HFp): 0.069627
spv2_2SE     (HFm): 0.069924	 (HFp): 0.069588
spv2_3SE     (HFm): 0.069952	 (HFp): 0.069615
   -----          

Getting recentering values... 
offsets: HFm	0.137882	-0.247007	0.0394186	0.143553
offsets: trackm	2.06188	-2.04601	-0.174529	2.86528
offsets: trackp	0.107377	-0.105337	0.046378	0.0156382
offsets: HFp	0.384433	0.235515	0.0100864	0.167456
offsets: trkmid	2.16925	-2.15135	-0.128151	2.88092
 ...recentering complete 

Generating flattening parameters... 
 ...flattening done 

Entering primary event loop
 event: 1250/25000	run: 15/20
 event: 2500/25000	run: 15/20
 event: 3750/25000	run: 15/20
 event: 5000/25000	run: 15/20
 event: 6250/25000	run: 15/20
 event: 7500/25000	run: 15/20
 event: 8750/25000	run: 15/20
 event: 10000/25000	run: 15/20
 event: 11250/25000	run: 15/20
 event: 12500/25000	run: 15/20
 event: 13750/25000	run: 15/20
 event: 15000/25000	run: 15/20
 event: 16250/25000	run: 15/20
 event: 17500/25000	run: 15/20
 event: 18750/25000	run: 15/20
 event: 20000/25000	run: 15/20
 event: 21250/25000	run: 15/20
 event: 22500/25000	run: 15/20
 event: 23750/25000	run: 15/20
 event: 25000/25000	run: 15/20
   -----            
nevts:              25000
evtmult:            6564
ncount (HFm):       5703447
ncount (HFp):       5628720
   -----            
HFm mult:           710
trackm mult:        221
trackmid mult:      455
trackp mult:        234
HFp mult:           673
particles rejected: 4726
   -----            
rescor1_2:          0.016773
rescor1_3    (HFm): 0.012979	 (HFp): 0.009211
rescor2_2:          0.912502
rescor2_3    (HFm): 0.910967	 (HFp): 0.910967
rescorMix    (HFm): 0.023400	 (HFp): 0.023400
epv1obs      (HFm): -0.000189	 (HFp): -0.000315
epv1obs_mix  (HFm): 0.000168	 (HFp): -0.000436
epv2obs      (HFm): 0.062889	 (HFp): 0.062994
   -----            
spdenom1_2SE:       0.001893
spdenom1_3SE (HFm): 0.001345	 (HFp): 0.002235
spdenom2_2SE:       0.069813
spdenom2_3SE (HFm): 0.069756	 (HFp): 0.069756
spdenom_mix  (HFm): 0.000199	 (HFp): 0.000199
spv1num      (HFm): 0.000002	 (HFp): -0.000007
spv2num      (HFm): 0.004811	 (HFp): 0.004818
spv1num_mix  (HFm): 0.000001	 (HFp): -0.000001
   -----               
epv1_2SE     (HFm): -0.011293	 (HFp): -0.018777
epv1_3SE     (HFm): -0.014594	 (HFp): -0.034192
epv1_mix     (HFm): 0.007167	 (HFp): -0.018622
   -----            
spv1_2SE     (HFm): 0.000929	 (HFp): -0.003526
spv1_3SE     (HFm): 0.001307	 (HFp): -0.002986
spv1_mix     (HFm): 0.006442	 (HFp): -0.006542
   -----            
epv2_2SE     (HFm): 0.068919	 (HFp): 0.069034
epv2_3SE     (HFm): 0.069035	 (HFp): 0.069151
spv2_2SE     (HFm): 0.068914	 (HFp): 0.069008
spv2_3SE     (HFm): 0.068970	 (HFp): 0.069064
   -----          

Getting recentering values... 
offsets: HFm	0.0628071	0.115963	-0.425885	0.29246
offsets: trackm	2.25102	-1.98013	-0.555021	2.97147
offsets: trackp	0.0505963	0.0439928	-0.114654	0.240311
offsets: HFp	0.039901	-0.00853773	-0.44872	0.134668
offsets: trkmid	2.30161	-1.93614	-0.669675	3.21178
 ...recentering complete 

Generating flattening parameters... 
 ...flattening done 

Entering primary event loop
 event: 1250/25000	run: 16/20
 event: 2500/25000	run: 16/20
 event: 3750/25000	run: 16/20
 event: 5000/25000	run: 16/20
 event: 6250/25000	run: 16/20
 event: 7500/25000	run: 16/20
 event: 8750/25000	run: 16/20
 event: 10000/25000	run: 16/20
 event: 11250/25000	run: 16/20
 event: 12500/25000	run: 16/20
 event: 13750/25000	run: 16/20
 event: 15000/25000	run: 16/20
 event: 16250/25000	run: 16/20
 event: 17500/25000	run: 16/20
 event: 18750/25000	run: 16/20
 event: 20000/25000	run: 16/20
 event: 21250/25000	run: 16/20
 event: 22500/25000	run: 16/20
 event: 23750/25000	run: 16/20
 event: 25000/25000	run: 16/20
   -----            
nevts:              25000
evtmult:            6564
ncount (HFm):       5700196
ncount (HFp):       5627271
   -----            
HFm mult:           676
trackm mult:        233
trackmid mult:      475
trackp mult:        242
HFp mult:           716
particles rejected: 4697
   -----            
rescor1_2:          0.021208
rescor1_3    (HFm): 0.044286	 (HFp): 0.018087
rescor2_2:          0.911400
rescor2_3    (HFm): 0.911155	 (HFp): 0.911155
rescorMix    (HFm): 0.082332	 (HFp): 0.082332
epv1obs      (HFm): -0.000044	 (HFp): -0.000171
epv1obs_mix  (HFm): 0.000235	 (HFp): -0.000196
epv2obs      (HFm): 0.063677	 (HFp): 0.063406
   -----            
spdenom1_2SE:       0.002028
spdenom1_3SE (HFm): 0.003490	 (HFp): 0.000986
spdenom2_2SE:       0.069727
spdenom2_3SE (HFm): 0.069787	 (HFp): 0.069787
spdenom_mix  (HFm): 0.000281	 (HFp): 0.000281
spv1num      (HFm): -0.000006	 (HFp): -0.000004
spv2num      (HFm): 0.004884	 (HFp): 0.004853
spv1num_mix  (HFm): 0.000001	 (HFp): -0.000001
   -----               
epv1_2SE     (HFm): -0.002051	 (HFp): -0.008052
epv1_3SE     (HFm): -0.000982	 (HFp): -0.009441
epv1_mix     (HFm): 0.002852	 (HFp): -0.002386
   -----            
spv1_2SE     (HFm): -0.003053	 (HFp): -0.002132
spv1_3SE     (HFm): -0.001774	 (HFp): -0.004383
spv1_mix     (HFm): 0.002249	 (HFp): -0.001952
   -----            
epv2_2SE     (HFm): 0.069868	 (HFp): 0.069570
epv2_3SE     (HFm): 0.069887	 (HFp): 0.069588
spv2_2SE     (HFm): 0.070043	 (HFp): 0.069596
spv2_3SE     (HFm): 0.069982	 (HFp): 0.069536
   -----          

Getting recentering values... 
offsets: HFm	-0.00522541	-0.0365021	0.531025	0.269033
offsets: trackm	2.14949	-1.87423	-0.0744701	2.89384
offsets: trackp	0.0493332	-0.0904384	0.158771	-0.134172
offsets: HFp	0.200037	-0.0491718	0.517489	0.00215301
offsets: trkmid	2.19882	-1.96467	0.0843006	2.75967
 ...recentering complete 

Generating flattening parameters... 
 ...flattening done 

Entering primary event loop
 event: 1250/25000	run: 17/20
 event: 2500/25000	run: 17/20
 event: 3750/25000	run: 17/20
 event: 5000/25000	run: 17/20
 event: 6250/25000	run: 17/20
 event: 7500/25000	run: 17/20
 event: 8750/25000	run: 17/20
 event: 10000/25000	run: 17/20
 event: 11250/25000	run: 17/20
 event: 12500/25000	run: 17/20
 event: 13750/25000	run: 17/20
 event: 15000/25000	run: 17/20
 event: 16250/25000	run: 17/20
 event: 17500/25000	run: 17/20
 event: 18750/25000	run: 17/20
 event: 20000/25000	run: 17/20
 event: 21250/25000	run: 17/20
 event: 22500/25000	run: 17/20
 event: 23750/25000	run: 17/20
 event: 25000/25000	run: 17/20
   -----            
nevts:              25000
evtmult:            6564
ncount (HFm):       5697139
ncount (HFp):       5625479
   -----            
HFm mult:           691
trackm mult:        231
trackmid mult:      456
trackp mult:        225
HFp mult:           677
particles rejected: 4740
   -----            
rescor1_2:          0.016506
rescor1_3    (HFm): 0.008875	 (HFp): 0.006414
rescor2_2:          0.912844
rescor2_3    (HFm): 0.913888	 (HFp): 0.913888
rescorMix    (HFm): 0.099180	 (HFp): 0.099180
epv1obs      (HFm): 0.000305	 (HFp): -0.000379
epv1obs_mix  (HFm): 0.000387	 (HFp): -0.000425
epv2obs      (HFm): 0.063475	 (HFp): 0.064123
   -----            
spdenom1_2SE:       0.002953
spdenom1_3SE (HFm): 0.001386	 (HFp): 0.000818
spdenom2_2SE:       0.069773
spdenom2_3SE (HFm): 0.069897	 (HFp): 0.069897
spdenom_mix  (HFm): 0.000360	 (HFp): 0.000360
spv1num      (HFm): 0.000022	 (HFp): -0.000014
spv2num      (HFm): 0.004862	 (HFp): 0.004896
spv1num_mix  (HFm): 0.000001	 (HFp): -0.000002
   -----               
epv1_2SE     (HFm): 0.018498	 (HFp): -0.022973
epv1_3SE     (HFm): 0.034401	 (HFp): -0.059113
epv1_mix     (HFm): 0.003904	 (HFp): -0.004283
   -----            
spv1_2SE     (HFm): 0.007497	 (HFp): -0.004641
spv1_3SE     (HFm): 0.015967	 (HFp): -0.016755
spv1_mix     (HFm): 0.003394	 (HFp): -0.005417
   -----            
epv2_2SE     (HFm): 0.069535	 (HFp): 0.070246
epv2_3SE     (HFm): 0.069456	 (HFp): 0.070165
spv2_2SE     (HFm): 0.069689	 (HFp): 0.070163
spv2_3SE     (HFm): 0.069566	 (HFp): 0.070039
   -----          

Getting recentering values... 
offsets: HFm	0.0454302	-0.0796325	-0.210138	0.0484852
offsets: trackm	2.20604	-1.91643	-0.29802	2.94482
offsets: trackp	0.0716004	0.0406613	-0.180356	0.109219
offsets: HFp	-0.00625981	-0.0399633	-0.231159	0.284052
offsets: trkmid	2.27764	-1.87577	-0.478376	3.05404
 ...recentering complete 

Generating flattening parameters... 
 ...flattening done 

Entering primary event loop
 event: 1250/25000	run: 18/20
 event: 2500/25000	run: 18/20
 event: 3750/25000	run: 18/20
 event: 5000/25000	run: 18/20
 event: 6250/25000	run: 18/20
 event: 7500/25000	run: 18/20
 event: 8750/25000	run: 18/20
 event: 10000/25000	run: 18/20
 event: 11250/25000	run: 18/20
 event: 12500/25000	run: 18/20
 event: 13750/25000	run: 18/20
 event: 15000/25000	run: 18/20
 event: 16250/25000	run: 18/20
 event: 17500/25000	run: 18/20
 event: 18750/25000	run: 18/20
 event: 20000/25000	run: 18/20
 event: 21250/25000	run: 18/20
 event: 22500/25000	run: 18/20
 event: 23750/25000	run: 18/20
 event: 25000/25000	run: 18/20
   -----            
nevts:              25000
evtmult:            6564
ncount (HFm):       5700754
ncount (HFp):       5628570
   -----            
HFm mult:           686
trackm mult:        219
trackmid mult:      439
trackp mult:        220
HFp mult:           713
particles rejected: 4726
   -----            
rescor1_2:          0.037817
rescor1_3    (HFm): 0.028891	 (HFp): 0.038968
rescor2_2:          0.910987
rescor2_3    (HFm): 0.913079	 (HFp): 0.913079
rescorMix    (HFm): 0.051361	 (HFp): 0.051361
epv1obs      (HFm): 0.000531	 (HFp): -0.000522
epv1obs_mix  (HFm): -0.000118	 (HFp): -0.001083
epv2obs      (HFm): 0.063943	 (HFp): 0.063404
   -----            
spdenom1_2SE:       0.001326
spdenom1_3SE (HFm): 0.001281	 (HFp): 0.001241
spdenom2_2SE:       0.069616
spdenom2_3SE (HFm): 0.069924	 (HFp): 0.069924
spdenom_mix  (HFm): 0.000254	 (HFp): 0.000254
spv1num      (HFm): 0.000023	 (HFp): -0.000026
spv2num      (HFm): 0.004910	 (HFp): 0.004859
spv1num_mix  (HFm): 0.000000	 (HFp): -0.000003
   -----               
epv1_2SE     (HFm): 0.014030	 (HFp): -0.013796
epv1_3SE     (HFm): 0.018365	 (HFp): -0.013389
epv1_mix     (HFm): -0.002296	 (HFp): -0.021080
   -----            
spv1_2SE     (HFm): 0.017660	 (HFp): -0.019812
spv1_3SE     (HFm): 0.018276	 (HFp): -0.021159
spv1_mix     (HFm): 0.001336	 (HFp): -0.012368
   -----            
epv2_2SE     (HFm): 0.070191	 (HFp): 0.069599
epv2_3SE     (HFm): 0.070030	 (HFp): 0.069440
spv2_2SE     (HFm): 0.070532	 (HFp): 0.069800
spv2_3SE     (HFm): 0.070222	 (HFp): 0.069493
   -----          

Getting recentering values... 
offsets: HFm	-0.0184254	-0.151754	0.032252	-0.182955
offsets: trackm	2.08289	-1.95821	-0.248103	2.7349
offsets: trackp	0.00948378	-0.0126236	-0.0316805	-0.0384429
offsets: HFp	-0.0400099	-0.013376	-0.0144422	0.0245242
offsets: trkmid	2.09237	-1.97083	-0.279783	2.69646
 ...recentering complete 

Generating flattening parameters... 
 ...flattening done 

Entering primary event loop
 event: 1250/25000	run: 19/20
 event: 2500/25000	run: 19/20
 event: 3750/25000	run: 19/20
 event: 5000/25000	run: 19/20
 event: 6250/25000	run: 19/20
 event: 7500/25000	run: 19/20
 event: 8750/25000	run: 19/20
 event: 10000/25000	run: 19/20
 event: 11250/25000	run: 19/20
 event: 12500/25000	run: 19/20
 event: 13750/25000	run: 19/20
 event: 15000/25000	run: 19/20
 event: 16250/25000	run: 19/20
 event: 17500/25000	run: 19/20
 event: 18750/25000	run: 19/20
 event: 20000/25000	run: 19/20
 event: 21250/25000	run: 19/20
 event: 22500/25000	run: 19/20
 event: 23750/25000	run: 19/20
 event: 25000/25000	run: 19/20
   -----            
nevts:              25000
evtmult:            6564
ncount (HFm):       5700996
ncount (HFp):       5626489
   -----            
HFm mult:           696
trackm mult:        230
trackmid mult:      449
trackp mult:        219
HFp mult:           697
particles rejected: 4722
   -----            
rescor1_2:          0.051629
rescor1_3    (HFm): 0.153641	 (HFp): 0.117748
rescor2_2:          0.911727
rescor2_3    (HFm): 0.911803	 (HFp): 0.911803
rescorMix    (HFm): 0.093638	 (HFp): 0.093638
epv1obs      (HFm): 0.000017	 (HFp): -0.000025
epv1obs_mix  (HFm): 0.000218	 (HFp): -0.000144
epv2obs      (HFm): 0.062814	 (HFp): 0.063826
   -----            
spdenom1_2SE:       0.003490
spdenom1_3SE (HFm): 0.003965	 (HFp): 0.005750
spdenom2_2SE:       0.069654
spdenom2_3SE (HFm): 0.069463	 (HFp): 0.069463
spdenom_mix  (HFm): 0.000309	 (HFp): 0.000309
spv1num      (HFm): 0.000003	 (HFp): -0.000011
spv2num      (HFm): 0.004793	 (HFp): 0.004870
spv1num_mix  (HFm): 0.000000	 (HFp): -0.000001
   -----               
epv1_2SE     (HFm): 0.000337	 (HFp): -0.000484
epv1_3SE     (HFm): 0.000113	 (HFp): -0.000212
epv1_mix     (HFm): 0.002330	 (HFp): -0.001535
   -----            
spv1_2SE     (HFm): 0.000751	 (HFp): -0.003078
spv1_3SE     (HFm): 0.000661	 (HFp): -0.001868
spv1_mix     (HFm): 0.000599	 (HFp): -0.002962
   -----            
epv2_2SE     (HFm): 0.068896	 (HFp): 0.070005
epv2_3SE     (HFm): 0.068890	 (HFp): 0.070000
spv2_2SE     (HFm): 0.068808	 (HFp): 0.069920
spv2_3SE     (HFm): 0.068996	 (HFp): 0.070112
   -----          

Getting recentering values... 
offsets: HFm	0.0858958	-0.0829795	0.371268	-0.00330536
offsets: trackm	2.14707	-1.98695	-0.0574874	2.80884
offsets: trackp	0.0316681	-0.0376806	0.120934	0.00826846
offsets: HFp	-0.161505	-0.0741884	0.370098	0.0805192
offsets: trkmid	2.17874	-2.02463	0.0634462	2.81711
 ...recentering complete 

Generating flattening parameters... 
 ...flattening done 

Entering primary event loop
 event: 1250/25000	run: 20/20
 event: 2500/25000	run: 20/20
 event: 3750/25000	run: 20/20
 event: 5000/25000	run: 20/20
 event: 6250/25000	run: 20/20
 event: 7500/25000	run: 20/20
 event: 8750/25000	run: 20/20
 event: 10000/25000	run: 20/20
 event: 11250/25000	run: 20/20
 event: 12500/25000	run: 20/20
 event: 13750/25000	run: 20/20
 event: 15000/25000	run: 20/20
 event: 16250/25000	run: 20/20
 event: 17500/25000	run: 20/20
 event: 18750/25000	run: 20/20
 event: 20000/25000	run: 20/20
 event: 21250/25000	run: 20/20
 event: 22500/25000	run: 20/20
 event: 23750/25000	run: 20/20
 event: 25000/25000	run: 20/20
   -----            
nevts:              25000
evtmult:            6564
ncount (HFm):       5699134
ncount (HFp):       5629209
   -----            
HFm mult:           676
trackm mult:        235
trackmid mult:      450
trackp mult:        215
HFp mult:           691
particles rejected: 4747
   -----            
rescor1_2:          0.046281
rescor1_3    (HFm): 0.041934	 (HFp): 0.046728
rescor2_2:          0.912784
rescor2_3    (HFm): 0.912447	 (HFp): 0.912447
rescorMix    (HFm): 0.049294	 (HFp): 0.049294
epv1obs      (HFm): 0.000249	 (HFp): -0.000053
epv1obs_mix  (HFm): 0.000779	 (HFp): -0.000282
epv2obs      (HFm): 0.063277	 (HFp): 0.063504
   -----            
spdenom1_2SE:       0.001454
spdenom1_3SE (HFm): 0.006587	 (HFp): 0.000416
spdenom2_2SE:       0.069694
spdenom2_3SE (HFm): 0.069397	 (HFp): 0.069397
spdenom_mix  (HFm): 0.000195	 (HFp): 0.000195
spv1num      (HFm): 0.000012	 (HFp): -0.000000
spv2num      (HFm): 0.004811	 (HFp): 0.004838
spv1num_mix  (HFm): 0.000003	 (HFp): -0.000001
   -----               
epv1_2SE     (HFm): 0.005386	 (HFp): -0.001155
epv1_3SE     (HFm): 0.005945	 (HFp): -0.001144
epv1_mix     (HFm): 0.015813	 (HFp): -0.005727
   -----            
spv1_2SE     (HFm): 0.008419	 (HFp): -0.000207
spv1_3SE     (HFm): 0.001858	 (HFp): -0.000721
spv1_mix     (HFm): 0.015654	 (HFp): -0.006459
   -----            
epv2_2SE     (HFm): 0.069323	 (HFp): 0.069572
epv2_3SE     (HFm): 0.069349	 (HFp): 0.069598
spv2_2SE     (HFm): 0.069037	 (HFp): 0.069413
spv2_3SE     (HFm): 0.069333	 (HFp): 0.069711
   -----          


  ---- Final Tally (HFm) ---- 

rescor1_2SE:     0.04222 +/- 0.00508
rescor1_3SE:     0.06866 +/- 0.01438
rescor2_2SE:     0.91196 +/-0.00014
rescor2_2SE:     0.91214 +/- 0.00021
rescor_Mix:      0.06534 +/- 0.00591
EPv1obs:         -0.00006 +/- 0.00006
EPv2obs:         0.06347 +/- 0.00007
EPv1obs_mix:     0.00021 +/- 0.00006
   -----         
SPdenom1_2SE:    0.00205 +/- 0.00018
SPdenom1_3SE:    0.00228 +/- 0.00035
SPdenom2_2SE:    0.06974 +/- 0.00002
SPdenom2_3SE:    0.06974 +/- 0.00003
SPdenom1_mix:    0.00025 +/- 0.00002
SPv1num:         0.00000 +/- 0.00000
SPv2num:         0.00485 +/- 0.00001
SPv1numMix:      0.00000 +/- 0.00000
   -----         
EPv1_2SE:        0.00008 +/- 0.00240
EPv1_3SE:        -0.00102 +/- 0.00417
EPv1_mix:        0.00415 +/- 0.00122
   -----         
SPv1_2SE:        0.00103 +/- 0.00152
SPv1_3SE:        0.00041 +/- 0.00240
SPv1_mix:        0.00398 +/- 0.00100
   -----         
EPv2_2SE:        0.06959 +/- 0.00008
EPv2_3SE:        0.06958 +/- 0.00007
SPv2_2SE:        0.06959 +/- 0.00010
SPv2_3SE:        0.06959 +/- 0.00009

  ---- Final Tally (HFp) ---- 

rescor1_2SE:    0.04222 +/- 0.00508
rescor1_3SE:    0.04738 +/- 0.00771
rescor2_2SE:    0.91196 +/-0.00014
rescor2_2SE:    0.91214 +/- 0.00021
rescor_mix:     0.06534 +/- 0.00591
EPv1obs:        -0.00012 +/- 0.00005
EPv2obs:        0.06371 +/- 0.00007
EPv1obsMix:     -0.00027 +/- 0.00007
   -----        
SPdenom1_2SE:   0.00205 +/- 0.00018
SPdenom1_3SE:   0.00229 +/- 0.00039
SPdenom2_2SE:   0.06974 +/- 0.00002
SPdenom2_3SE:   0.06974 +/- 0.00003
SPdenom_mix:    0.00025 +/- 0.00002
SPv1num:        -0.00001 +/- 0.00000
SPv2num:        0.00487 +/- 0.00001
SPv1numMix:     -0.00000 +/- 0.00000
   -----        
EPv1_2SE:       -0.00520 +/- 0.00271
EPv1_3SE:       -0.00924 +/- 0.00424
EPv1_mix:       -0.00640 +/- 0.00163
   -----        
SPv1_2SE:       -0.00147 +/- 0.00235
SPv1_3SE:       -0.00387 +/- 0.00260
SPv1_mix:       -0.00598 +/- 0.00087
   -----        
EPv2_2SE:       0.06986 +/- 0.00008
EPv2_3SE:       0.06984 +/- 0.00008
SPv2_2SE:       0.06985 +/- 0.00008
SPv2_3SE:       0.06986 +/- 0.00008

 --- Comparisons to input vn --- 

EPv1_2SE/v1in  (HFm): 0.0038 +/- 0.1200	 (HFp): -0.2600 +/- 0.1357
EPv1_3SE/v1in  (HFm): -0.0510 +/- 0.2086	 (HFp): -0.4619 +/- 0.2119
EPv1_mix/v1in  (HFm): 0.2076 +/- 0.0608	 (HFp): -0.3202 +/- 0.0814
   -----        
SPv1_2SE/v1in  (HFm): 0.0516 +/- 0.0758	 (HFp): -0.0735 +/- 0.1176
SPv1_3SE/v1in  (HFm): 0.0206 +/- 0.1199	 (HFp): -0.1937 +/- 0.1299
SPv1_mix/v1in  (HFm): 0.1990 +/- 0.0500	 (HFp): -0.2992 +/- 0.0433
   -----        
EPv2_2SE/v2in  (HFm): 0.9942 +/- 0.0012	 (HFp): 0.9980 +/- 0.0012
EPv2_3SE/v2in  (HFm): 0.9940 +/- 0.0011	 (HFp): 0.9978 +/- 0.0011
SPv2_2SE/v2in  (HFm): 0.9941 +/- 0.0015	 (HFp): 0.9979 +/- 0.0012
SPv2_3SE/v2in  (HFm): 0.9941 +/- 0.0013	 (HFp): 0.9979 +/- 0.0011

 ...done 

