
Processing v1MC.C++...
Info in <TUnixSystem::ACLiC>: creating shared library /home/w955m639/v1flow/Monte_Carlo/new_build/./v1MC_C.so
Rapidity-odd input v1
Input v2: 0.07
Using eta-dependent weighting... 
Holes in detector acceptance... 
Running 500000 events over 20 runs (25000 per run) 

Entering primary event loop
 event: 1250/25000	run: 1/20
 event: 2500/25000	run: 1/20
 event: 3750/25000	run: 1/20
 event: 5000/25000	run: 1/20
 event: 6250/25000	run: 1/20
 event: 7500/25000	run: 1/20
 event: 8750/25000	run: 1/20
 event: 10000/25000	run: 1/20
 event: 11250/25000	run: 1/20
 event: 12500/25000	run: 1/20
 event: 13750/25000	run: 1/20
 event: 15000/25000	run: 1/20
 event: 16250/25000	run: 1/20
 event: 17500/25000	run: 1/20
 event: 18750/25000	run: 1/20
 event: 20000/25000	run: 1/20
 event: 21250/25000	run: 1/20
 event: 22500/25000	run: 1/20
 event: 23750/25000	run: 1/20
 event: 25000/25000	run: 1/20
   -----            
nevts:              25000
evtmult:            6564
ncount (HFm):       5700636
ncount (HFp):       5629081
   -----            
HFm mult:           631
trackm mult:        223
trackmid mult:      447
trackp mult:        224
HFp mult:           689
particles rejected: 4797
   -----            
rescor1_2:          0.434187
rescor1_3    (HFm): 0.289454	 (HFp): 0.479994
rescor2_2:          0.912560
rescor2_3    (HFm): 0.913450	 (HFp): 0.913450
rescorMix    (HFm): 0.378563	 (HFp): 0.378563
epv1obs      (HFm): 0.001169	 (HFp): -0.001063
epv1obs_mix  (HFm): 0.000997	 (HFp): -0.000299
epv2obs      (HFm): 0.064119	 (HFp): 0.063964
   -----            
spdenom1_2SE:       0.020356
spdenom1_3SE (HFm): 0.016819	 (HFp): 0.021982
spdenom2_2SE:       0.069930
spdenom2_3SE (HFm): 0.070048	 (HFp): 0.070048
spdenom_mix  (HFm): 0.001412	 (HFp): 0.001412
spv1num      (HFm): 0.000048	 (HFp): -0.000047
spv2num      (HFm): 0.004909	 (HFp): 0.004907
spv1num_mix  (HFm): 0.000003	 (HFp): -0.000002
   -----               
epv1_2SE     (HFm): 0.002693	 (HFp): -0.002448
epv1_3SE     (HFm): 0.004039	 (HFp): -0.002215
epv1_mix     (HFm): 0.002632	 (HFp): -0.000789
   -----            
spv1_2SE     (HFm): 0.002376	 (HFp): -0.002289
spv1_3SE     (HFm): 0.002876	 (HFp): -0.002120
spv1_mix     (HFm): 0.002294	 (HFp): -0.001149
   -----            
epv2_2SE     (HFm): 0.070263	 (HFp): 0.070093
epv2_3SE     (HFm): 0.070195	 (HFp): 0.070025
spv2_2SE     (HFm): 0.070194	 (HFp): 0.070165
spv2_3SE     (HFm): 0.070076	 (HFp): 0.070047
   -----          

Entering primary event loop
 event: 1250/25000	run: 2/20
 event: 2500/25000	run: 2/20
 event: 3750/25000	run: 2/20
 event: 5000/25000	run: 2/20
 event: 6250/25000	run: 2/20
 event: 7500/25000	run: 2/20
 event: 8750/25000	run: 2/20
 event: 10000/25000	run: 2/20
 event: 11250/25000	run: 2/20
 event: 12500/25000	run: 2/20
 event: 13750/25000	run: 2/20
 event: 15000/25000	run: 2/20
 event: 16250/25000	run: 2/20
 event: 17500/25000	run: 2/20
 event: 18750/25000	run: 2/20
 event: 20000/25000	run: 2/20
 event: 21250/25000	run: 2/20
 event: 22500/25000	run: 2/20
 event: 23750/25000	run: 2/20
 event: 25000/25000	run: 2/20
   -----            
nevts:              25000
evtmult:            6564
ncount (HFm):       5697215
ncount (HFp):       5629470
   -----            
HFm mult:           687
trackm mult:        216
trackmid mult:      454
trackp mult:        238
HFp mult:           664
particles rejected: 4759
   -----            
rescor1_2:          0.425182
rescor1_3    (HFm): 0.462907	 (HFp): 0.497112
rescor2_2:          0.913026
rescor2_3    (HFm): 0.912063	 (HFp): 0.912063
rescorMix    (HFm): 0.377275	 (HFp): 0.377275
epv1obs      (HFm): 0.000653	 (HFp): -0.000384
epv1obs_mix  (HFm): 0.000762	 (HFp): -0.000241
epv2obs      (HFm): 0.063129	 (HFp): 0.063928
   -----            
spdenom1_2SE:       0.019944
spdenom1_3SE (HFm): 0.025953	 (HFp): 0.019970
spdenom2_2SE:       0.069829
spdenom2_3SE (HFm): 0.069889	 (HFp): 0.069889
spdenom_mix  (HFm): 0.001393	 (HFp): 0.001393
spv1num      (HFm): 0.000030	 (HFp): -0.000019
spv2num      (HFm): 0.004823	 (HFp): 0.004897
spv1num_mix  (HFm): 0.000003	 (HFp): -0.000000
   -----               
epv1_2SE     (HFm): 0.001536	 (HFp): -0.000903
epv1_3SE     (HFm): 0.001411	 (HFp): -0.000772
epv1_mix     (HFm): 0.002021	 (HFp): -0.000640
   -----            
spv1_2SE     (HFm): 0.001494	 (HFp): -0.000944
spv1_3SE     (HFm): 0.001148	 (HFp): -0.000943
spv1_mix     (HFm): 0.002443	 (HFp): -0.000287
   -----            
epv2_2SE     (HFm): 0.069142	 (HFp): 0.070017
epv2_3SE     (HFm): 0.069215	 (HFp): 0.070091
spv2_2SE     (HFm): 0.069072	 (HFp): 0.070129
spv2_3SE     (HFm): 0.069012	 (HFp): 0.070069
   -----          

Entering primary event loop
 event: 1250/25000	run: 3/20
 event: 2500/25000	run: 3/20
 event: 3750/25000	run: 3/20
 event: 5000/25000	run: 3/20
 event: 6250/25000	run: 3/20
 event: 7500/25000	run: 3/20
 event: 8750/25000	run: 3/20
 event: 10000/25000	run: 3/20
 event: 11250/25000	run: 3/20
 event: 12500/25000	run: 3/20
 event: 13750/25000	run: 3/20
 event: 15000/25000	run: 3/20
 event: 16250/25000	run: 3/20
 event: 17500/25000	run: 3/20
 event: 18750/25000	run: 3/20
 event: 20000/25000	run: 3/20
 event: 21250/25000	run: 3/20
 event: 22500/25000	run: 3/20
 event: 23750/25000	run: 3/20
 event: 25000/25000	run: 3/20
   -----            
nevts:              25000
evtmult:            6564
ncount (HFm):       5700975
ncount (HFp):       5628268
   -----            
HFm mult:           716
trackm mult:        221
trackmid mult:      450
trackp mult:        229
HFp mult:           649
particles rejected: 4749
   -----            
rescor1_2:          0.432278
rescor1_3    (HFm): 0.376026	 (HFp): 0.342251
rescor2_2:          0.912531
rescor2_3    (HFm): 0.912175	 (HFp): 0.912175
rescorMix    (HFm): 0.381241	 (HFp): 0.381241
epv1obs      (HFm): 0.001188	 (HFp): -0.000373
epv1obs_mix  (HFm): 0.000850	 (HFp): -0.000974
epv2obs      (HFm): 0.063644	 (HFp): 0.063640
   -----            
spdenom1_2SE:       0.020252
spdenom1_3SE (HFm): 0.015723	 (HFp): 0.019251
spdenom2_2SE:       0.070261
spdenom2_3SE (HFm): 0.070073	 (HFp): 0.070073
spdenom_mix  (HFm): 0.001394	 (HFp): 0.001394
spv1num      (HFm): 0.000045	 (HFp): -0.000020
spv2num      (HFm): 0.004878	 (HFp): 0.004894
spv1num_mix  (HFm): 0.000002	 (HFp): -0.000003
   -----               
epv1_2SE     (HFm): 0.002749	 (HFp): -0.000862
epv1_3SE     (HFm): 0.003161	 (HFp): -0.001089
epv1_mix     (HFm): 0.002229	 (HFp): -0.002555
   -----            
spv1_2SE     (HFm): 0.002208	 (HFp): -0.001006
spv1_3SE     (HFm): 0.002844	 (HFp): -0.001058
spv1_mix     (HFm): 0.001620	 (HFp): -0.002191
   -----            
epv2_2SE     (HFm): 0.069745	 (HFp): 0.069740
epv2_3SE     (HFm): 0.069772	 (HFp): 0.069767
spv2_2SE     (HFm): 0.069427	 (HFp): 0.069648
spv2_3SE     (HFm): 0.069613	 (HFp): 0.069835
   -----          

Entering primary event loop
 event: 1250/25000	run: 4/20
 event: 2500/25000	run: 4/20
 event: 3750/25000	run: 4/20
 event: 5000/25000	run: 4/20
 event: 6250/25000	run: 4/20
 event: 7500/25000	run: 4/20
 event: 8750/25000	run: 4/20
 event: 10000/25000	run: 4/20
 event: 11250/25000	run: 4/20
 event: 12500/25000	run: 4/20
 event: 13750/25000	run: 4/20
 event: 15000/25000	run: 4/20
 event: 16250/25000	run: 4/20
 event: 17500/25000	run: 4/20
 event: 18750/25000	run: 4/20
 event: 20000/25000	run: 4/20
 event: 21250/25000	run: 4/20
 event: 22500/25000	run: 4/20
 event: 23750/25000	run: 4/20
 event: 25000/25000	run: 4/20
   -----            
nevts:              25000
evtmult:            6564
ncount (HFm):       5700734
ncount (HFp):       5630038
   -----            
HFm mult:           690
trackm mult:        221
trackmid mult:      456
trackp mult:        235
HFp mult:           672
particles rejected: 4746
   -----            
rescor1_2:          0.422191
rescor1_3    (HFm): 0.426696	 (HFp): 0.709055
rescor2_2:          0.912801
rescor2_3    (HFm): 0.911765	 (HFp): 0.911765
rescorMix    (HFm): 0.377274	 (HFp): 0.377274
epv1obs      (HFm): 0.000293	 (HFp): -0.000655
epv1obs_mix  (HFm): 0.000020	 (HFp): -0.000860
epv2obs      (HFm): 0.063670	 (HFp): 0.064262
   -----            
spdenom1_2SE:       0.019782
spdenom1_3SE (HFm): 0.018637	 (HFp): 0.040578
spdenom2_2SE:       0.070045
spdenom2_3SE (HFm): 0.070119	 (HFp): 0.070119
spdenom_mix  (HFm): 0.001402	 (HFp): 0.001402
spv1num      (HFm): 0.000010	 (HFp): -0.000030
spv2num      (HFm): 0.004894	 (HFp): 0.004938
spv1num_mix  (HFm): 0.000000	 (HFp): -0.000003
   -----               
epv1_2SE     (HFm): 0.000695	 (HFp): -0.001551
epv1_3SE     (HFm): 0.000687	 (HFp): -0.000924
epv1_mix     (HFm): 0.000054	 (HFp): -0.002279
   -----            
spv1_2SE     (HFm): 0.000488	 (HFp): -0.001525
spv1_3SE     (HFm): 0.000518	 (HFp): -0.000744
spv1_mix     (HFm): 0.000254	 (HFp): -0.001785
   -----            
epv2_2SE     (HFm): 0.069753	 (HFp): 0.070401
epv2_3SE     (HFm): 0.069832	 (HFp): 0.070481
spv2_2SE     (HFm): 0.069876	 (HFp): 0.070500
spv2_3SE     (HFm): 0.069802	 (HFp): 0.070425
   -----          

Entering primary event loop
 event: 1250/25000	run: 5/20
 event: 2500/25000	run: 5/20
 event: 3750/25000	run: 5/20
 event: 5000/25000	run: 5/20
 event: 6250/25000	run: 5/20
 event: 7500/25000	run: 5/20
 event: 8750/25000	run: 5/20
 event: 10000/25000	run: 5/20
 event: 11250/25000	run: 5/20
 event: 12500/25000	run: 5/20
 event: 13750/25000	run: 5/20
 event: 15000/25000	run: 5/20
 event: 16250/25000	run: 5/20
 event: 17500/25000	run: 5/20
 event: 18750/25000	run: 5/20
 event: 20000/25000	run: 5/20
 event: 21250/25000	run: 5/20
 event: 22500/25000	run: 5/20
 event: 23750/25000	run: 5/20
 event: 25000/25000	run: 5/20
   -----            
nevts:              25000
evtmult:            6564
ncount (HFm):       5701120
ncount (HFp):       5627183
   -----            
HFm mult:           682
trackm mult:        214
trackmid mult:      461
trackp mult:        247
HFp mult:           677
particles rejected: 4744
   -----            
rescor1_2:          0.433493
rescor1_3    (HFm): 0.564857	 (HFp): 0.539694
rescor2_2:          0.913256
rescor2_3    (HFm): 0.913077	 (HFp): 0.913077
rescorMix    (HFm): 0.375625	 (HFp): 0.375625
epv1obs      (HFm): -0.000079	 (HFp): -0.000517
epv1obs_mix  (HFm): 0.000872	 (HFp): -0.000752
epv2obs      (HFm): 0.064116	 (HFp): 0.063796
   -----            
spdenom1_2SE:       0.020231
spdenom1_3SE (HFm): 0.025853	 (HFp): 0.048526
spdenom2_2SE:       0.070122
spdenom2_3SE (HFm): 0.070123	 (HFp): 0.070123
spdenom_mix  (HFm): 0.001396	 (HFp): 0.001396
spv1num      (HFm): 0.000005	 (HFp): -0.000027
spv2num      (HFm): 0.004926	 (HFp): 0.004896
spv1num_mix  (HFm): 0.000003	 (HFp): -0.000004
   -----               
epv1_2SE     (HFm): -0.000183	 (HFp): -0.001193
epv1_3SE     (HFm): -0.000141	 (HFp): -0.000958
epv1_mix     (HFm): 0.002322	 (HFp): -0.002003
   -----            
spv1_2SE     (HFm): 0.000226	 (HFp): -0.001344
spv1_3SE     (HFm): 0.000177	 (HFp): -0.000560
spv1_mix     (HFm): 0.001811	 (HFp): -0.002585
   -----            
epv2_2SE     (HFm): 0.070206	 (HFp): 0.069856
epv2_3SE     (HFm): 0.070220	 (HFp): 0.069869
spv2_2SE     (HFm): 0.070254	 (HFp): 0.069816
spv2_3SE     (HFm): 0.070253	 (HFp): 0.069815
   -----          

Entering primary event loop
 event: 1250/25000	run: 6/20
 event: 2500/25000	run: 6/20
 event: 3750/25000	run: 6/20
 event: 5000/25000	run: 6/20
 event: 6250/25000	run: 6/20
 event: 7500/25000	run: 6/20
 event: 8750/25000	run: 6/20
 event: 10000/25000	run: 6/20
 event: 11250/25000	run: 6/20
 event: 12500/25000	run: 6/20
 event: 13750/25000	run: 6/20
 event: 15000/25000	run: 6/20
 event: 16250/25000	run: 6/20
 event: 17500/25000	run: 6/20
 event: 18750/25000	run: 6/20
 event: 20000/25000	run: 6/20
 event: 21250/25000	run: 6/20
 event: 22500/25000	run: 6/20
 event: 23750/25000	run: 6/20
 event: 25000/25000	run: 6/20
   -----            
nevts:              25000
evtmult:            6564
ncount (HFm):       5699689
ncount (HFp):       5627694
   -----            
HFm mult:           675
trackm mult:        221
trackmid mult:      452
trackp mult:        231
HFp mult:           677
particles rejected: 4760
   -----            
rescor1_2:          0.423905
rescor1_3    (HFm): 1.818732	 (HFp): 0.419062
rescor2_2:          0.912954
rescor2_3    (HFm): 0.913188	 (HFp): 0.913188
rescorMix    (HFm): 0.385947	 (HFp): 0.385947
epv1obs      (HFm): 0.000707	 (HFp): 0.000060
epv1obs_mix  (HFm): 0.000583	 (HFp): -0.000543
epv2obs      (HFm): 0.063927	 (HFp): 0.063958
   -----            
spdenom1_2SE:       0.020112
spdenom1_3SE (HFm): 0.041272	 (HFp): 0.026925
spdenom2_2SE:       0.070019
spdenom2_3SE (HFm): 0.070122	 (HFp): 0.070122
spdenom_mix  (HFm): 0.001416	 (HFp): 0.001416
spv1num      (HFm): 0.000026	 (HFp): -0.000007
spv2num      (HFm): 0.004904	 (HFp): 0.004905
spv1num_mix  (HFm): 0.000003	 (HFp): -0.000002
   -----               
epv1_2SE     (HFm): 0.001667	 (HFp): 0.000141
epv1_3SE     (HFm): 0.000389	 (HFp): 0.000142
epv1_mix     (HFm): 0.001511	 (HFp): -0.001406
   -----            
spv1_2SE     (HFm): 0.001289	 (HFp): -0.000346
spv1_3SE     (HFm): 0.000628	 (HFp): -0.000259
spv1_mix     (HFm): 0.001930	 (HFp): -0.001513
   -----            
epv2_2SE     (HFm): 0.070022	 (HFp): 0.070056
epv2_3SE     (HFm): 0.070004	 (HFp): 0.070038
spv2_2SE     (HFm): 0.070036	 (HFp): 0.070057
spv2_3SE     (HFm): 0.069933	 (HFp): 0.069954
   -----          

Entering primary event loop
 event: 1250/25000	run: 7/20
 event: 2500/25000	run: 7/20
 event: 3750/25000	run: 7/20
 event: 5000/25000	run: 7/20
 event: 6250/25000	run: 7/20
 event: 7500/25000	run: 7/20
 event: 8750/25000	run: 7/20
 event: 10000/25000	run: 7/20
 event: 11250/25000	run: 7/20
 event: 12500/25000	run: 7/20
 event: 13750/25000	run: 7/20
 event: 15000/25000	run: 7/20
 event: 16250/25000	run: 7/20
 event: 17500/25000	run: 7/20
 event: 18750/25000	run: 7/20
 event: 20000/25000	run: 7/20
 event: 21250/25000	run: 7/20
 event: 22500/25000	run: 7/20
 event: 23750/25000	run: 7/20
 event: 25000/25000	run: 7/20
   -----            
nevts:              25000
evtmult:            6564
ncount (HFm):       5700997
ncount (HFp):       5624423
   -----            
HFm mult:           723
trackm mult:        227
trackmid mult:      471
trackp mult:        244
HFp mult:           692
particles rejected: 4678
   -----            
rescor1_2:          0.432305
rescor1_3    (HFm): 0.571749	 (HFp): 0.768594
rescor2_2:          0.913065
rescor2_3    (HFm): 0.914066	 (HFp): 0.914066
rescorMix    (HFm): 0.379952	 (HFp): 0.379952
epv1obs      (HFm): 0.000108	 (HFp): -0.000718
epv1obs_mix  (HFm): 0.000283	 (HFp): -0.000952
epv2obs      (HFm): 0.063959	 (HFp): 0.064355
   -----            
spdenom1_2SE:       0.020244
spdenom1_3SE (HFm): 0.019809	 (HFp): 0.019607
spdenom2_2SE:       0.070137
spdenom2_3SE (HFm): 0.070171	 (HFp): 0.070171
spdenom_mix  (HFm): 0.001424	 (HFp): 0.001424
spv1num      (HFm): 0.000016	 (HFp): -0.000035
spv2num      (HFm): 0.004910	 (HFp): 0.004939
spv1num_mix  (HFm): 0.000001	 (HFp): -0.000003
   -----               
epv1_2SE     (HFm): 0.000249	 (HFp): -0.001661
epv1_3SE     (HFm): 0.000189	 (HFp): -0.000934
epv1_mix     (HFm): 0.000745	 (HFp): -0.002506
   -----            
spv1_2SE     (HFm): 0.000766	 (HFp): -0.001747
spv1_3SE     (HFm): 0.000783	 (HFp): -0.001803
spv1_mix     (HFm): 0.000773	 (HFp): -0.002049
   -----            
epv2_2SE     (HFm): 0.070049	 (HFp): 0.070482
epv2_3SE     (HFm): 0.069972	 (HFp): 0.070405
spv2_2SE     (HFm): 0.070005	 (HFp): 0.070414
spv2_3SE     (HFm): 0.069971	 (HFp): 0.070379
   -----          

Entering primary event loop
 event: 1250/25000	run: 8/20
 event: 2500/25000	run: 8/20
 event: 3750/25000	run: 8/20
 event: 5000/25000	run: 8/20
 event: 6250/25000	run: 8/20
 event: 7500/25000	run: 8/20
 event: 8750/25000	run: 8/20
 event: 10000/25000	run: 8/20
 event: 11250/25000	run: 8/20
 event: 12500/25000	run: 8/20
 event: 13750/25000	run: 8/20
 event: 15000/25000	run: 8/20
 event: 16250/25000	run: 8/20
 event: 17500/25000	run: 8/20
 event: 18750/25000	run: 8/20
 event: 20000/25000	run: 8/20
 event: 21250/25000	run: 8/20
 event: 22500/25000	run: 8/20
 event: 23750/25000	run: 8/20
 event: 25000/25000	run: 8/20
   -----            
nevts:              25000
evtmult:            6564
ncount (HFm):       5698995
ncount (HFp):       5628795
   -----            
HFm mult:           705
trackm mult:        226
trackmid mult:      439
trackp mult:        213
HFp mult:           682
particles rejected: 4738
   -----            
rescor1_2:          0.430946
rescor1_3    (HFm): 0.353062	 (HFp): 0.291408
rescor2_2:          0.913507
rescor2_3    (HFm): 0.914628	 (HFp): 0.914628
rescorMix    (HFm): 0.381250	 (HFp): 0.381250
epv1obs      (HFm): 0.000775	 (HFp): -0.001118
epv1obs_mix  (HFm): 0.000658	 (HFp): -0.000418
epv2obs      (HFm): 0.063882	 (HFp): 0.064343
   -----            
spdenom1_2SE:       0.020041
spdenom1_3SE (HFm): 0.019313	 (HFp): 0.021995
spdenom2_2SE:       0.069918
spdenom2_3SE (HFm): 0.069872	 (HFp): 0.069872
spdenom_mix  (HFm): 0.001390	 (HFp): 0.001390
spv1num      (HFm): 0.000024	 (HFp): -0.000038
spv2num      (HFm): 0.004881	 (HFp): 0.004918
spv1num_mix  (HFm): 0.000002	 (HFp): -0.000002
   -----               
epv1_2SE     (HFm): 0.001797	 (HFp): -0.002593
epv1_3SE     (HFm): 0.002194	 (HFp): -0.003835
epv1_mix     (HFm): 0.001725	 (HFp): -0.001097
   -----            
spv1_2SE     (HFm): 0.001198	 (HFp): -0.001914
spv1_3SE     (HFm): 0.001243	 (HFp): -0.001744
spv1_mix     (HFm): 0.001414	 (HFp): -0.001204
   -----            
epv2_2SE     (HFm): 0.069931	 (HFp): 0.070435
epv2_3SE     (HFm): 0.069845	 (HFp): 0.070349
spv2_2SE     (HFm): 0.069806	 (HFp): 0.070339
spv2_3SE     (HFm): 0.069851	 (HFp): 0.070385
   -----          

Entering primary event loop
 event: 1250/25000	run: 9/20
 event: 2500/25000	run: 9/20
 event: 3750/25000	run: 9/20
 event: 5000/25000	run: 9/20
 event: 6250/25000	run: 9/20
 event: 7500/25000	run: 9/20
 event: 8750/25000	run: 9/20
 event: 10000/25000	run: 9/20
 event: 11250/25000	run: 9/20
 event: 12500/25000	run: 9/20
 event: 13750/25000	run: 9/20
 event: 15000/25000	run: 9/20
 event: 16250/25000	run: 9/20
 event: 17500/25000	run: 9/20
 event: 18750/25000	run: 9/20
 event: 20000/25000	run: 9/20
 event: 21250/25000	run: 9/20
 event: 22500/25000	run: 9/20
 event: 23750/25000	run: 9/20
 event: 25000/25000	run: 9/20
   -----            
nevts:              25000
evtmult:            6564
ncount (HFm):       5699975
ncount (HFp):       5626545
   -----            
HFm mult:           678
trackm mult:        224
trackmid mult:      448
trackp mult:        224
HFp mult:           666
particles rejected: 4772
   -----            
rescor1_2:          0.425624
rescor1_3    (HFm): 0.354957	 (HFp): 0.445958
rescor2_2:          0.913481
rescor2_3    (HFm): 0.913175	 (HFp): 0.913175
rescorMix    (HFm): 0.372738	 (HFp): 0.372738
epv1obs      (HFm): 0.000539	 (HFp): -0.000829
epv1obs_mix  (HFm): -0.000094	 (HFp): -0.000561
epv2obs      (HFm): 0.063533	 (HFp): 0.063615
   -----            
spdenom1_2SE:       0.019978
spdenom1_3SE (HFm): 0.017610	 (HFp): 0.019245
spdenom2_2SE:       0.069986
spdenom2_3SE (HFm): 0.069888	 (HFp): 0.069888
spdenom_mix  (HFm): 0.001373	 (HFp): 0.001373
spv1num      (HFm): 0.000028	 (HFp): -0.000035
spv2num      (HFm): 0.004860	 (HFp): 0.004872
spv1num_mix  (HFm): 0.000001	 (HFp): -0.000002
   -----               
epv1_2SE     (HFm): 0.001266	 (HFp): -0.001948
epv1_3SE     (HFm): 0.001519	 (HFp): -0.001859
epv1_mix     (HFm): -0.000253	 (HFp): -0.001506
   -----            
spv1_2SE     (HFm): 0.001398	 (HFp): -0.001760
spv1_3SE     (HFm): 0.001586	 (HFp): -0.001827
spv1_mix     (HFm): 0.000406	 (HFp): -0.001429
   -----            
epv2_2SE     (HFm): 0.069551	 (HFp): 0.069641
epv2_3SE     (HFm): 0.069574	 (HFp): 0.069664
spv2_2SE     (HFm): 0.069436	 (HFp): 0.069610
spv2_3SE     (HFm): 0.069533	 (HFp): 0.069707
   -----          

Entering primary event loop
 event: 1250/25000	run: 10/20
 event: 2500/25000	run: 10/20
 event: 3750/25000	run: 10/20
 event: 5000/25000	run: 10/20
 event: 6250/25000	run: 10/20
 event: 7500/25000	run: 10/20
 event: 8750/25000	run: 10/20
 event: 10000/25000	run: 10/20
 event: 11250/25000	run: 10/20
 event: 12500/25000	run: 10/20
 event: 13750/25000	run: 10/20
 event: 15000/25000	run: 10/20
 event: 16250/25000	run: 10/20
 event: 17500/25000	run: 10/20
 event: 18750/25000	run: 10/20
 event: 20000/25000	run: 10/20
 event: 21250/25000	run: 10/20
 event: 22500/25000	run: 10/20
 event: 23750/25000	run: 10/20
 event: 25000/25000	run: 10/20
   -----            
nevts:              25000
evtmult:            6564
ncount (HFm):       5700693
ncount (HFp):       5626243
   -----            
HFm mult:           676
trackm mult:        223
trackmid mult:      458
trackp mult:        235
HFp mult:           693
particles rejected: 4737
   -----            
rescor1_2:          0.429231
rescor1_3    (HFm): 0.528428	 (HFp): 0.524571
rescor2_2:          0.912007
rescor2_3    (HFm): 0.912962	 (HFp): 0.912962
rescorMix    (HFm): 0.379426	 (HFp): 0.379426
epv1obs      (HFm): 0.000538	 (HFp): -0.000574
epv1obs_mix  (HFm): 0.000434	 (HFp): -0.000680
epv2obs      (HFm): 0.063383	 (HFp): 0.064574
   -----            
spdenom1_2SE:       0.019904
spdenom1_3SE (HFm): 0.026081	 (HFp): 0.025735
spdenom2_2SE:       0.069828
spdenom2_3SE (HFm): 0.069896	 (HFp): 0.069896
spdenom_mix  (HFm): 0.001396	 (HFp): 0.001396
spv1num      (HFm): 0.000016	 (HFp): -0.000024
spv2num      (HFm): 0.004847	 (HFp): 0.004945
spv1num_mix  (HFm): 0.000003	 (HFp): -0.000003
   -----               
epv1_2SE     (HFm): 0.001254	 (HFp): -0.001336
epv1_3SE     (HFm): 0.001019	 (HFp): -0.001093
epv1_mix     (HFm): 0.001143	 (HFp): -0.001793
   -----            
spv1_2SE     (HFm): 0.000809	 (HFp): -0.001196
spv1_3SE     (HFm): 0.000618	 (HFp): -0.000925
spv1_mix     (HFm): 0.001798	 (HFp): -0.002197
   -----            
epv2_2SE     (HFm): 0.069499	 (HFp): 0.070804
epv2_3SE     (HFm): 0.069426	 (HFp): 0.070730
spv2_2SE     (HFm): 0.069412	 (HFp): 0.070815
spv2_3SE     (HFm): 0.069344	 (HFp): 0.070745
   -----          

Entering primary event loop
 event: 1250/25000	run: 11/20
 event: 2500/25000	run: 11/20
 event: 3750/25000	run: 11/20
 event: 5000/25000	run: 11/20
 event: 6250/25000	run: 11/20
 event: 7500/25000	run: 11/20
 event: 8750/25000	run: 11/20
 event: 10000/25000	run: 11/20
 event: 11250/25000	run: 11/20
 event: 12500/25000	run: 11/20
 event: 13750/25000	run: 11/20
 event: 15000/25000	run: 11/20
 event: 16250/25000	run: 11/20
 event: 17500/25000	run: 11/20
 event: 18750/25000	run: 11/20
 event: 20000/25000	run: 11/20
 event: 21250/25000	run: 11/20
 event: 22500/25000	run: 11/20
 event: 23750/25000	run: 11/20
 event: 25000/25000	run: 11/20
   -----            
nevts:              25000
evtmult:            6564
ncount (HFm):       5702905
ncount (HFp):       5627779
   -----            
HFm mult:           693
trackm mult:        217
trackmid mult:      451
trackp mult:        234
HFp mult:           700
particles rejected: 4720
   -----            
rescor1_2:          0.423903
rescor1_3    (HFm): 0.413053	 (HFp): 1.151746
rescor2_2:          0.912134
rescor2_3    (HFm): 0.912960	 (HFp): 0.912960
rescorMix    (HFm): 0.382827	 (HFp): 0.382827
epv1obs      (HFm): 0.000279	 (HFp): -0.000696
epv1obs_mix  (HFm): 0.000778	 (HFp): -0.000748
epv2obs      (HFm): 0.063913	 (HFp): 0.064160
   -----            
spdenom1_2SE:       0.019948
spdenom1_3SE (HFm): 0.016092	 (HFp): 0.028505
spdenom2_2SE:       0.069921
spdenom2_3SE (HFm): 0.069813	 (HFp): 0.069813
spdenom_mix  (HFm): 0.001421	 (HFp): 0.001421
spv1num      (HFm): 0.000016	 (HFp): -0.000034
spv2num      (HFm): 0.004893	 (HFp): 0.004912
spv1num_mix  (HFm): 0.000003	 (HFp): -0.000002
   -----               
epv1_2SE     (HFm): 0.000658	 (HFp): -0.001642
epv1_3SE     (HFm): 0.000675	 (HFp): -0.000604
epv1_mix     (HFm): 0.002033	 (HFp): -0.001953
   -----            
spv1_2SE     (HFm): 0.000823	 (HFp): -0.001709
spv1_3SE     (HFm): 0.001020	 (HFp): -0.001196
spv1_mix     (HFm): 0.001984	 (HFp): -0.001483
   -----            
epv2_2SE     (HFm): 0.070070	 (HFp): 0.070340
epv2_3SE     (HFm): 0.070006	 (HFp): 0.070277
spv2_2SE     (HFm): 0.069975	 (HFp): 0.070246
spv2_3SE     (HFm): 0.070084	 (HFp): 0.070355
   -----          

Entering primary event loop
 event: 1250/25000	run: 12/20
 event: 2500/25000	run: 12/20
 event: 3750/25000	run: 12/20
 event: 5000/25000	run: 12/20
 event: 6250/25000	run: 12/20
 event: 7500/25000	run: 12/20
 event: 8750/25000	run: 12/20
 event: 10000/25000	run: 12/20
 event: 11250/25000	run: 12/20
 event: 12500/25000	run: 12/20
 event: 13750/25000	run: 12/20
 event: 15000/25000	run: 12/20
 event: 16250/25000	run: 12/20
 event: 17500/25000	run: 12/20
 event: 18750/25000	run: 12/20
 event: 20000/25000	run: 12/20
 event: 21250/25000	run: 12/20
 event: 22500/25000	run: 12/20
 event: 23750/25000	run: 12/20
 event: 25000/25000	run: 12/20
   -----            
nevts:              25000
evtmult:            6564
ncount (HFm):       5702384
ncount (HFp):       5628310
   -----            
HFm mult:           706
trackm mult:        225
trackmid mult:      454
trackp mult:        229
HFp mult:           679
particles rejected: 4725
   -----            
rescor1_2:          0.430318
rescor1_3    (HFm): 0.307696	 (HFp): 0.449985
rescor2_2:          0.913159
rescor2_3    (HFm): 0.912086	 (HFp): 0.912086
rescorMix    (HFm): 0.389555	 (HFp): 0.389555
epv1obs      (HFm): 0.000397	 (HFp): -0.000966
epv1obs_mix  (HFm): 0.000678	 (HFp): -0.000692
epv2obs      (HFm): 0.063876	 (HFp): 0.063989
   -----            
spdenom1_2SE:       0.020521
spdenom1_3SE (HFm): 0.014975	 (HFp): 0.028026
spdenom2_2SE:       0.070121
spdenom2_3SE (HFm): 0.070182	 (HFp): 0.070182
spdenom_mix  (HFm): 0.001464	 (HFp): 0.001464
spv1num      (HFm): 0.000019	 (HFp): -0.000053
spv2num      (HFm): 0.004922	 (HFp): 0.004927
spv1num_mix  (HFm): 0.000003	 (HFp): -0.000004
   -----               
epv1_2SE     (HFm): 0.000922	 (HFp): -0.002244
epv1_3SE     (HFm): 0.001290	 (HFp): -0.002146
epv1_mix     (HFm): 0.001740	 (HFp): -0.001777
   -----            
spv1_2SE     (HFm): 0.000941	 (HFp): -0.002585
spv1_3SE     (HFm): 0.001289	 (HFp): -0.001893
spv1_mix     (HFm): 0.002269	 (HFp): -0.002701
   -----            
epv2_2SE     (HFm): 0.069951	 (HFp): 0.070075
epv2_3SE     (HFm): 0.070033	 (HFp): 0.070157
spv2_2SE     (HFm): 0.070191	 (HFp): 0.070260
spv2_3SE     (HFm): 0.070130	 (HFp): 0.070199
   -----          

Entering primary event loop
 event: 1250/25000	run: 13/20
 event: 2500/25000	run: 13/20
 event: 3750/25000	run: 13/20
 event: 5000/25000	run: 13/20
 event: 6250/25000	run: 13/20
 event: 7500/25000	run: 13/20
 event: 8750/25000	run: 13/20
 event: 10000/25000	run: 13/20
 event: 11250/25000	run: 13/20
 event: 12500/25000	run: 13/20
 event: 13750/25000	run: 13/20
 event: 15000/25000	run: 13/20
 event: 16250/25000	run: 13/20
 event: 17500/25000	run: 13/20
 event: 18750/25000	run: 13/20
 event: 20000/25000	run: 13/20
 event: 21250/25000	run: 13/20
 event: 22500/25000	run: 13/20
 event: 23750/25000	run: 13/20
 event: 25000/25000	run: 13/20
   -----            
nevts:              25000
evtmult:            6564
ncount (HFm):       5700045
ncount (HFp):       5627401
   -----            
HFm mult:           658
trackm mult:        218
trackmid mult:      415
trackp mult:        197
HFp mult:           663
particles rejected: 4828
   -----            
rescor1_2:          0.424781
rescor1_3    (HFm): 0.489479	 (HFp): 0.312743
rescor2_2:          0.911644
rescor2_3    (HFm): 0.912570	 (HFp): 0.912570
rescorMix    (HFm): 0.387341	 (HFp): 0.387341
epv1obs      (HFm): 0.000648	 (HFp): -0.000603
epv1obs_mix  (HFm): 0.000356	 (HFp): -0.000486
epv2obs      (HFm): 0.063954	 (HFp): 0.064412
   -----            
spdenom1_2SE:       0.019972
spdenom1_3SE (HFm): 0.022166	 (HFp): 0.012688
spdenom2_2SE:       0.069812
spdenom2_3SE (HFm): 0.069828	 (HFp): 0.069828
spdenom_mix  (HFm): 0.001429	 (HFp): 0.001429
spv1num      (HFm): 0.000042	 (HFp): -0.000030
spv2num      (HFm): 0.004908	 (HFp): 0.004941
spv1num_mix  (HFm): 0.000001	 (HFp): -0.000001
   -----               
epv1_2SE     (HFm): 0.001525	 (HFp): -0.001419
epv1_3SE     (HFm): 0.001324	 (HFp): -0.001928
epv1_mix     (HFm): 0.000920	 (HFp): -0.001254
   -----            
spv1_2SE     (HFm): 0.002120	 (HFp): -0.001519
spv1_3SE     (HFm): 0.001910	 (HFp): -0.002391
spv1_mix     (HFm): 0.000799	 (HFp): -0.000713
   -----            
epv2_2SE     (HFm): 0.070152	 (HFp): 0.070655
epv2_3SE     (HFm): 0.070081	 (HFp): 0.070584
spv2_2SE     (HFm): 0.070307	 (HFp): 0.070780
spv2_3SE     (HFm): 0.070291	 (HFp): 0.070763
   -----          

Entering primary event loop
 event: 1250/25000	run: 14/20
 event: 2500/25000	run: 14/20
 event: 3750/25000	run: 14/20
 event: 5000/25000	run: 14/20
 event: 6250/25000	run: 14/20
 event: 7500/25000	run: 14/20
 event: 8750/25000	run: 14/20
 event: 10000/25000	run: 14/20
 event: 11250/25000	run: 14/20
 event: 12500/25000	run: 14/20
 event: 13750/25000	run: 14/20
 event: 15000/25000	run: 14/20
 event: 16250/25000	run: 14/20
 event: 17500/25000	run: 14/20
 event: 18750/25000	run: 14/20
 event: 20000/25000	run: 14/20
 event: 21250/25000	run: 14/20
 event: 22500/25000	run: 14/20
 event: 23750/25000	run: 14/20
 event: 25000/25000	run: 14/20
   -----            
nevts:              25000
evtmult:            6564
ncount (HFm):       5699706
ncount (HFp):       5627008
   -----            
HFm mult:           683
trackm mult:        227
trackmid mult:      456
trackp mult:        229
HFp mult:           664
particles rejected: 4761
   -----            
rescor1_2:          0.433492
rescor1_3    (HFm): 0.435523	 (HFp): 0.979228
rescor2_2:          0.912307
rescor2_3    (HFm): 0.913551	 (HFp): 0.913551
rescorMix    (HFm): 0.382986	 (HFp): 0.382986
epv1obs      (HFm): 0.000108	 (HFp): -0.000560
epv1obs_mix  (HFm): 0.000565	 (HFp): -0.000893
epv2obs      (HFm): 0.064069	 (HFp): 0.063808
   -----            
spdenom1_2SE:       0.020143
spdenom1_3SE (HFm): 0.020614	 (HFp): 0.028849
spdenom2_2SE:       0.069943
spdenom2_3SE (HFm): 0.069930	 (HFp): 0.069930
spdenom_mix  (HFm): 0.001406	 (HFp): 0.001406
spv1num      (HFm): 0.000017	 (HFp): -0.000035
spv2num      (HFm): 0.004907	 (HFp): 0.004886
spv1num_mix  (HFm): 0.000001	 (HFp): -0.000004
   -----               
epv1_2SE     (HFm): 0.000248	 (HFp): -0.001291
epv1_3SE     (HFm): 0.000247	 (HFp): -0.000572
epv1_mix     (HFm): 0.001476	 (HFp): -0.002332
   -----            
spv1_2SE     (HFm): 0.000829	 (HFp): -0.001724
spv1_3SE     (HFm): 0.000810	 (HFp): -0.001204
spv1_mix     (HFm): 0.001037	 (HFp): -0.002492
   -----            
epv2_2SE     (HFm): 0.070227	 (HFp): 0.069942
epv2_3SE     (HFm): 0.070132	 (HFp): 0.069847
spv2_2SE     (HFm): 0.070151	 (HFp): 0.069852
spv2_3SE     (HFm): 0.070165	 (HFp): 0.069865
   -----          

Entering primary event loop
 event: 1250/25000	run: 15/20
 event: 2500/25000	run: 15/20
 event: 3750/25000	run: 15/20
 event: 5000/25000	run: 15/20
 event: 6250/25000	run: 15/20
 event: 7500/25000	run: 15/20
 event: 8750/25000	run: 15/20
 event: 10000/25000	run: 15/20
 event: 11250/25000	run: 15/20
 event: 12500/25000	run: 15/20
 event: 13750/25000	run: 15/20
 event: 15000/25000	run: 15/20
 event: 16250/25000	run: 15/20
 event: 17500/25000	run: 15/20
 event: 18750/25000	run: 15/20
 event: 20000/25000	run: 15/20
 event: 21250/25000	run: 15/20
 event: 22500/25000	run: 15/20
 event: 23750/25000	run: 15/20
 event: 25000/25000	run: 15/20
   -----            
nevts:              25000
evtmult:            6564
ncount (HFm):       5702809
ncount (HFp):       5628364
   -----            
HFm mult:           706
trackm mult:        221
trackmid mult:      454
trackp mult:        233
HFp mult:           673
particles rejected: 4731
   -----            
rescor1_2:          0.427391
rescor1_3    (HFm): 0.504087	 (HFp): 0.480432
rescor2_2:          0.913288
rescor2_3    (HFm): 0.911839	 (HFp): 0.911839
rescorMix    (HFm): 0.380821	 (HFp): 0.380821
epv1obs      (HFm): 0.000703	 (HFp): -0.001033
epv1obs_mix  (HFm): 0.000770	 (HFp): -0.001083
epv2obs      (HFm): 0.063201	 (HFp): 0.063375
   -----            
spdenom1_2SE:       0.019925
spdenom1_3SE (HFm): 0.020654	 (HFp): 0.024482
spdenom2_2SE:       0.070019
spdenom2_3SE (HFm): 0.069970	 (HFp): 0.069970
spdenom_mix  (HFm): 0.001401	 (HFp): 0.001401
spv1num      (HFm): 0.000028	 (HFp): -0.000043
spv2num      (HFm): 0.004846	 (HFp): 0.004855
spv1num_mix  (HFm): 0.000003	 (HFp): -0.000004
   -----               
epv1_2SE     (HFm): 0.001644	 (HFp): -0.002417
epv1_3SE     (HFm): 0.001394	 (HFp): -0.002150
epv1_mix     (HFm): 0.002023	 (HFp): -0.002845
   -----            
spv1_2SE     (HFm): 0.001397	 (HFp): -0.002138
spv1_3SE     (HFm): 0.001348	 (HFp): -0.001740
spv1_mix     (HFm): 0.002235	 (HFp): -0.002731
   -----            
epv2_2SE     (HFm): 0.069202	 (HFp): 0.069392
epv2_3SE     (HFm): 0.069312	 (HFp): 0.069503
spv2_2SE     (HFm): 0.069215	 (HFp): 0.069340
spv2_3SE     (HFm): 0.069262	 (HFp): 0.069388
   -----          

Entering primary event loop
 event: 1250/25000	run: 16/20
 event: 2500/25000	run: 16/20
 event: 3750/25000	run: 16/20
 event: 5000/25000	run: 16/20
 event: 6250/25000	run: 16/20
 event: 7500/25000	run: 16/20
 event: 8750/25000	run: 16/20
 event: 10000/25000	run: 16/20
 event: 11250/25000	run: 16/20
 event: 12500/25000	run: 16/20
 event: 13750/25000	run: 16/20
 event: 15000/25000	run: 16/20
 event: 16250/25000	run: 16/20
 event: 17500/25000	run: 16/20
 event: 18750/25000	run: 16/20
 event: 20000/25000	run: 16/20
 event: 21250/25000	run: 16/20
 event: 22500/25000	run: 16/20
 event: 23750/25000	run: 16/20
 event: 25000/25000	run: 16/20
   -----            
nevts:              25000
evtmult:            6564
ncount (HFm):       5700033
ncount (HFp):       5627372
   -----            
HFm mult:           673
trackm mult:        231
trackmid mult:      470
trackp mult:        239
HFp mult:           716
particles rejected: 4705
   -----            
rescor1_2:          0.431653
rescor1_3    (HFm): 0.530308	 (HFp): 0.508085
rescor2_2:          0.912264
rescor2_3    (HFm): 0.912283	 (HFp): 0.912283
rescorMix    (HFm): 0.378847	 (HFp): 0.378847
epv1obs      (HFm): 0.000446	 (HFp): -0.000363
epv1obs_mix  (HFm): 0.000220	 (HFp): -0.000108
epv2obs      (HFm): 0.064126	 (HFp): 0.063713
   -----            
spdenom1_2SE:       0.020193
spdenom1_3SE (HFm): 0.027926	 (HFp): 0.032785
spdenom2_2SE:       0.069942
spdenom2_3SE (HFm): 0.069975	 (HFp): 0.069975
spdenom_mix  (HFm): 0.001402	 (HFp): 0.001402
spv1num      (HFm): 0.000014	 (HFp): -0.000019
spv2num      (HFm): 0.004923	 (HFp): 0.004883
spv1num_mix  (HFm): 0.000002	 (HFp): -0.000001
   -----               
epv1_2SE     (HFm): 0.001033	 (HFp): -0.000841
epv1_3SE     (HFm): 0.000841	 (HFp): -0.000714
epv1_mix     (HFm): 0.000580	 (HFp): -0.000285
   -----            
spv1_2SE     (HFm): 0.000679	 (HFp): -0.000930
spv1_3SE     (HFm): 0.000491	 (HFp): -0.000573
spv1_mix     (HFm): 0.001329	 (HFp): -0.000883
   -----            
epv2_2SE     (HFm): 0.070293	 (HFp): 0.069840
epv2_3SE     (HFm): 0.070291	 (HFp): 0.069839
spv2_2SE     (HFm): 0.070391	 (HFp): 0.069812
spv2_3SE     (HFm): 0.070357	 (HFp): 0.069778
   -----          

Entering primary event loop
 event: 1250/25000	run: 17/20
 event: 2500/25000	run: 17/20
 event: 3750/25000	run: 17/20
 event: 5000/25000	run: 17/20
 event: 6250/25000	run: 17/20
 event: 7500/25000	run: 17/20
 event: 8750/25000	run: 17/20
 event: 10000/25000	run: 17/20
 event: 11250/25000	run: 17/20
 event: 12500/25000	run: 17/20
 event: 13750/25000	run: 17/20
 event: 15000/25000	run: 17/20
 event: 16250/25000	run: 17/20
 event: 17500/25000	run: 17/20
 event: 18750/25000	run: 17/20
 event: 20000/25000	run: 17/20
 event: 21250/25000	run: 17/20
 event: 22500/25000	run: 17/20
 event: 23750/25000	run: 17/20
 event: 25000/25000	run: 17/20
   -----            
nevts:              25000
evtmult:            6564
ncount (HFm):       5696444
ncount (HFp):       5625025
   -----            
HFm mult:           690
trackm mult:        230
trackmid mult:      456
trackp mult:        226
HFp mult:           677
particles rejected: 4741
   -----            
rescor1_2:          0.428806
rescor1_3    (HFm): 0.223930	 (HFp): 0.353392
rescor2_2:          0.913183
rescor2_3    (HFm): 0.914641	 (HFp): 0.914641
rescorMix    (HFm): 0.380010	 (HFp): 0.380010
epv1obs      (HFm): 0.000512	 (HFp): -0.001503
epv1obs_mix  (HFm): 0.000282	 (HFp): -0.000729
epv2obs      (HFm): 0.063675	 (HFp): 0.064366
   -----            
spdenom1_2SE:       0.019875
spdenom1_3SE (HFm): 0.014134	 (HFp): 0.013992
spdenom2_2SE:       0.070021
spdenom2_3SE (HFm): 0.070141	 (HFp): 0.070141
spdenom_mix  (HFm): 0.001393	 (HFp): 0.001393
spv1num      (HFm): 0.000032	 (HFp): -0.000063
spv2num      (HFm): 0.004890	 (HFp): 0.004927
spv1num_mix  (HFm): 0.000002	 (HFp): -0.000003
   -----               
epv1_2SE     (HFm): 0.001193	 (HFp): -0.003505
epv1_3SE     (HFm): 0.002285	 (HFp): -0.004253
epv1_mix     (HFm): 0.000741	 (HFp): -0.001918
   -----            
spv1_2SE     (HFm): 0.001593	 (HFp): -0.003160
spv1_3SE     (HFm): 0.002240	 (HFp): -0.004489
spv1_mix     (HFm): 0.001124	 (HFp): -0.002291
   -----            
epv2_2SE     (HFm): 0.069729	 (HFp): 0.070485
epv2_3SE     (HFm): 0.069618	 (HFp): 0.070373
spv2_2SE     (HFm): 0.069829	 (HFp): 0.070360
spv2_3SE     (HFm): 0.069710	 (HFp): 0.070240
   -----          

Entering primary event loop
 event: 1250/25000	run: 18/20
 event: 2500/25000	run: 18/20
 event: 3750/25000	run: 18/20
 event: 5000/25000	run: 18/20
 event: 6250/25000	run: 18/20
 event: 7500/25000	run: 18/20
 event: 8750/25000	run: 18/20
 event: 10000/25000	run: 18/20
 event: 11250/25000	run: 18/20
 event: 12500/25000	run: 18/20
 event: 13750/25000	run: 18/20
 event: 15000/25000	run: 18/20
 event: 16250/25000	run: 18/20
 event: 17500/25000	run: 18/20
 event: 18750/25000	run: 18/20
 event: 20000/25000	run: 18/20
 event: 21250/25000	run: 18/20
 event: 22500/25000	run: 18/20
 event: 23750/25000	run: 18/20
 event: 25000/25000	run: 18/20
   -----            
nevts:              25000
evtmult:            6564
ncount (HFm):       5700286
ncount (HFp):       5628511
   -----            
HFm mult:           683
trackm mult:        222
trackmid mult:      441
trackp mult:        219
HFp mult:           714
particles rejected: 4726
   -----            
rescor1_2:          0.435186
rescor1_3    (HFm): 0.329738	 (HFp): 0.417572
rescor2_2:          0.912437
rescor2_3    (HFm): 0.914186	 (HFp): 0.914186
rescorMix    (HFm): 0.378011	 (HFp): 0.378011
epv1obs      (HFm): 0.000866	 (HFp): -0.000936
epv1obs_mix  (HFm): 0.000682	 (HFp): -0.001192
epv2obs      (HFm): 0.064272	 (HFp): 0.063728
   -----            
spdenom1_2SE:       0.020557
spdenom1_3SE (HFm): 0.014249	 (HFp): 0.016322
spdenom2_2SE:       0.069907
spdenom2_3SE (HFm): 0.070255	 (HFp): 0.070255
spdenom_mix  (HFm): 0.001421	 (HFp): 0.001421
spv1num      (HFm): 0.000046	 (HFp): -0.000046
spv2num      (HFm): 0.004951	 (HFp): 0.004902
spv1num_mix  (HFm): 0.000003	 (HFp): -0.000003
   -----               
epv1_2SE     (HFm): 0.001990	 (HFp): -0.002151
epv1_3SE     (HFm): 0.002627	 (HFp): -0.002242
epv1_mix     (HFm): 0.001803	 (HFp): -0.003154
   -----            
spv1_2SE     (HFm): 0.002234	 (HFp): -0.002252
spv1_3SE     (HFm): 0.003223	 (HFp): -0.002836
spv1_mix     (HFm): 0.001854	 (HFp): -0.002451
   -----            
epv2_2SE     (HFm): 0.070440	 (HFp): 0.069844
epv2_3SE     (HFm): 0.070305	 (HFp): 0.069710
spv2_2SE     (HFm): 0.070826	 (HFp): 0.070123
spv2_3SE     (HFm): 0.070475	 (HFp): 0.069776
   -----          

Entering primary event loop
 event: 1250/25000	run: 19/20
 event: 2500/25000	run: 19/20
 event: 3750/25000	run: 19/20
 event: 5000/25000	run: 19/20
 event: 6250/25000	run: 19/20
 event: 7500/25000	run: 19/20
 event: 8750/25000	run: 19/20
 event: 10000/25000	run: 19/20
 event: 11250/25000	run: 19/20
 event: 12500/25000	run: 19/20
 event: 13750/25000	run: 19/20
 event: 15000/25000	run: 19/20
 event: 16250/25000	run: 19/20
 event: 17500/25000	run: 19/20
 event: 18750/25000	run: 19/20
 event: 20000/25000	run: 19/20
 event: 21250/25000	run: 19/20
 event: 22500/25000	run: 19/20
 event: 23750/25000	run: 19/20
 event: 25000/25000	run: 19/20
   -----            
nevts:              25000
evtmult:            6564
ncount (HFm):       5699970
ncount (HFp):       5626343
   -----            
HFm mult:           692
trackm mult:        230
trackmid mult:      449
trackp mult:        219
HFp mult:           697
particles rejected: 4726
   -----            
rescor1_2:          0.430029
rescor1_3    (HFm): 0.383443	 (HFp): 0.514712
rescor2_2:          0.912181
rescor2_3    (HFm): 0.912536	 (HFp): 0.912536
rescorMix    (HFm): 0.376465	 (HFp): 0.376465
epv1obs      (HFm): 0.000532	 (HFp): -0.000405
epv1obs_mix  (HFm): 0.000476	 (HFp): -0.000606
epv2obs      (HFm): 0.063008	 (HFp): 0.064016
   -----            
spdenom1_2SE:       0.019895
spdenom1_3SE (HFm): 0.020431	 (HFp): 0.024917
spdenom2_2SE:       0.069856
spdenom2_3SE (HFm): 0.069664	 (HFp): 0.069664
spdenom_mix  (HFm): 0.001371	 (HFp): 0.001371
spv1num      (HFm): 0.000031	 (HFp): -0.000032
spv2num      (HFm): 0.004817	 (HFp): 0.004897
spv1num_mix  (HFm): 0.000001	 (HFp): -0.000003
   -----               
epv1_2SE     (HFm): 0.001238	 (HFp): -0.000941
epv1_3SE     (HFm): 0.001389	 (HFp): -0.000786
epv1_mix     (HFm): 0.001264	 (HFp): -0.001610
   -----            
spv1_2SE     (HFm): 0.001559	 (HFp): -0.001610
spv1_3SE     (HFm): 0.001518	 (HFp): -0.001285
spv1_mix     (HFm): 0.000679	 (HFp): -0.001888
   -----            
epv2_2SE     (HFm): 0.069074	 (HFp): 0.070179
epv2_3SE     (HFm): 0.069047	 (HFp): 0.070152
spv2_2SE     (HFm): 0.068950	 (HFp): 0.070096
spv2_3SE     (HFm): 0.069140	 (HFp): 0.070289
   -----          

Entering primary event loop
 event: 1250/25000	run: 20/20
 event: 2500/25000	run: 20/20
 event: 3750/25000	run: 20/20
 event: 5000/25000	run: 20/20
 event: 6250/25000	run: 20/20
 event: 7500/25000	run: 20/20
 event: 8750/25000	run: 20/20
 event: 10000/25000	run: 20/20
 event: 11250/25000	run: 20/20
 event: 12500/25000	run: 20/20
 event: 13750/25000	run: 20/20
 event: 15000/25000	run: 20/20
 event: 16250/25000	run: 20/20
 event: 17500/25000	run: 20/20
 event: 18750/25000	run: 20/20
 event: 20000/25000	run: 20/20
 event: 21250/25000	run: 20/20
 event: 22500/25000	run: 20/20
 event: 23750/25000	run: 20/20
 event: 25000/25000	run: 20/20
   -----            
nevts:              25000
evtmult:            6564
ncount (HFm):       5699301
ncount (HFp):       5628377
   -----            
HFm mult:           673
trackm mult:        232
trackmid mult:      449
trackp mult:        217
HFp mult:           686
particles rejected: 4756
   -----            
rescor1_2:          0.427602
rescor1_3    (HFm): 0.467276	 (HFp): 0.378128
rescor2_2:          0.913316
rescor2_3    (HFm): 0.912748	 (HFp): 0.912748
rescorMix    (HFm): 0.385540	 (HFp): 0.385540
epv1obs      (HFm): 0.000946	 (HFp): -0.000687
epv1obs_mix  (HFm): 0.000926	 (HFp): -0.000360
epv2obs      (HFm): 0.063544	 (HFp): 0.063770
   -----            
spdenom1_2SE:       0.020152
spdenom1_3SE (HFm): 0.024515	 (HFp): 0.019630
spdenom2_2SE:       0.069954
spdenom2_3SE (HFm): 0.069674	 (HFp): 0.069674
spdenom_mix  (HFm): 0.001416	 (HFp): 0.001416
spv1num      (HFm): 0.000041	 (HFp): -0.000026
spv2num      (HFm): 0.004848	 (HFp): 0.004874
spv1num_mix  (HFm): 0.000004	 (HFp): -0.000002
   -----               
epv1_2SE     (HFm): 0.002213	 (HFp): -0.001607
epv1_3SE     (HFm): 0.002025	 (HFp): -0.001817
epv1_mix     (HFm): 0.002401	 (HFp): -0.000933
   -----            
spv1_2SE     (HFm): 0.002033	 (HFp): -0.001304
spv1_3SE     (HFm): 0.001671	 (HFp): -0.001338
spv1_mix     (HFm): 0.003163	 (HFp): -0.001443
   -----            
epv2_2SE     (HFm): 0.069575	 (HFp): 0.069823
epv2_3SE     (HFm): 0.069618	 (HFp): 0.069866
spv2_2SE     (HFm): 0.069303	 (HFp): 0.069678
spv2_3SE     (HFm): 0.069581	 (HFp): 0.069957
   -----          


  ---- Final Tally (HFm) ---- 

rescor1_2SE:     0.42913 +/- 0.00085
rescor1_3SE:     0.42172 +/- 0.02185
rescor2_2SE:     0.91276 +/-0.00012
rescor2_2SE:     0.91300 +/- 0.00019
rescor_Mix:      0.38058 +/- 0.00091
EPv1obs:         0.00057 +/- 0.00007
EPv2obs:         0.06375 +/- 0.00008
EPv1obs_mix:     0.00055 +/- 0.00007
   -----         
SPdenom1_2SE:    0.02010 +/- 0.00005
SPdenom1_3SE:    0.02114 +/- 0.00138
SPdenom2_2SE:    0.06998 +/- 0.00003
SPdenom2_3SE:    0.06998 +/- 0.00004
SPdenom1_mix:    0.00141 +/- 0.00000
SPv1num:         0.00003 +/- 0.00000
SPv2num:         0.00489 +/- 0.00001
SPv1numMix:      0.00000 +/- 0.00000
   -----         
EPv1_2SE:        0.00132 +/- 0.00017
EPv1_3SE:        0.00143 +/- 0.00023
EPv1_mix:        0.00146 +/- 0.00017
   -----         
SPv1_2SE:        0.00132 +/- 0.00014
SPv1_3SE:        0.00140 +/- 0.00019
SPv1_mix:        0.00156 +/- 0.00017
   -----         
EPv2_2SE:        0.06984 +/- 0.00009
EPv2_3SE:        0.06982 +/- 0.00008
SPv2_2SE:        0.06983 +/- 0.00011
SPv2_3SE:        0.06983 +/- 0.00009

  ---- Final Tally (HFp) ---- 

rescor1_2SE:    0.42913 +/- 0.00085
rescor1_3SE:    0.49537 +/- 0.03747
rescor2_2SE:    0.91276 +/-0.00012
rescor2_2SE:    0.91300 +/- 0.00019
rescor_mix:     0.38058 +/- 0.00091
EPv1obs:        -0.00070 +/- 0.00008
EPv2obs:        0.06399 +/- 0.00007
EPv1obsMix:     -0.00066 +/- 0.00006
   -----        
SPdenom1_2SE:   0.02010 +/- 0.00005
SPdenom1_3SE:   0.02470 +/- 0.00188
SPdenom2_2SE:   0.06998 +/- 0.00003
SPdenom2_3SE:   0.06998 +/- 0.00004
SPdenom_mix:    0.00141 +/- 0.00000
SPv1num:        -0.00003 +/- 0.00000
SPv2num:        0.00491 +/- 0.00001
SPv1numMix:     -0.00000 +/- 0.00000
   -----        
EPv1_2SE:       -0.00162 +/- 0.00018
EPv1_3SE:       -0.00154 +/- 0.00024
EPv1_mix:       -0.00173 +/- 0.00017
   -----        
SPv1_2SE:       -0.00165 +/- 0.00014
SPv1_3SE:       -0.00155 +/- 0.00021
SPv1_mix:       -0.00177 +/- 0.00015
   -----        
EPv2_2SE:       0.07011 +/- 0.00008
EPv2_3SE:       0.07009 +/- 0.00007
SPv2_2SE:       0.07010 +/- 0.00008
SPv2_3SE:       0.07010 +/- 0.00008

 --- Comparisons to input vn --- 

EPv2_2SE/v2in  (HFm): 0.9978 +/- 0.0012	 (HFp): 1.0015 +/- 0.0011
EPv2_3SE/v2in  (HFm): 0.9975 +/- 0.0011	 (HFp): 1.0012 +/- 0.0010
SPv2_2SE/v2in  (HFm): 0.9976 +/- 0.0015	 (HFp): 1.0015 +/- 0.0012
SPv2_3SE/v2in  (HFm): 0.9976 +/- 0.0013	 (HFp): 1.0014 +/- 0.0011

 ...done 

