
Processing v1MC.C++...
Info in <TUnixSystem::ACLiC>: creating shared library /home/w955m639/v1flow/Monte_Carlo/new_build/./v1MC_C.so
Rapidity-even input v1: 0
Input v2: 0.07
Using eta-dependent weighting... 
Using pt-dependent weighting... 
Conserving transverse momentum event by event... 
Running 500000 events over 20 runs (25000 per run) 

Entering primary event loop
 event: 1250/25000	run: 1/20
 event: 2500/25000	run: 1/20
 event: 3750/25000	run: 1/20
 event: 5000/25000	run: 1/20
 event: 6250/25000	run: 1/20
 event: 7500/25000	run: 1/20
 event: 8750/25000	run: 1/20
 event: 10000/25000	run: 1/20
 event: 11250/25000	run: 1/20
 event: 12500/25000	run: 1/20
 event: 13750/25000	run: 1/20
 event: 15000/25000	run: 1/20
 event: 16250/25000	run: 1/20
 event: 17500/25000	run: 1/20
 event: 18750/25000	run: 1/20
 event: 20000/25000	run: 1/20
 event: 21250/25000	run: 1/20
 event: 22500/25000	run: 1/20
 event: 23750/25000	run: 1/20
 event: 25000/25000	run: 1/20
   -----            
nevts:              25000
evtmult:            6564
ncount (HFm):       5701372
ncount (HFp):       5703133
   -----            
HFm mult:           634
trackm mult:        226
trackmid mult:      449
trackp mult:        223
HFp mult:           691
particles rejected: 4790
   -----            
rescor1_2:          0.315471
rescor1_3    (HFm): 0.343514	 (HFp): 0.309453
rescor2_2:          0.912724
rescor2_3    (HFm): 0.913309	 (HFp): 0.913309
rescorMix    (HFm): 0.036060	 (HFp): 0.036060
epv1obs      (HFm): 0.002917	 (HFp): -0.002926
epv1obs_mix  (HFm): 0.000147	 (HFp): -0.000210
epv2obs      (HFm): 0.064084	 (HFp): 0.063917
   -----            
spdenom1_2SE:       0.027541
spdenom1_3SE (HFm): 0.028795	 (HFp): 0.026636
spdenom2_2SE:       0.069919
spdenom2_3SE (HFm): 0.070011	 (HFp): 0.070011
spdenom_mix  (HFm): 0.000682	 (HFp): 0.000682
spv1num      (HFm): -0.000256	 (HFp): 0.000253
spv2num      (HFm): 0.004906	 (HFp): 0.004899
spv1num_mix  (HFm): -0.000001	 (HFp): 0.000002
   -----               
epv1_2SE     (HFm): 0.009246	 (HFp): -0.009274
epv1_3SE     (HFm): 0.008491	 (HFp): -0.009454
epv1_mix     (HFm): 0.004074	 (HFp): -0.005823
   -----            
spv1_2SE     (HFm): -0.009291	 (HFp): 0.009185
spv1_3SE     (HFm): -0.008887	 (HFp): 0.009498
spv1_mix     (HFm): -0.001253	 (HFp): 0.003459
   -----            
epv2_2SE     (HFm): 0.070212	 (HFp): 0.070028
epv2_3SE     (HFm): 0.070167	 (HFp): 0.069984
spv2_2SE     (HFm): 0.070168	 (HFp): 0.070068
spv2_3SE     (HFm): 0.070076	 (HFp): 0.069976
   -----          

Entering primary event loop
 event: 1250/25000	run: 2/20
 event: 2500/25000	run: 2/20
 event: 3750/25000	run: 2/20
 event: 5000/25000	run: 2/20
 event: 6250/25000	run: 2/20
 event: 7500/25000	run: 2/20
 event: 8750/25000	run: 2/20
 event: 10000/25000	run: 2/20
 event: 11250/25000	run: 2/20
 event: 12500/25000	run: 2/20
 event: 13750/25000	run: 2/20
 event: 15000/25000	run: 2/20
 event: 16250/25000	run: 2/20
 event: 17500/25000	run: 2/20
 event: 18750/25000	run: 2/20
 event: 20000/25000	run: 2/20
 event: 21250/25000	run: 2/20
 event: 22500/25000	run: 2/20
 event: 23750/25000	run: 2/20
 event: 25000/25000	run: 2/20
   -----            
nevts:              25000
evtmult:            6564
ncount (HFm):       5698483
ncount (HFp):       5704157
   -----            
HFm mult:           688
trackm mult:        225
trackmid mult:      464
trackp mult:        239
HFp mult:           670
particles rejected: 4742
   -----            
rescor1_2:          0.316811
rescor1_3    (HFm): 0.315841	 (HFp): 0.330619
rescor2_2:          0.912674
rescor2_3    (HFm): 0.911296	 (HFp): 0.911296
rescorMix    (HFm): 0.041142	 (HFp): 0.041142
epv1obs      (HFm): 0.002678	 (HFp): -0.002805
epv1obs_mix  (HFm): 0.000245	 (HFp): -0.000170
epv2obs      (HFm): 0.063097	 (HFp): 0.063988
   -----            
spdenom1_2SE:       0.027412
spdenom1_3SE (HFm): 0.027928	 (HFp): 0.029117
spdenom2_2SE:       0.069807
spdenom2_3SE (HFm): 0.069842	 (HFp): 0.069842
spdenom_mix  (HFm): 0.000271	 (HFp): 0.000271
spv1num      (HFm): -0.000227	 (HFp): 0.000234
spv2num      (HFm): 0.004818	 (HFp): 0.004901
spv1num_mix  (HFm): -0.000003	 (HFp): 0.000002
   -----               
epv1_2SE     (HFm): 0.008454	 (HFp): -0.008853
epv1_3SE     (HFm): 0.008480	 (HFp): -0.008484
epv1_mix     (HFm): 0.005947	 (HFp): -0.004139
   -----            
spv1_2SE     (HFm): -0.008275	 (HFp): 0.008542
spv1_3SE     (HFm): -0.008122	 (HFp): 0.008042
spv1_mix     (HFm): -0.010311	 (HFp): 0.005612
   -----            
epv2_2SE     (HFm): 0.069135	 (HFp): 0.070111
epv2_3SE     (HFm): 0.069239	 (HFp): 0.070217
spv2_2SE     (HFm): 0.069018	 (HFp): 0.070211
spv2_3SE     (HFm): 0.068983	 (HFp): 0.070176
   -----          

Entering primary event loop
 event: 1250/25000	run: 3/20
 event: 2500/25000	run: 3/20
 event: 3750/25000	run: 3/20
 event: 5000/25000	run: 3/20
 event: 6250/25000	run: 3/20
 event: 7500/25000	run: 3/20
 event: 8750/25000	run: 3/20
 event: 10000/25000	run: 3/20
 event: 11250/25000	run: 3/20
 event: 12500/25000	run: 3/20
 event: 13750/25000	run: 3/20
 event: 15000/25000	run: 3/20
 event: 16250/25000	run: 3/20
 event: 17500/25000	run: 3/20
 event: 18750/25000	run: 3/20
 event: 20000/25000	run: 3/20
 event: 21250/25000	run: 3/20
 event: 22500/25000	run: 3/20
 event: 23750/25000	run: 3/20
 event: 25000/25000	run: 3/20
   -----            
nevts:              25000
evtmult:            6564
ncount (HFm):       5701783
ncount (HFp):       5702790
   -----            
HFm mult:           716
trackm mult:        225
trackmid mult:      454
trackp mult:        229
HFp mult:           648
particles rejected: 4746
   -----            
rescor1_2:          0.306219
rescor1_3    (HFm): 0.304226	 (HFp): 0.280572
rescor2_2:          0.912658
rescor2_3    (HFm): 0.912268	 (HFp): 0.912268
rescorMix    (HFm): 0.032817	 (HFp): 0.032817
epv1obs      (HFm): 0.003072	 (HFp): -0.002752
epv1obs_mix  (HFm): 0.000105	 (HFp): -0.000290
epv2obs      (HFm): 0.063653	 (HFp): 0.063596
   -----            
spdenom1_2SE:       0.026860
spdenom1_3SE (HFm): 0.026982	 (HFp): 0.024706
spdenom2_2SE:       0.070281
spdenom2_3SE (HFm): 0.070138	 (HFp): 0.070138
spdenom_mix  (HFm): 0.000149	 (HFp): 0.000149
spv1num      (HFm): -0.000258	 (HFp): 0.000252
spv2num      (HFm): 0.004883	 (HFp): 0.004893
spv1num_mix  (HFm): 0.000000	 (HFp): 0.000002
   -----               
epv1_2SE     (HFm): 0.010031	 (HFp): -0.008988
epv1_3SE     (HFm): 0.010096	 (HFp): -0.009810
epv1_mix     (HFm): 0.003193	 (HFp): -0.008831
   -----            
spv1_2SE     (HFm): -0.009612	 (HFp): 0.009384
spv1_3SE     (HFm): -0.009569	 (HFp): 0.010202
spv1_mix     (HFm): 0.000866	 (HFp): 0.016340
   -----            
epv2_2SE     (HFm): 0.069745	 (HFp): 0.069682
epv2_3SE     (HFm): 0.069775	 (HFp): 0.069712
spv2_2SE     (HFm): 0.069477	 (HFp): 0.069624
spv2_3SE     (HFm): 0.069619	 (HFp): 0.069767
   -----          

Entering primary event loop
 event: 1250/25000	run: 4/20
 event: 2500/25000	run: 4/20
 event: 3750/25000	run: 4/20
 event: 5000/25000	run: 4/20
 event: 6250/25000	run: 4/20
 event: 7500/25000	run: 4/20
 event: 8750/25000	run: 4/20
 event: 10000/25000	run: 4/20
 event: 11250/25000	run: 4/20
 event: 12500/25000	run: 4/20
 event: 13750/25000	run: 4/20
 event: 15000/25000	run: 4/20
 event: 16250/25000	run: 4/20
 event: 17500/25000	run: 4/20
 event: 18750/25000	run: 4/20
 event: 20000/25000	run: 4/20
 event: 21250/25000	run: 4/20
 event: 22500/25000	run: 4/20
 event: 23750/25000	run: 4/20
 event: 25000/25000	run: 4/20
   -----            
nevts:              25000
evtmult:            6564
ncount (HFm):       5701751
ncount (HFp):       5704388
   -----            
HFm mult:           691
trackm mult:        223
trackmid mult:      458
trackp mult:        235
HFp mult:           670
particles rejected: 4745
   -----            
rescor1_2:          0.306988
rescor1_3    (HFm): 0.293175	 (HFp): 0.308532
rescor2_2:          0.912742
rescor2_3    (HFm): 0.911620	 (HFp): 0.911620
rescorMix    (HFm): 0.055144	 (HFp): 0.055144
epv1obs      (HFm): 0.002873	 (HFp): -0.002989
epv1obs_mix  (HFm): -0.000156	 (HFp): -0.000339
epv2obs      (HFm): 0.063693	 (HFp): 0.064166
   -----            
spdenom1_2SE:       0.026998
spdenom1_3SE (HFm): 0.026113	 (HFp): 0.028008
spdenom2_2SE:       0.070042
spdenom2_3SE (HFm): 0.070090	 (HFp): 0.070090
spdenom_mix  (HFm): 0.000318	 (HFp): 0.000318
spv1num      (HFm): -0.000239	 (HFp): 0.000256
spv2num      (HFm): 0.004895	 (HFp): 0.004930
spv1num_mix  (HFm): -0.000000	 (HFp): 0.000003
   -----               
epv1_2SE     (HFm): 0.009357	 (HFp): -0.009738
epv1_3SE     (HFm): 0.009798	 (HFp): -0.009689
epv1_mix     (HFm): -0.002828	 (HFp): -0.006145
   -----            
spv1_2SE     (HFm): -0.008842	 (HFp): 0.009472
spv1_3SE     (HFm): -0.009142	 (HFp): 0.009130
spv1_mix     (HFm): -0.000073	 (HFp): 0.008483
   -----            
epv2_2SE     (HFm): 0.069782	 (HFp): 0.070300
epv2_3SE     (HFm): 0.069868	 (HFp): 0.070387
spv2_2SE     (HFm): 0.069882	 (HFp): 0.070393
spv2_3SE     (HFm): 0.069833	 (HFp): 0.070344
   -----          

Entering primary event loop
 event: 1250/25000	run: 5/20
 event: 2500/25000	run: 5/20
 event: 3750/25000	run: 5/20
 event: 5000/25000	run: 5/20
 event: 6250/25000	run: 5/20
 event: 7500/25000	run: 5/20
 event: 8750/25000	run: 5/20
 event: 10000/25000	run: 5/20
 event: 11250/25000	run: 5/20
 event: 12500/25000	run: 5/20
 event: 13750/25000	run: 5/20
 event: 15000/25000	run: 5/20
 event: 16250/25000	run: 5/20
 event: 17500/25000	run: 5/20
 event: 18750/25000	run: 5/20
 event: 20000/25000	run: 5/20
 event: 21250/25000	run: 5/20
 event: 22500/25000	run: 5/20
 event: 23750/25000	run: 5/20
 event: 25000/25000	run: 5/20
   -----            
nevts:              25000
evtmult:            6564
ncount (HFm):       5702068
ncount (HFp):       5700938
   -----            
HFm mult:           688
trackm mult:        217
trackmid mult:      463
trackp mult:        246
HFp mult:           687
particles rejected: 4726
   -----            
rescor1_2:          0.317983
rescor1_3    (HFm): 0.319006	 (HFp): 0.346755
rescor2_2:          0.913143
rescor2_3    (HFm): 0.913183	 (HFp): 0.913183
rescorMix    (HFm): 0.075637	 (HFp): 0.075637
epv1obs      (HFm): 0.002486	 (HFp): -0.002979
epv1obs_mix  (HFm): -0.000001	 (HFp): -0.000236
epv2obs      (HFm): 0.064105	 (HFp): 0.063769
   -----            
spdenom1_2SE:       0.028071
spdenom1_3SE (HFm): 0.028991	 (HFp): 0.029022
spdenom2_2SE:       0.070090
spdenom2_3SE (HFm): 0.070064	 (HFp): 0.070064
spdenom_mix  (HFm): 0.000646	 (HFp): 0.000646
spv1num      (HFm): -0.000229	 (HFp): 0.000258
spv2num      (HFm): 0.004924	 (HFp): 0.004892
spv1num_mix  (HFm): -0.000000	 (HFp): 0.000002
   -----               
epv1_2SE     (HFm): 0.007819	 (HFp): -0.009369
epv1_3SE     (HFm): 0.007794	 (HFp): -0.008591
epv1_mix     (HFm): -0.000008	 (HFp): -0.003117
   -----            
spv1_2SE     (HFm): -0.008171	 (HFp): 0.009180
spv1_3SE     (HFm): -0.007911	 (HFp): 0.008879
spv1_mix     (HFm): -0.000278	 (HFp): 0.002996
   -----            
epv2_2SE     (HFm): 0.070203	 (HFp): 0.069834
epv2_3SE     (HFm): 0.070200	 (HFp): 0.069831
spv2_2SE     (HFm): 0.070258	 (HFp): 0.069793
spv2_3SE     (HFm): 0.070284	 (HFp): 0.069819
   -----          

Entering primary event loop
 event: 1250/25000	run: 6/20
 event: 2500/25000	run: 6/20
 event: 3750/25000	run: 6/20
 event: 5000/25000	run: 6/20
 event: 6250/25000	run: 6/20
 event: 7500/25000	run: 6/20
 event: 8750/25000	run: 6/20
 event: 10000/25000	run: 6/20
 event: 11250/25000	run: 6/20
 event: 12500/25000	run: 6/20
 event: 13750/25000	run: 6/20
 event: 15000/25000	run: 6/20
 event: 16250/25000	run: 6/20
 event: 17500/25000	run: 6/20
 event: 18750/25000	run: 6/20
 event: 20000/25000	run: 6/20
 event: 21250/25000	run: 6/20
 event: 22500/25000	run: 6/20
 event: 23750/25000	run: 6/20
 event: 25000/25000	run: 6/20
   -----            
nevts:              25000
evtmult:            6564
ncount (HFm):       5700914
ncount (HFp):       5702447
   -----            
HFm mult:           679
trackm mult:        225
trackmid mult:      456
trackp mult:        231
HFp mult:           680
particles rejected: 4749
   -----            
rescor1_2:          0.310022
rescor1_3    (HFm): 0.334550	 (HFp): 0.296626
rescor2_2:          0.912515
rescor2_3    (HFm): 0.911964	 (HFp): 0.911964
rescorMix    (HFm): 0.058294	 (HFp): 0.058294
epv1obs      (HFm): 0.002643	 (HFp): -0.002471
epv1obs_mix  (HFm): 0.000285	 (HFp): -0.000024
epv2obs      (HFm): 0.063774	 (HFp): 0.063725
   -----            
spdenom1_2SE:       0.027107
spdenom1_3SE (HFm): 0.027578	 (HFp): 0.026680
spdenom2_2SE:       0.070014
spdenom2_3SE (HFm): 0.070058	 (HFp): 0.070058
spdenom_mix  (HFm): 0.000492	 (HFp): 0.000492
spv1num      (HFm): -0.000231	 (HFp): 0.000213
spv2num      (HFm): 0.004893	 (HFp): 0.004890
spv1num_mix  (HFm): -0.000003	 (HFp): 0.000002
   -----               
epv1_2SE     (HFm): 0.008525	 (HFp): -0.007969
epv1_3SE     (HFm): 0.007900	 (HFp): -0.008329
epv1_mix     (HFm): 0.004887	 (HFp): -0.000405
   -----            
spv1_2SE     (HFm): -0.008518	 (HFp): 0.007874
spv1_3SE     (HFm): -0.008372	 (HFp): 0.008000
spv1_mix     (HFm): -0.005113	 (HFp): 0.003388
   -----            
epv2_2SE     (HFm): 0.069889	 (HFp): 0.069834
epv2_3SE     (HFm): 0.069931	 (HFp): 0.069877
spv2_2SE     (HFm): 0.069890	 (HFp): 0.069846
spv2_3SE     (HFm): 0.069847	 (HFp): 0.069802
   -----          

Entering primary event loop
 event: 1250/25000	run: 7/20
 event: 2500/25000	run: 7/20
 event: 3750/25000	run: 7/20
 event: 5000/25000	run: 7/20
 event: 6250/25000	run: 7/20
 event: 7500/25000	run: 7/20
 event: 8750/25000	run: 7/20
 event: 10000/25000	run: 7/20
 event: 11250/25000	run: 7/20
 event: 12500/25000	run: 7/20
 event: 13750/25000	run: 7/20
 event: 15000/25000	run: 7/20
 event: 16250/25000	run: 7/20
 event: 17500/25000	run: 7/20
 event: 18750/25000	run: 7/20
 event: 20000/25000	run: 7/20
 event: 21250/25000	run: 7/20
 event: 22500/25000	run: 7/20
 event: 23750/25000	run: 7/20
 event: 25000/25000	run: 7/20
   -----            
nevts:              25000
evtmult:            6564
ncount (HFm):       5702899
ncount (HFp):       5698814
   -----            
HFm mult:           720
trackm mult:        229
trackmid mult:      474
trackp mult:        245
HFp mult:           698
particles rejected: 4672
   -----            
rescor1_2:          0.321938
rescor1_3    (HFm): 0.322391	 (HFp): 0.322240
rescor2_2:          0.913298
rescor2_3    (HFm): 0.914459	 (HFp): 0.914459
rescorMix    (HFm): 0.049324	 (HFp): 0.049324
epv1obs      (HFm): 0.002785	 (HFp): -0.002675
epv1obs_mix  (HFm): 0.000212	 (HFp): -0.000398
epv2obs      (HFm): 0.063950	 (HFp): 0.064361
   -----            
spdenom1_2SE:       0.027603
spdenom1_3SE (HFm): 0.027402	 (HFp): 0.027055
spdenom2_2SE:       0.070116
spdenom2_3SE (HFm): 0.070155	 (HFp): 0.070155
spdenom_mix  (HFm): 0.000389	 (HFp): 0.000389
spv1num      (HFm): -0.000240	 (HFp): 0.000237
spv2num      (HFm): 0.004909	 (HFp): 0.004934
spv1num_mix  (HFm): -0.000002	 (HFp): 0.000003
   -----               
epv1_2SE     (HFm): 0.008651	 (HFp): -0.008308
epv1_3SE     (HFm): 0.008638	 (HFp): -0.008300
epv1_mix     (HFm): 0.004296	 (HFp): -0.008074
   -----            
spv1_2SE     (HFm): -0.008686	 (HFp): 0.008577
spv1_3SE     (HFm): -0.008750	 (HFp): 0.008751
spv1_mix     (HFm): -0.004972	 (HFp): 0.008383
   -----            
epv2_2SE     (HFm): 0.070021	 (HFp): 0.070471
epv2_3SE     (HFm): 0.069932	 (HFp): 0.070382
spv2_2SE     (HFm): 0.070011	 (HFp): 0.070373
spv2_3SE     (HFm): 0.069972	 (HFp): 0.070334
   -----          

Entering primary event loop
 event: 1250/25000	run: 8/20
 event: 2500/25000	run: 8/20
 event: 3750/25000	run: 8/20
 event: 5000/25000	run: 8/20
 event: 6250/25000	run: 8/20
 event: 7500/25000	run: 8/20
 event: 8750/25000	run: 8/20
 event: 10000/25000	run: 8/20
 event: 11250/25000	run: 8/20
 event: 12500/25000	run: 8/20
 event: 13750/25000	run: 8/20
 event: 15000/25000	run: 8/20
 event: 16250/25000	run: 8/20
 event: 17500/25000	run: 8/20
 event: 18750/25000	run: 8/20
 event: 20000/25000	run: 8/20
 event: 21250/25000	run: 8/20
 event: 22500/25000	run: 8/20
 event: 23750/25000	run: 8/20
 event: 25000/25000	run: 8/20
   -----            
nevts:              25000
evtmult:            6564
ncount (HFm):       5700095
ncount (HFp):       5703178
   -----            
HFm mult:           707
trackm mult:        228
trackmid mult:      441
trackp mult:        213
HFp mult:           684
particles rejected: 4732
   -----            
rescor1_2:          0.315394
rescor1_3    (HFm): 0.280639	 (HFp): 0.319611
rescor2_2:          0.913422
rescor2_3    (HFm): 0.914779	 (HFp): 0.914779
rescorMix    (HFm): 0.095749	 (HFp): 0.095749
epv1obs      (HFm): 0.002854	 (HFp): -0.002830
epv1obs_mix  (HFm): 0.000406	 (HFp): -0.000067
epv2obs      (HFm): 0.063870	 (HFp): 0.064384
   -----            
spdenom1_2SE:       0.027055
spdenom1_3SE (HFm): 0.025221	 (HFp): 0.026631
spdenom2_2SE:       0.069926
spdenom2_3SE (HFm): 0.069848	 (HFp): 0.069848
spdenom_mix  (HFm): 0.000574	 (HFp): 0.000574
spv1num      (HFm): -0.000247	 (HFp): 0.000240
spv2num      (HFm): 0.004879	 (HFp): 0.004918
spv1num_mix  (HFm): -0.000003	 (HFp): 0.000000
   -----               
epv1_2SE     (HFm): 0.009049	 (HFp): -0.008974
epv1_3SE     (HFm): 0.010169	 (HFp): -0.008855
epv1_mix     (HFm): 0.004243	 (HFp): -0.000696
   -----            
spv1_2SE     (HFm): -0.009134	 (HFp): 0.008869
spv1_3SE     (HFm): -0.009798	 (HFp): 0.009011
spv1_mix     (HFm): -0.005050	 (HFp): 0.000514
   -----            
epv2_2SE     (HFm): 0.069923	 (HFp): 0.070487
epv2_3SE     (HFm): 0.069820	 (HFp): 0.070382
spv2_2SE     (HFm): 0.069774	 (HFp): 0.070336
spv2_3SE     (HFm): 0.069853	 (HFp): 0.070415
   -----          

Entering primary event loop
 event: 1250/25000	run: 9/20
 event: 2500/25000	run: 9/20
 event: 3750/25000	run: 9/20
 event: 5000/25000	run: 9/20
 event: 6250/25000	run: 9/20
 event: 7500/25000	run: 9/20
 event: 8750/25000	run: 9/20
 event: 10000/25000	run: 9/20
 event: 11250/25000	run: 9/20
 event: 12500/25000	run: 9/20
 event: 13750/25000	run: 9/20
 event: 15000/25000	run: 9/20
 event: 16250/25000	run: 9/20
 event: 17500/25000	run: 9/20
 event: 18750/25000	run: 9/20
 event: 20000/25000	run: 9/20
 event: 21250/25000	run: 9/20
 event: 22500/25000	run: 9/20
 event: 23750/25000	run: 9/20
 event: 25000/25000	run: 9/20
   -----            
nevts:              25000
evtmult:            6564
ncount (HFm):       5701221
ncount (HFp):       5700545
   -----            
HFm mult:           680
trackm mult:        223
trackmid mult:      448
trackp mult:        225
HFp mult:           665
particles rejected: 4771
   -----            
rescor1_2:          0.312556
rescor1_3    (HFm): 0.285606	 (HFp): 0.293599
rescor2_2:          0.913513
rescor2_3    (HFm): 0.913346	 (HFp): 0.913346
rescorMix    (HFm): 0.007958	 (HFp): 0.007958
epv1obs      (HFm): 0.002975	 (HFp): -0.003082
epv1obs_mix  (HFm): 0.000181	 (HFp): -0.000182
epv2obs      (HFm): 0.063561	 (HFp): 0.063665
   -----            
spdenom1_2SE:       0.026980
spdenom1_3SE (HFm): 0.025056	 (HFp): 0.025193
spdenom2_2SE:       0.069970
spdenom2_3SE (HFm): 0.069898	 (HFp): 0.069898
spdenom_mix  (HFm): 0.000254	 (HFp): 0.000254
spv1num      (HFm): -0.000269	 (HFp): 0.000261
spv2num      (HFm): 0.004863	 (HFp): 0.004876
spv1num_mix  (HFm): -0.000001	 (HFp): 0.000002
   -----               
epv1_2SE     (HFm): 0.009517	 (HFp): -0.009861
epv1_3SE     (HFm): 0.010415	 (HFp): -0.010498
epv1_mix     (HFm): 0.022728	 (HFp): -0.022914
   -----            
spv1_2SE     (HFm): -0.009969	 (HFp): 0.009678
spv1_3SE     (HFm): -0.010734	 (HFp): 0.010365
spv1_mix     (HFm): -0.002017	 (HFp): 0.007597
   -----            
epv2_2SE     (HFm): 0.069579	 (HFp): 0.069692
epv2_3SE     (HFm): 0.069592	 (HFp): 0.069705
spv2_2SE     (HFm): 0.069502	 (HFp): 0.069690
spv2_3SE     (HFm): 0.069573	 (HFp): 0.069761
   -----          

Entering primary event loop
 event: 1250/25000	run: 10/20
 event: 2500/25000	run: 10/20
 event: 3750/25000	run: 10/20
 event: 5000/25000	run: 10/20
 event: 6250/25000	run: 10/20
 event: 7500/25000	run: 10/20
 event: 8750/25000	run: 10/20
 event: 10000/25000	run: 10/20
 event: 11250/25000	run: 10/20
 event: 12500/25000	run: 10/20
 event: 13750/25000	run: 10/20
 event: 15000/25000	run: 10/20
 event: 16250/25000	run: 10/20
 event: 17500/25000	run: 10/20
 event: 18750/25000	run: 10/20
 event: 20000/25000	run: 10/20
 event: 21250/25000	run: 10/20
 event: 22500/25000	run: 10/20
 event: 23750/25000	run: 10/20
 event: 25000/25000	run: 10/20
   -----            
nevts:              25000
evtmult:            6564
ncount (HFm):       5701615
ncount (HFp):       5700803
   -----            
HFm mult:           677
trackm mult:        224
trackmid mult:      459
trackp mult:        235
HFp mult:           692
particles rejected: 4736
   -----            
rescor1_2:          0.313240
rescor1_3    (HFm): 0.317917	 (HFp): 0.323305
rescor2_2:          0.911850
rescor2_3    (HFm): 0.912761	 (HFp): 0.912761
rescorMix    (HFm): 0.049995	 (HFp): 0.049995
epv1obs      (HFm): 0.002862	 (HFp): -0.002732
epv1obs_mix  (HFm): 0.000282	 (HFp): -0.000123
epv2obs      (HFm): 0.063432	 (HFp): 0.064601
   -----            
spdenom1_2SE:       0.027593
spdenom1_3SE (HFm): 0.027477	 (HFp): 0.029296
spdenom2_2SE:       0.069837
spdenom2_3SE (HFm): 0.069879	 (HFp): 0.069879
spdenom_mix  (HFm): 0.000459	 (HFp): 0.000459
spv1num      (HFm): -0.000248	 (HFp): 0.000240
spv2num      (HFm): 0.004851	 (HFp): 0.004948
spv1num_mix  (HFm): -0.000003	 (HFp): 0.000001
   -----               
epv1_2SE     (HFm): 0.009137	 (HFp): -0.008722
epv1_3SE     (HFm): 0.009003	 (HFp): -0.008451
epv1_mix     (HFm): 0.005639	 (HFp): -0.002456
   -----            
spv1_2SE     (HFm): -0.008995	 (HFp): 0.008691
spv1_3SE     (HFm): -0.009033	 (HFp): 0.008185
spv1_mix     (HFm): -0.006622	 (HFp): 0.001281
   -----            
epv2_2SE     (HFm): 0.069565	 (HFp): 0.070846
epv2_3SE     (HFm): 0.069495	 (HFp): 0.070775
spv2_2SE     (HFm): 0.069457	 (HFp): 0.070849
spv2_3SE     (HFm): 0.069416	 (HFp): 0.070807
   -----          

Entering primary event loop
 event: 1250/25000	run: 11/20
 event: 2500/25000	run: 11/20
 event: 3750/25000	run: 11/20
 event: 5000/25000	run: 11/20
 event: 6250/25000	run: 11/20
 event: 7500/25000	run: 11/20
 event: 8750/25000	run: 11/20
 event: 10000/25000	run: 11/20
 event: 11250/25000	run: 11/20
 event: 12500/25000	run: 11/20
 event: 13750/25000	run: 11/20
 event: 15000/25000	run: 11/20
 event: 16250/25000	run: 11/20
 event: 17500/25000	run: 11/20
 event: 18750/25000	run: 11/20
 event: 20000/25000	run: 11/20
 event: 21250/25000	run: 11/20
 event: 22500/25000	run: 11/20
 event: 23750/25000	run: 11/20
 event: 25000/25000	run: 11/20
   -----            
nevts:              25000
evtmult:            6564
ncount (HFm):       5704022
ncount (HFp):       5702151
   -----            
HFm mult:           693
trackm mult:        219
trackmid mult:      454
trackp mult:        235
HFp mult:           697
particles rejected: 4720
   -----            
rescor1_2:          0.322181
rescor1_3    (HFm): 0.324519	 (HFp): 0.302909
rescor2_2:          0.912261
rescor2_3    (HFm): 0.913456	 (HFp): 0.913456
rescorMix    (HFm): 0.055025	 (HFp): 0.055025
epv1obs      (HFm): 0.002903	 (HFp): -0.002899
epv1obs_mix  (HFm): 0.000346	 (HFp): -0.000159
epv2obs      (HFm): 0.063996	 (HFp): 0.064177
   -----            
spdenom1_2SE:       0.027387
spdenom1_3SE (HFm): 0.027650	 (HFp): 0.026925
spdenom2_2SE:       0.069896
spdenom2_3SE (HFm): 0.069790	 (HFp): 0.069790
spdenom_mix  (HFm): 0.000408	 (HFp): 0.000408
spv1num      (HFm): -0.000246	 (HFp): 0.000249
spv2num      (HFm): 0.004895	 (HFp): 0.004909
spv1num_mix  (HFm): -0.000003	 (HFp): 0.000001
   -----               
epv1_2SE     (HFm): 0.009012	 (HFp): -0.008999
epv1_3SE     (HFm): 0.008947	 (HFp): -0.009571
epv1_mix     (HFm): 0.006290	 (HFp): -0.002882
   -----            
spv1_2SE     (HFm): -0.008993	 (HFp): 0.009092
spv1_3SE     (HFm): -0.008907	 (HFp): 0.009248
spv1_mix     (HFm): -0.006724	 (HFp): 0.001327
   -----            
epv2_2SE     (HFm): 0.070151	 (HFp): 0.070349
epv2_3SE     (HFm): 0.070059	 (HFp): 0.070257
spv2_2SE     (HFm): 0.070026	 (HFp): 0.070240
spv2_3SE     (HFm): 0.070132	 (HFp): 0.070346
   -----          

Entering primary event loop
 event: 1250/25000	run: 12/20
 event: 2500/25000	run: 12/20
 event: 3750/25000	run: 12/20
 event: 5000/25000	run: 12/20
 event: 6250/25000	run: 12/20
 event: 7500/25000	run: 12/20
 event: 8750/25000	run: 12/20
 event: 10000/25000	run: 12/20
 event: 11250/25000	run: 12/20
 event: 12500/25000	run: 12/20
 event: 13750/25000	run: 12/20
 event: 15000/25000	run: 12/20
 event: 16250/25000	run: 12/20
 event: 17500/25000	run: 12/20
 event: 18750/25000	run: 12/20
 event: 20000/25000	run: 12/20
 event: 21250/25000	run: 12/20
 event: 22500/25000	run: 12/20
 event: 23750/25000	run: 12/20
 event: 25000/25000	run: 12/20
   -----            
nevts:              25000
evtmult:            6564
ncount (HFm):       5703487
ncount (HFp):       5703744
   -----            
HFm mult:           705
trackm mult:        227
trackmid mult:      455
trackp mult:        228
HFp mult:           679
particles rejected: 4725
   -----            
rescor1_2:          0.313767
rescor1_3    (HFm): 0.323470	 (HFp): 0.330568
rescor2_2:          0.913243
rescor2_3    (HFm): 0.911779	 (HFp): 0.911779
rescorMix    (HFm): 0.025658	 (HFp): 0.025658
epv1obs      (HFm): 0.002626	 (HFp): -0.002798
epv1obs_mix  (HFm): 0.000420	 (HFp): -0.000100
epv2obs      (HFm): 0.063810	 (HFp): 0.064049
   -----            
spdenom1_2SE:       0.027334
spdenom1_3SE (HFm): 0.028100	 (HFp): 0.027959
spdenom2_2SE:       0.070112
spdenom2_3SE (HFm): 0.070177	 (HFp): 0.070177
spdenom_mix  (HFm): 0.000261	 (HFp): 0.000261
spv1num      (HFm): -0.000238	 (HFp): 0.000246
spv2num      (HFm): 0.004919	 (HFp): 0.004929
spv1num_mix  (HFm): -0.000003	 (HFp): 0.000002
   -----               
epv1_2SE     (HFm): 0.008370	 (HFp): -0.008917
epv1_3SE     (HFm): 0.008119	 (HFp): -0.008464
epv1_mix     (HFm): 0.016359	 (HFp): -0.003915
   -----            
spv1_2SE     (HFm): -0.008702	 (HFp): 0.009017
spv1_3SE     (HFm): -0.008465	 (HFp): 0.008815
spv1_mix     (HFm): -0.011140	 (HFp): 0.009118
   -----            
epv2_2SE     (HFm): 0.069872	 (HFp): 0.070134
epv2_3SE     (HFm): 0.069984	 (HFp): 0.070246
spv2_2SE     (HFm): 0.070162	 (HFp): 0.070302
spv2_3SE     (HFm): 0.070098	 (HFp): 0.070238
   -----          

Entering primary event loop
 event: 1250/25000	run: 13/20
 event: 2500/25000	run: 13/20
 event: 3750/25000	run: 13/20
 event: 5000/25000	run: 13/20
 event: 6250/25000	run: 13/20
 event: 7500/25000	run: 13/20
 event: 8750/25000	run: 13/20
 event: 10000/25000	run: 13/20
 event: 11250/25000	run: 13/20
 event: 12500/25000	run: 13/20
 event: 13750/25000	run: 13/20
 event: 15000/25000	run: 13/20
 event: 16250/25000	run: 13/20
 event: 17500/25000	run: 13/20
 event: 18750/25000	run: 13/20
 event: 20000/25000	run: 13/20
 event: 21250/25000	run: 13/20
 event: 22500/25000	run: 13/20
 event: 23750/25000	run: 13/20
 event: 25000/25000	run: 13/20
   -----            
nevts:              25000
evtmult:            6564
ncount (HFm):       5701471
ncount (HFp):       5701822
   -----            
HFm mult:           658
trackm mult:        221
trackmid mult:      419
trackp mult:        198
HFp mult:           662
particles rejected: 4825
   -----            
rescor1_2:          0.312554
rescor1_3    (HFm): 0.281361	 (HFp): 0.309681
rescor2_2:          0.911618
rescor2_3    (HFm): 0.912483	 (HFp): 0.912483
rescorMix    (HFm): 0.045542	 (HFp): 0.045542
epv1obs      (HFm): 0.002820	 (HFp): -0.002890
epv1obs_mix  (HFm): -0.000217	 (HFp): -0.000113
epv2obs      (HFm): 0.063959	 (HFp): 0.064372
   -----            
spdenom1_2SE:       0.026792
spdenom1_3SE (HFm): 0.025350	 (HFp): 0.026593
spdenom2_2SE:       0.069839
spdenom2_3SE (HFm): 0.069832	 (HFp): 0.069832
spdenom_mix  (HFm): 0.000412	 (HFp): 0.000412
spv1num      (HFm): -0.000243	 (HFp): 0.000251
spv2num      (HFm): 0.004905	 (HFp): 0.004937
spv1num_mix  (HFm): -0.000001	 (HFp): 0.000001
   -----               
epv1_2SE     (HFm): 0.009023	 (HFp): -0.009247
epv1_3SE     (HFm): 0.010024	 (HFp): -0.009333
epv1_mix     (HFm): -0.004762	 (HFp): -0.002482
   -----            
spv1_2SE     (HFm): -0.009072	 (HFp): 0.009386
spv1_3SE     (HFm): -0.009588	 (HFp): 0.009456
spv1_mix     (HFm): -0.001342	 (HFp): 0.003595
   -----            
epv2_2SE     (HFm): 0.070160	 (HFp): 0.070613
epv2_3SE     (HFm): 0.070094	 (HFp): 0.070546
spv2_2SE     (HFm): 0.070237	 (HFp): 0.070695
spv2_3SE     (HFm): 0.070243	 (HFp): 0.070702
   -----          

Entering primary event loop
 event: 1250/25000	run: 14/20
 event: 2500/25000	run: 14/20
 event: 3750/25000	run: 14/20
 event: 5000/25000	run: 14/20
 event: 6250/25000	run: 14/20
 event: 7500/25000	run: 14/20
 event: 8750/25000	run: 14/20
 event: 10000/25000	run: 14/20
 event: 11250/25000	run: 14/20
 event: 12500/25000	run: 14/20
 event: 13750/25000	run: 14/20
 event: 15000/25000	run: 14/20
 event: 16250/25000	run: 14/20
 event: 17500/25000	run: 14/20
 event: 18750/25000	run: 14/20
 event: 20000/25000	run: 14/20
 event: 21250/25000	run: 14/20
 event: 22500/25000	run: 14/20
 event: 23750/25000	run: 14/20
 event: 25000/25000	run: 14/20
   -----            
nevts:              25000
evtmult:            6564
ncount (HFm):       5701205
ncount (HFp):       5701194
   -----            
HFm mult:           685
trackm mult:        230
trackmid mult:      457
trackp mult:        227
HFp mult:           666
particles rejected: 4756
   -----            
rescor1_2:          0.323821
rescor1_3    (HFm): 0.343435	 (HFp): 0.318272
rescor2_2:          0.912031
rescor2_3    (HFm): 0.913013	 (HFp): 0.913013
rescorMix    (HFm): 0.074120	 (HFp): 0.074120
epv1obs      (HFm): 0.002777	 (HFp): -0.002483
epv1obs_mix  (HFm): 0.000252	 (HFp): -0.000339
epv2obs      (HFm): 0.064085	 (HFp): 0.063822
   -----            
spdenom1_2SE:       0.027735
spdenom1_3SE (HFm): 0.029202	 (HFp): 0.027264
spdenom2_2SE:       0.069929
spdenom2_3SE (HFm): 0.069889	 (HFp): 0.069889
spdenom_mix  (HFm): 0.000568	 (HFp): 0.000568
spv1num      (HFm): -0.000237	 (HFp): 0.000212
spv2num      (HFm): 0.004907	 (HFp): 0.004885
spv1num_mix  (HFm): -0.000002	 (HFp): 0.000002
   -----               
epv1_2SE     (HFm): 0.008577	 (HFp): -0.007668
epv1_3SE     (HFm): 0.008087	 (HFp): -0.007801
epv1_mix     (HFm): 0.003402	 (HFp): -0.004573
   -----            
spv1_2SE     (HFm): -0.008555	 (HFp): 0.007629
spv1_3SE     (HFm): -0.008125	 (HFp): 0.007761
spv1_mix     (HFm): -0.003207	 (HFp): 0.003599
   -----            
epv2_2SE     (HFm): 0.070267	 (HFp): 0.069978
epv2_3SE     (HFm): 0.070191	 (HFp): 0.069902
spv2_2SE     (HFm): 0.070172	 (HFp): 0.069854
spv2_3SE     (HFm): 0.070213	 (HFp): 0.069895
   -----          

Entering primary event loop
 event: 1250/25000	run: 15/20
 event: 2500/25000	run: 15/20
 event: 3750/25000	run: 15/20
 event: 5000/25000	run: 15/20
 event: 6250/25000	run: 15/20
 event: 7500/25000	run: 15/20
 event: 8750/25000	run: 15/20
 event: 10000/25000	run: 15/20
 event: 11250/25000	run: 15/20
 event: 12500/25000	run: 15/20
 event: 13750/25000	run: 15/20
 event: 15000/25000	run: 15/20
 event: 16250/25000	run: 15/20
 event: 17500/25000	run: 15/20
 event: 18750/25000	run: 15/20
 event: 20000/25000	run: 15/20
 event: 21250/25000	run: 15/20
 event: 22500/25000	run: 15/20
 event: 23750/25000	run: 15/20
 event: 25000/25000	run: 15/20
   -----            
nevts:              25000
evtmult:            6564
ncount (HFm):       5704172
ncount (HFp):       5702339
   -----            
HFm mult:           710
trackm mult:        227
trackmid mult:      461
trackp mult:        234
HFp mult:           674
particles rejected: 4719
   -----            
rescor1_2:          0.310954
rescor1_3    (HFm): 0.335766	 (HFp): 0.321607
rescor2_2:          0.913400
rescor2_3    (HFm): 0.912028	 (HFp): 0.912028
rescorMix    (HFm): 0.058760	 (HFp): 0.058760
epv1obs      (HFm): 0.002537	 (HFp): -0.002669
epv1obs_mix  (HFm): 0.000361	 (HFp): -0.000130
epv2obs      (HFm): 0.063249	 (HFp): 0.063255
   -----            
spdenom1_2SE:       0.027173
spdenom1_3SE (HFm): 0.027809	 (HFp): 0.026348
spdenom2_2SE:       0.070017
spdenom2_3SE (HFm): 0.069953	 (HFp): 0.069953
spdenom_mix  (HFm): 0.000122	 (HFp): 0.000122
spv1num      (HFm): -0.000241	 (HFp): 0.000244
spv2num      (HFm): 0.004847	 (HFp): 0.004845
spv1num_mix  (HFm): -0.000003	 (HFp): 0.000002
   -----               
epv1_2SE     (HFm): 0.008157	 (HFp): -0.008583
epv1_3SE     (HFm): 0.007555	 (HFp): -0.008299
epv1_mix     (HFm): 0.006152	 (HFp): -0.002204
   -----            
spv1_2SE     (HFm): -0.008871	 (HFp): 0.008964
spv1_3SE     (HFm): -0.008668	 (HFp): 0.009245
spv1_mix     (HFm): -0.025960	 (HFp): 0.019793
   -----            
epv2_2SE     (HFm): 0.069246	 (HFp): 0.069252
epv2_3SE     (HFm): 0.069350	 (HFp): 0.069356
spv2_2SE     (HFm): 0.069228	 (HFp): 0.069200
spv2_3SE     (HFm): 0.069291	 (HFp): 0.069263
   -----          

Entering primary event loop
 event: 1250/25000	run: 16/20
 event: 2500/25000	run: 16/20
 event: 3750/25000	run: 16/20
 event: 5000/25000	run: 16/20
 event: 6250/25000	run: 16/20
 event: 7500/25000	run: 16/20
 event: 8750/25000	run: 16/20
 event: 10000/25000	run: 16/20
 event: 11250/25000	run: 16/20
 event: 12500/25000	run: 16/20
 event: 13750/25000	run: 16/20
 event: 15000/25000	run: 16/20
 event: 16250/25000	run: 16/20
 event: 17500/25000	run: 16/20
 event: 18750/25000	run: 16/20
 event: 20000/25000	run: 16/20
 event: 21250/25000	run: 16/20
 event: 22500/25000	run: 16/20
 event: 23750/25000	run: 16/20
 event: 25000/25000	run: 16/20
   -----            
nevts:              25000
evtmult:            6564
ncount (HFm):       5700799
ncount (HFp):       5701096
   -----            
HFm mult:           671
trackm mult:        233
trackmid mult:      474
trackp mult:        241
HFp mult:           714
particles rejected: 4705
   -----            
rescor1_2:          0.313659
rescor1_3    (HFm): 0.332805	 (HFp): 0.325975
rescor2_2:          0.911941
rescor2_3    (HFm): 0.911361	 (HFp): 0.911361
rescorMix    (HFm): 0.044171	 (HFp): 0.044171
epv1obs      (HFm): 0.002934	 (HFp): -0.002573
epv1obs_mix  (HFm): 0.000213	 (HFp): 0.000051
epv2obs      (HFm): 0.063986	 (HFp): 0.063703
   -----            
spdenom1_2SE:       0.027508
spdenom1_3SE (HFm): 0.028237	 (HFp): 0.028391
spdenom2_2SE:       0.069931
spdenom2_3SE (HFm): 0.069918	 (HFp): 0.069918
spdenom_mix  (HFm): 0.000447	 (HFp): 0.000447
spv1num      (HFm): -0.000252	 (HFp): 0.000227
spv2num      (HFm): 0.004916	 (HFp): 0.004880
spv1num_mix  (HFm): -0.000000	 (HFp): -0.000001
   -----               
epv1_2SE     (HFm): 0.009355	 (HFp): -0.008204
epv1_3SE     (HFm): 0.008817	 (HFp): -0.007894
epv1_mix     (HFm): 0.004832	 (HFp): 0.001146
   -----            
spv1_2SE     (HFm): -0.009165	 (HFp): 0.008259
spv1_3SE     (HFm): -0.008928	 (HFp): 0.008002
spv1_mix     (HFm): -0.000999	 (HFp): -0.001523
   -----            
epv2_2SE     (HFm): 0.070165	 (HFp): 0.069854
epv2_3SE     (HFm): 0.070209	 (HFp): 0.069899
spv2_2SE     (HFm): 0.070302	 (HFp): 0.069782
spv2_3SE     (HFm): 0.070315	 (HFp): 0.069795
   -----          

Entering primary event loop
 event: 1250/25000	run: 17/20
 event: 2500/25000	run: 17/20
 event: 3750/25000	run: 17/20
 event: 5000/25000	run: 17/20
 event: 6250/25000	run: 17/20
 event: 7500/25000	run: 17/20
 event: 8750/25000	run: 17/20
 event: 10000/25000	run: 17/20
 event: 11250/25000	run: 17/20
 event: 12500/25000	run: 17/20
 event: 13750/25000	run: 17/20
 event: 15000/25000	run: 17/20
 event: 16250/25000	run: 17/20
 event: 17500/25000	run: 17/20
 event: 18750/25000	run: 17/20
 event: 20000/25000	run: 17/20
 event: 21250/25000	run: 17/20
 event: 22500/25000	run: 17/20
 event: 23750/25000	run: 17/20
 event: 25000/25000	run: 17/20
   -----            
nevts:              25000
evtmult:            6564
ncount (HFm):       5698190
ncount (HFp):       5699739
   -----            
HFm mult:           691
trackm mult:        234
trackmid mult:      458
trackp mult:        224
HFp mult:           674
particles rejected: 4741
   -----            
rescor1_2:          0.318858
rescor1_3    (HFm): 0.308079	 (HFp): 0.351305
rescor2_2:          0.913520
rescor2_3    (HFm): 0.914282	 (HFp): 0.914282
rescorMix    (HFm): 0.032590	 (HFp): 0.032590
epv1obs      (HFm): 0.002454	 (HFp): -0.002850
epv1obs_mix  (HFm): -0.000054	 (HFp): -0.000174
epv2obs      (HFm): 0.063671	 (HFp): 0.064414
   -----            
spdenom1_2SE:       0.027530
spdenom1_3SE (HFm): 0.026557	 (HFp): 0.028910
spdenom2_2SE:       0.070007
spdenom2_3SE (HFm): 0.070106	 (HFp): 0.070106
spdenom_mix  (HFm): 0.000346	 (HFp): 0.000346
spv1num      (HFm): -0.000223	 (HFp): 0.000241
spv2num      (HFm): 0.004890	 (HFp): 0.004929
spv1num_mix  (HFm): -0.000002	 (HFp): 0.000002
   -----               
epv1_2SE     (HFm): 0.007695	 (HFp): -0.008937
epv1_3SE     (HFm): 0.007965	 (HFp): -0.008111
epv1_mix     (HFm): -0.001659	 (HFp): -0.005351
   -----            
spv1_2SE     (HFm): -0.008089	 (HFp): 0.008749
spv1_3SE     (HFm): -0.008385	 (HFp): 0.008331
spv1_mix     (HFm): -0.006054	 (HFp): 0.005156
   -----            
epv2_2SE     (HFm): 0.069699	 (HFp): 0.070512
epv2_3SE     (HFm): 0.069640	 (HFp): 0.070453
spv2_2SE     (HFm): 0.069844	 (HFp): 0.070414
spv2_3SE     (HFm): 0.069746	 (HFp): 0.070315
   -----          

Entering primary event loop
 event: 1250/25000	run: 18/20
 event: 2500/25000	run: 18/20
 event: 3750/25000	run: 18/20
 event: 5000/25000	run: 18/20
 event: 6250/25000	run: 18/20
 event: 7500/25000	run: 18/20
 event: 8750/25000	run: 18/20
 event: 10000/25000	run: 18/20
 event: 11250/25000	run: 18/20
 event: 12500/25000	run: 18/20
 event: 13750/25000	run: 18/20
 event: 15000/25000	run: 18/20
 event: 16250/25000	run: 18/20
 event: 17500/25000	run: 18/20
 event: 18750/25000	run: 18/20
 event: 20000/25000	run: 18/20
 event: 21250/25000	run: 18/20
 event: 22500/25000	run: 18/20
 event: 23750/25000	run: 18/20
 event: 25000/25000	run: 18/20
   -----            
nevts:              25000
evtmult:            6564
ncount (HFm):       5701375
ncount (HFp):       5703056
   -----            
HFm mult:           682
trackm mult:        222
trackmid mult:      441
trackp mult:        219
HFp mult:           712
particles rejected: 4729
   -----            
rescor1_2:          0.314214
rescor1_3    (HFm): 0.320482	 (HFp): 0.334785
rescor2_2:          0.912000
rescor2_3    (HFm): 0.914016	 (HFp): 0.914016
rescorMix    (HFm): 0.069807	 (HFp): 0.069807
epv1obs      (HFm): 0.002854	 (HFp): -0.003132
epv1obs_mix  (HFm): 0.000191	 (HFp): -0.000395
epv2obs      (HFm): 0.064252	 (HFp): 0.063623
   -----            
spdenom1_2SE:       0.027249
spdenom1_3SE (HFm): 0.027756	 (HFp): 0.028278
spdenom2_2SE:       0.069870
spdenom2_3SE (HFm): 0.070233	 (HFp): 0.070233
spdenom_mix  (HFm): 0.000612	 (HFp): 0.000612
spv1num      (HFm): -0.000246	 (HFp): 0.000264
spv2num      (HFm): 0.004948	 (HFp): 0.004893
spv1num_mix  (HFm): -0.000002	 (HFp): 0.000004
   -----               
epv1_2SE     (HFm): 0.009082	 (HFp): -0.009968
epv1_3SE     (HFm): 0.008905	 (HFp): -0.009355
epv1_mix     (HFm): 0.002733	 (HFp): -0.005657
   -----            
spv1_2SE     (HFm): -0.009012	 (HFp): 0.009684
spv1_3SE     (HFm): -0.008847	 (HFp): 0.009332
spv1_mix     (HFm): -0.002918	 (HFp): 0.006224
   -----            
epv2_2SE     (HFm): 0.070452	 (HFp): 0.069762
epv2_3SE     (HFm): 0.070296	 (HFp): 0.069608
spv2_2SE     (HFm): 0.070811	 (HFp): 0.070025
spv2_3SE     (HFm): 0.070445	 (HFp): 0.069662
   -----          

Entering primary event loop
 event: 1250/25000	run: 19/20
 event: 2500/25000	run: 19/20
 event: 3750/25000	run: 19/20
 event: 5000/25000	run: 19/20
 event: 6250/25000	run: 19/20
 event: 7500/25000	run: 19/20
 event: 8750/25000	run: 19/20
 event: 10000/25000	run: 19/20
 event: 11250/25000	run: 19/20
 event: 12500/25000	run: 19/20
 event: 13750/25000	run: 19/20
 event: 15000/25000	run: 19/20
 event: 16250/25000	run: 19/20
 event: 17500/25000	run: 19/20
 event: 18750/25000	run: 19/20
 event: 20000/25000	run: 19/20
 event: 21250/25000	run: 19/20
 event: 22500/25000	run: 19/20
 event: 23750/25000	run: 19/20
 event: 25000/25000	run: 19/20
   -----            
nevts:              25000
evtmult:            6564
ncount (HFm):       5701144
ncount (HFp):       5700517
   -----            
HFm mult:           692
trackm mult:        232
trackmid mult:      449
trackp mult:        217
HFp mult:           699
particles rejected: 4724
   -----            
rescor1_2:          0.317569
rescor1_3    (HFm): 0.302885	 (HFp): 0.314438
rescor2_2:          0.912261
rescor2_3    (HFm): 0.912615	 (HFp): 0.912615
rescorMix    (HFm): 0.085007	 (HFp): 0.085007
epv1obs      (HFm): 0.002845	 (HFp): -0.002941
epv1obs_mix  (HFm): 0.000143	 (HFp): -0.000095
epv2obs      (HFm): 0.063054	 (HFp): 0.064041
   -----            
spdenom1_2SE:       0.027607
spdenom1_3SE (HFm): 0.027798	 (HFp): 0.028052
spdenom2_2SE:       0.069872
spdenom2_3SE (HFm): 0.069716	 (HFp): 0.069716
spdenom_mix  (HFm): 0.000594	 (HFp): 0.000594
spv1num      (HFm): -0.000247	 (HFp): 0.000263
spv2num      (HFm): 0.004822	 (HFp): 0.004903
spv1num_mix  (HFm): -0.000001	 (HFp): 0.000002
   -----               
epv1_2SE     (HFm): 0.008960	 (HFp): -0.009261
epv1_3SE     (HFm): 0.009394	 (HFp): -0.009353
epv1_mix     (HFm): 0.001677	 (HFp): -0.001117
   -----            
spv1_2SE     (HFm): -0.008934	 (HFp): 0.009516
spv1_3SE     (HFm): -0.008872	 (HFp): 0.009365
spv1_mix     (HFm): -0.001446	 (HFp): 0.002560
   -----            
epv2_2SE     (HFm): 0.069118	 (HFp): 0.070200
epv2_3SE     (HFm): 0.069091	 (HFp): 0.070173
spv2_2SE     (HFm): 0.069011	 (HFp): 0.070166
spv2_3SE     (HFm): 0.069166	 (HFp): 0.070323
   -----          

Entering primary event loop
 event: 1250/25000	run: 20/20
 event: 2500/25000	run: 20/20
 event: 3750/25000	run: 20/20
 event: 5000/25000	run: 20/20
 event: 6250/25000	run: 20/20
 event: 7500/25000	run: 20/20
 event: 8750/25000	run: 20/20
 event: 10000/25000	run: 20/20
 event: 11250/25000	run: 20/20
 event: 12500/25000	run: 20/20
 event: 13750/25000	run: 20/20
 event: 15000/25000	run: 20/20
 event: 16250/25000	run: 20/20
 event: 17500/25000	run: 20/20
 event: 18750/25000	run: 20/20
 event: 20000/25000	run: 20/20
 event: 21250/25000	run: 20/20
 event: 22500/25000	run: 20/20
 event: 23750/25000	run: 20/20
 event: 25000/25000	run: 20/20
   -----            
nevts:              25000
evtmult:            6564
ncount (HFm):       5700447
ncount (HFp):       5703493
   -----            
HFm mult:           679
trackm mult:        240
trackmid mult:      456
trackp mult:        216
HFp mult:           692
particles rejected: 4737
   -----            
rescor1_2:          0.318053
rescor1_3    (HFm): 0.324442	 (HFp): 0.298529
rescor2_2:          0.913556
rescor2_3    (HFm): 0.913036	 (HFp): 0.913036
rescorMix    (HFm): 0.018182	 (HFp): 0.018182
epv1obs      (HFm): 0.003151	 (HFp): -0.002796
epv1obs_mix  (HFm): 0.000001	 (HFp): -0.000062
epv2obs      (HFm): 0.063611	 (HFp): 0.063832
   -----            
spdenom1_2SE:       0.027314
spdenom1_3SE (HFm): 0.028682	 (HFp): 0.025733
spdenom2_2SE:       0.069930
spdenom2_3SE (HFm): 0.069640	 (HFp): 0.069640
spdenom_mix  (HFm): 0.000182	 (HFp): 0.000182
spv1num      (HFm): -0.000265	 (HFp): 0.000244
spv2num      (HFm): 0.004849	 (HFp): 0.004875
spv1num_mix  (HFm): -0.000001	 (HFp): 0.000001
   -----               
epv1_2SE     (HFm): 0.009909	 (HFp): -0.008791
epv1_3SE     (HFm): 0.009714	 (HFp): -0.009366
epv1_mix     (HFm): 0.000078	 (HFp): -0.003415
   -----            
spv1_2SE     (HFm): -0.009717	 (HFp): 0.008930
spv1_3SE     (HFm): -0.009254	 (HFp): 0.009479
spv1_mix     (HFm): -0.007087	 (HFp): 0.003561
   -----            
epv2_2SE     (HFm): 0.069630	 (HFp): 0.069872
epv2_3SE     (HFm): 0.069670	 (HFp): 0.069912
spv2_2SE     (HFm): 0.069344	 (HFp): 0.069710
spv2_3SE     (HFm): 0.069632	 (HFp): 0.069999
   -----          


  ---- Final Tally (HFm) ---- 

rescor1_2SE:     0.31511 +/- 0.00103
rescor1_3SE:     0.31571 +/- 0.00420
rescor2_2SE:     0.91272 +/-0.00014
rescor2_2SE:     0.91285 +/- 0.00022
rescor_Mix:      0.05055 +/- 0.00486
EPv1obs:         0.00280 +/- 0.00004
EPv2obs:         0.06374 +/- 0.00007
EPv1obs_mix:     0.00017 +/- 0.00004
   -----         
SPdenom1_2SE:    0.02734 +/- 0.00007
SPdenom1_3SE:    0.02743 +/- 0.00027
SPdenom2_2SE:    0.06997 +/- 0.00003
SPdenom2_3SE:    0.06996 +/- 0.00004
SPdenom1_mix:    0.00041 +/- 0.00004
SPv1num:         -0.00024 +/- 0.00000
SPv2num:         0.00489 +/- 0.00001
SPv1numMix:      -0.00000 +/- 0.00000
   -----         
EPv1_2SE:        0.00890 +/- 0.00014
EPv1_3SE:        0.00892 +/- 0.00019
EPv1_mix:        0.00436 +/- 0.00134
   -----         
SPv1_2SE:        -0.00893 +/- 0.00011
SPv1_3SE:        -0.00892 +/- 0.00014
SPv1_mix:        -0.00509 +/- 0.00129
   -----         
EPv2_2SE:        0.06984 +/- 0.00008
EPv2_3SE:        0.06983 +/- 0.00008
SPv2_2SE:        0.06983 +/- 0.00010
SPv2_3SE:        0.06984 +/- 0.00009

  ---- Final Tally (HFp) ---- 

rescor1_2SE:    0.31511 +/- 0.00103
rescor1_3SE:    0.31697 +/- 0.00385
rescor2_2SE:    0.91272 +/-0.00014
rescor2_2SE:    0.91285 +/- 0.00022
rescor_mix:     0.05055 +/- 0.00486
EPv1obs:        -0.00281 +/- 0.00004
EPv2obs:        0.06397 +/- 0.00008
EPv1obsMix:     -0.00018 +/- 0.00003
   -----        
SPdenom1_2SE:   0.02734 +/- 0.00007
SPdenom1_3SE:   0.02734 +/- 0.00029
SPdenom2_2SE:   0.06997 +/- 0.00003
SPdenom2_3SE:   0.06996 +/- 0.00004
SPdenom_mix:    0.00041 +/- 0.00004
SPv1num:        0.00024 +/- 0.00000
SPv2num:        0.00490 +/- 0.00001
SPv1numMix:     0.00000 +/- 0.00000
   -----        
EPv1_2SE:       -0.00893 +/- 0.00013
EPv1_3SE:       -0.00890 +/- 0.00016
EPv1_mix:       -0.00465 +/- 0.00109
   -----        
SPv1_2SE:       0.00893 +/- 0.00012
SPv1_3SE:       0.00895 +/- 0.00016
SPv1_mix:       0.00557 +/- 0.00112
   -----        
EPv2_2SE:       0.07009 +/- 0.00008
EPv2_3SE:       0.07008 +/- 0.00008
SPv2_2SE:       0.07008 +/- 0.00009
SPv2_3SE:       0.07009 +/- 0.00008

 --- Comparisons to input vn --- 

EPv1_2SE/v1in  (HFm): inf +/- inf	 (HFp): -inf +/- inf
EPv1_3SE/v1in  (HFm): inf +/- inf	 (HFp): -inf +/- inf
EPv1_mix/v1in  (HFm): inf +/- inf	 (HFp): -inf +/- inf
   -----        
SPv1_2SE/v1in  (HFm): -inf +/- inf	 (HFp): inf +/- inf
SPv1_3SE/v1in  (HFm): -inf +/- inf	 (HFp): inf +/- inf
SPv1_mix/v1in  (HFm): -inf +/- inf	 (HFp): inf +/- inf
   -----        
EPv2_2SE/v2in  (HFm): 0.9977 +/- 0.0012	 (HFp): 1.0013 +/- 0.0012
EPv2_3SE/v2in  (HFm): 0.9976 +/- 0.0011	 (HFp): 1.0011 +/- 0.0011
SPv2_2SE/v2in  (HFm): 0.9976 +/- 0.0015	 (HFp): 1.0011 +/- 0.0012
SPv2_3SE/v2in  (HFm): 0.9977 +/- 0.0013	 (HFp): 1.0012 +/- 0.0012

 ...done 

