
Processing v1MC.C++...
Info in <TUnixSystem::ACLiC>: creating shared library /home/w955m639/v1flow/Monte_Carlo/new_build/./v1MC_C.so
Rapidity-even input v1: 0
Input v2: 0.07
Using eta-dependent weighting... 
Conserving transverse momentum event by event... 
Running 500000 events over 20 runs (25000 per run) 

Getting recentering values... 
offsets: HFm	-0.0714496	-0.159556	0.287844	-0.0620456
offsets: trackm	-0.00495649	0.00930587	0.0172064	-0.0523506
offsets: trackp	0.096755	0.00732549	0.0184845	0.00105395
offsets: HFp	0.049428	0.0633299	0.325647	0.05414
offsets: trkmid	0.0917985	0.0166314	0.0356909	-0.0512966
 ...recentering complete 

Entering primary event loop
 event: 1250/25000	run: 1/20
 event: 2500/25000	run: 1/20
 event: 3750/25000	run: 1/20
 event: 5000/25000	run: 1/20
 event: 6250/25000	run: 1/20
 event: 7500/25000	run: 1/20
 event: 8750/25000	run: 1/20
 event: 10000/25000	run: 1/20
 event: 11250/25000	run: 1/20
 event: 12500/25000	run: 1/20
 event: 13750/25000	run: 1/20
 event: 15000/25000	run: 1/20
 event: 16250/25000	run: 1/20
 event: 17500/25000	run: 1/20
 event: 18750/25000	run: 1/20
 event: 20000/25000	run: 1/20
 event: 21250/25000	run: 1/20
 event: 22500/25000	run: 1/20
 event: 23750/25000	run: 1/20
 event: 25000/25000	run: 1/20
   -----            
nevts:              25000
evtmult:            6564
ncount (HFm):       5701372
ncount (HFp):       5703133
   -----            
HFm mult:           634
trackm mult:        226
trackmid mult:      449
trackp mult:        223
HFp mult:           691
particles rejected: 4790
   -----            
rescor1_2:          0.087573
rescor1_3    (HFm): 0.073351	 (HFp): 0.127760
rescor2_2:          0.912724
rescor2_3    (HFm): 0.913309	 (HFp): 0.913309
rescorMix    (HFm): 0.054252	 (HFp): 0.054252
epv1obs      (HFm): -0.000061	 (HFp): -0.000296
epv1obs_mix  (HFm): -0.000014	 (HFp): 0.000273
epv2obs      (HFm): 0.064084	 (HFp): 0.063917
   -----            
spdenom1_2SE:       0.003323
spdenom1_3SE (HFm): 0.002483	 (HFp): 0.007527
spdenom2_2SE:       0.069919
spdenom2_3SE (HFm): 0.070011	 (HFp): 0.070011
spdenom_mix  (HFm): 0.000197	 (HFp): 0.000197
spv1num      (HFm): -0.000004	 (HFp): -0.000013
spv2num      (HFm): 0.004906	 (HFp): 0.004899
spv1num_mix  (HFm): -0.000001	 (HFp): 0.000000
   -----               
epv1_2SE     (HFm): -0.000693	 (HFp): -0.003379
epv1_3SE     (HFm): -0.000827	 (HFp): -0.002316
epv1_mix     (HFm): -0.000251	 (HFp): 0.005030
   -----            
spv1_2SE     (HFm): -0.001140	 (HFp): -0.003769
spv1_3SE     (HFm): -0.001526	 (HFp): -0.001664
spv1_mix     (HFm): -0.002904	 (HFp): 0.000842
   -----            
epv2_2SE     (HFm): 0.070212	 (HFp): 0.070028
epv2_3SE     (HFm): 0.070167	 (HFp): 0.069984
spv2_2SE     (HFm): 0.070168	 (HFp): 0.070068
spv2_3SE     (HFm): 0.070076	 (HFp): 0.069976
   -----          

Getting recentering values... 
offsets: HFm	0.0353082	0.170476	-0.177557	-0.0142552
offsets: trackm	-0.00294032	-0.0448921	-0.0806558	0.0172466
offsets: trackp	0.00508378	-0.0670114	-0.0326781	-0.0286736
offsets: HFp	0.227513	0.166745	-0.00450545	0.00946612
offsets: trkmid	0.00214346	-0.111904	-0.113334	-0.0114269
 ...recentering complete 

Entering primary event loop
 event: 1250/25000	run: 2/20
 event: 2500/25000	run: 2/20
 event: 3750/25000	run: 2/20
 event: 5000/25000	run: 2/20
 event: 6250/25000	run: 2/20
 event: 7500/25000	run: 2/20
 event: 8750/25000	run: 2/20
 event: 10000/25000	run: 2/20
 event: 11250/25000	run: 2/20
 event: 12500/25000	run: 2/20
 event: 13750/25000	run: 2/20
 event: 15000/25000	run: 2/20
 event: 16250/25000	run: 2/20
 event: 17500/25000	run: 2/20
 event: 18750/25000	run: 2/20
 event: 20000/25000	run: 2/20
 event: 21250/25000	run: 2/20
 event: 22500/25000	run: 2/20
 event: 23750/25000	run: 2/20
 event: 25000/25000	run: 2/20
   -----            
nevts:              25000
evtmult:            6564
ncount (HFm):       5698483
ncount (HFp):       5704157
   -----            
HFm mult:           688
trackm mult:        225
trackmid mult:      464
trackp mult:        239
HFp mult:           670
particles rejected: 4742
   -----            
rescor1_2:          0.040127
rescor1_3    (HFm): 0.030433	 (HFp): 0.021536
rescor2_2:          0.912674
rescor2_3    (HFm): 0.911296	 (HFp): 0.911296
rescorMix    (HFm): 0.053910	 (HFp): 0.053910
epv1obs      (HFm): -0.000615	 (HFp): 0.000294
epv1obs_mix  (HFm): -0.000144	 (HFp): 0.000675
epv2obs      (HFm): 0.063097	 (HFp): 0.063988
   -----            
spdenom1_2SE:       0.001747
spdenom1_3SE (HFm): 0.001785	 (HFp): 0.000460
spdenom2_2SE:       0.069807
spdenom2_3SE (HFm): 0.069842	 (HFp): 0.069842
spdenom_mix  (HFm): 0.000266	 (HFp): 0.000266
spv1num      (HFm): -0.000019	 (HFp): 0.000013
spv2num      (HFm): 0.004818	 (HFp): 0.004901
spv1num_mix  (HFm): 0.000000	 (HFp): 0.000002
   -----               
epv1_2SE     (HFm): -0.015315	 (HFp): 0.007329
epv1_3SE     (HFm): -0.020194	 (HFp): 0.013655
epv1_mix     (HFm): -0.002672	 (HFp): 0.012514
   -----            
spv1_2SE     (HFm): -0.011113	 (HFp): 0.007609
spv1_3SE     (HFm): -0.010874	 (HFp): 0.028891
spv1_mix     (HFm): 0.000010	 (HFp): 0.007307
   -----            
epv2_2SE     (HFm): 0.069135	 (HFp): 0.070111
epv2_3SE     (HFm): 0.069239	 (HFp): 0.070217
spv2_2SE     (HFm): 0.069018	 (HFp): 0.070211
spv2_3SE     (HFm): 0.068983	 (HFp): 0.070176
   -----          

Getting recentering values... 
offsets: HFm	0.229451	0.10281	0.117678	0.182127
offsets: trackm	-0.0665996	0.0080205	0.0302544	-0.00730064
offsets: trackp	-0.101158	-0.0862504	0.057026	0.027348
offsets: HFp	-0.0469555	-0.0454494	-0.0773585	-0.094
offsets: trkmid	-0.167757	-0.0782299	0.0872804	0.0200473
 ...recentering complete 

Entering primary event loop
 event: 1250/25000	run: 3/20
 event: 2500/25000	run: 3/20
 event: 3750/25000	run: 3/20
 event: 5000/25000	run: 3/20
 event: 6250/25000	run: 3/20
 event: 7500/25000	run: 3/20
 event: 8750/25000	run: 3/20
 event: 10000/25000	run: 3/20
 event: 11250/25000	run: 3/20
 event: 12500/25000	run: 3/20
 event: 13750/25000	run: 3/20
 event: 15000/25000	run: 3/20
 event: 16250/25000	run: 3/20
 event: 17500/25000	run: 3/20
 event: 18750/25000	run: 3/20
 event: 20000/25000	run: 3/20
 event: 21250/25000	run: 3/20
 event: 22500/25000	run: 3/20
 event: 23750/25000	run: 3/20
 event: 25000/25000	run: 3/20
   -----            
nevts:              25000
evtmult:            6564
ncount (HFm):       5701783
ncount (HFp):       5702790
   -----            
HFm mult:           716
trackm mult:        225
trackmid mult:      454
trackp mult:        229
HFp mult:           648
particles rejected: 4746
   -----            
rescor1_2:          0.064872
rescor1_3    (HFm): 0.074685	 (HFp): 0.037898
rescor2_2:          0.912658
rescor2_3    (HFm): 0.912268	 (HFp): 0.912268
rescorMix    (HFm): 0.031119	 (HFp): 0.031119
epv1obs      (HFm): -0.000252	 (HFp): 0.000540
epv1obs_mix  (HFm): 0.000119	 (HFp): 0.000117
epv2obs      (HFm): 0.063653	 (HFp): 0.063596
   -----            
spdenom1_2SE:       0.003170
spdenom1_3SE (HFm): 0.002494	 (HFp): 0.002478
spdenom2_2SE:       0.070281
spdenom2_3SE (HFm): 0.070138	 (HFp): 0.070138
spdenom_mix  (HFm): 0.000211	 (HFp): 0.000211
spv1num      (HFm): -0.000010	 (HFp): 0.000024
spv2num      (HFm): 0.004883	 (HFp): 0.004893
spv1num_mix  (HFm): -0.000000	 (HFp): -0.000000
   -----               
epv1_2SE     (HFm): -0.003888	 (HFp): 0.008324
epv1_3SE     (HFm): -0.003377	 (HFp): 0.014248
epv1_mix     (HFm): 0.003812	 (HFp): 0.003749
   -----            
spv1_2SE     (HFm): -0.003277	 (HFp): 0.007483
spv1_3SE     (HFm): -0.004165	 (HFp): 0.009573
spv1_mix     (HFm): -0.001156	 (HFp): -0.001289
   -----            
epv2_2SE     (HFm): 0.069745	 (HFp): 0.069682
epv2_3SE     (HFm): 0.069775	 (HFp): 0.069712
spv2_2SE     (HFm): 0.069477	 (HFp): 0.069624
spv2_3SE     (HFm): 0.069619	 (HFp): 0.069767
   -----          

Getting recentering values... 
offsets: HFm	-0.131994	-0.0782773	-0.123694	0.0458126
offsets: trackm	0.028787	0.0088192	-0.123396	0.0573235
offsets: trackp	0.143637	-0.0335842	-0.0627699	-0.0188406
offsets: HFp	-0.162938	-0.138936	0.0212086	-0.193761
offsets: trkmid	0.172424	-0.024765	-0.186166	0.0384829
 ...recentering complete 

Entering primary event loop
 event: 1250/25000	run: 4/20
 event: 2500/25000	run: 4/20
 event: 3750/25000	run: 4/20
 event: 5000/25000	run: 4/20
 event: 6250/25000	run: 4/20
 event: 7500/25000	run: 4/20
 event: 8750/25000	run: 4/20
 event: 10000/25000	run: 4/20
 event: 11250/25000	run: 4/20
 event: 12500/25000	run: 4/20
 event: 13750/25000	run: 4/20
 event: 15000/25000	run: 4/20
 event: 16250/25000	run: 4/20
 event: 17500/25000	run: 4/20
 event: 18750/25000	run: 4/20
 event: 20000/25000	run: 4/20
 event: 21250/25000	run: 4/20
 event: 22500/25000	run: 4/20
 event: 23750/25000	run: 4/20
 event: 25000/25000	run: 4/20
   -----            
nevts:              25000
evtmult:            6564
ncount (HFm):       5701751
ncount (HFp):       5704388
   -----            
HFm mult:           691
trackm mult:        223
trackmid mult:      458
trackp mult:        235
HFp mult:           670
particles rejected: 4745
   -----            
rescor1_2:          0.042770
rescor1_3    (HFm): 0.023896	 (HFp): 0.027842
rescor2_2:          0.912742
rescor2_3    (HFm): 0.911620	 (HFp): 0.911620
rescorMix    (HFm): 0.058869	 (HFp): 0.058869
epv1obs      (HFm): -0.000162	 (HFp): 0.000316
epv1obs_mix  (HFm): -0.000362	 (HFp): -0.000341
epv2obs      (HFm): 0.063693	 (HFp): 0.064166
   -----            
spdenom1_2SE:       0.002510
spdenom1_3SE (HFm): 0.001241	 (HFp): 0.001216
spdenom2_2SE:       0.070042
spdenom2_3SE (HFm): 0.070090	 (HFp): 0.070090
spdenom_mix  (HFm): 0.000169	 (HFp): 0.000169
spv1num      (HFm): -0.000013	 (HFp): 0.000005
spv2num      (HFm): 0.004895	 (HFp): 0.004930
spv1num_mix  (HFm): -0.000001	 (HFp): -0.000001
   -----               
epv1_2SE     (HFm): -0.003781	 (HFp): 0.007392
epv1_3SE     (HFm): -0.006767	 (HFp): 0.011355
epv1_mix     (HFm): -0.006149	 (HFp): -0.005791
   -----            
spv1_2SE     (HFm): -0.005372	 (HFp): 0.002022
spv1_3SE     (HFm): -0.010864	 (HFp): 0.004172
spv1_mix     (HFm): -0.007459	 (HFp): -0.007205
   -----            
epv2_2SE     (HFm): 0.069782	 (HFp): 0.070300
epv2_3SE     (HFm): 0.069868	 (HFp): 0.070387
spv2_2SE     (HFm): 0.069882	 (HFp): 0.070393
spv2_3SE     (HFm): 0.069833	 (HFp): 0.070344
   -----          

Getting recentering values... 
offsets: HFm	0.0887729	0.0922364	0.242975	-0.056368
offsets: trackm	-6.14954e-05	0.0516272	0.107162	-0.103037
offsets: trackp	0.142764	-0.131236	0.167291	-0.0982312
offsets: HFp	0.0560748	-0.082556	0.17799	-0.173206
offsets: trkmid	0.142703	-0.0796093	0.274454	-0.201268
 ...recentering complete 

Entering primary event loop
 event: 1250/25000	run: 5/20
 event: 2500/25000	run: 5/20
 event: 3750/25000	run: 5/20
 event: 5000/25000	run: 5/20
 event: 6250/25000	run: 5/20
 event: 7500/25000	run: 5/20
 event: 8750/25000	run: 5/20
 event: 10000/25000	run: 5/20
 event: 11250/25000	run: 5/20
 event: 12500/25000	run: 5/20
 event: 13750/25000	run: 5/20
 event: 15000/25000	run: 5/20
 event: 16250/25000	run: 5/20
 event: 17500/25000	run: 5/20
 event: 18750/25000	run: 5/20
 event: 20000/25000	run: 5/20
 event: 21250/25000	run: 5/20
 event: 22500/25000	run: 5/20
 event: 23750/25000	run: 5/20
 event: 25000/25000	run: 5/20
   -----            
nevts:              25000
evtmult:            6564
ncount (HFm):       5702068
ncount (HFp):       5700938
   -----            
HFm mult:           688
trackm mult:        217
trackmid mult:      463
trackp mult:        246
HFp mult:           687
particles rejected: 4726
   -----            
rescor1_2:          0.070987
rescor1_3    (HFm): 0.109113	 (HFp): 0.042591
rescor2_2:          0.913143
rescor2_3    (HFm): 0.913183	 (HFp): 0.913183
rescorMix    (HFm): 0.070497	 (HFp): 0.070497
epv1obs      (HFm): -0.000713	 (HFp): 0.000079
epv1obs_mix  (HFm): 0.000467	 (HFp): -0.000047
epv2obs      (HFm): 0.064105	 (HFp): 0.063769
   -----            
spdenom1_2SE:       0.002912
spdenom1_3SE (HFm): 0.006385	 (HFp): 0.001126
spdenom2_2SE:       0.070090
spdenom2_3SE (HFm): 0.070064	 (HFp): 0.070064
spdenom_mix  (HFm): 0.000152	 (HFp): 0.000152
spv1num      (HFm): -0.000034	 (HFp): 0.000005
spv2num      (HFm): 0.004924	 (HFp): 0.004892
spv1num_mix  (HFm): 0.000001	 (HFp): -0.000002
   -----               
epv1_2SE     (HFm): -0.010046	 (HFp): 0.001106
epv1_3SE     (HFm): -0.006536	 (HFp): 0.001844
epv1_mix     (HFm): 0.006630	 (HFp): -0.000660
   -----            
spv1_2SE     (HFm): -0.011798	 (HFp): 0.001673
spv1_3SE     (HFm): -0.005380	 (HFp): 0.004325
spv1_mix     (HFm): 0.006059	 (HFp): -0.010446
   -----            
epv2_2SE     (HFm): 0.070203	 (HFp): 0.069834
epv2_3SE     (HFm): 0.070200	 (HFp): 0.069831
spv2_2SE     (HFm): 0.070258	 (HFp): 0.069793
spv2_3SE     (HFm): 0.070284	 (HFp): 0.069819
   -----          

Getting recentering values... 
offsets: HFm	-0.208864	0.0348722	0.243574	0.482845
offsets: trackm	0.013108	-0.0390304	0.03178	0.115097
offsets: trackp	0.0512821	0.0177819	0.0612209	0.116298
offsets: HFp	0.0643941	-0.204298	-0.0388616	0.426155
offsets: trkmid	0.06439	-0.0212485	0.0930009	0.231395
 ...recentering complete 

Entering primary event loop
 event: 1250/25000	run: 6/20
 event: 2500/25000	run: 6/20
 event: 3750/25000	run: 6/20
 event: 5000/25000	run: 6/20
 event: 6250/25000	run: 6/20
 event: 7500/25000	run: 6/20
 event: 8750/25000	run: 6/20
 event: 10000/25000	run: 6/20
 event: 11250/25000	run: 6/20
 event: 12500/25000	run: 6/20
 event: 13750/25000	run: 6/20
 event: 15000/25000	run: 6/20
 event: 16250/25000	run: 6/20
 event: 17500/25000	run: 6/20
 event: 18750/25000	run: 6/20
 event: 20000/25000	run: 6/20
 event: 21250/25000	run: 6/20
 event: 22500/25000	run: 6/20
 event: 23750/25000	run: 6/20
 event: 25000/25000	run: 6/20
   -----            
nevts:              25000
evtmult:            6564
ncount (HFm):       5700914
ncount (HFp):       5702447
   -----            
HFm mult:           679
trackm mult:        225
trackmid mult:      456
trackp mult:        231
HFp mult:           680
particles rejected: 4749
   -----            
rescor1_2:          0.086543
rescor1_3    (HFm): 0.049161	 (HFp): 0.125299
rescor2_2:          0.912515
rescor2_3    (HFm): 0.911964	 (HFp): 0.911964
rescorMix    (HFm): 0.062366	 (HFp): 0.062366
epv1obs      (HFm): -0.000514	 (HFp): 0.000921
epv1obs_mix  (HFm): -0.000187	 (HFp): -0.000253
epv2obs      (HFm): 0.063774	 (HFp): 0.063725
   -----            
spdenom1_2SE:       0.002933
spdenom1_3SE (HFm): 0.001907	 (HFp): 0.003993
spdenom2_2SE:       0.070014
spdenom2_3SE (HFm): 0.070058	 (HFp): 0.070058
spdenom_mix  (HFm): 0.000131	 (HFp): 0.000131
spv1num      (HFm): -0.000019	 (HFp): 0.000031
spv2num      (HFm): 0.004893	 (HFp): 0.004890
spv1num_mix  (HFm): -0.000000	 (HFp): -0.000001
   -----               
epv1_2SE     (HFm): -0.005936	 (HFp): 0.010648
epv1_3SE     (HFm): -0.010450	 (HFp): 0.007354
epv1_mix     (HFm): -0.003006	 (HFp): -0.004053
   -----            
spv1_2SE     (HFm): -0.006466	 (HFp): 0.010584
spv1_3SE     (HFm): -0.009943	 (HFp): 0.007775
spv1_mix     (HFm): -0.003107	 (HFp): -0.005621
   -----            
epv2_2SE     (HFm): 0.069889	 (HFp): 0.069834
epv2_3SE     (HFm): 0.069931	 (HFp): 0.069877
spv2_2SE     (HFm): 0.069890	 (HFp): 0.069846
spv2_3SE     (HFm): 0.069847	 (HFp): 0.069802
   -----          

Getting recentering values... 
offsets: HFm	-0.183799	0.0480561	-0.128939	0.176367
offsets: trackm	0.0932016	-0.0572633	-0.0213246	0.0874224
offsets: trackp	-0.0917186	0.11263	0.0745216	0.0106864
offsets: HFp	-0.0277687	0.0826274	0.0186329	0.150869
offsets: trkmid	0.00148301	0.0553662	0.053197	0.0981088
 ...recentering complete 

Entering primary event loop
 event: 1250/25000	run: 7/20
 event: 2500/25000	run: 7/20
 event: 3750/25000	run: 7/20
 event: 5000/25000	run: 7/20
 event: 6250/25000	run: 7/20
 event: 7500/25000	run: 7/20
 event: 8750/25000	run: 7/20
 event: 10000/25000	run: 7/20
 event: 11250/25000	run: 7/20
 event: 12500/25000	run: 7/20
 event: 13750/25000	run: 7/20
 event: 15000/25000	run: 7/20
 event: 16250/25000	run: 7/20
 event: 17500/25000	run: 7/20
 event: 18750/25000	run: 7/20
 event: 20000/25000	run: 7/20
 event: 21250/25000	run: 7/20
 event: 22500/25000	run: 7/20
 event: 23750/25000	run: 7/20
 event: 25000/25000	run: 7/20
   -----            
nevts:              25000
evtmult:            6564
ncount (HFm):       5702899
ncount (HFp):       5698814
   -----            
HFm mult:           720
trackm mult:        229
trackmid mult:      474
trackp mult:        245
HFp mult:           698
particles rejected: 4672
   -----            
rescor1_2:          0.060802
rescor1_3    (HFm): 0.048257	 (HFp): 0.025118
rescor2_2:          0.913298
rescor2_3    (HFm): 0.914459	 (HFp): 0.914459
rescorMix    (HFm): 0.071363	 (HFp): 0.071363
epv1obs      (HFm): -0.000761	 (HFp): 0.000295
epv1obs_mix  (HFm): -0.000183	 (HFp): -0.000263
epv2obs      (HFm): 0.063950	 (HFp): 0.064361
   -----            
spdenom1_2SE:       0.002479
spdenom1_3SE (HFm): 0.005923	 (HFp): 0.001793
spdenom2_2SE:       0.070116
spdenom2_3SE (HFm): 0.070155	 (HFp): 0.070155
spdenom_mix  (HFm): 0.000107	 (HFp): 0.000107
spv1num      (HFm): -0.000019	 (HFp): 0.000002
spv2num      (HFm): 0.004909	 (HFp): 0.004934
spv1num_mix  (HFm): -0.000002	 (HFp): -0.000001
   -----               
epv1_2SE     (HFm): -0.012518	 (HFp): 0.004858
epv1_3SE     (HFm): -0.015773	 (HFp): 0.011760
epv1_mix     (HFm): -0.002560	 (HFp): -0.003688
   -----            
spv1_2SE     (HFm): -0.007526	 (HFp): 0.000871
spv1_3SE     (HFm): -0.003150	 (HFp): 0.001204
spv1_mix     (HFm): -0.014925	 (HFp): -0.008693
   -----            
epv2_2SE     (HFm): 0.070021	 (HFp): 0.070471
epv2_3SE     (HFm): 0.069932	 (HFp): 0.070382
spv2_2SE     (HFm): 0.070011	 (HFp): 0.070373
spv2_3SE     (HFm): 0.069972	 (HFp): 0.070334
   -----          

Getting recentering values... 
offsets: HFm	0.194572	-0.00681596	0.0615303	-0.356083
offsets: trackm	0.0145724	0.0397342	-0.0343413	-0.073262
offsets: trackp	0.0143082	-0.0312609	0.0279146	-0.162448
offsets: HFp	-0.0424725	0.137869	0.197961	-0.432343
offsets: trkmid	0.0288806	0.00847326	-0.00642661	-0.23571
 ...recentering complete 

Entering primary event loop
 event: 1250/25000	run: 8/20
 event: 2500/25000	run: 8/20
 event: 3750/25000	run: 8/20
 event: 5000/25000	run: 8/20
 event: 6250/25000	run: 8/20
 event: 7500/25000	run: 8/20
 event: 8750/25000	run: 8/20
 event: 10000/25000	run: 8/20
 event: 11250/25000	run: 8/20
 event: 12500/25000	run: 8/20
 event: 13750/25000	run: 8/20
 event: 15000/25000	run: 8/20
 event: 16250/25000	run: 8/20
 event: 17500/25000	run: 8/20
 event: 18750/25000	run: 8/20
 event: 20000/25000	run: 8/20
 event: 21250/25000	run: 8/20
 event: 22500/25000	run: 8/20
 event: 23750/25000	run: 8/20
 event: 25000/25000	run: 8/20
   -----            
nevts:              25000
evtmult:            6564
ncount (HFm):       5700095
ncount (HFp):       5703178
   -----            
HFm mult:           707
trackm mult:        228
trackmid mult:      441
trackp mult:        213
HFp mult:           684
particles rejected: 4732
   -----            
rescor1_2:          0.070252
rescor1_3    (HFm): 0.090776	 (HFp): 0.048165
rescor2_2:          0.913422
rescor2_3    (HFm): 0.914779	 (HFp): 0.914779
rescorMix    (HFm): 0.081727	 (HFp): 0.081727
epv1obs      (HFm): -0.000125	 (HFp): 0.000432
epv1obs_mix  (HFm): 0.000140	 (HFp): 0.000223
epv2obs      (HFm): 0.063870	 (HFp): 0.064384
   -----            
spdenom1_2SE:       0.003479
spdenom1_3SE (HFm): 0.003764	 (HFp): 0.004926
spdenom2_2SE:       0.069926
spdenom2_3SE (HFm): 0.069848	 (HFp): 0.069848
spdenom_mix  (HFm): 0.000242	 (HFp): 0.000242
spv1num      (HFm): -0.000006	 (HFp): 0.000016
spv2num      (HFm): 0.004879	 (HFp): 0.004918
spv1num_mix  (HFm): 0.000000	 (HFp): 0.000000
   -----               
epv1_2SE     (HFm): -0.001785	 (HFp): 0.006146
epv1_3SE     (HFm): -0.001381	 (HFp): 0.008965
epv1_mix     (HFm): 0.001710	 (HFp): 0.002734
   -----            
spv1_2SE     (HFm): -0.001760	 (HFp): 0.004472
spv1_3SE     (HFm): -0.001627	 (HFp): 0.003158
spv1_mix     (HFm): 0.000572	 (HFp): 0.000965
   -----            
epv2_2SE     (HFm): 0.069923	 (HFp): 0.070487
epv2_3SE     (HFm): 0.069820	 (HFp): 0.070382
spv2_2SE     (HFm): 0.069774	 (HFp): 0.070336
spv2_3SE     (HFm): 0.069853	 (HFp): 0.070415
   -----          

Getting recentering values... 
offsets: HFm	0.230357	0.217938	0.232775	0.0765719
offsets: trackm	0.0308315	0.0259123	0.023646	-0.0610766
offsets: trackp	0.118284	0.0128861	0.0400663	-0.0175573
offsets: HFp	0.00666973	-0.100004	0.288214	0.296695
offsets: trkmid	0.149116	0.0387983	0.0637123	-0.0786338
 ...recentering complete 

Entering primary event loop
 event: 1250/25000	run: 9/20
 event: 2500/25000	run: 9/20
 event: 3750/25000	run: 9/20
 event: 5000/25000	run: 9/20
 event: 6250/25000	run: 9/20
 event: 7500/25000	run: 9/20
 event: 8750/25000	run: 9/20
 event: 10000/25000	run: 9/20
 event: 11250/25000	run: 9/20
 event: 12500/25000	run: 9/20
 event: 13750/25000	run: 9/20
 event: 15000/25000	run: 9/20
 event: 16250/25000	run: 9/20
 event: 17500/25000	run: 9/20
 event: 18750/25000	run: 9/20
 event: 20000/25000	run: 9/20
 event: 21250/25000	run: 9/20
 event: 22500/25000	run: 9/20
 event: 23750/25000	run: 9/20
 event: 25000/25000	run: 9/20
   -----            
nevts:              25000
evtmult:            6564
ncount (HFm):       5701221
ncount (HFp):       5700545
   -----            
HFm mult:           680
trackm mult:        223
trackmid mult:      448
trackp mult:        225
HFp mult:           665
particles rejected: 4771
   -----            
rescor1_2:          0.089307
rescor1_3    (HFm): 0.106097	 (HFp): 0.186218
rescor2_2:          0.913513
rescor2_3    (HFm): 0.913346	 (HFp): 0.913346
rescorMix    (HFm): 0.093785	 (HFp): 0.093785
epv1obs      (HFm): 0.000072	 (HFp): -0.000149
epv1obs_mix  (HFm): -0.000442	 (HFp): -0.000226
epv2obs      (HFm): 0.063561	 (HFp): 0.063665
   -----            
spdenom1_2SE:       0.003707
spdenom1_3SE (HFm): 0.002295	 (HFp): 0.015000
spdenom2_2SE:       0.069970
spdenom2_3SE (HFm): 0.069898	 (HFp): 0.069898
spdenom_mix  (HFm): 0.000291	 (HFp): 0.000291
spv1num      (HFm): 0.000000	 (HFp): -0.000007
spv2num      (HFm): 0.004863	 (HFp): 0.004876
spv1num_mix  (HFm): -0.000001	 (HFp): -0.000001
   -----               
epv1_2SE     (HFm): 0.000801	 (HFp): -0.001670
epv1_3SE     (HFm): 0.000674	 (HFp): -0.000801
epv1_mix     (HFm): -0.004714	 (HFp): -0.002409
   -----            
spv1_2SE     (HFm): 0.000114	 (HFp): -0.001928
spv1_3SE     (HFm): 0.000185	 (HFp): -0.000476
spv1_mix     (HFm): -0.002877	 (HFp): -0.003564
   -----            
epv2_2SE     (HFm): 0.069579	 (HFp): 0.069692
epv2_3SE     (HFm): 0.069592	 (HFp): 0.069705
spv2_2SE     (HFm): 0.069502	 (HFp): 0.069690
spv2_3SE     (HFm): 0.069573	 (HFp): 0.069761
   -----          

Getting recentering values... 
offsets: HFm	-0.0324331	-0.122027	-0.135204	-0.0292081
offsets: trackm	-0.0425211	0.0884788	-0.15794	-0.0648126
offsets: trackp	0.0515769	0.0857267	-0.0856694	-0.0087826
offsets: HFp	-0.191873	0.254084	-0.17793	-0.445919
offsets: trkmid	0.00905575	0.174206	-0.24361	-0.0735952
 ...recentering complete 

Entering primary event loop
 event: 1250/25000	run: 10/20
 event: 2500/25000	run: 10/20
 event: 3750/25000	run: 10/20
 event: 5000/25000	run: 10/20
 event: 6250/25000	run: 10/20
 event: 7500/25000	run: 10/20
 event: 8750/25000	run: 10/20
 event: 10000/25000	run: 10/20
 event: 11250/25000	run: 10/20
 event: 12500/25000	run: 10/20
 event: 13750/25000	run: 10/20
 event: 15000/25000	run: 10/20
 event: 16250/25000	run: 10/20
 event: 17500/25000	run: 10/20
 event: 18750/25000	run: 10/20
 event: 20000/25000	run: 10/20
 event: 21250/25000	run: 10/20
 event: 22500/25000	run: 10/20
 event: 23750/25000	run: 10/20
 event: 25000/25000	run: 10/20
   -----            
nevts:              25000
evtmult:            6564
ncount (HFm):       5701615
ncount (HFp):       5700803
   -----            
HFm mult:           677
trackm mult:        224
trackmid mult:      459
trackp mult:        235
HFp mult:           692
particles rejected: 4736
   -----            
rescor1_2:          0.083495
rescor1_3    (HFm): 0.221195	 (HFp): 0.033093
rescor2_2:          0.911850
rescor2_3    (HFm): 0.912761	 (HFp): 0.912761
rescorMix    (HFm): 0.050606	 (HFp): 0.050606
epv1obs      (HFm): -0.000759	 (HFp): 0.000084
epv1obs_mix  (HFm): 0.000151	 (HFp): -0.000109
epv2obs      (HFm): 0.063432	 (HFp): 0.064601
   -----            
spdenom1_2SE:       0.002833
spdenom1_3SE (HFm): 0.003537	 (HFp): 0.001466
spdenom2_2SE:       0.069837
spdenom2_3SE (HFm): 0.069879	 (HFp): 0.069879
spdenom_mix  (HFm): 0.000109	 (HFp): 0.000109
spv1num      (HFm): -0.000019	 (HFp): 0.000007
spv2num      (HFm): 0.004851	 (HFp): 0.004948
spv1num_mix  (HFm): 0.000001	 (HFp): -0.000000
   -----               
epv1_2SE     (HFm): -0.009088	 (HFp): 0.001001
epv1_3SE     (HFm): -0.003430	 (HFp): 0.002525
epv1_mix     (HFm): 0.002983	 (HFp): -0.002145
   -----            
spv1_2SE     (HFm): -0.006721	 (HFp): 0.002445
spv1_3SE     (HFm): -0.005383	 (HFp): 0.004725
spv1_mix     (HFm): 0.006457	 (HFp): -0.001004
   -----            
epv2_2SE     (HFm): 0.069565	 (HFp): 0.070846
epv2_3SE     (HFm): 0.069495	 (HFp): 0.070775
spv2_2SE     (HFm): 0.069457	 (HFp): 0.070849
spv2_3SE     (HFm): 0.069416	 (HFp): 0.070807
   -----          

Getting recentering values... 
offsets: HFm	-0.0875285	0.225126	0.405826	0.228967
offsets: trackm	0.0279917	-0.0826098	0.0511612	-0.0185982
offsets: trackp	-0.146197	-0.0189971	0.191513	-0.0159981
offsets: HFp	0.0645375	-0.158727	0.0795228	0.287566
offsets: trkmid	-0.118205	-0.101607	0.242674	-0.0345962
 ...recentering complete 

Entering primary event loop
 event: 1250/25000	run: 11/20
 event: 2500/25000	run: 11/20
 event: 3750/25000	run: 11/20
 event: 5000/25000	run: 11/20
 event: 6250/25000	run: 11/20
 event: 7500/25000	run: 11/20
 event: 8750/25000	run: 11/20
 event: 10000/25000	run: 11/20
 event: 11250/25000	run: 11/20
 event: 12500/25000	run: 11/20
 event: 13750/25000	run: 11/20
 event: 15000/25000	run: 11/20
 event: 16250/25000	run: 11/20
 event: 17500/25000	run: 11/20
 event: 18750/25000	run: 11/20
 event: 20000/25000	run: 11/20
 event: 21250/25000	run: 11/20
 event: 22500/25000	run: 11/20
 event: 23750/25000	run: 11/20
 event: 25000/25000	run: 11/20
   -----            
nevts:              25000
evtmult:            6564
ncount (HFm):       5704022
ncount (HFp):       5702151
   -----            
HFm mult:           693
trackm mult:        219
trackmid mult:      454
trackp mult:        235
HFp mult:           697
particles rejected: 4720
   -----            
rescor1_2:          0.047242
rescor1_3    (HFm): 0.052268	 (HFp): 0.033690
rescor2_2:          0.912261
rescor2_3    (HFm): 0.913456	 (HFp): 0.913456
rescorMix    (HFm): 0.062592	 (HFp): 0.062592
epv1obs      (HFm): -0.000708	 (HFp): 0.000097
epv1obs_mix  (HFm): -0.000225	 (HFp): -0.000292
epv2obs      (HFm): 0.063996	 (HFp): 0.064177
   -----            
spdenom1_2SE:       0.002008
spdenom1_3SE (HFm): 0.003169	 (HFp): 0.000866
spdenom2_2SE:       0.069896
spdenom2_3SE (HFm): 0.069790	 (HFp): 0.069790
spdenom_mix  (HFm): 0.000179	 (HFp): 0.000179
spv1num      (HFm): -0.000035	 (HFp): 0.000004
spv2num      (HFm): 0.004895	 (HFp): 0.004909
spv1num_mix  (HFm): -0.000000	 (HFp): -0.000000
   -----               
epv1_2SE     (HFm): -0.014997	 (HFp): 0.002044
epv1_3SE     (HFm): -0.013555	 (HFp): 0.002866
epv1_mix     (HFm): -0.003587	 (HFp): -0.004661
   -----            
spv1_2SE     (HFm): -0.017219	 (HFp): 0.001842
spv1_3SE     (HFm): -0.010911	 (HFp): 0.004272
spv1_mix     (HFm): -0.002184	 (HFp): -0.001825
   -----            
epv2_2SE     (HFm): 0.070151	 (HFp): 0.070349
epv2_3SE     (HFm): 0.070059	 (HFp): 0.070257
spv2_2SE     (HFm): 0.070026	 (HFp): 0.070240
spv2_3SE     (HFm): 0.070132	 (HFp): 0.070346
   -----          

Getting recentering values... 
offsets: HFm	0.289808	-0.0239824	-0.385757	-0.110086
offsets: trackm	0.00949947	0.143543	-0.0572729	-0.103923
offsets: trackp	0.0941448	-0.0179739	-0.0110345	-0.00940015
offsets: HFp	0.127287	0.0642705	-0.222583	-0.0331058
offsets: trkmid	0.103644	0.125569	-0.0683074	-0.113323
 ...recentering complete 

Entering primary event loop
 event: 1250/25000	run: 12/20
 event: 2500/25000	run: 12/20
 event: 3750/25000	run: 12/20
 event: 5000/25000	run: 12/20
 event: 6250/25000	run: 12/20
 event: 7500/25000	run: 12/20
 event: 8750/25000	run: 12/20
 event: 10000/25000	run: 12/20
 event: 11250/25000	run: 12/20
 event: 12500/25000	run: 12/20
 event: 13750/25000	run: 12/20
 event: 15000/25000	run: 12/20
 event: 16250/25000	run: 12/20
 event: 17500/25000	run: 12/20
 event: 18750/25000	run: 12/20
 event: 20000/25000	run: 12/20
 event: 21250/25000	run: 12/20
 event: 22500/25000	run: 12/20
 event: 23750/25000	run: 12/20
 event: 25000/25000	run: 12/20
   -----            
nevts:              25000
evtmult:            6564
ncount (HFm):       5703487
ncount (HFp):       5703744
   -----            
HFm mult:           705
trackm mult:        227
trackmid mult:      455
trackp mult:        228
HFp mult:           679
particles rejected: 4725
   -----            
rescor1_2:          0.090270
rescor1_3    (HFm): 0.565892	 (HFp): 0.045114
rescor2_2:          0.913243
rescor2_3    (HFm): 0.911779	 (HFp): 0.911779
rescorMix    (HFm): 0.072491	 (HFp): 0.072491
epv1obs      (HFm): -0.000652	 (HFp): -0.000046
epv1obs_mix  (HFm): -0.000138	 (HFp): -0.000037
epv2obs      (HFm): 0.063810	 (HFp): 0.064049
   -----            
spdenom1_2SE:       0.004484
spdenom1_3SE (HFm): 0.007690	 (HFp): 0.002647
spdenom2_2SE:       0.070112
spdenom2_3SE (HFm): 0.070177	 (HFp): 0.070177
spdenom_mix  (HFm): 0.000292	 (HFp): 0.000292
spv1num      (HFm): -0.000027	 (HFp): -0.000002
spv2num      (HFm): 0.004919	 (HFp): 0.004929
spv1num_mix  (HFm): 0.000000	 (HFp): -0.000001
   -----               
epv1_2SE     (HFm): -0.007225	 (HFp): -0.000512
epv1_3SE     (HFm): -0.001153	 (HFp): -0.001024
epv1_mix     (HFm): -0.001903	 (HFp): -0.000511
   -----            
spv1_2SE     (HFm): -0.006039	 (HFp): -0.000381
spv1_3SE     (HFm): -0.003522	 (HFp): -0.000646
spv1_mix     (HFm): 0.000401	 (HFp): -0.002788
   -----            
epv2_2SE     (HFm): 0.069872	 (HFp): 0.070134
epv2_3SE     (HFm): 0.069984	 (HFp): 0.070246
spv2_2SE     (HFm): 0.070162	 (HFp): 0.070302
spv2_3SE     (HFm): 0.070098	 (HFp): 0.070238
   -----          

Getting recentering values... 
offsets: HFm	0.0782887	-0.194594	0.126352	0.251469
offsets: trackm	0.144915	-0.0676064	0.00837128	-0.00198361
offsets: trackp	-0.0547161	-0.114224	0.162087	-0.0667419
offsets: HFp	-0.133707	-0.0632594	-0.0428827	0.157064
offsets: trkmid	0.0901991	-0.181831	0.170458	-0.0687256
 ...recentering complete 

Entering primary event loop
 event: 1250/25000	run: 13/20
 event: 2500/25000	run: 13/20
 event: 3750/25000	run: 13/20
 event: 5000/25000	run: 13/20
 event: 6250/25000	run: 13/20
 event: 7500/25000	run: 13/20
 event: 8750/25000	run: 13/20
 event: 10000/25000	run: 13/20
 event: 11250/25000	run: 13/20
 event: 12500/25000	run: 13/20
 event: 13750/25000	run: 13/20
 event: 15000/25000	run: 13/20
 event: 16250/25000	run: 13/20
 event: 17500/25000	run: 13/20
 event: 18750/25000	run: 13/20
 event: 20000/25000	run: 13/20
 event: 21250/25000	run: 13/20
 event: 22500/25000	run: 13/20
 event: 23750/25000	run: 13/20
 event: 25000/25000	run: 13/20
   -----            
nevts:              25000
evtmult:            6564
ncount (HFm):       5701471
ncount (HFp):       5701822
   -----            
HFm mult:           658
trackm mult:        221
trackmid mult:      419
trackp mult:        198
HFp mult:           662
particles rejected: 4825
   -----            
rescor1_2:          0.064060
rescor1_3    (HFm): 0.123239	 (HFp): 0.049077
rescor2_2:          0.911618
rescor2_3    (HFm): 0.912483	 (HFp): 0.912483
rescorMix    (HFm): 0.034717	 (HFp): 0.034717
epv1obs      (HFm): -0.000205	 (HFp): -0.000037
epv1obs_mix  (HFm): -0.000378	 (HFp): 0.000202
epv2obs      (HFm): 0.063959	 (HFp): 0.064372
   -----            
spdenom1_2SE:       0.001838
spdenom1_3SE (HFm): 0.006534	 (HFp): 0.001088
spdenom2_2SE:       0.069839
spdenom2_3SE (HFm): 0.069832	 (HFp): 0.069832
spdenom_mix  (HFm): 0.000096	 (HFp): 0.000096
spv1num      (HFm): 0.000005	 (HFp): 0.000002
spv2num      (HFm): 0.004905	 (HFp): 0.004937
spv1num_mix  (HFm): -0.000000	 (HFp): 0.000000
   -----               
epv1_2SE     (HFm): -0.003200	 (HFp): -0.000578
epv1_3SE     (HFm): -0.001663	 (HFp): -0.000755
epv1_mix     (HFm): -0.010889	 (HFp): 0.005806
   -----            
spv1_2SE     (HFm): 0.002481	 (HFp): 0.000849
spv1_3SE     (HFm): 0.000698	 (HFp): 0.001434
spv1_mix     (HFm): -0.003793	 (HFp): 0.001187
   -----            
epv2_2SE     (HFm): 0.070160	 (HFp): 0.070613
epv2_3SE     (HFm): 0.070094	 (HFp): 0.070546
spv2_2SE     (HFm): 0.070237	 (HFp): 0.070695
spv2_3SE     (HFm): 0.070243	 (HFp): 0.070702
   -----          

Getting recentering values... 
offsets: HFm	-0.104768	-0.0463729	-0.0494583	-0.268482
offsets: trackm	-0.0380917	-0.00303511	0.0647051	-0.055948
offsets: trackp	0.0484499	-0.00404015	-0.0292952	0.00843599
offsets: HFp	-0.00515575	0.191992	0.0851982	-0.480178
offsets: trkmid	0.0103582	-0.00707526	0.0354099	-0.047512
 ...recentering complete 

Entering primary event loop
 event: 1250/25000	run: 14/20
 event: 2500/25000	run: 14/20
 event: 3750/25000	run: 14/20
 event: 5000/25000	run: 14/20
 event: 6250/25000	run: 14/20
 event: 7500/25000	run: 14/20
 event: 8750/25000	run: 14/20
 event: 10000/25000	run: 14/20
 event: 11250/25000	run: 14/20
 event: 12500/25000	run: 14/20
 event: 13750/25000	run: 14/20
 event: 15000/25000	run: 14/20
 event: 16250/25000	run: 14/20
 event: 17500/25000	run: 14/20
 event: 18750/25000	run: 14/20
 event: 20000/25000	run: 14/20
 event: 21250/25000	run: 14/20
 event: 22500/25000	run: 14/20
 event: 23750/25000	run: 14/20
 event: 25000/25000	run: 14/20
   -----            
nevts:              25000
evtmult:            6564
ncount (HFm):       5701205
ncount (HFp):       5701194
   -----            
HFm mult:           685
trackm mult:        230
trackmid mult:      457
trackp mult:        227
HFp mult:           666
particles rejected: 4756
   -----            
rescor1_2:          0.071692
rescor1_3    (HFm): 0.031264	 (HFp): 0.034291
rescor2_2:          0.912031
rescor2_3    (HFm): 0.913013	 (HFp): 0.913013
rescorMix    (HFm): 0.031666	 (HFp): 0.031666
epv1obs      (HFm): -0.000679	 (HFp): 0.000316
epv1obs_mix  (HFm): 0.000183	 (HFp): -0.000056
epv2obs      (HFm): 0.064085	 (HFp): 0.063822
   -----            
spdenom1_2SE:       0.004144
spdenom1_3SE (HFm): 0.001887	 (HFp): 0.003952
spdenom2_2SE:       0.069929
spdenom2_3SE (HFm): 0.069889	 (HFp): 0.069889
spdenom_mix  (HFm): 0.000130	 (HFp): 0.000130
spv1num      (HFm): -0.000017	 (HFp): 0.000014
spv2num      (HFm): 0.004907	 (HFp): 0.004885
spv1num_mix  (HFm): 0.000000	 (HFp): -0.000001
   -----               
epv1_2SE     (HFm): -0.009466	 (HFp): 0.004413
epv1_3SE     (HFm): -0.021706	 (HFp): 0.009227
epv1_mix     (HFm): 0.005768	 (HFp): -0.001756
   -----            
spv1_2SE     (HFm): -0.003993	 (HFp): 0.003469
spv1_3SE     (HFm): -0.008771	 (HFp): 0.003638
spv1_mix     (HFm): 0.003168	 (HFp): -0.007096
   -----            
epv2_2SE     (HFm): 0.070267	 (HFp): 0.069978
epv2_3SE     (HFm): 0.070191	 (HFp): 0.069902
spv2_2SE     (HFm): 0.070172	 (HFp): 0.069854
spv2_3SE     (HFm): 0.070213	 (HFp): 0.069895
   -----          

Getting recentering values... 
offsets: HFm	0.127674	-0.235889	0.0274184	0.146625
offsets: trackm	-0.065739	-0.0781313	0.0711824	0.0449456
offsets: trackp	0.1048	-0.103649	0.0637611	0.00979216
offsets: HFp	0.400804	0.207848	-0.00542619	0.167823
offsets: trkmid	0.0390614	-0.18178	0.134943	0.0547378
 ...recentering complete 

Entering primary event loop
 event: 1250/25000	run: 15/20
 event: 2500/25000	run: 15/20
 event: 3750/25000	run: 15/20
 event: 5000/25000	run: 15/20
 event: 6250/25000	run: 15/20
 event: 7500/25000	run: 15/20
 event: 8750/25000	run: 15/20
 event: 10000/25000	run: 15/20
 event: 11250/25000	run: 15/20
 event: 12500/25000	run: 15/20
 event: 13750/25000	run: 15/20
 event: 15000/25000	run: 15/20
 event: 16250/25000	run: 15/20
 event: 17500/25000	run: 15/20
 event: 18750/25000	run: 15/20
 event: 20000/25000	run: 15/20
 event: 21250/25000	run: 15/20
 event: 22500/25000	run: 15/20
 event: 23750/25000	run: 15/20
 event: 25000/25000	run: 15/20
   -----            
nevts:              25000
evtmult:            6564
ncount (HFm):       5704172
ncount (HFp):       5702339
   -----            
HFm mult:           710
trackm mult:        227
trackmid mult:      461
trackp mult:        234
HFp mult:           674
particles rejected: 4719
   -----            
rescor1_2:          0.060907
rescor1_3    (HFm): 0.073088	 (HFp): 0.058475
rescor2_2:          0.913400
rescor2_3    (HFm): 0.912028	 (HFp): 0.912028
rescorMix    (HFm): 0.057817	 (HFp): 0.057817
epv1obs      (HFm): -0.000477	 (HFp): 0.000037
epv1obs_mix  (HFm): -0.000032	 (HFp): -0.000209
epv2obs      (HFm): 0.063249	 (HFp): 0.063255
   -----            
spdenom1_2SE:       0.002600
spdenom1_3SE (HFm): 0.003651	 (HFp): 0.002559
spdenom2_2SE:       0.070017
spdenom2_3SE (HFm): 0.069953	 (HFp): 0.069953
spdenom_mix  (HFm): 0.000113	 (HFp): 0.000113
spv1num      (HFm): -0.000012	 (HFp): 0.000006
spv2num      (HFm): 0.004847	 (HFp): 0.004845
spv1num_mix  (HFm): 0.000000	 (HFp): -0.000001
   -----               
epv1_2SE     (HFm): -0.007835	 (HFp): 0.000600
epv1_3SE     (HFm): -0.006529	 (HFp): 0.000625
epv1_mix     (HFm): -0.000559	 (HFp): -0.003613
   -----            
spv1_2SE     (HFm): -0.004746	 (HFp): 0.002214
spv1_3SE     (HFm): -0.003379	 (HFp): 0.002249
spv1_mix     (HFm): 0.002335	 (HFp): -0.007171
   -----            
epv2_2SE     (HFm): 0.069246	 (HFp): 0.069252
epv2_3SE     (HFm): 0.069350	 (HFp): 0.069356
spv2_2SE     (HFm): 0.069228	 (HFp): 0.069200
spv2_3SE     (HFm): 0.069291	 (HFp): 0.069263
   -----          

Getting recentering values... 
offsets: HFm	0.0388391	0.10267	-0.428223	0.300894
offsets: trackm	0.111738	-0.0419178	-0.31628	0.162648
offsets: trackp	0.0376782	0.0671436	-0.113601	0.239291
offsets: HFp	0.0313853	-0.0010639	-0.423831	0.121254
offsets: trkmid	0.149416	0.0252258	-0.429881	0.401939
 ...recentering complete 

Entering primary event loop
 event: 1250/25000	run: 16/20
 event: 2500/25000	run: 16/20
 event: 3750/25000	run: 16/20
 event: 5000/25000	run: 16/20
 event: 6250/25000	run: 16/20
 event: 7500/25000	run: 16/20
 event: 8750/25000	run: 16/20
 event: 10000/25000	run: 16/20
 event: 11250/25000	run: 16/20
 event: 12500/25000	run: 16/20
 event: 13750/25000	run: 16/20
 event: 15000/25000	run: 16/20
 event: 16250/25000	run: 16/20
 event: 17500/25000	run: 16/20
 event: 18750/25000	run: 16/20
 event: 20000/25000	run: 16/20
 event: 21250/25000	run: 16/20
 event: 22500/25000	run: 16/20
 event: 23750/25000	run: 16/20
 event: 25000/25000	run: 16/20
   -----            
nevts:              25000
evtmult:            6564
ncount (HFm):       5700799
ncount (HFp):       5701096
   -----            
HFm mult:           671
trackm mult:        233
trackmid mult:      474
trackp mult:        241
HFp mult:           714
particles rejected: 4705
   -----            
rescor1_2:          0.083183
rescor1_3    (HFm): 0.064220	 (HFp): 0.133831
rescor2_2:          0.911941
rescor2_3    (HFm): 0.911361	 (HFp): 0.911361
rescorMix    (HFm): 0.040580	 (HFp): 0.040580
epv1obs      (HFm): -0.000426	 (HFp): -0.000024
epv1obs_mix  (HFm): 0.000077	 (HFp): -0.000041
epv2obs      (HFm): 0.063986	 (HFp): 0.063703
   -----            
spdenom1_2SE:       0.002727
spdenom1_3SE (HFm): 0.000635	 (HFp): 0.002075
spdenom2_2SE:       0.069931
spdenom2_3SE (HFm): 0.069918	 (HFp): 0.069918
spdenom_mix  (HFm): 0.000116	 (HFp): 0.000116
spv1num      (HFm): -0.000020	 (HFp): 0.000005
spv2num      (HFm): 0.004916	 (HFp): 0.004880
spv1num_mix  (HFm): -0.000000	 (HFp): -0.000000
   -----               
epv1_2SE     (HFm): -0.005122	 (HFp): -0.000288
epv1_3SE     (HFm): -0.006634	 (HFp): -0.000179
epv1_mix     (HFm): 0.001886	 (HFp): -0.001015
   -----            
spv1_2SE     (HFm): -0.007303	 (HFp): 0.001833
spv1_3SE     (HFm): -0.031359	 (HFp): 0.002409
spv1_mix     (HFm): -0.000313	 (HFp): -0.002620
   -----            
epv2_2SE     (HFm): 0.070165	 (HFp): 0.069854
epv2_3SE     (HFm): 0.070209	 (HFp): 0.069899
spv2_2SE     (HFm): 0.070302	 (HFp): 0.069782
spv2_3SE     (HFm): 0.070315	 (HFp): 0.069795
   -----          

Getting recentering values... 
offsets: HFm	-0.0271966	-0.0320514	0.526567	0.239087
offsets: trackm	-0.00668326	0.101059	0.188894	0.030231
offsets: trackp	0.0435148	-0.0800603	0.161735	-0.127035
offsets: HFp	0.165472	-0.0434569	0.543399	-0.00510198
offsets: trkmid	0.0368316	0.0209985	0.350629	-0.0968045
 ...recentering complete 

Entering primary event loop
 event: 1250/25000	run: 17/20
 event: 2500/25000	run: 17/20
 event: 3750/25000	run: 17/20
 event: 5000/25000	run: 17/20
 event: 6250/25000	run: 17/20
 event: 7500/25000	run: 17/20
 event: 8750/25000	run: 17/20
 event: 10000/25000	run: 17/20
 event: 11250/25000	run: 17/20
 event: 12500/25000	run: 17/20
 event: 13750/25000	run: 17/20
 event: 15000/25000	run: 17/20
 event: 16250/25000	run: 17/20
 event: 17500/25000	run: 17/20
 event: 18750/25000	run: 17/20
 event: 20000/25000	run: 17/20
 event: 21250/25000	run: 17/20
 event: 22500/25000	run: 17/20
 event: 23750/25000	run: 17/20
 event: 25000/25000	run: 17/20
   -----            
nevts:              25000
evtmult:            6564
ncount (HFm):       5698190
ncount (HFp):       5699739
   -----            
HFm mult:           691
trackm mult:        234
trackmid mult:      458
trackp mult:        224
HFp mult:           674
particles rejected: 4741
   -----            
rescor1_2:          0.081984
rescor1_3    (HFm): 0.064118	 (HFp): 0.161405
rescor2_2:          0.913520
rescor2_3    (HFm): 0.914282	 (HFp): 0.914282
rescorMix    (HFm): 0.064301	 (HFp): 0.064301
epv1obs      (HFm): 0.000032	 (HFp): -0.000076
epv1obs_mix  (HFm): 0.000021	 (HFp): -0.000277
epv2obs      (HFm): 0.063671	 (HFp): 0.064414
   -----            
spdenom1_2SE:       0.002312
spdenom1_3SE (HFm): 0.016251	 (HFp): 0.002281
spdenom2_2SE:       0.070007
spdenom2_3SE (HFm): 0.070106	 (HFp): 0.070106
spdenom_mix  (HFm): 0.000234	 (HFp): 0.000234
spv1num      (HFm): 0.000010	 (HFp): 0.000000
spv2num      (HFm): 0.004890	 (HFp): 0.004929
spv1num_mix  (HFm): 0.000000	 (HFp): -0.000001
   -----               
epv1_2SE     (HFm): 0.000391	 (HFp): -0.000923
epv1_3SE     (HFm): 0.000500	 (HFp): -0.000469
epv1_mix     (HFm): 0.000324	 (HFp): -0.004311
   -----            
spv1_2SE     (HFm): 0.004194	 (HFp): 0.000054
spv1_3SE     (HFm): 0.000597	 (HFp): 0.000054
spv1_mix     (HFm): 0.000488	 (HFp): -0.005124
   -----            
epv2_2SE     (HFm): 0.069699	 (HFp): 0.070512
epv2_3SE     (HFm): 0.069640	 (HFp): 0.070453
spv2_2SE     (HFm): 0.069844	 (HFp): 0.070414
spv2_3SE     (HFm): 0.069746	 (HFp): 0.070315
   -----          

Getting recentering values... 
offsets: HFm	0.029774	-0.0850645	-0.203521	0.048927
offsets: trackm	0.0609685	0.0499404	-0.0399149	0.0972957
offsets: trackp	0.0801104	0.0553545	-0.183359	0.0994667
offsets: HFp	0.0197725	-0.0222761	-0.226096	0.259078
offsets: trkmid	0.141079	0.105295	-0.223274	0.196762
 ...recentering complete 

Entering primary event loop
 event: 1250/25000	run: 18/20
 event: 2500/25000	run: 18/20
 event: 3750/25000	run: 18/20
 event: 5000/25000	run: 18/20
 event: 6250/25000	run: 18/20
 event: 7500/25000	run: 18/20
 event: 8750/25000	run: 18/20
 event: 10000/25000	run: 18/20
 event: 11250/25000	run: 18/20
 event: 12500/25000	run: 18/20
 event: 13750/25000	run: 18/20
 event: 15000/25000	run: 18/20
 event: 16250/25000	run: 18/20
 event: 17500/25000	run: 18/20
 event: 18750/25000	run: 18/20
 event: 20000/25000	run: 18/20
 event: 21250/25000	run: 18/20
 event: 22500/25000	run: 18/20
 event: 23750/25000	run: 18/20
 event: 25000/25000	run: 18/20
   -----            
nevts:              25000
evtmult:            6564
ncount (HFm):       5701375
ncount (HFp):       5703056
   -----            
HFm mult:           682
trackm mult:        222
trackmid mult:      441
trackp mult:        219
HFp mult:           712
particles rejected: 4729
   -----            
rescor1_2:          0.060703
rescor1_3    (HFm): 0.019301	 (HFp): 0.078921
rescor2_2:          0.912000
rescor2_3    (HFm): 0.914016	 (HFp): 0.914016
rescorMix    (HFm): 0.020527	 (HFp): 0.020527
epv1obs      (HFm): 0.000245	 (HFp): -0.000236
epv1obs_mix  (HFm): -0.000309	 (HFp): -0.000833
epv2obs      (HFm): 0.064252	 (HFp): 0.063623
   -----            
spdenom1_2SE:       0.003278
spdenom1_3SE (HFm): 0.003035	 (HFp): 0.002505
spdenom2_2SE:       0.069870
spdenom2_3SE (HFm): 0.070233	 (HFp): 0.070233
spdenom_mix  (HFm): 0.000070	 (HFp): 0.000070
spv1num      (HFm): 0.000009	 (HFp): -0.000014
spv2num      (HFm): 0.004948	 (HFp): 0.004893
spv1num_mix  (HFm): -0.000001	 (HFp): -0.000002
   -----               
epv1_2SE     (HFm): 0.004032	 (HFp): -0.003892
epv1_3SE     (HFm): 0.012680	 (HFp): -0.002993
epv1_mix     (HFm): -0.015042	 (HFp): -0.040573
   -----            
spv1_2SE     (HFm): 0.002615	 (HFp): -0.004280
spv1_3SE     (HFm): 0.002824	 (HFp): -0.005600
spv1_mix     (HFm): -0.010960	 (HFp): -0.031842
   -----            
epv2_2SE     (HFm): 0.070452	 (HFp): 0.069762
epv2_3SE     (HFm): 0.070296	 (HFp): 0.069608
spv2_2SE     (HFm): 0.070811	 (HFp): 0.070025
spv2_3SE     (HFm): 0.070445	 (HFp): 0.069662
   -----          

Getting recentering values... 
offsets: HFm	-0.0141121	-0.160474	0.0303361	-0.17408
offsets: trackm	-0.0766445	0.017094	0.00709485	-0.111775
offsets: trackp	0.00259176	-0.0151046	-0.0422641	-0.0384132
offsets: HFp	-0.0643107	-0.0110524	-0.0126515	0.00985093
offsets: trkmid	-0.0740527	0.00198937	-0.0351692	-0.150188
 ...recentering complete 

Entering primary event loop
 event: 1250/25000	run: 19/20
 event: 2500/25000	run: 19/20
 event: 3750/25000	run: 19/20
 event: 5000/25000	run: 19/20
 event: 6250/25000	run: 19/20
 event: 7500/25000	run: 19/20
 event: 8750/25000	run: 19/20
 event: 10000/25000	run: 19/20
 event: 11250/25000	run: 19/20
 event: 12500/25000	run: 19/20
 event: 13750/25000	run: 19/20
 event: 15000/25000	run: 19/20
 event: 16250/25000	run: 19/20
 event: 17500/25000	run: 19/20
 event: 18750/25000	run: 19/20
 event: 20000/25000	run: 19/20
 event: 21250/25000	run: 19/20
 event: 22500/25000	run: 19/20
 event: 23750/25000	run: 19/20
 event: 25000/25000	run: 19/20
   -----            
nevts:              25000
evtmult:            6564
ncount (HFm):       5701144
ncount (HFp):       5700517
   -----            
HFm mult:           692
trackm mult:        232
trackmid mult:      449
trackp mult:        217
HFp mult:           699
particles rejected: 4724
   -----            
rescor1_2:          0.047916
rescor1_3    (HFm): 0.044429	 (HFp): 0.113799
rescor2_2:          0.912261
rescor2_3    (HFm): 0.912615	 (HFp): 0.912615
rescorMix    (HFm): 0.074204	 (HFp): 0.074204
epv1obs      (HFm): -0.000204	 (HFp): 0.000428
epv1obs_mix  (HFm): -0.000131	 (HFp): 0.000492
epv2obs      (HFm): 0.063054	 (HFp): 0.064041
   -----            
spdenom1_2SE:       0.000326
spdenom1_3SE (HFm): 0.000238	 (HFp): 0.000295
spdenom2_2SE:       0.069872
spdenom2_3SE (HFm): 0.069716	 (HFp): 0.069716
spdenom_mix  (HFm): 0.000216	 (HFp): 0.000216
spv1num      (HFm): -0.000009	 (HFp): 0.000004
spv2num      (HFm): 0.004822	 (HFp): 0.004903
spv1num_mix  (HFm): -0.000001	 (HFp): 0.000000
   -----               
epv1_2SE     (HFm): -0.004262	 (HFp): 0.008923
epv1_3SE     (HFm): -0.004597	 (HFp): 0.003757
epv1_mix     (HFm): -0.001772	 (HFp): 0.006636
   -----            
spv1_2SE     (HFm): -0.028428	 (HFp): 0.010847
spv1_3SE     (HFm): -0.038939	 (HFp): 0.011984
spv1_mix     (HFm): -0.003831	 (HFp): 0.000856
   -----            
epv2_2SE     (HFm): 0.069118	 (HFp): 0.070200
epv2_3SE     (HFm): 0.069091	 (HFp): 0.070173
spv2_2SE     (HFm): 0.069011	 (HFp): 0.070166
spv2_3SE     (HFm): 0.069166	 (HFp): 0.070323
   -----          

Getting recentering values... 
offsets: HFm	0.0834117	-0.0702894	0.3526	-0.0310389
offsets: trackm	-0.00832439	-0.0112266	0.206276	-0.0501244
offsets: trackp	0.0353274	-0.0459619	0.118489	0.0151822
offsets: HFp	-0.174214	-0.0412666	0.39075	0.080208
offsets: trkmid	0.027003	-0.0571885	0.324764	-0.0349422
 ...recentering complete 

Entering primary event loop
 event: 1250/25000	run: 20/20
 event: 2500/25000	run: 20/20
 event: 3750/25000	run: 20/20
 event: 5000/25000	run: 20/20
 event: 6250/25000	run: 20/20
 event: 7500/25000	run: 20/20
 event: 8750/25000	run: 20/20
 event: 10000/25000	run: 20/20
 event: 11250/25000	run: 20/20
 event: 12500/25000	run: 20/20
 event: 13750/25000	run: 20/20
 event: 15000/25000	run: 20/20
 event: 16250/25000	run: 20/20
 event: 17500/25000	run: 20/20
 event: 18750/25000	run: 20/20
 event: 20000/25000	run: 20/20
 event: 21250/25000	run: 20/20
 event: 22500/25000	run: 20/20
 event: 23750/25000	run: 20/20
 event: 25000/25000	run: 20/20
   -----            
nevts:              25000
evtmult:            6564
ncount (HFm):       5700447
ncount (HFp):       5703493
   -----            
HFm mult:           679
trackm mult:        240
trackmid mult:      456
trackp mult:        216
HFp mult:           692
particles rejected: 4737
   -----            
rescor1_2:          0.066354
rescor1_3    (HFm): 0.083448	 (HFp): 0.035328
rescor2_2:          0.913556
rescor2_3    (HFm): 0.913036	 (HFp): 0.913036
rescorMix    (HFm): 0.048556	 (HFp): 0.048556
epv1obs      (HFm): -0.000211	 (HFp): 0.000065
epv1obs_mix  (HFm): 0.000440	 (HFp): 0.000054
epv2obs      (HFm): 0.063611	 (HFp): 0.063832
   -----            
spdenom1_2SE:       0.002907
spdenom1_3SE (HFm): 0.004560	 (HFp): 0.004467
spdenom2_2SE:       0.069930
spdenom2_3SE (HFm): 0.069640	 (HFp): 0.069640
spdenom_mix  (HFm): 0.000129	 (HFp): 0.000129
spv1num      (HFm): -0.000005	 (HFp): 0.000008
spv2num      (HFm): 0.004849	 (HFp): 0.004875
spv1num_mix  (HFm): 0.000002	 (HFp): -0.000000
   -----               
epv1_2SE     (HFm): -0.003178	 (HFp): 0.000973
epv1_3SE     (HFm): -0.002527	 (HFp): 0.001828
epv1_mix     (HFm): 0.009071	 (HFp): 0.001102
   -----            
spv1_2SE     (HFm): -0.001576	 (HFp): 0.002872
spv1_3SE     (HFm): -0.001004	 (HFp): 0.001869
spv1_mix     (HFm): 0.013449	 (HFp): -0.001101
   -----            
epv2_2SE     (HFm): 0.069630	 (HFp): 0.069872
epv2_3SE     (HFm): 0.069670	 (HFp): 0.069912
spv2_2SE     (HFm): 0.069344	 (HFp): 0.069710
spv2_3SE     (HFm): 0.069632	 (HFp): 0.069999
   -----          


  ---- Final Tally (HFm) ---- 

rescor1_2SE:     0.06855 +/- 0.00346
rescor1_3SE:     0.09741 +/- 0.02597
rescor2_2SE:     0.91272 +/-0.00014
rescor2_2SE:     0.91285 +/- 0.00022
rescor_Mix:      0.05680 +/- 0.00404
EPv1obs:         -0.00036 +/- 0.00007
EPv2obs:         0.06374 +/- 0.00007
EPv1obs_mix:     -0.00005 +/- 0.00005
   -----         
SPdenom1_2SE:    0.00279 +/- 0.00020
SPdenom1_3SE:    0.00397 +/- 0.00077
SPdenom2_2SE:    0.06997 +/- 0.00003
SPdenom2_3SE:    0.06996 +/- 0.00004
SPdenom1_mix:    0.00017 +/- 0.00001
SPv1num:         -0.00001 +/- 0.00000
SPv2num:         0.00489 +/- 0.00001
SPv1numMix:      -0.00000 +/- 0.00000
   -----         
EPv1_2SE:        -0.00566 +/- 0.00113
EPv1_3SE:        -0.00566 +/- 0.00171
EPv1_mix:        -0.00105 +/- 0.00124
   -----         
SPv1_2SE:        -0.00575 +/- 0.00162
SPv1_3SE:        -0.00732 +/- 0.00228
SPv1_mix:        -0.00103 +/- 0.00134
   -----         
EPv2_2SE:        0.06984 +/- 0.00008
EPv2_3SE:        0.06983 +/- 0.00008
SPv2_2SE:        0.06983 +/- 0.00010
SPv2_3SE:        0.06984 +/- 0.00009

  ---- Final Tally (HFp) ---- 

rescor1_2SE:    0.06855 +/- 0.00346
rescor1_3SE:    0.07097 +/- 0.01107
rescor2_2SE:    0.91272 +/-0.00014
rescor2_2SE:    0.91285 +/- 0.00022
rescor_mix:     0.05680 +/- 0.00404
EPv1obs:        0.00015 +/- 0.00006
EPv2obs:        0.06397 +/- 0.00008
EPv1obsMix:     -0.00005 +/- 0.00007
   -----        
SPdenom1_2SE:   0.00279 +/- 0.00020
SPdenom1_3SE:   0.00314 +/- 0.00072
SPdenom2_2SE:   0.06997 +/- 0.00003
SPdenom2_3SE:   0.06996 +/- 0.00004
SPdenom_mix:    0.00017 +/- 0.00001
SPv1num:        0.00001 +/- 0.00000
SPv2num:        0.00490 +/- 0.00001
SPv1numMix:     -0.00000 +/- 0.00000
   -----        
EPv1_2SE:       0.00263 +/- 0.00094
EPv1_3SE:       0.00407 +/- 0.00122
EPv1_mix:       -0.00188 +/- 0.00223
   -----        
SPv1_2SE:       0.00254 +/- 0.00089
SPv1_3SE:       0.00417 +/- 0.00153
SPv1_mix:       -0.00431 +/- 0.00168
   -----        
EPv2_2SE:       0.07009 +/- 0.00008
EPv2_3SE:       0.07008 +/- 0.00008
SPv2_2SE:       0.07008 +/- 0.00009
SPv2_3SE:       0.07009 +/- 0.00008

 --- Comparisons to input vn --- 

EPv1_2SE/v1in  (HFm): -inf +/- inf	 (HFp): inf +/- inf
EPv1_3SE/v1in  (HFm): -inf +/- inf	 (HFp): inf +/- inf
EPv1_mix/v1in  (HFm): -inf +/- inf	 (HFp): -inf +/- inf
   -----        
SPv1_2SE/v1in  (HFm): -inf +/- inf	 (HFp): inf +/- inf
SPv1_3SE/v1in  (HFm): -inf +/- inf	 (HFp): inf +/- inf
SPv1_mix/v1in  (HFm): -inf +/- inf	 (HFp): -inf +/- inf
   -----        
EPv2_2SE/v2in  (HFm): 0.9977 +/- 0.0012	 (HFp): 1.0013 +/- 0.0012
EPv2_3SE/v2in  (HFm): 0.9976 +/- 0.0011	 (HFp): 1.0011 +/- 0.0011
SPv2_2SE/v2in  (HFm): 0.9976 +/- 0.0015	 (HFp): 1.0011 +/- 0.0012
SPv2_3SE/v2in  (HFm): 0.9977 +/- 0.0013	 (HFp): 1.0012 +/- 0.0012

 ...done 

