
Processing v1MC.C++...
Info in <TUnixSystem::ACLiC>: creating shared library /home/w955m639/v1flow/Monte_Carlo/new_build/./v1MC_C.so
Rapidity-even input v1: 0.02
Input v2: 0.07
Using eta-dependent weighting... 
Holes in detector acceptance... 
Running 500000 events over 20 runs (25000 per run) 

Entering primary event loop
 event: 1250/25000	run: 1/20
 event: 2500/25000	run: 1/20
 event: 3750/25000	run: 1/20
 event: 5000/25000	run: 1/20
 event: 6250/25000	run: 1/20
 event: 7500/25000	run: 1/20
 event: 8750/25000	run: 1/20
 event: 10000/25000	run: 1/20
 event: 11250/25000	run: 1/20
 event: 12500/25000	run: 1/20
 event: 13750/25000	run: 1/20
 event: 15000/25000	run: 1/20
 event: 16250/25000	run: 1/20
 event: 17500/25000	run: 1/20
 event: 18750/25000	run: 1/20
 event: 20000/25000	run: 1/20
 event: 21250/25000	run: 1/20
 event: 22500/25000	run: 1/20
 event: 23750/25000	run: 1/20
 event: 25000/25000	run: 1/20
   -----            
nevts:              25000
evtmult:            6564
ncount (HFm):       5700636
ncount (HFp):       5629274
   -----            
HFm mult:           631
trackm mult:        223
trackmid mult:      447
trackp mult:        224
HFp mult:           689
particles rejected: 4797
   -----            
rescor1_2:          0.416408
rescor1_3    (HFm): 0.404508	 (HFp): 0.403181
rescor2_2:          0.912495
rescor2_3    (HFm): 0.913252	 (HFp): 0.913252
rescorMix    (HFm): 0.379118	 (HFp): 0.379118
epv1obs      (HFm): 0.008278	 (HFp): -0.008831
epv1obs_mix  (HFm): 0.007008	 (HFp): -0.007203
epv2obs      (HFm): 0.064075	 (HFp): 0.063939
   -----            
spdenom1_2SE:       0.019472
spdenom1_3SE (HFm): 0.019154	 (HFp): 0.019317
spdenom2_2SE:       0.069917
spdenom2_3SE (HFm): 0.070018	 (HFp): 0.070018
spdenom_mix  (HFm): 0.001389	 (HFp): 0.001389
spv1num      (HFm): 0.000378	 (HFp): -0.000411
spv2num      (HFm): 0.004905	 (HFp): 0.004904
spv1num_mix  (HFm): 0.000027	 (HFp): -0.000028
   -----               
epv1_2SE     (HFm): 0.019881	 (HFp): -0.021207
epv1_3SE     (HFm): 0.020465	 (HFp): -0.021903
epv1_mix     (HFm): 0.018486	 (HFp): -0.019000
   -----            
spv1_2SE     (HFm): 0.019393	 (HFp): -0.021092
spv1_3SE     (HFm): 0.019715	 (HFp): -0.021261
spv1_mix     (HFm): 0.019197	 (HFp): -0.020338
   -----            
epv2_2SE     (HFm): 0.070219	 (HFp): 0.070071
epv2_3SE     (HFm): 0.070161	 (HFp): 0.070013
spv2_2SE     (HFm): 0.070150	 (HFp): 0.070136
spv2_3SE     (HFm): 0.070050	 (HFp): 0.070036
   -----          

Entering primary event loop
 event: 1250/25000	run: 2/20
 event: 2500/25000	run: 2/20
 event: 3750/25000	run: 2/20
 event: 5000/25000	run: 2/20
 event: 6250/25000	run: 2/20
 event: 7500/25000	run: 2/20
 event: 8750/25000	run: 2/20
 event: 10000/25000	run: 2/20
 event: 11250/25000	run: 2/20
 event: 12500/25000	run: 2/20
 event: 13750/25000	run: 2/20
 event: 15000/25000	run: 2/20
 event: 16250/25000	run: 2/20
 event: 17500/25000	run: 2/20
 event: 18750/25000	run: 2/20
 event: 20000/25000	run: 2/20
 event: 21250/25000	run: 2/20
 event: 22500/25000	run: 2/20
 event: 23750/25000	run: 2/20
 event: 25000/25000	run: 2/20
   -----            
nevts:              25000
evtmult:            6564
ncount (HFm):       5697215
ncount (HFp):       5629478
   -----            
HFm mult:           687
trackm mult:        216
trackmid mult:      454
trackp mult:        238
HFp mult:           664
particles rejected: 4759
   -----            
rescor1_2:          0.428576
rescor1_3    (HFm): 0.427348	 (HFp): 0.434836
rescor2_2:          0.912911
rescor2_3    (HFm): 0.911831	 (HFp): 0.911831
rescorMix    (HFm): 0.383489	 (HFp): 0.383489
epv1obs      (HFm): 0.008269	 (HFp): -0.008285
epv1obs_mix  (HFm): 0.007730	 (HFp): -0.007220
epv2obs      (HFm): 0.063136	 (HFp): 0.063891
   -----            
spdenom1_2SE:       0.020095
spdenom1_3SE (HFm): 0.019955	 (HFp): 0.020476
spdenom2_2SE:       0.069835
spdenom2_3SE (HFm): 0.069898	 (HFp): 0.069898
spdenom_mix  (HFm): 0.001399	 (HFp): 0.001399
spv1num      (HFm): 0.000388	 (HFp): -0.000388
spv2num      (HFm): 0.004824	 (HFp): 0.004897
spv1num_mix  (HFm): 0.000029	 (HFp): -0.000027
   -----               
epv1_2SE     (HFm): 0.019294	 (HFp): -0.019332
epv1_3SE     (HFm): 0.019349	 (HFp): -0.019053
epv1_mix     (HFm): 0.020158	 (HFp): -0.018828
   -----            
spv1_2SE     (HFm): 0.019291	 (HFp): -0.019297
spv1_3SE     (HFm): 0.019426	 (HFp): -0.018937
spv1_mix     (HFm): 0.020860	 (HFp): -0.019300
   -----            
epv2_2SE     (HFm): 0.069159	 (HFp): 0.069986
epv2_3SE     (HFm): 0.069241	 (HFp): 0.070069
spv2_2SE     (HFm): 0.069074	 (HFp): 0.070123
spv2_3SE     (HFm): 0.069013	 (HFp): 0.070061
   -----          

Entering primary event loop
 event: 1250/25000	run: 3/20
 event: 2500/25000	run: 3/20
 event: 3750/25000	run: 3/20
 event: 5000/25000	run: 3/20
 event: 6250/25000	run: 3/20
 event: 7500/25000	run: 3/20
 event: 8750/25000	run: 3/20
 event: 10000/25000	run: 3/20
 event: 11250/25000	run: 3/20
 event: 12500/25000	run: 3/20
 event: 13750/25000	run: 3/20
 event: 15000/25000	run: 3/20
 event: 16250/25000	run: 3/20
 event: 17500/25000	run: 3/20
 event: 18750/25000	run: 3/20
 event: 20000/25000	run: 3/20
 event: 21250/25000	run: 3/20
 event: 22500/25000	run: 3/20
 event: 23750/25000	run: 3/20
 event: 25000/25000	run: 3/20
   -----            
nevts:              25000
evtmult:            6564
ncount (HFm):       5700975
ncount (HFp):       5628261
   -----            
HFm mult:           716
trackm mult:        221
trackmid mult:      450
trackp mult:        229
HFp mult:           649
particles rejected: 4749
   -----            
rescor1_2:          0.423897
rescor1_3    (HFm): 0.439697	 (HFp): 0.439717
rescor2_2:          0.912857
rescor2_3    (HFm): 0.912767	 (HFp): 0.912767
rescorMix    (HFm): 0.375448	 (HFp): 0.375448
epv1obs      (HFm): 0.007955	 (HFp): -0.008260
epv1obs_mix  (HFm): 0.007232	 (HFp): -0.007956
epv2obs      (HFm): 0.063653	 (HFp): 0.063694
   -----            
spdenom1_2SE:       0.019722
spdenom1_3SE (HFm): 0.020644	 (HFp): 0.020044
spdenom2_2SE:       0.070276
spdenom2_3SE (HFm): 0.070119	 (HFp): 0.070119
spdenom_mix  (HFm): 0.001415	 (HFp): 0.001415
spv1num      (HFm): 0.000378	 (HFp): -0.000388
spv2num      (HFm): 0.004882	 (HFp): 0.004896
spv1num_mix  (HFm): 0.000027	 (HFp): -0.000030
   -----               
epv1_2SE     (HFm): 0.018765	 (HFp): -0.019486
epv1_3SE     (HFm): 0.018091	 (HFp): -0.018785
epv1_mix     (HFm): 0.019262	 (HFp): -0.021190
   -----            
spv1_2SE     (HFm): 0.019163	 (HFp): -0.019694
spv1_3SE     (HFm): 0.018307	 (HFp): -0.019377
spv1_mix     (HFm): 0.019351	 (HFp): -0.021054
   -----            
epv2_2SE     (HFm): 0.069729	 (HFp): 0.069774
epv2_3SE     (HFm): 0.069736	 (HFp): 0.069781
spv2_2SE     (HFm): 0.069474	 (HFp): 0.069664
spv2_3SE     (HFm): 0.069630	 (HFp): 0.069820
   -----          

Entering primary event loop
 event: 1250/25000	run: 4/20
 event: 2500/25000	run: 4/20
 event: 3750/25000	run: 4/20
 event: 5000/25000	run: 4/20
 event: 6250/25000	run: 4/20
 event: 7500/25000	run: 4/20
 event: 8750/25000	run: 4/20
 event: 10000/25000	run: 4/20
 event: 11250/25000	run: 4/20
 event: 12500/25000	run: 4/20
 event: 13750/25000	run: 4/20
 event: 15000/25000	run: 4/20
 event: 16250/25000	run: 4/20
 event: 17500/25000	run: 4/20
 event: 18750/25000	run: 4/20
 event: 20000/25000	run: 4/20
 event: 21250/25000	run: 4/20
 event: 22500/25000	run: 4/20
 event: 23750/25000	run: 4/20
 event: 25000/25000	run: 4/20
   -----            
nevts:              25000
evtmult:            6564
ncount (HFm):       5700734
ncount (HFp):       5629997
   -----            
HFm mult:           690
trackm mult:        220
trackmid mult:      455
trackp mult:        235
HFp mult:           672
particles rejected: 4747
   -----            
rescor1_2:          0.429845
rescor1_3    (HFm): 0.434895	 (HFp): 0.435150
rescor2_2:          0.912656
rescor2_3    (HFm): 0.911508	 (HFp): 0.911508
rescorMix    (HFm): 0.377961	 (HFp): 0.377961
epv1obs      (HFm): 0.008252	 (HFp): -0.008462
epv1obs_mix  (HFm): 0.007303	 (HFp): -0.007701
epv2obs      (HFm): 0.063624	 (HFp): 0.064257
   -----            
spdenom1_2SE:       0.020031
spdenom1_3SE (HFm): 0.020188	 (HFp): 0.020355
spdenom2_2SE:       0.070051
spdenom2_3SE (HFm): 0.070115	 (HFp): 0.070115
spdenom_mix  (HFm): 0.001393	 (HFp): 0.001393
spv1num      (HFm): 0.000374	 (HFp): -0.000394
spv2num      (HFm): 0.004892	 (HFp): 0.004939
spv1num_mix  (HFm): 0.000027	 (HFp): -0.000029
   -----               
epv1_2SE     (HFm): 0.019197	 (HFp): -0.019686
epv1_3SE     (HFm): 0.018974	 (HFp): -0.019446
epv1_mix     (HFm): 0.019322	 (HFp): -0.020374
   -----            
spv1_2SE     (HFm): 0.018678	 (HFp): -0.019689
spv1_3SE     (HFm): 0.018533	 (HFp): -0.019375
spv1_mix     (HFm): 0.019295	 (HFp): -0.020731
   -----            
epv2_2SE     (HFm): 0.069713	 (HFp): 0.070407
epv2_3SE     (HFm): 0.069801	 (HFp): 0.070496
spv2_2SE     (HFm): 0.069836	 (HFp): 0.070506
spv2_3SE     (HFm): 0.069772	 (HFp): 0.070442
   -----          

Entering primary event loop
 event: 1250/25000	run: 5/20
 event: 2500/25000	run: 5/20
 event: 3750/25000	run: 5/20
 event: 5000/25000	run: 5/20
 event: 6250/25000	run: 5/20
 event: 7500/25000	run: 5/20
 event: 8750/25000	run: 5/20
 event: 10000/25000	run: 5/20
 event: 11250/25000	run: 5/20
 event: 12500/25000	run: 5/20
 event: 13750/25000	run: 5/20
 event: 15000/25000	run: 5/20
 event: 16250/25000	run: 5/20
 event: 17500/25000	run: 5/20
 event: 18750/25000	run: 5/20
 event: 20000/25000	run: 5/20
 event: 21250/25000	run: 5/20
 event: 22500/25000	run: 5/20
 event: 23750/25000	run: 5/20
 event: 25000/25000	run: 5/20
   -----            
nevts:              25000
evtmult:            6564
ncount (HFm):       5701120
ncount (HFp):       5627058
   -----            
HFm mult:           682
trackm mult:        214
trackmid mult:      461
trackp mult:        247
HFp mult:           677
particles rejected: 4744
   -----            
rescor1_2:          0.424194
rescor1_3    (HFm): 0.414576	 (HFp): 0.453733
rescor2_2:          0.913133
rescor2_3    (HFm): 0.912800	 (HFp): 0.912800
rescorMix    (HFm): 0.383283	 (HFp): 0.383283
epv1obs      (HFm): 0.007955	 (HFp): -0.008499
epv1obs_mix  (HFm): 0.007648	 (HFp): -0.007648
epv2obs      (HFm): 0.064113	 (HFp): 0.063764
   -----            
spdenom1_2SE:       0.020039
spdenom1_3SE (HFm): 0.019464	 (HFp): 0.021079
spdenom2_2SE:       0.070123
spdenom2_3SE (HFm): 0.070122	 (HFp): 0.070122
spdenom_mix  (HFm): 0.001414	 (HFp): 0.001414
spv1num      (HFm): 0.000371	 (HFp): -0.000402
spv2num      (HFm): 0.004927	 (HFp): 0.004897
spv1num_mix  (HFm): 0.000029	 (HFp): -0.000030
   -----               
epv1_2SE     (HFm): 0.018753	 (HFp): -0.020035
epv1_3SE     (HFm): 0.019189	 (HFp): -0.018731
epv1_mix     (HFm): 0.019953	 (HFp): -0.019953
   -----            
spv1_2SE     (HFm): 0.018524	 (HFp): -0.020058
spv1_3SE     (HFm): 0.019070	 (HFp): -0.019067
spv1_mix     (HFm): 0.020582	 (HFp): -0.021448
   -----            
epv2_2SE     (HFm): 0.070213	 (HFp): 0.069830
epv2_3SE     (HFm): 0.070238	 (HFp): 0.069855
spv2_2SE     (HFm): 0.070263	 (HFp): 0.069837
spv2_3SE     (HFm): 0.070264	 (HFp): 0.069838
   -----          

Entering primary event loop
 event: 1250/25000	run: 6/20
 event: 2500/25000	run: 6/20
 event: 3750/25000	run: 6/20
 event: 5000/25000	run: 6/20
 event: 6250/25000	run: 6/20
 event: 7500/25000	run: 6/20
 event: 8750/25000	run: 6/20
 event: 10000/25000	run: 6/20
 event: 11250/25000	run: 6/20
 event: 12500/25000	run: 6/20
 event: 13750/25000	run: 6/20
 event: 15000/25000	run: 6/20
 event: 16250/25000	run: 6/20
 event: 17500/25000	run: 6/20
 event: 18750/25000	run: 6/20
 event: 20000/25000	run: 6/20
 event: 21250/25000	run: 6/20
 event: 22500/25000	run: 6/20
 event: 23750/25000	run: 6/20
 event: 25000/25000	run: 6/20
   -----            
nevts:              25000
evtmult:            6564
ncount (HFm):       5699689
ncount (HFp):       5627548
   -----            
HFm mult:           675
trackm mult:        221
trackmid mult:      452
trackp mult:        231
HFp mult:           677
particles rejected: 4760
   -----            
rescor1_2:          0.429664
rescor1_3    (HFm): 0.443074	 (HFp): 0.421840
rescor2_2:          0.912698
rescor2_3    (HFm): 0.912594	 (HFp): 0.912594
rescorMix    (HFm): 0.374340	 (HFp): 0.374340
epv1obs      (HFm): 0.008602	 (HFp): -0.007735
epv1obs_mix  (HFm): 0.007682	 (HFp): -0.007455
epv2obs      (HFm): 0.063847	 (HFp): 0.063936
   -----            
spdenom1_2SE:       0.019719
spdenom1_3SE (HFm): 0.019932	 (HFp): 0.019388
spdenom2_2SE:       0.070004
spdenom2_3SE (HFm): 0.070103	 (HFp): 0.070103
spdenom_mix  (HFm): 0.001378	 (HFp): 0.001378
spv1num      (HFm): 0.000394	 (HFp): -0.000372
spv2num      (HFm): 0.004902	 (HFp): 0.004906
spv1num_mix  (HFm): 0.000029	 (HFp): -0.000029
   -----               
epv1_2SE     (HFm): 0.020021	 (HFp): -0.018003
epv1_3SE     (HFm): 0.019415	 (HFp): -0.018337
epv1_mix     (HFm): 0.020520	 (HFp): -0.019914
   -----            
spv1_2SE     (HFm): 0.019992	 (HFp): -0.018863
spv1_3SE     (HFm): 0.019779	 (HFp): -0.019185
spv1_mix     (HFm): 0.020929	 (HFp): -0.020755
   -----            
epv2_2SE     (HFm): 0.069954	 (HFp): 0.070052
epv2_3SE     (HFm): 0.069962	 (HFp): 0.070060
spv2_2SE     (HFm): 0.070018	 (HFp): 0.070078
spv2_3SE     (HFm): 0.069919	 (HFp): 0.069979
   -----          

Entering primary event loop
 event: 1250/25000	run: 7/20
 event: 2500/25000	run: 7/20
 event: 3750/25000	run: 7/20
 event: 5000/25000	run: 7/20
 event: 6250/25000	run: 7/20
 event: 7500/25000	run: 7/20
 event: 8750/25000	run: 7/20
 event: 10000/25000	run: 7/20
 event: 11250/25000	run: 7/20
 event: 12500/25000	run: 7/20
 event: 13750/25000	run: 7/20
 event: 15000/25000	run: 7/20
 event: 16250/25000	run: 7/20
 event: 17500/25000	run: 7/20
 event: 18750/25000	run: 7/20
 event: 20000/25000	run: 7/20
 event: 21250/25000	run: 7/20
 event: 22500/25000	run: 7/20
 event: 23750/25000	run: 7/20
 event: 25000/25000	run: 7/20
   -----            
nevts:              25000
evtmult:            6564
ncount (HFm):       5700997
ncount (HFp):       5624539
   -----            
HFm mult:           723
trackm mult:        227
trackmid mult:      471
trackp mult:        244
HFp mult:           692
particles rejected: 4678
   -----            
rescor1_2:          0.432419
rescor1_3    (HFm): 0.424526	 (HFp): 0.449509
rescor2_2:          0.913190
rescor2_3    (HFm): 0.914270	 (HFp): 0.914270
rescorMix    (HFm): 0.379302	 (HFp): 0.379302
epv1obs      (HFm): 0.008280	 (HFp): -0.008700
epv1obs_mix  (HFm): 0.007628	 (HFp): -0.007947
epv2obs      (HFm): 0.063945	 (HFp): 0.064384
   -----            
spdenom1_2SE:       0.019935
spdenom1_3SE (HFm): 0.019750	 (HFp): 0.020923
spdenom2_2SE:       0.070136
spdenom2_3SE (HFm): 0.070171	 (HFp): 0.070171
spdenom_mix  (HFm): 0.001390	 (HFp): 0.001390
spv1num      (HFm): 0.000382	 (HFp): -0.000407
spv2num      (HFm): 0.004910	 (HFp): 0.004939
spv1num_mix  (HFm): 0.000028	 (HFp): -0.000030
   -----               
epv1_2SE     (HFm): 0.019148	 (HFp): -0.020120
epv1_3SE     (HFm): 0.019504	 (HFp): -0.019355
epv1_mix     (HFm): 0.020110	 (HFp): -0.020951
   -----            
spv1_2SE     (HFm): 0.019159	 (HFp): -0.020406
spv1_3SE     (HFm): 0.019338	 (HFp): -0.019442
spv1_mix     (HFm): 0.020021	 (HFp): -0.021345
   -----            
epv2_2SE     (HFm): 0.070023	 (HFp): 0.070504
epv2_3SE     (HFm): 0.069941	 (HFp): 0.070421
spv2_2SE     (HFm): 0.070003	 (HFp): 0.070426
spv2_3SE     (HFm): 0.069967	 (HFp): 0.070390
   -----          

Entering primary event loop
 event: 1250/25000	run: 8/20
 event: 2500/25000	run: 8/20
 event: 3750/25000	run: 8/20
 event: 5000/25000	run: 8/20
 event: 6250/25000	run: 8/20
 event: 7500/25000	run: 8/20
 event: 8750/25000	run: 8/20
 event: 10000/25000	run: 8/20
 event: 11250/25000	run: 8/20
 event: 12500/25000	run: 8/20
 event: 13750/25000	run: 8/20
 event: 15000/25000	run: 8/20
 event: 16250/25000	run: 8/20
 event: 17500/25000	run: 8/20
 event: 18750/25000	run: 8/20
 event: 20000/25000	run: 8/20
 event: 21250/25000	run: 8/20
 event: 22500/25000	run: 8/20
 event: 23750/25000	run: 8/20
 event: 25000/25000	run: 8/20
   -----            
nevts:              25000
evtmult:            6564
ncount (HFm):       5698995
ncount (HFp):       5628723
   -----            
HFm mult:           705
trackm mult:        226
trackmid mult:      439
trackp mult:        213
HFp mult:           682
particles rejected: 4738
   -----            
rescor1_2:          0.428929
rescor1_3    (HFm): 0.419459	 (HFp): 0.442646
rescor2_2:          0.913551
rescor2_3    (HFm): 0.914718	 (HFp): 0.914718
rescorMix    (HFm): 0.383913	 (HFp): 0.383913
epv1obs      (HFm): 0.008725	 (HFp): -0.009001
epv1obs_mix  (HFm): 0.008033	 (HFp): -0.007370
epv2obs      (HFm): 0.063886	 (HFp): 0.064345
   -----            
spdenom1_2SE:       0.020002
spdenom1_3SE (HFm): 0.020061	 (HFp): 0.019939
spdenom2_2SE:       0.069924
spdenom2_3SE (HFm): 0.069867	 (HFp): 0.069867
spdenom_mix  (HFm): 0.001419	 (HFp): 0.001419
spv1num      (HFm): 0.000406	 (HFp): -0.000407
spv2num      (HFm): 0.004881	 (HFp): 0.004915
spv1num_mix  (HFm): 0.000030	 (HFp): -0.000029
   -----               
epv1_2SE     (HFm): 0.020342	 (HFp): -0.020985
epv1_3SE     (HFm): 0.020802	 (HFp): -0.020335
epv1_mix     (HFm): 0.020924	 (HFp): -0.019198
   -----            
spv1_2SE     (HFm): 0.020283	 (HFp): -0.020365
spv1_3SE     (HFm): 0.020223	 (HFp): -0.020430
spv1_mix     (HFm): 0.021161	 (HFp): -0.020123
   -----            
epv2_2SE     (HFm): 0.069931	 (HFp): 0.070434
epv2_3SE     (HFm): 0.069842	 (HFp): 0.070345
spv2_2SE     (HFm): 0.069800	 (HFp): 0.070292
spv2_3SE     (HFm): 0.069856	 (HFp): 0.070349
   -----          

Entering primary event loop
 event: 1250/25000	run: 9/20
 event: 2500/25000	run: 9/20
 event: 3750/25000	run: 9/20
 event: 5000/25000	run: 9/20
 event: 6250/25000	run: 9/20
 event: 7500/25000	run: 9/20
 event: 8750/25000	run: 9/20
 event: 10000/25000	run: 9/20
 event: 11250/25000	run: 9/20
 event: 12500/25000	run: 9/20
 event: 13750/25000	run: 9/20
 event: 15000/25000	run: 9/20
 event: 16250/25000	run: 9/20
 event: 17500/25000	run: 9/20
 event: 18750/25000	run: 9/20
 event: 20000/25000	run: 9/20
 event: 21250/25000	run: 9/20
 event: 22500/25000	run: 9/20
 event: 23750/25000	run: 9/20
 event: 25000/25000	run: 9/20
   -----            
nevts:              25000
evtmult:            6564
ncount (HFm):       5699975
ncount (HFp):       5626563
   -----            
HFm mult:           678
trackm mult:        225
trackmid mult:      449
trackp mult:        224
HFp mult:           666
particles rejected: 4771
   -----            
rescor1_2:          0.429262
rescor1_3    (HFm): 0.416272	 (HFp): 0.423816
rescor2_2:          0.913273
rescor2_3    (HFm): 0.912866	 (HFp): 0.912866
rescorMix    (HFm): 0.388244	 (HFp): 0.388244
epv1obs      (HFm): 0.008916	 (HFp): -0.008746
epv1obs_mix  (HFm): 0.007546	 (HFp): -0.007461
epv2obs      (HFm): 0.063547	 (HFp): 0.063604
   -----            
spdenom1_2SE:       0.019982
spdenom1_3SE (HFm): 0.019903	 (HFp): 0.019792
spdenom2_2SE:       0.069991
spdenom2_3SE (HFm): 0.069925	 (HFp): 0.069925
spdenom_mix  (HFm): 0.001419	 (HFp): 0.001419
spv1num      (HFm): 0.000412	 (HFp): -0.000404
spv2num      (HFm): 0.004864	 (HFp): 0.004874
spv1num_mix  (HFm): 0.000028	 (HFp): -0.000028
   -----               
epv1_2SE     (HFm): 0.020772	 (HFp): -0.020374
epv1_3SE     (HFm): 0.021420	 (HFp): -0.020635
epv1_mix     (HFm): 0.019436	 (HFp): -0.019219
   -----            
spv1_2SE     (HFm): 0.020616	 (HFp): -0.020209
spv1_3SE     (HFm): 0.020698	 (HFp): -0.020403
spv1_mix     (HFm): 0.020048	 (HFp): -0.020027
   -----            
epv2_2SE     (HFm): 0.069582	 (HFp): 0.069644
epv2_3SE     (HFm): 0.069613	 (HFp): 0.069675
spv2_2SE     (HFm): 0.069502	 (HFp): 0.069642
spv2_3SE     (HFm): 0.069567	 (HFp): 0.069708
   -----          

Entering primary event loop
 event: 1250/25000	run: 10/20
 event: 2500/25000	run: 10/20
 event: 3750/25000	run: 10/20
 event: 5000/25000	run: 10/20
 event: 6250/25000	run: 10/20
 event: 7500/25000	run: 10/20
 event: 8750/25000	run: 10/20
 event: 10000/25000	run: 10/20
 event: 11250/25000	run: 10/20
 event: 12500/25000	run: 10/20
 event: 13750/25000	run: 10/20
 event: 15000/25000	run: 10/20
 event: 16250/25000	run: 10/20
 event: 17500/25000	run: 10/20
 event: 18750/25000	run: 10/20
 event: 20000/25000	run: 10/20
 event: 21250/25000	run: 10/20
 event: 22500/25000	run: 10/20
 event: 23750/25000	run: 10/20
 event: 25000/25000	run: 10/20
   -----            
nevts:              25000
evtmult:            6564
ncount (HFm):       5700693
ncount (HFp):       5626076
   -----            
HFm mult:           676
trackm mult:        223
trackmid mult:      458
trackp mult:        235
HFp mult:           693
particles rejected: 4737
   -----            
rescor1_2:          0.436064
rescor1_3    (HFm): 0.437191	 (HFp): 0.445023
rescor2_2:          0.912084
rescor2_3    (HFm): 0.913201	 (HFp): 0.913201
rescorMix    (HFm): 0.375862	 (HFp): 0.375862
epv1obs      (HFm): 0.008270	 (HFp): -0.008608
epv1obs_mix  (HFm): 0.007795	 (HFp): -0.007696
epv2obs      (HFm): 0.063400	 (HFp): 0.064554
   -----            
spdenom1_2SE:       0.020398
spdenom1_3SE (HFm): 0.020749	 (HFp): 0.020806
spdenom2_2SE:       0.069844
spdenom2_3SE (HFm): 0.069923	 (HFp): 0.069923
spdenom_mix  (HFm): 0.001413	 (HFp): 0.001413
spv1num      (HFm): 0.000395	 (HFp): -0.000397
spv2num      (HFm): 0.004850	 (HFp): 0.004947
spv1num_mix  (HFm): 0.000031	 (HFp): -0.000030
   -----               
epv1_2SE     (HFm): 0.018965	 (HFp): -0.019740
epv1_3SE     (HFm): 0.018916	 (HFp): -0.019343
epv1_mix     (HFm): 0.020739	 (HFp): -0.020475
   -----            
spv1_2SE     (HFm): 0.019380	 (HFp): -0.019481
spv1_3SE     (HFm): 0.019052	 (HFp): -0.019099
spv1_mix     (HFm): 0.021895	 (HFp): -0.021169
   -----            
epv2_2SE     (HFm): 0.069511	 (HFp): 0.070776
epv2_3SE     (HFm): 0.069426	 (HFp): 0.070690
spv2_2SE     (HFm): 0.069434	 (HFp): 0.070823
spv2_3SE     (HFm): 0.069356	 (HFp): 0.070743
   -----          

Entering primary event loop
 event: 1250/25000	run: 11/20
 event: 2500/25000	run: 11/20
 event: 3750/25000	run: 11/20
 event: 5000/25000	run: 11/20
 event: 6250/25000	run: 11/20
 event: 7500/25000	run: 11/20
 event: 8750/25000	run: 11/20
 event: 10000/25000	run: 11/20
 event: 11250/25000	run: 11/20
 event: 12500/25000	run: 11/20
 event: 13750/25000	run: 11/20
 event: 15000/25000	run: 11/20
 event: 16250/25000	run: 11/20
 event: 17500/25000	run: 11/20
 event: 18750/25000	run: 11/20
 event: 20000/25000	run: 11/20
 event: 21250/25000	run: 11/20
 event: 22500/25000	run: 11/20
 event: 23750/25000	run: 11/20
 event: 25000/25000	run: 11/20
   -----            
nevts:              25000
evtmult:            6564
ncount (HFm):       5702905
ncount (HFp):       5627720
   -----            
HFm mult:           693
trackm mult:        216
trackmid mult:      450
trackp mult:        234
HFp mult:           700
particles rejected: 4721
   -----            
rescor1_2:          0.430757
rescor1_3    (HFm): 0.436326	 (HFp): 0.444041
rescor2_2:          0.912296
rescor2_3    (HFm): 0.913247	 (HFp): 0.913247
rescorMix    (HFm): 0.376841	 (HFp): 0.376841
epv1obs      (HFm): 0.008060	 (HFp): -0.008553
epv1obs_mix  (HFm): 0.007188	 (HFp): -0.007748
epv2obs      (HFm): 0.063946	 (HFp): 0.064162
   -----            
spdenom1_2SE:       0.020010
spdenom1_3SE (HFm): 0.020215	 (HFp): 0.020866
spdenom2_2SE:       0.069915
spdenom2_3SE (HFm): 0.069804	 (HFp): 0.069804
spdenom_mix  (HFm): 0.001371	 (HFp): 0.001371
spv1num      (HFm): 0.000365	 (HFp): -0.000402
spv2num      (HFm): 0.004894	 (HFp): 0.004910
spv1num_mix  (HFm): 0.000028	 (HFp): -0.000029
   -----               
epv1_2SE     (HFm): 0.018712	 (HFp): -0.019857
epv1_3SE     (HFm): 0.018473	 (HFp): -0.019263
epv1_mix     (HFm): 0.019074	 (HFp): -0.020559
   -----            
spv1_2SE     (HFm): 0.018257	 (HFp): -0.020069
spv1_3SE     (HFm): 0.018072	 (HFp): -0.019245
spv1_mix     (HFm): 0.020329	 (HFp): -0.021015
   -----            
epv2_2SE     (HFm): 0.070094	 (HFp): 0.070330
epv2_3SE     (HFm): 0.070021	 (HFp): 0.070257
spv2_2SE     (HFm): 0.070000	 (HFp): 0.070231
spv2_3SE     (HFm): 0.070111	 (HFp): 0.070342
   -----          

Entering primary event loop
 event: 1250/25000	run: 12/20
 event: 2500/25000	run: 12/20
 event: 3750/25000	run: 12/20
 event: 5000/25000	run: 12/20
 event: 6250/25000	run: 12/20
 event: 7500/25000	run: 12/20
 event: 8750/25000	run: 12/20
 event: 10000/25000	run: 12/20
 event: 11250/25000	run: 12/20
 event: 12500/25000	run: 12/20
 event: 13750/25000	run: 12/20
 event: 15000/25000	run: 12/20
 event: 16250/25000	run: 12/20
 event: 17500/25000	run: 12/20
 event: 18750/25000	run: 12/20
 event: 20000/25000	run: 12/20
 event: 21250/25000	run: 12/20
 event: 22500/25000	run: 12/20
 event: 23750/25000	run: 12/20
 event: 25000/25000	run: 12/20
   -----            
nevts:              25000
evtmult:            6564
ncount (HFm):       5702384
ncount (HFp):       5628383
   -----            
HFm mult:           706
trackm mult:        225
trackmid mult:      454
trackp mult:        229
HFp mult:           679
particles rejected: 4725
   -----            
rescor1_2:          0.424425
rescor1_3    (HFm): 0.421064	 (HFp): 0.443667
rescor2_2:          0.913245
rescor2_3    (HFm): 0.912293	 (HFp): 0.912293
rescorMix    (HFm): 0.371556	 (HFp): 0.371556
epv1obs      (HFm): 0.007871	 (HFp): -0.008953
epv1obs_mix  (HFm): 0.007407	 (HFp): -0.007726
epv2obs      (HFm): 0.063847	 (HFp): 0.064030
   -----            
spdenom1_2SE:       0.019775
spdenom1_3SE (HFm): 0.019517	 (HFp): 0.020342
spdenom2_2SE:       0.070122
spdenom2_3SE (HFm): 0.070185	 (HFp): 0.070185
spdenom_mix  (HFm): 0.001366	 (HFp): 0.001366
spv1num      (HFm): 0.000379	 (HFp): -0.000426
spv2num      (HFm): 0.004921	 (HFp): 0.004927
spv1num_mix  (HFm): 0.000028	 (HFp): -0.000031
   -----               
epv1_2SE     (HFm): 0.018544	 (HFp): -0.021093
epv1_3SE     (HFm): 0.018692	 (HFp): -0.020179
epv1_mix     (HFm): 0.019934	 (HFp): -0.020794
   -----            
spv1_2SE     (HFm): 0.019175	 (HFp): -0.021536
spv1_3SE     (HFm): 0.019428	 (HFp): -0.020935
spv1_mix     (HFm): 0.020783	 (HFp): -0.022736
   -----            
epv2_2SE     (HFm): 0.069913	 (HFp): 0.070113
epv2_3SE     (HFm): 0.069986	 (HFp): 0.070186
spv2_2SE     (HFm): 0.070178	 (HFp): 0.070269
spv2_3SE     (HFm): 0.070116	 (HFp): 0.070207
   -----          

Entering primary event loop
 event: 1250/25000	run: 13/20
 event: 2500/25000	run: 13/20
 event: 3750/25000	run: 13/20
 event: 5000/25000	run: 13/20
 event: 6250/25000	run: 13/20
 event: 7500/25000	run: 13/20
 event: 8750/25000	run: 13/20
 event: 10000/25000	run: 13/20
 event: 11250/25000	run: 13/20
 event: 12500/25000	run: 13/20
 event: 13750/25000	run: 13/20
 event: 15000/25000	run: 13/20
 event: 16250/25000	run: 13/20
 event: 17500/25000	run: 13/20
 event: 18750/25000	run: 13/20
 event: 20000/25000	run: 13/20
 event: 21250/25000	run: 13/20
 event: 22500/25000	run: 13/20
 event: 23750/25000	run: 13/20
 event: 25000/25000	run: 13/20
   -----            
nevts:              25000
evtmult:            6564
ncount (HFm):       5700045
ncount (HFp):       5627331
   -----            
HFm mult:           658
trackm mult:        218
trackmid mult:      415
trackp mult:        197
HFp mult:           663
particles rejected: 4828
   -----            
rescor1_2:          0.423784
rescor1_3    (HFm): 0.422208	 (HFp): 0.413449
rescor2_2:          0.911763
rescor2_3    (HFm): 0.912947	 (HFp): 0.912947
rescorMix    (HFm): 0.369504	 (HFp): 0.369504
epv1obs      (HFm): 0.009155	 (HFp): -0.008451
epv1obs_mix  (HFm): 0.007591	 (HFp): -0.007445
epv2obs      (HFm): 0.063998	 (HFp): 0.064418
   -----            
spdenom1_2SE:       0.020049
spdenom1_3SE (HFm): 0.019765	 (HFp): 0.019817
spdenom2_2SE:       0.069807
spdenom2_3SE (HFm): 0.069821	 (HFp): 0.069821
spdenom_mix  (HFm): 0.001385	 (HFp): 0.001385
spv1num      (HFm): 0.000424	 (HFp): -0.000398
spv2num      (HFm): 0.004908	 (HFp): 0.004941
spv1num_mix  (HFm): 0.000029	 (HFp): -0.000028
   -----               
epv1_2SE     (HFm): 0.021603	 (HFp): -0.019942
epv1_3SE     (HFm): 0.021683	 (HFp): -0.020441
epv1_mix     (HFm): 0.020543	 (HFp): -0.020150
   -----            
spv1_2SE     (HFm): 0.021143	 (HFp): -0.019853
spv1_3SE     (HFm): 0.021447	 (HFp): -0.020087
spv1_mix     (HFm): 0.020669	 (HFp): -0.020217
   -----            
epv2_2SE     (HFm): 0.070192	 (HFp): 0.070652
epv2_3SE     (HFm): 0.070101	 (HFp): 0.070561
spv2_2SE     (HFm): 0.070314	 (HFp): 0.070787
spv2_3SE     (HFm): 0.070301	 (HFp): 0.070774
   -----          

Entering primary event loop
 event: 1250/25000	run: 14/20
 event: 2500/25000	run: 14/20
 event: 3750/25000	run: 14/20
 event: 5000/25000	run: 14/20
 event: 6250/25000	run: 14/20
 event: 7500/25000	run: 14/20
 event: 8750/25000	run: 14/20
 event: 10000/25000	run: 14/20
 event: 11250/25000	run: 14/20
 event: 12500/25000	run: 14/20
 event: 13750/25000	run: 14/20
 event: 15000/25000	run: 14/20
 event: 16250/25000	run: 14/20
 event: 17500/25000	run: 14/20
 event: 18750/25000	run: 14/20
 event: 20000/25000	run: 14/20
 event: 21250/25000	run: 14/20
 event: 22500/25000	run: 14/20
 event: 23750/25000	run: 14/20
 event: 25000/25000	run: 14/20
   -----            
nevts:              25000
evtmult:            6564
ncount (HFm):       5699706
ncount (HFp):       5626988
   -----            
HFm mult:           683
trackm mult:        227
trackmid mult:      456
trackp mult:        229
HFp mult:           664
particles rejected: 4761
   -----            
rescor1_2:          0.429592
rescor1_3    (HFm): 0.442176	 (HFp): 0.431548
rescor2_2:          0.912187
rescor2_3    (HFm): 0.913067	 (HFp): 0.913067
rescorMix    (HFm): 0.380161	 (HFp): 0.380161
epv1obs      (HFm): 0.008192	 (HFp): -0.008486
epv1obs_mix  (HFm): 0.007297	 (HFp): -0.007859
epv2obs      (HFm): 0.063994	 (HFp): 0.063824
   -----            
spdenom1_2SE:       0.020100
spdenom1_3SE (HFm): 0.020347	 (HFp): 0.020300
spdenom2_2SE:       0.069928
spdenom2_3SE (HFm): 0.069899	 (HFp): 0.069899
spdenom_mix  (HFm): 0.001411	 (HFp): 0.001411
spv1num      (HFm): 0.000394	 (HFp): -0.000407
spv2num      (HFm): 0.004902	 (HFp): 0.004886
spv1num_mix  (HFm): 0.000029	 (HFp): -0.000030
   -----               
epv1_2SE     (HFm): 0.019070	 (HFp): -0.019753
epv1_3SE     (HFm): 0.018528	 (HFp): -0.019663
epv1_mix     (HFm): 0.019195	 (HFp): -0.020672
   -----            
spv1_2SE     (HFm): 0.019615	 (HFp): -0.020258
spv1_3SE     (HFm): 0.019376	 (HFp): -0.020058
spv1_mix     (HFm): 0.020240	 (HFp): -0.021593
   -----            
epv2_2SE     (HFm): 0.070155	 (HFp): 0.069968
epv2_3SE     (HFm): 0.070087	 (HFp): 0.069900
spv2_2SE     (HFm): 0.070103	 (HFp): 0.069875
spv2_3SE     (HFm): 0.070132	 (HFp): 0.069904
   -----          

Entering primary event loop
 event: 1250/25000	run: 15/20
 event: 2500/25000	run: 15/20
 event: 3750/25000	run: 15/20
 event: 5000/25000	run: 15/20
 event: 6250/25000	run: 15/20
 event: 7500/25000	run: 15/20
 event: 8750/25000	run: 15/20
 event: 10000/25000	run: 15/20
 event: 11250/25000	run: 15/20
 event: 12500/25000	run: 15/20
 event: 13750/25000	run: 15/20
 event: 15000/25000	run: 15/20
 event: 16250/25000	run: 15/20
 event: 17500/25000	run: 15/20
 event: 18750/25000	run: 15/20
 event: 20000/25000	run: 15/20
 event: 21250/25000	run: 15/20
 event: 22500/25000	run: 15/20
 event: 23750/25000	run: 15/20
 event: 25000/25000	run: 15/20
   -----            
nevts:              25000
evtmult:            6564
ncount (HFm):       5702809
ncount (HFp):       5628476
   -----            
HFm mult:           706
trackm mult:        221
trackmid mult:      454
trackp mult:        233
HFp mult:           673
particles rejected: 4731
   -----            
rescor1_2:          0.425565
rescor1_3    (HFm): 0.422806	 (HFp): 0.429305
rescor2_2:          0.913257
rescor2_3    (HFm): 0.911499	 (HFp): 0.911499
rescorMix    (HFm): 0.381014	 (HFp): 0.381014
epv1obs      (HFm): 0.008021	 (HFp): -0.008851
epv1obs_mix  (HFm): 0.007184	 (HFp): -0.008006
epv2obs      (HFm): 0.063189	 (HFp): 0.063344
   -----            
spdenom1_2SE:       0.019928
spdenom1_3SE (HFm): 0.020013	 (HFp): 0.019914
spdenom2_2SE:       0.070018
spdenom2_3SE (HFm): 0.069971	 (HFp): 0.069971
spdenom_mix  (HFm): 0.001384	 (HFp): 0.001384
spv1num      (HFm): 0.000387	 (HFp): -0.000408
spv2num      (HFm): 0.004847	 (HFp): 0.004857
spv1num_mix  (HFm): 0.000028	 (HFp): -0.000030
   -----               
epv1_2SE     (HFm): 0.018848	 (HFp): -0.020799
epv1_3SE     (HFm): 0.018971	 (HFp): -0.020618
epv1_mix     (HFm): 0.018854	 (HFp): -0.021011
   -----            
spv1_2SE     (HFm): 0.019402	 (HFp): -0.020487
spv1_3SE     (HFm): 0.019320	 (HFp): -0.020500
spv1_mix     (HFm): 0.020435	 (HFp): -0.021777
   -----            
epv2_2SE     (HFm): 0.069191	 (HFp): 0.069360
epv2_3SE     (HFm): 0.069324	 (HFp): 0.069494
spv2_2SE     (HFm): 0.069218	 (HFp): 0.069365
spv2_3SE     (HFm): 0.069265	 (HFp): 0.069412
   -----          

Entering primary event loop
 event: 1250/25000	run: 16/20
 event: 2500/25000	run: 16/20
 event: 3750/25000	run: 16/20
 event: 5000/25000	run: 16/20
 event: 6250/25000	run: 16/20
 event: 7500/25000	run: 16/20
 event: 8750/25000	run: 16/20
 event: 10000/25000	run: 16/20
 event: 11250/25000	run: 16/20
 event: 12500/25000	run: 16/20
 event: 13750/25000	run: 16/20
 event: 15000/25000	run: 16/20
 event: 16250/25000	run: 16/20
 event: 17500/25000	run: 16/20
 event: 18750/25000	run: 16/20
 event: 20000/25000	run: 16/20
 event: 21250/25000	run: 16/20
 event: 22500/25000	run: 16/20
 event: 23750/25000	run: 16/20
 event: 25000/25000	run: 16/20
   -----            
nevts:              25000
evtmult:            6564
ncount (HFm):       5700033
ncount (HFp):       5627362
   -----            
HFm mult:           673
trackm mult:        231
trackmid mult:      470
trackp mult:        239
HFp mult:           716
particles rejected: 4705
   -----            
rescor1_2:          0.427084
rescor1_3    (HFm): 0.438657	 (HFp): 0.420277
rescor2_2:          0.912229
rescor2_3    (HFm): 0.911964	 (HFp): 0.911964
rescorMix    (HFm): 0.380789	 (HFp): 0.380789
epv1obs      (HFm): 0.008347	 (HFp): -0.008327
epv1obs_mix  (HFm): 0.007764	 (HFp): -0.007062
epv2obs      (HFm): 0.064023	 (HFp): 0.063655
   -----            
spdenom1_2SE:       0.019883
spdenom1_3SE (HFm): 0.020021	 (HFp): 0.020203
spdenom2_2SE:       0.069933
spdenom2_3SE (HFm): 0.069950	 (HFp): 0.069950
spdenom_mix  (HFm): 0.001393	 (HFp): 0.001393
spv1num      (HFm): 0.000384	 (HFp): -0.000389
spv2num      (HFm): 0.004917	 (HFp): 0.004879
spv1num_mix  (HFm): 0.000028	 (HFp): -0.000028
   -----               
epv1_2SE     (HFm): 0.019543	 (HFp): -0.019498
epv1_3SE     (HFm): 0.019028	 (HFp): -0.019814
epv1_mix     (HFm): 0.020389	 (HFp): -0.018545
   -----            
spv1_2SE     (HFm): 0.019317	 (HFp): -0.019561
spv1_3SE     (HFm): 0.019183	 (HFp): -0.019251
spv1_mix     (HFm): 0.020430	 (HFp): -0.019911
   -----            
epv2_2SE     (HFm): 0.070183	 (HFp): 0.069780
epv2_3SE     (HFm): 0.070203	 (HFp): 0.069800
spv2_2SE     (HFm): 0.070317	 (HFp): 0.069769
spv2_3SE     (HFm): 0.070300	 (HFp): 0.069752
   -----          

Entering primary event loop
 event: 1250/25000	run: 17/20
 event: 2500/25000	run: 17/20
 event: 3750/25000	run: 17/20
 event: 5000/25000	run: 17/20
 event: 6250/25000	run: 17/20
 event: 7500/25000	run: 17/20
 event: 8750/25000	run: 17/20
 event: 10000/25000	run: 17/20
 event: 11250/25000	run: 17/20
 event: 12500/25000	run: 17/20
 event: 13750/25000	run: 17/20
 event: 15000/25000	run: 17/20
 event: 16250/25000	run: 17/20
 event: 17500/25000	run: 17/20
 event: 18750/25000	run: 17/20
 event: 20000/25000	run: 17/20
 event: 21250/25000	run: 17/20
 event: 22500/25000	run: 17/20
 event: 23750/25000	run: 17/20
 event: 25000/25000	run: 17/20
   -----            
nevts:              25000
evtmult:            6564
ncount (HFm):       5696444
ncount (HFp):       5625032
   -----            
HFm mult:           690
trackm mult:        230
trackmid mult:      456
trackp mult:        226
HFp mult:           677
particles rejected: 4741
   -----            
rescor1_2:          0.429085
rescor1_3    (HFm): 0.393204	 (HFp): 0.430786
rescor2_2:          0.913104
rescor2_3    (HFm): 0.914439	 (HFp): 0.914439
rescorMix    (HFm): 0.377457	 (HFp): 0.377457
epv1obs      (HFm): 0.008783	 (HFp): -0.009389
epv1obs_mix  (HFm): 0.007532	 (HFp): -0.007628
epv2obs      (HFm): 0.063703	 (HFp): 0.064373
   -----            
spdenom1_2SE:       0.020097
spdenom1_3SE (HFm): 0.019450	 (HFp): 0.019964
spdenom2_2SE:       0.070009
spdenom2_3SE (HFm): 0.070102	 (HFp): 0.070102
spdenom_mix  (HFm): 0.001402	 (HFp): 0.001402
spv1num      (HFm): 0.000421	 (HFp): -0.000430
spv2num      (HFm): 0.004890	 (HFp): 0.004923
spv1num_mix  (HFm): 0.000030	 (HFp): -0.000029
   -----               
epv1_2SE     (HFm): 0.020470	 (HFp): -0.021881
epv1_3SE     (HFm): 0.022338	 (HFp): -0.021795
epv1_mix     (HFm): 0.019955	 (HFp): -0.020209
   -----            
spv1_2SE     (HFm): 0.020946	 (HFp): -0.021399
spv1_3SE     (HFm): 0.021643	 (HFp): -0.021542
spv1_mix     (HFm): 0.021168	 (HFp): -0.021036
   -----            
epv2_2SE     (HFm): 0.069766	 (HFp): 0.070499
epv2_3SE     (HFm): 0.069664	 (HFp): 0.070396
spv2_2SE     (HFm): 0.069851	 (HFp): 0.070323
spv2_3SE     (HFm): 0.069758	 (HFp): 0.070230
   -----          

Entering primary event loop
 event: 1250/25000	run: 18/20
 event: 2500/25000	run: 18/20
 event: 3750/25000	run: 18/20
 event: 5000/25000	run: 18/20
 event: 6250/25000	run: 18/20
 event: 7500/25000	run: 18/20
 event: 8750/25000	run: 18/20
 event: 10000/25000	run: 18/20
 event: 11250/25000	run: 18/20
 event: 12500/25000	run: 18/20
 event: 13750/25000	run: 18/20
 event: 15000/25000	run: 18/20
 event: 16250/25000	run: 18/20
 event: 17500/25000	run: 18/20
 event: 18750/25000	run: 18/20
 event: 20000/25000	run: 18/20
 event: 21250/25000	run: 18/20
 event: 22500/25000	run: 18/20
 event: 23750/25000	run: 18/20
 event: 25000/25000	run: 18/20
   -----            
nevts:              25000
evtmult:            6564
ncount (HFm):       5700286
ncount (HFp):       5628515
   -----            
HFm mult:           683
trackm mult:        222
trackmid mult:      441
trackp mult:        219
HFp mult:           714
particles rejected: 4726
   -----            
rescor1_2:          0.426495
rescor1_3    (HFm): 0.412069	 (HFp): 0.428803
rescor2_2:          0.912185
rescor2_3    (HFm): 0.913769	 (HFp): 0.913769
rescorMix    (HFm): 0.377148	 (HFp): 0.377148
epv1obs      (HFm): 0.008475	 (HFp): -0.008944
epv1obs_mix  (HFm): 0.007195	 (HFp): -0.008194
epv2obs      (HFm): 0.064209	 (HFp): 0.063697
   -----            
spdenom1_2SE:       0.019817
spdenom1_3SE (HFm): 0.019328	 (HFp): 0.020228
spdenom2_2SE:       0.069875
spdenom2_3SE (HFm): 0.070216	 (HFp): 0.070216
spdenom_mix  (HFm): 0.001404	 (HFp): 0.001404
spv1num      (HFm): 0.000394	 (HFp): -0.000422
spv2num      (HFm): 0.004945	 (HFp): 0.004900
spv1num_mix  (HFm): 0.000028	 (HFp): -0.000031
   -----               
epv1_2SE     (HFm): 0.019871	 (HFp): -0.020971
epv1_3SE     (HFm): 0.020567	 (HFp): -0.020858
epv1_mix     (HFm): 0.019078	 (HFp): -0.021726
   -----            
spv1_2SE     (HFm): 0.019900	 (HFp): -0.021284
spv1_3SE     (HFm): 0.020404	 (HFp): -0.020852
spv1_mix     (HFm): 0.020005	 (HFp): -0.021815
   -----            
epv2_2SE     (HFm): 0.070390	 (HFp): 0.069829
epv2_3SE     (HFm): 0.070268	 (HFp): 0.069708
spv2_2SE     (HFm): 0.070776	 (HFp): 0.070130
spv2_3SE     (HFm): 0.070432	 (HFp): 0.069789
   -----          

Entering primary event loop
 event: 1250/25000	run: 19/20
 event: 2500/25000	run: 19/20
 event: 3750/25000	run: 19/20
 event: 5000/25000	run: 19/20
 event: 6250/25000	run: 19/20
 event: 7500/25000	run: 19/20
 event: 8750/25000	run: 19/20
 event: 10000/25000	run: 19/20
 event: 11250/25000	run: 19/20
 event: 12500/25000	run: 19/20
 event: 13750/25000	run: 19/20
 event: 15000/25000	run: 19/20
 event: 16250/25000	run: 19/20
 event: 17500/25000	run: 19/20
 event: 18750/25000	run: 19/20
 event: 20000/25000	run: 19/20
 event: 21250/25000	run: 19/20
 event: 22500/25000	run: 19/20
 event: 23750/25000	run: 19/20
 event: 25000/25000	run: 19/20
   -----            
nevts:              25000
evtmult:            6564
ncount (HFm):       5699970
ncount (HFp):       5626297
   -----            
HFm mult:           692
trackm mult:        230
trackmid mult:      449
trackp mult:        219
HFp mult:           697
particles rejected: 4726
   -----            
rescor1_2:          0.424941
rescor1_3    (HFm): 0.443394	 (HFp): 0.424157
rescor2_2:          0.912192
rescor2_3    (HFm): 0.912765	 (HFp): 0.912765
rescorMix    (HFm): 0.381276	 (HFp): 0.381276
epv1obs      (HFm): 0.008229	 (HFp): -0.008233
epv1obs_mix  (HFm): 0.007326	 (HFp): -0.007375
epv2obs      (HFm): 0.063001	 (HFp): 0.064073
   -----            
spdenom1_2SE:       0.019902
spdenom1_3SE (HFm): 0.020299	 (HFp): 0.019555
spdenom2_2SE:       0.069868
spdenom2_3SE (HFm): 0.069697	 (HFp): 0.069697
spdenom_mix  (HFm): 0.001382	 (HFp): 0.001382
spv1num      (HFm): 0.000392	 (HFp): -0.000397
spv2num      (HFm): 0.004818	 (HFp): 0.004901
spv1num_mix  (HFm): 0.000027	 (HFp): -0.000028
   -----               
epv1_2SE     (HFm): 0.019366	 (HFp): -0.019374
epv1_3SE     (HFm): 0.018560	 (HFp): -0.019410
epv1_mix     (HFm): 0.019213	 (HFp): -0.019342
   -----            
spv1_2SE     (HFm): 0.019696	 (HFp): -0.019923
spv1_3SE     (HFm): 0.019310	 (HFp): -0.020277
spv1_mix     (HFm): 0.019693	 (HFp): -0.020484
   -----            
epv2_2SE     (HFm): 0.069066	 (HFp): 0.070241
epv2_3SE     (HFm): 0.069023	 (HFp): 0.070197
spv2_2SE     (HFm): 0.068964	 (HFp): 0.070146
spv2_3SE     (HFm): 0.069133	 (HFp): 0.070319
   -----          

Entering primary event loop
 event: 1250/25000	run: 20/20
 event: 2500/25000	run: 20/20
 event: 3750/25000	run: 20/20
 event: 5000/25000	run: 20/20
 event: 6250/25000	run: 20/20
 event: 7500/25000	run: 20/20
 event: 8750/25000	run: 20/20
 event: 10000/25000	run: 20/20
 event: 11250/25000	run: 20/20
 event: 12500/25000	run: 20/20
 event: 13750/25000	run: 20/20
 event: 15000/25000	run: 20/20
 event: 16250/25000	run: 20/20
 event: 17500/25000	run: 20/20
 event: 18750/25000	run: 20/20
 event: 20000/25000	run: 20/20
 event: 21250/25000	run: 20/20
 event: 22500/25000	run: 20/20
 event: 23750/25000	run: 20/20
 event: 25000/25000	run: 20/20
   -----            
nevts:              25000
evtmult:            6564
ncount (HFm):       5699301
ncount (HFp):       5628188
   -----            
HFm mult:           673
trackm mult:        231
trackmid mult:      448
trackp mult:        217
HFp mult:           686
particles rejected: 4757
   -----            
rescor1_2:          0.422892
rescor1_3    (HFm): 0.417815	 (HFp): 0.413599
rescor2_2:          0.913122
rescor2_3    (HFm): 0.912416	 (HFp): 0.912416
rescorMix    (HFm): 0.370598	 (HFp): 0.370598
epv1obs      (HFm): 0.008462	 (HFp): -0.008450
epv1obs_mix  (HFm): 0.007676	 (HFp): -0.007212
epv2obs      (HFm): 0.063577	 (HFp): 0.063760
   -----            
spdenom1_2SE:       0.019640
spdenom1_3SE (HFm): 0.019489	 (HFp): 0.019345
spdenom2_2SE:       0.069940
spdenom2_3SE (HFm): 0.069646	 (HFp): 0.069646
spdenom_mix  (HFm): 0.001364	 (HFp): 0.001364
spv1num      (HFm): 0.000400	 (HFp): -0.000390
spv2num      (HFm): 0.004848	 (HFp): 0.004874
spv1num_mix  (HFm): 0.000030	 (HFp): -0.000028
   -----               
epv1_2SE     (HFm): 0.020009	 (HFp): -0.019980
epv1_3SE     (HFm): 0.020253	 (HFp): -0.020429
epv1_mix     (HFm): 0.020714	 (HFp): -0.019460
   -----            
spv1_2SE     (HFm): 0.020377	 (HFp): -0.019879
spv1_3SE     (HFm): 0.020535	 (HFp): -0.020182
spv1_mix     (HFm): 0.022095	 (HFp): -0.020799
   -----            
epv2_2SE     (HFm): 0.069626	 (HFp): 0.069827
epv2_3SE     (HFm): 0.069680	 (HFp): 0.069880
spv2_2SE     (HFm): 0.069322	 (HFp): 0.069690
spv2_3SE     (HFm): 0.069615	 (HFp): 0.069985
   -----          


  ---- Final Tally (HFm) ---- 

rescor1_2SE:     0.42719 +/- 0.00091
rescor1_3SE:     0.42556 +/- 0.00301
rescor2_2SE:     0.91272 +/-0.00011
rescor2_2SE:     0.91291 +/- 0.00020
rescor_Mix:      0.37837 +/- 0.00103
EPv1obs:         0.00835 +/- 0.00007
EPv2obs:         0.06374 +/- 0.00007
EPv1obs_mix:     0.00749 +/- 0.00006
   -----         
SPdenom1_2SE:    0.01993 +/- 0.00004
SPdenom1_3SE:    0.01991 +/- 0.00009
SPdenom2_2SE:    0.06998 +/- 0.00003
SPdenom2_3SE:    0.06998 +/- 0.00004
SPdenom1_mix:    0.00139 +/- 0.00000
SPv1num:         0.00039 +/- 0.00000
SPv2num:         0.00489 +/- 0.00001
SPv1numMix:      0.00003 +/- 0.00000
   -----         
EPv1_2SE:        0.01956 +/- 0.00017
EPv1_3SE:        0.01966 +/- 0.00026
EPv1_mix:        0.01979 +/- 0.00016
   -----         
SPv1_2SE:        0.01962 +/- 0.00017
SPv1_3SE:        0.01964 +/- 0.00021
SPv1_mix:        0.02046 +/- 0.00017
   -----         
EPv2_2SE:        0.06983 +/- 0.00008
EPv2_3SE:        0.06982 +/- 0.00008
SPv2_2SE:        0.06983 +/- 0.00010
SPv2_3SE:        0.06983 +/- 0.00009

  ---- Final Tally (HFp) ---- 

rescor1_2SE:    0.42719 +/- 0.00091
rescor1_3SE:    0.43145 +/- 0.00288
rescor2_2SE:    0.91272 +/-0.00011
rescor2_2SE:    0.91291 +/- 0.00020
rescor_mix:     0.37837 +/- 0.00103
EPv1obs:        -0.00859 +/- 0.00008
EPv2obs:        0.06399 +/- 0.00007
EPv1obsMix:     -0.00760 +/- 0.00007
   -----        
SPdenom1_2SE:   0.01993 +/- 0.00004
SPdenom1_3SE:   0.02013 +/- 0.00011
SPdenom2_2SE:   0.06998 +/- 0.00003
SPdenom2_3SE:   0.06998 +/- 0.00004
SPdenom_mix:    0.00139 +/- 0.00000
SPv1num:        -0.00040 +/- 0.00000
SPv2num:        0.00491 +/- 0.00001
SPv1numMix:     -0.00003 +/- 0.00000
   -----        
EPv1_2SE:       -0.02011 +/- 0.00019
EPv1_3SE:       -0.01992 +/- 0.00021
EPv1_mix:       -0.02008 +/- 0.00019
   -----        
SPv1_2SE:       -0.02017 +/- 0.00016
SPv1_3SE:       -0.01998 +/- 0.00017
SPv1_mix:       -0.02088 +/- 0.00017
   -----        
EPv2_2SE:       0.07010 +/- 0.00008
EPv2_3SE:       0.07009 +/- 0.00007
SPv2_2SE:       0.07011 +/- 0.00008
SPv2_3SE:       0.07010 +/- 0.00008

 --- Comparisons to input vn --- 

EPv1_2SE/v1in  (HFm): 0.9779 +/- 0.0087	 (HFp): -1.0053 +/- 0.0094
EPv1_3SE/v1in  (HFm): 0.9830 +/- 0.0130	 (HFp): -0.9960 +/- 0.0105
EPv1_mix/v1in  (HFm): 0.9896 +/- 0.0078	 (HFp): -1.0039 +/- 0.0095
   -----        
SPv1_2SE/v1in  (HFm): 0.9808 +/- 0.0084	 (HFp): -1.0085 +/- 0.0078
SPv1_3SE/v1in  (HFm): 0.9821 +/- 0.0103	 (HFp): -0.9988 +/- 0.0086
SPv1_mix/v1in  (HFm): 1.0230 +/- 0.0085	 (HFp): -1.0442 +/- 0.0087
   -----        
EPv2_2SE/v2in  (HFm): 0.9976 +/- 0.0012	 (HFp): 1.0015 +/- 0.0011
EPv2_3SE/v2in  (HFm): 0.9974 +/- 0.0011	 (HFp): 1.0013 +/- 0.0010
SPv2_2SE/v2in  (HFm): 0.9976 +/- 0.0015	 (HFp): 1.0015 +/- 0.0012
SPv2_3SE/v2in  (HFm): 0.9975 +/- 0.0013	 (HFp): 1.0015 +/- 0.0011

 ...done 

